Log file open, 11/04/17 10:46:00
LogWindows: LoadLibraryWithSearchPaths failed for file aqProf.dll. GetLastError=0
LogWindows: LoadLibraryWithSearchPaths failed for file VSPerf140.dll. GetLastError=0
LogWindows: LoadLibraryWithSearchPaths failed for file VtuneApi.dll. GetLastError=0
LogWindows: LoadLibraryWithSearchPaths failed for file VtuneApi32e.dll. GetLastError=0
LogInit: Display: Running engine for game: InfiniteJumperMF
LogPlatformFile: Not using cached read wrapper
LogInit: Display: RandInit(112292769) SRandInit(112292769).
LogTaskGraph: Started task graph with 5 named threads and 14 total threads with 3 sets of task threads.
LogStats: Stats thread started at 0.279333
LogD3D11RHI: Aftermath initialized
LogPluginManager: Mounting plugin Paper2D
LogPluginManager: Mounting plugin LightPropagationVolume
LogPluginManager: Mounting plugin CodeLiteSourceCodeAccess
LogPluginManager: Mounting plugin GitSourceControl
LogPluginManager: Mounting plugin KDevelopSourceCodeAccess
LogPluginManager: Mounting plugin NullSourceCodeAccess
LogPluginManager: Mounting plugin PerforceSourceControl
LogPluginManager: Mounting plugin SubversionSourceControl
LogPluginManager: Mounting plugin UObjectPlugin
LogPluginManager: Mounting plugin VisualStudioSourceCodeAccess
LogPluginManager: Mounting plugin XCodeSourceCodeAccess
LogPluginManager: Mounting plugin AssetManagerEditor
LogPluginManager: Mounting plugin AudioCapture
LogPluginManager: Mounting plugin FacialAnimation
LogPluginManager: Mounting plugin GameplayTagsEditor
LogPluginManager: Mounting plugin MobileLauncherProfileWizard
LogPluginManager: Mounting plugin PluginBrowser
LogPluginManager: Mounting plugin SpeedTreeImporter
LogPluginManager: Mounting plugin AlembicImporter
LogPluginManager: Mounting plugin CharacterAI
LogPluginManager: Mounting plugin HTML5Networking
LogPluginManager: Mounting plugin AndroidMedia
LogPluginManager: Mounting plugin AvfMedia
LogPluginManager: Mounting plugin MediaPlayerEditor
LogPluginManager: Mounting plugin WmfMedia
LogPluginManager: Mounting plugin TcpMessaging
LogPluginManager: Mounting plugin UdpMessaging
LogPluginManager: Mounting plugin LevelSequenceEditor
LogPluginManager: Mounting plugin MatineeToLevelSequence
LogPluginManager: Mounting plugin OnlineSubsystemGooglePlay
LogPluginManager: Mounting plugin OnlineSubsystemIOS
LogPluginManager: Mounting plugin OnlineSubsystem
LogPluginManager: Mounting plugin OnlineSubsystemNull
LogPluginManager: Mounting plugin OnlineSubsystemUtils
LogPluginManager: Mounting plugin AndroidDeviceProfileSelector
LogPluginManager: Mounting plugin AndroidMoviePlayer
LogPluginManager: Mounting plugin AndroidPermission
LogPluginManager: Mounting plugin AppleMoviePlayer
LogPluginManager: Mounting plugin ArchVisCharacter
LogPluginManager: Mounting plugin CableComponent
LogPluginManager: Mounting plugin CustomMeshComponent
LogPluginManager: Mounting plugin ExampleDeviceProfileSelector
LogPluginManager: Mounting plugin GoogleCloudMessaging
LogPluginManager: Mounting plugin ImmediatePhysics
LogPluginManager: Mounting plugin IOSDeviceProfileSelector
LogPluginManager: Mounting plugin LinuxDeviceProfileSelector
LogPluginManager: Mounting plugin LocationServicesBPLibrary
LogPluginManager: Mounting plugin MobilePatchingUtils
LogPluginManager: Mounting plugin OculusVR
LogPluginManager: Mounting plugin PhysXVehicles
LogPluginManager: Mounting plugin ProceduralMeshComponent
LogPluginManager: Mounting plugin RuntimePhysXCooking
LogPluginManager: Mounting plugin SteamVR
LogPluginManager: Mounting plugin WindowsMoviePlayer
LogInit: Using libcurl 7.47.1
LogInit:  - built for x86_64-pc-win32
LogInit:  - supports SSL with OpenSSL/1.0.2g
LogInit:  - supports HTTP deflate (compression) using libz 1.2.8
LogInit:  - other features:
LogInit:      CURL_VERSION_SSL
LogInit:      CURL_VERSION_LIBZ
LogInit:      CURL_VERSION_IPV6
LogInit:      CURL_VERSION_ASYNCHDNS
LogInit:      CURL_VERSION_LARGEFILE
LogInit:      CURL_VERSION_IDN
LogInit:  CurlRequestOptions (configurable via config and command line):
LogInit:  - bVerifyPeer = false  - Libcurl will NOT verify peer certificate
LogInit:  - bUseHttpProxy = false  - Libcurl will NOT use HTTP proxy
LogInit:  - bDontReuseConnections = false  - Libcurl will reuse connections
LogInit:  - CertBundlePath = nullptr  - Libcurl will use whatever was configured at build time.
LogInit: Build: ++UE4+Release-4.17-CL-3586342
LogInit: Engine Version: 4.17.1-3586342+++UE4+Release-4.17
LogInit: Compatible Engine Version: 4.17.0-3573198+++UE4+Release-4.17
LogInit: Net CL: 3573198
LogDevObjectVersion: Number of dev versions registered: 16
LogDevObjectVersion:   Dev-Blueprints (B0D832E4-1F89-4F0D-ACCF-7EB736FD4AA2): 10
LogDevObjectVersion:   Dev-Build (E1C64328-A22C-4D53-A36C-8E866417BD8C): 0
LogDevObjectVersion:   Dev-Core (375EC13C-06E4-48FB-B500-84F0262A717E): 2
LogDevObjectVersion:   Dev-Editor (E4B068ED-F494-42E9-A231-DA0B2E46BB41): 20
LogDevObjectVersion:   Dev-Framework (CFFC743F-43B0-4480-9391-14DF171D2073): 28
LogDevObjectVersion:   Dev-Mobile (B02B49B5-BB20-44E9-A304-32B752E40360): 0
LogDevObjectVersion:   Dev-Networking (A4E4105C-59A1-49B5-A7C5-40C4547EDFEE): 0
LogDevObjectVersion:   Dev-Online (39C831C9-5AE6-47DC-9A44-9C173E1C8E7C): 0
LogDevObjectVersion:   Dev-Physics (78F01B33-EBEA-4F98-B9B4-84EACCB95AA2): 0
LogDevObjectVersion:   Dev-Platform (6631380F-2D4D-43E0-8009-CF276956A95A): 0
LogDevObjectVersion:   Dev-Rendering (12F88B9F-8875-4AFC-A67C-D90C383ABD29): 19
LogDevObjectVersion:   Dev-Sequencer (7B5AE74C-D270-4C10-A958-57980B212A5A): 4
LogDevObjectVersion:   Dev-VR (D7296918-1DD6-4BDD-9DE2-64A83CC13884): 0
LogDevObjectVersion:   Dev-LoadTimes (C2A15278-BFE7-4AFE-6C17-90FF531DF755): 1
LogDevObjectVersion:   Private-Geometry (6EACA3D4-40EC-4CC1-B786-8BED09428FC5): 1
LogDevObjectVersion:   Dev-AnimPhys (29E575DD-E0A3-4627-9D10-D276232CDCEA): 7
LogInit: Compiled (64-bit): Aug 15 2017 02:05:26
LogInit: Compiled with Visual C++: 19.00.24215.01
LogInit: Build Configuration: Development
LogInit: Branch Name: ++UE4+Release-4.17
LogInit: Command line:  
LogInit: Base directory: C:/Program Files/Epic Games/UE_4.17/Engine/Binaries/Win64/
LogInit: Installed Engine Build: 1
LogInit: Presizing for max 8388607 objects, including 0 objects not considered by GC, pre-allocating 0 bytes for permanent pool.
LogInit: Object subsystem initialized
[2017.11.04-14.46.02:085][  0]LogInit: Selected Device Profile: [Windows]
[2017.11.04-14.46.02:085][  0]LogInit: Applying CVar settings loaded from the selected device profile: [Windows]
[2017.11.04-14.46.02:153][  0]LogInit: Computer: LAPTOP-FV6L4TLG
[2017.11.04-14.46.02:153][  0]LogInit: User: kreye
[2017.11.04-14.46.02:153][  0]LogInit: CPU Page size=4096, Cores=4
[2017.11.04-14.46.02:153][  0]LogInit: High frequency timer resolution =2.339363 MHz
[2017.11.04-14.46.02:154][  0]LogMemory: Memory total: Physical=11.5GB (12GB approx)
[2017.11.04-14.46.02:154][  0]LogMemory: Platform Memory Stats for Windows
[2017.11.04-14.46.02:154][  0]LogMemory: Process Physical Memory: 277.62 MB used, 277.62 MB peak
[2017.11.04-14.46.02:154][  0]LogMemory: Process Virtual Memory: 274.33 MB used, 274.33 MB peak
[2017.11.04-14.46.02:154][  0]LogMemory: Physical Memory: 6200.22 MB used,  5542.90 MB free, 11743.12 MB total
[2017.11.04-14.46.02:154][  0]LogMemory: Virtual Memory: 668.04 MB used,  5542.90 MB free, 134217728.00 MB total
[2017.11.04-14.46.02:632][  0]LogInit: Using OS detected language (en-US).
[2017.11.04-14.46.02:632][  0]LogInit: Using OS detected locale (en-US).
[2017.11.04-14.46.02:640][  0]LogTextLocalizationManager: No specific localization for 'en-US' exists, so the 'en' localization will be used.
[2017.11.04-14.46.04:017][  0]LogD3D11RHI: D3D11 adapters:
[2017.11.04-14.46.04:048][  0]LogD3D11RHI:    0. 'AMD Radeon(TM) R5 Graphics' (Feature Level 11_0)
[2017.11.04-14.46.04:048][  0]LogD3D11RHI:       499/0/5871 MB DedicatedVideo/DedicatedSystem/SharedSystem, Outputs:1, VendorId:0x1002
[2017.11.04-14.46.04:051][  0]LogD3D11RHI:    1. 'Microsoft Basic Render Driver' (Feature Level 11_0)
[2017.11.04-14.46.04:051][  0]LogD3D11RHI:       0/0/5871 MB DedicatedVideo/DedicatedSystem/SharedSystem, Outputs:0, VendorId:0x1414
[2017.11.04-14.46.04:052][  0]LogD3D11RHI: Chosen D3D11 Adapter: 0
[2017.11.04-14.46.04:062][  0]LogD3D11RHI: Creating new Direct3DDevice
[2017.11.04-14.46.04:063][  0]LogD3D11RHI:     GPU DeviceId: 0x9874 (for the marketing name, search the web for "GPU Device Id")
[2017.11.04-14.46.04:063][  0]LogWindows: EnumDisplayDevices:
[2017.11.04-14.46.04:063][  0]LogWindows:    0. 'AMD Radeon(TM) R5 Graphics' (P:1 D:1)
[2017.11.04-14.46.04:064][  0]LogWindows:    1. 'AMD Radeon(TM) R5 Graphics' (P:0 D:0)
[2017.11.04-14.46.04:064][  0]LogWindows:    2. 'AMD Radeon(TM) R5 Graphics' (P:0 D:0)
[2017.11.04-14.46.04:064][  0]LogWindows: DebugString: FoundDriverCount:3 
[2017.11.04-14.46.04:064][  0]LogD3D11RHI:     Adapter Name: AMD Radeon(TM) R5 Graphics
[2017.11.04-14.46.04:064][  0]LogD3D11RHI:   Driver Version: Crimson 16.6 (internal:16.300.2701.0, unified:16.300.2701.0)
[2017.11.04-14.46.04:065][  0]LogD3D11RHI:      Driver Date: 8-9-2016
[2017.11.04-14.46.04:065][  0]LogRHI: Texture pool is 349 MB (70% of 499 MB)
[2017.11.04-14.46.04:193][  0]LogD3D11RHI: Async texture creation enabled
[2017.11.04-14.46.04:217][  0]LogD3D11RHI: GPU Timing Frequency: 100.000000 (Debug: 2 1)
[2017.11.04-14.46.04:221][  0]LogShaderCompilers: Guid format shader working directory is -14 characters bigger than the processId version (G:/Unreal Projects/Capstone/InfiniteJumper4.17 - Master File/Intermediate/Shaders/WorkingDirectory/4032/).
[2017.11.04-14.46.04:221][  0]LogShaderCompilers: Cleaned the shader compiler working directory 'C:/Users/kreye/AppData/Local/Temp/UnrealShaderWorkingDir/AC89CD74414A7A66DEEC7EB9AE00DB89/'.
[2017.11.04-14.46.04:221][  0]LogShaderCompilers: Display: Using Local Shader Compiler.
[2017.11.04-14.46.06:883][  0]LogTemp: Display: Loaded TP AllDesktopTargetPlatform
[2017.11.04-14.46.07:066][  0]LogTemp: Display: Loaded TP MacClientTargetPlatform
[2017.11.04-14.46.07:541][  0]LogTemp: Display: Loaded TP MacNoEditorTargetPlatform
[2017.11.04-14.46.07:814][  0]LogTemp: Display: Loaded TP MacServerTargetPlatform
[2017.11.04-14.46.08:011][  0]LogTemp: Display: Loaded TP MacTargetPlatform
[2017.11.04-14.46.08:220][  0]LogTemp: Display: Loaded TP WindowsClientTargetPlatform
[2017.11.04-14.46.08:561][  0]LogTemp: Display: Loaded TP WindowsNoEditorTargetPlatform
[2017.11.04-14.46.08:829][  0]LogTemp: Display: Loaded TP WindowsServerTargetPlatform
[2017.11.04-14.46.08:991][  0]LogTemp: Display: Loaded TP WindowsTargetPlatform
[2017.11.04-14.46.09:199][  0]LogTemp: Display: Loaded TP AndroidTargetPlatform
[2017.11.04-14.46.09:388][  0]LogTemp: Display: Loaded TP Android_ASTCTargetPlatform
[2017.11.04-14.46.09:563][  0]LogTemp: Display: Loaded TP Android_ATCTargetPlatform
[2017.11.04-14.46.09:820][  0]LogTemp: Display: Loaded TP Android_DXTTargetPlatform
[2017.11.04-14.46.10:056][  0]LogTemp: Display: Loaded TP Android_ETC1TargetPlatform
[2017.11.04-14.46.10:227][  0]LogTemp: Display: Loaded TP Android_ETC2TargetPlatform
[2017.11.04-14.46.10:588][  0]LogTemp: Display: Loaded TP Android_MultiTargetPlatform
[2017.11.04-14.46.10:588][  0]LogTemp: Display: Loaded TP Android_PVRTCTargetPlatform
[2017.11.04-14.46.10:736][  0]LogTemp: Display: Loaded TP HTML5TargetPlatform
[2017.11.04-14.46.11:042][  0]LogTemp: Display: Loaded TP IOSTargetPlatform
[2017.11.04-14.46.11:182][  0]LogTemp: Display: Loaded TP TVOSTargetPlatform
[2017.11.04-14.46.11:359][  0]LogTemp: Display: Loaded TP LinuxClientTargetPlatform
[2017.11.04-14.46.11:524][  0]LogTemp: Display: Loaded TP LinuxNoEditorTargetPlatform
[2017.11.04-14.46.11:692][  0]LogTemp: Display: Loaded TP LinuxServerTargetPlatform
[2017.11.04-14.46.11:864][  0]LogTemp: Display: Loaded TP LinuxTargetPlatform
[2017.11.04-14.46.11:865][  0]LogTargetPlatformManager: Display: Building Assets For Windows
[2017.11.04-14.46.13:598][  0]LogDerivedDataCache: Display: Max Cache Size: 512 MB
[2017.11.04-14.46.13:851][  0]LogDerivedDataCache: Loaded boot cache 0.25s 93MB C:/Users/kreye/AppData/Local/UnrealEngine/4.17/DerivedDataCache/Boot.ddc.
[2017.11.04-14.46.13:852][  0]LogDerivedDataCache: Display: Loaded Boot cache: C:/Users/kreye/AppData/Local/UnrealEngine/4.17/DerivedDataCache/Boot.ddc
[2017.11.04-14.46.13:852][  0]LogDerivedDataCache: FDerivedDataBackendGraph:  Pak pak cache file G:/Unreal Projects/Capstone/InfiniteJumper4.17 - Master File/DerivedDataCache/DDC.ddp not found, will not use a pak cache.
[2017.11.04-14.46.13:852][  0]LogDerivedDataCache: Unable to find inner node Pak for hierarchical cache Hierarchy.
[2017.11.04-14.46.13:852][  0]LogDerivedDataCache: FDerivedDataBackendGraph:  CompressedPak pak cache file G:/Unreal Projects/Capstone/InfiniteJumper4.17 - Master File/DerivedDataCache/Compressed.ddp not found, will not use a pak cache.
[2017.11.04-14.46.13:853][  0]LogDerivedDataCache: Unable to find inner node CompressedPak for hierarchical cache Hierarchy.
[2017.11.04-14.46.13:893][  0]LogDerivedDataCache: Display: Pak cache opened for reading ../../../Engine/DerivedDataCache/Compressed.ddp.
[2017.11.04-14.46.13:907][  0]LogDerivedDataCache: Using Local data cache path C:/Users/kreye/AppData/Local/UnrealEngine/Common/DerivedDataCache: Writable
[2017.11.04-14.46.13:933][  0]LogMaterial: Verifying Global Shaders for PCD3D_SM5
[2017.11.04-14.46.13:934][  0]LogSlate: Using Freetype 2.6.0
[2017.11.04-14.46.13:935][  0]LogSlate: SlateFontCache - WITH_FREETYPE: 1, WITH_HARFBUZZ: 1
[2017.11.04-14.46.13:935][  0]LogSlate: SlateFontCache - WITH_FREETYPE: 1, WITH_HARFBUZZ: 1
[2017.11.04-14.46.14:667][  0]LogAssetRegistry: FAssetRegistry took 0.0319 seconds to start up
[2017.11.04-14.46.15:039][  0]LogInit: Selected Device Profile: [Windows]
[2017.11.04-14.46.15:445][  0]LogContentStreaming: Texture pool size is 0.00 MB
[2017.11.04-14.46.16:424][  0]LogSimplygon: Simplygon DLL not present - disabling.
[2017.11.04-14.46.16:557][  0]LogMeshReduction: Using SimplygonSwarm for distributed automatic mesh merging
[2017.11.04-14.46.16:557][  0]LogMeshReduction: Using QuadricMeshReduction for automatic static mesh reduction
[2017.11.04-14.46.16:557][  0]LogMeshReduction: No automatic skeletal mesh reduction module available
[2017.11.04-14.46.16:557][  0]LogMeshReduction: No automatic mesh merging module available
[2017.11.04-14.46.16:557][  0]LogMeshMerging: No automatic mesh merging module available
[2017.11.04-14.46.17:377][  0]LogNetVersion: InfiniteJumperMF , NetCL: 3573198, EngineNetVer: 2, GameNetVer: 0 (Checksum: 767604215)
[2017.11.04-14.46.18:555][  0]LogPackageLocalizationCache: Processed 5 localized package path(s) for 2 prioritized culture(s) in 0.558643 seconds
[2017.11.04-14.46.18:568][  0]LogUObjectArray: 35825 objects as part of root set at end of initial load.
[2017.11.04-14.46.18:568][  0]LogUObjectAllocator: 7529112 out of 0 bytes used by permanent object pool.
[2017.11.04-14.46.18:568][  0]LogUObjectArray: CloseDisregardForGC: 0/0 objects in disregard for GC pool
[2017.11.04-14.46.18:804][  0]LogInit: WinSock: version 1.1 (2.2), MaxSocks=32767, MaxUdp=65467
[2017.11.04-14.46.25:674][  0]LogTcpMessaging: Initializing TcpMessaging bridge
[2017.11.04-14.46.25:781][  0]LogUdpMessaging: Initializing bridge on interface 0.0.0.0:0 to multicast group 230.0.0.1:6666.
[2017.11.04-14.46.27:578][  0]LogMaterial: Uniform references updated for custom material expression Custom.
[2017.11.04-14.46.28:745][  0]SourceControl: Source control is disabled
[2017.11.04-14.46.28:745][  0]SourceControl: Source control is disabled
[2017.11.04-14.46.28:956][  0]SourceControl: Source control is disabled
[2017.11.04-14.46.29:225][  0]SourceControl: Source control is disabled
[2017.11.04-14.46.31:454][  0]LogAndroidPermission: UAndroidPermissionCallbackProxy::GetInstance
[2017.11.04-14.46.32:336][  0]LogOcInput: OculusInput pre-init called
[2017.11.04-14.46.33:191][  0]LogEngine: Initializing Engine...
[2017.11.04-14.46.33:196][  0]LogHMD: Failed to initialize OpenVR with code 110
[2017.11.04-14.46.33:687][  0]LogStats: UGameplayTagsManager::ConstructGameplayTagTree: Construct from data asset -  0.000 s
[2017.11.04-14.46.33:687][  0]LogStats: UGameplayTagsManager::ConstructGameplayTagTree: GameplayTagTreeChangedEvent.Broadcast -  0.000 s
[2017.11.04-14.46.34:139][  0]LogAIModule: Creating AISystem for world Untitled
[2017.11.04-14.46.34:152][  0]LogInit: XAudio2 using 'Speaker/Headphone (Realtek High Definition Audio)' : 2 channels at 48 kHz using 32 bits per sample (channel mask 0x3)
[2017.11.04-14.46.34:181][  0]LogInit: FAudioDevice initialized.
[2017.11.04-14.46.34:484][  0]LogDerivedDataCache: Saved boot cache 0.30s 93MB C:/Users/kreye/AppData/Local/UnrealEngine/4.17/DerivedDataCache/Boot.ddc.
[2017.11.04-14.46.34:532][  0]LogInit: Texture streaming: Enabled
[2017.11.04-14.46.34:953][  0]LogEngineSessionManager: EngineSessionManager initialized
[2017.11.04-14.46.35:781][  0]LogInit: Transaction tracking system initialized
[2017.11.04-14.46.37:080][  0]BlueprintLog: New page: Editor Load
[2017.11.04-14.46.40:436][  0]LocalizationService: Localization service is disabled
[2017.11.04-14.46.42:762][  0]LogConsoleResponse: Display: 
[2017.11.04-14.46.43:259][  0]LogCook: Display: Max memory allowance for cook 16384mb min free memory 0mb
[2017.11.04-14.46.43:259][  0]LogCook: Display: Mobile HDR setting 1
[2017.11.04-14.46.43:259][  0]LogGameplayTags: Display: UGameplayTagsManager::DoneAddingNativeTags. DelegateIsBound: 0
[2017.11.04-14.46.44:387][  0]LogFileCache: Scanning file cache for directory 'G:/Unreal Projects/Capstone/InfiniteJumper4.17 - Master File/Content/' took 0.03s
[2017.11.04-14.46.46:703][  0]SourceControl: Source control is disabled
[2017.11.04-14.46.46:703][  0]Cmd: MAP LOAD FILE="G:/Unreal Projects/Capstone/InfiniteJumper4.17 - Master File/Content/SideScrollerBP/Maps/InfiniteJumper.umap" TEMPLATE=0 SHOWPROGRESS=1 FEATURELEVEL=3
[2017.11.04-14.46.46:705][  0]LightingResults: New page: Lighting Build
[2017.11.04-14.46.46:843][  0]MapCheck: New page: Map Check
[2017.11.04-14.46.46:843][  0]LightingResults: New page: Lighting Build
[2017.11.04-14.46.47:242][  0]LogBlueprint: Warning: [HighScoreSaveSlot] 'UserIndex' variable not found. Base class was probably changed.
[2017.11.04-14.46.48:639][  0]LogAIModule: Creating AISystem for world InfiniteJumper
[2017.11.04-14.46.48:666][  0]LogEditorServer: Finished looking for orphan Actors (0.000 secs)
[2017.11.04-14.46.48:882][  0]Cmd: MAP CHECKDEP NOCLEARLOG
[2017.11.04-14.46.49:038][  0]MapCheck: Map check complete: 0 Error(s), 0 Warning(s), took 155.566ms to complete.
[2017.11.04-14.46.49:039][  0]LogFileHelpers: Loading map 'InfiniteJumper' took 2.335
[2017.11.04-14.46.49:275][  0]LogCollectionManager: Loaded 0 collections in 0.003564 seconds
[2017.11.04-14.46.49:439][  0]LogFileCache: Scanning file cache for directory 'G:/Unreal Projects/Capstone/InfiniteJumper4.17 - Master File/Saved/Collections/' took 0.01s
[2017.11.04-14.46.49:439][  0]LogFileCache: Scanning file cache for directory 'G:/Unreal Projects/Capstone/InfiniteJumper4.17 - Master File/Content/Developers/kreye/Collections/' took 0.01s
[2017.11.04-14.46.49:439][  0]LogFileCache: Scanning file cache for directory 'G:/Unreal Projects/Capstone/InfiniteJumper4.17 - Master File/Content/Collections/' took 0.01s
[2017.11.04-14.46.49:439][  0]LogCollectionManager: Rebuilt the GUID cache for 0 collections in 0.000000 seconds
[2017.11.04-14.46.49:456][  0]LogContentBrowser: Native class hierarchy populated in 0.0171 seconds. Added 2386 classes and 500 folders.
[2017.11.04-14.46.49:636][  0]LogContentBrowser: Native class hierarchy updated for 'WidgetCarousel' in 0.0017 seconds. Added 0 classes and 0 folders.
[2017.11.04-14.46.49:754][  0]LogContentBrowser: Native class hierarchy updated for 'AddContentDialog' in 0.0028 seconds. Added 0 classes and 0 folders.
[2017.11.04-14.46.49:903][  0]LogContentBrowser: Native class hierarchy updated for 'SceneOutliner' in 0.0018 seconds. Added 1 classes and 2 folders.
[2017.11.04-14.46.49:942][  0]LogSlate: Took 0.000474 seconds to synchronously load lazily loaded font '../../../Engine/Content/Slate/Fonts/Roboto-Regular.ttf' (155K)
[2017.11.04-14.46.49:947][  0]LogSlate: Took 0.000462 seconds to synchronously load lazily loaded font '../../../Engine/Content/Slate/Fonts/Roboto-Bold.ttf' (160K)
[2017.11.04-14.46.49:955][  0]LogSlate: Took 0.000453 seconds to synchronously load lazily loaded font '../../../Engine/Content/Editor/Slate/Fonts/FontAwesome.ttf' (139K)
[2017.11.04-14.46.50:129][  0]LogRenderer: Reallocating scene render targets to support 960x332 Format 10 NumSamples 1 (Frame:1).
[2017.11.04-14.46.51:162][  0]LogContentBrowser: Native class hierarchy updated for 'HierarchicalLODOutliner' in 0.0017 seconds. Added 1 classes and 2 folders.
[2017.11.04-14.46.51:162][  0]LogLoad: (Engine Initialization) Total time: 53.60 seconds
[2017.11.04-14.46.51:162][  0]LogLoad: (Engine Initialization) Total Blueprint compile time: 0.00 seconds
[2017.11.04-14.46.51:163][  0]LogExternalProfiler: No external profilers were discovered.  External profiling features will not be available.
[2017.11.04-14.46.51:544][  0]LogContentStreaming: Texture pool size now 1000 MB
[2017.11.04-14.46.51:680][  0]LogRenderer: Reallocating scene render targets to support 960x384 Format 10 NumSamples 1 (Frame:2).
[2017.11.04-14.46.51:681][  0]LogSlate: Took 0.000557 seconds to synchronously load lazily loaded font '../../../Engine/Content/Slate/Fonts/Roboto-Light.ttf' (159K)
[2017.11.04-14.46.51:836][  1]LogFileCache: Retrieving MD5 hashes for directory 'G:/Unreal Projects/Capstone/InfiniteJumper4.17 - Master File/Content/' took 0.32s
[2017.11.04-14.46.52:180][  2]LogAssetRegistry: Asset discovery search completed in 37.5357 seconds
[2017.11.04-14.46.52:184][  2]LogCollectionManager: Rebuilt the object cache for 0 collections in 0.000001 seconds (found 0 objects)
[2017.11.04-14.46.52:184][  2]LogCollectionManager: Fixed up redirectors for 0 collections in 0.000151 seconds (updated 0 objects)
[2017.11.04-14.46.54:904][ 10]LogSlate: Took 0.000445 seconds to synchronously load lazily loaded font '../../../Engine/Content/Slate/Fonts/Roboto-Light.ttf' (159K)
[2017.11.04-14.47.11:475][130]AssetReimport: New page: Outstanding source content changes 6:47:11 AM
[2017.11.04-14.47.11:501][131]LogFactory: FactoryCreateFile: FontFace with FontFileImportFactory (0 0 G:/Unreal Projects/Capstone/InfiniteJumper4.17 - Master File/Content/SideScrollerBP/Fonts/Gelio Kleftiko.ttf)
[2017.11.04-14.47.13:496][132]LogSlate: Took 0.000521 seconds to synchronously load lazily loaded font '../../../Engine/Content/Slate/Fonts/Roboto-Light.ttf' (159K)
[2017.11.04-14.47.13:508][132]LogSlate: Took 0.000416 seconds to synchronously load lazily loaded font '../../../Engine/Content/Slate/Fonts/Roboto-Light.ttf' (159K)
[2017.11.04-14.47.13:510][132]LogSlate: Took 0.000489 seconds to synchronously load lazily loaded font '../../../Engine/Content/Slate/Fonts/Roboto-Regular.ttf' (155K)
[2017.11.04-14.47.13:548][132]Cmd: OBJ SAVEPACKAGE PACKAGE="/Game/SideScrollerBP/Fonts/Gelio_Kleftiko" FILE="G:/Unreal Projects/Capstone/InfiniteJumper4.17 - Master File/Content/SideScrollerBP/Fonts/Gelio_Kleftiko.uasset" SILENT=true
[2017.11.04-14.47.13:612][132]LogSavePackage: Save=28.09ms
[2017.11.04-14.47.13:612][132]LogSavePackage: Moving 'G:/Unreal Projects/Capstone/InfiniteJumper4.17 - Master File/Saved/Gelio_Kleftiko03FA502F427A655E420C04BE69D93666.tmp' to 'G:/Unreal Projects/Capstone/InfiniteJumper4.17 - Master File/Content/SideScrollerBP/Fonts/Gelio_Kleftiko.uasset'
[2017.11.04-14.47.13:632][132]LogSavePackage: Display: Finished SavePackage G:/Unreal Projects/Capstone/InfiniteJumper4.17 - Master File/Content/SideScrollerBP/Fonts/Gelio_Kleftiko.uasset
[2017.11.04-14.47.13:656][132]LogSlate: Took 0.000566 seconds to synchronously load lazily loaded font '../../../Engine/Content/Slate/Fonts/Roboto-Bold.ttf' (160K)
[2017.11.04-14.47.13:664][132]LogSlate: Took 0.000521 seconds to synchronously load lazily loaded font '../../../Engine/Content/Editor/Slate/Fonts/FontAwesome.ttf' (139K)
[2017.11.04-14.47.13:670][132]LogSlate: Took 0.000448 seconds to synchronously load lazily loaded font '../../../Engine/Content/Slate/Fonts/Roboto-Light.ttf' (159K)
[2017.11.04-14.47.16:664][227]AssetReimport: Importing new asset /Game/SideScrollerBP/Fonts/Gelio_Kleftiko.
[2017.11.04-14.47.16:979][240]LogTemp: Repeating last play command: Selected Viewport
[2017.11.04-14.47.17:410][240]LogBlueprintUserMessages: Early PlayInEditor Detection: Level '/Game/SideScrollerBP/Maps/InfiniteJumper.InfiniteJumper:PersistentLevel' has LevelScriptBlueprint '/Game/SideScrollerBP/Maps/InfiniteJumper.InfiniteJumper:PersistentLevel.InfiniteJumper' with GeneratedClass '/Game/SideScrollerBP/Maps/InfiniteJumper.InfiniteJumper_C' with ClassGeneratedBy '/Game/SideScrollerBP/Maps/InfiniteJumper.InfiniteJumper:PersistentLevel.InfiniteJumper'
[2017.11.04-14.47.17:410][240]LogPlayLevel: PlayLevel: No blueprints needed recompiling
[2017.11.04-14.47.17:411][240]PIE: New page: PIE session: InfiniteJumper (Nov 4, 2017, 6:47:17 AM)
[2017.11.04-14.47.17:411][240]LogPlayLevel: Creating play world package: /Game/SideScrollerBP/Maps/UEDPIE_0_InfiniteJumper
[2017.11.04-14.47.17:450][240]LogPlayLevel: PIE: StaticDuplicateObject took: (0.038462s)
[2017.11.04-14.47.17:452][240]LogAIModule: Creating AISystem for world InfiniteJumper
[2017.11.04-14.47.17:453][240]LogPlayLevel: PIE: World Init took: (0.002641s)
[2017.11.04-14.47.17:453][240]LogPlayLevel: PIE: Created PIE world by copying editor world from /Game/SideScrollerBP/Maps/InfiniteJumper.InfiniteJumper to /Game/SideScrollerBP/Maps/UEDPIE_0_InfiniteJumper.InfiniteJumper (0.041780s)
[2017.11.04-14.47.17:483][240]LogInit: XAudio2 using 'Speaker/Headphone (Realtek High Definition Audio)' : 2 channels at 48 kHz using 32 bits per sample (channel mask 0x3)
[2017.11.04-14.47.17:516][240]LogInit: FAudioDevice initialized.
[2017.11.04-14.47.17:572][240]LogLoad: Game class is 'SideScrollerGameMode_C'
[2017.11.04-14.47.17:580][240]LogWorld: Bringing World /Game/SideScrollerBP/Maps/UEDPIE_0_InfiniteJumper.InfiniteJumper up for play (max tick rate 60) at 2017.11.04-10.47.17
[2017.11.04-14.47.17:582][240]LogWorld: Bringing up level for play took: 0.006375
[2017.11.04-14.47.17:744][240]LogContentBrowser: Native class hierarchy updated for 'MovieSceneCapture' in 0.0019 seconds. Added 11 classes and 0 folders.
[2017.11.04-14.47.17:816][240]PIE: Play in editor start time for /Game/SideScrollerBP/Maps/UEDPIE_0_InfiniteJumper -0.132
[2017.11.04-14.47.17:817][240]LogBlueprintUserMessages: Late PlayInEditor Detection: Level '/Game/SideScrollerBP/Maps/InfiniteJumper.InfiniteJumper:PersistentLevel' has LevelScriptBlueprint '/Game/SideScrollerBP/Maps/InfiniteJumper.InfiniteJumper:PersistentLevel.InfiniteJumper' with GeneratedClass '/Game/SideScrollerBP/Maps/InfiniteJumper.InfiniteJumper_C' with ClassGeneratedBy '/Game/SideScrollerBP/Maps/InfiniteJumper.InfiniteJumper:PersistentLevel.InfiniteJumper'
[2017.11.04-14.47.24:324][498]LogNet: Browse: /Game/SideScrollerBP/Maps/InfiniteJumper
[2017.11.04-14.47.24:336][498]LogLoad: LoadMap: /Game/SideScrollerBP/Maps/InfiniteJumper
[2017.11.04-14.47.24:401][498]Cmd: MEM
[2017.11.04-14.47.24:446][498]LogMemory: Platform Memory Stats for Windows
[2017.11.04-14.47.24:446][498]LogMemory: Process Physical Memory: 1218.27 MB used, 1238.75 MB peak
[2017.11.04-14.47.24:446][498]LogMemory: Process Virtual Memory: 1557.67 MB used, 1592.26 MB peak
[2017.11.04-14.47.24:446][498]LogMemory: Physical Memory: 7290.69 MB used,  4452.43 MB free, 11743.12 MB total
[2017.11.04-14.47.24:446][498]LogMemory: Virtual Memory: 2333.13 MB used,  4452.43 MB free, 134217728.00 MB total
[2017.11.04-14.47.24:446][498]LogMemory: 
[2017.11.04-14.47.24:446][498]Allocator Stats for TBB: (not implemented)
[2017.11.04-14.47.24:446][498]LogPlayLevel: Creating play world package: /Game/SideScrollerBP/Maps/UEDPIE_0_InfiniteJumper
[2017.11.04-14.47.24:487][498]LogPlayLevel: PIE: StaticDuplicateObject took: (0.040845s)
[2017.11.04-14.47.24:490][498]LogAIModule: Creating AISystem for world InfiniteJumper
[2017.11.04-14.47.24:491][498]LogPlayLevel: PIE: World Init took: (0.003229s)
[2017.11.04-14.47.24:491][498]LogPlayLevel: PIE: Created PIE world by copying editor world from /Game/SideScrollerBP/Maps/InfiniteJumper.InfiniteJumper to /Game/SideScrollerBP/Maps/UEDPIE_0_InfiniteJumper.InfiniteJumper (0.044999s)
[2017.11.04-14.47.24:491][498]LogLoad: Game class is 'SideScrollerGameMode_C'
[2017.11.04-14.47.24:502][498]LogWorld: Bringing World /Game/SideScrollerBP/Maps/UEDPIE_0_InfiniteJumper.InfiniteJumper up for play (max tick rate 60) at 2017.11.04-10.47.24
[2017.11.04-14.47.24:503][498]LogWorld: Bringing up level for play took: 0.008891
[2017.11.04-14.47.24:568][498]LogLoad: Took 0.232321 seconds to LoadMap(/Game/SideScrollerBP/Maps/UEDPIE_0_InfiniteJumper)
[2017.11.04-14.47.50:950][613]LogNet: Browse: /Game/SideScrollerBP/Maps/InfiniteJumper
[2017.11.04-14.47.50:952][613]LogLoad: LoadMap: /Game/SideScrollerBP/Maps/InfiniteJumper
[2017.11.04-14.47.51:004][613]Cmd: MEM
[2017.11.04-14.47.51:036][613]LogMemory: Platform Memory Stats for Windows
[2017.11.04-14.47.51:037][613]LogMemory: Process Physical Memory: 1302.98 MB used, 1327.38 MB peak
[2017.11.04-14.47.51:037][613]LogMemory: Process Virtual Memory: 1557.33 MB used, 1692.89 MB peak
[2017.11.04-14.47.51:037][613]LogMemory: Physical Memory: 7390.93 MB used,  4352.19 MB free, 11743.12 MB total
[2017.11.04-14.47.51:037][613]LogMemory: Virtual Memory: 2361.63 MB used,  4352.19 MB free, 134217728.00 MB total
[2017.11.04-14.47.51:037][613]LogMemory: 
[2017.11.04-14.47.51:037][613]Allocator Stats for TBB: (not implemented)
[2017.11.04-14.47.51:037][613]LogPlayLevel: Creating play world package: /Game/SideScrollerBP/Maps/UEDPIE_0_InfiniteJumper
[2017.11.04-14.47.51:078][613]LogPlayLevel: PIE: StaticDuplicateObject took: (0.040523s)
[2017.11.04-14.47.51:080][613]LogAIModule: Creating AISystem for world InfiniteJumper
[2017.11.04-14.47.51:081][613]LogPlayLevel: PIE: World Init took: (0.002537s)
[2017.11.04-14.47.51:081][613]LogPlayLevel: PIE: Created PIE world by copying editor world from /Game/SideScrollerBP/Maps/InfiniteJumper.InfiniteJumper to /Game/SideScrollerBP/Maps/UEDPIE_0_InfiniteJumper.InfiniteJumper (0.043909s)
[2017.11.04-14.47.51:081][613]LogLoad: Game class is 'SideScrollerGameMode_C'
[2017.11.04-14.47.51:087][613]LogWorld: Bringing World /Game/SideScrollerBP/Maps/UEDPIE_0_InfiniteJumper.InfiniteJumper up for play (max tick rate 60) at 2017.11.04-10.47.51
[2017.11.04-14.47.51:088][613]LogWorld: Bringing up level for play took: 0.005236
[2017.11.04-14.47.51:134][613]LogLoad: Took 0.182078 seconds to LoadMap(/Game/SideScrollerBP/Maps/UEDPIE_0_InfiniteJumper)
[2017.11.04-14.48.40:103][761]LogBlueprintUserMessages: Early EndPlayMap Detection: Level '/Game/SideScrollerBP/Maps/InfiniteJumper.InfiniteJumper:PersistentLevel' has LevelScriptBlueprint '/Game/SideScrollerBP/Maps/InfiniteJumper.InfiniteJumper:PersistentLevel.InfiniteJumper' with GeneratedClass '/Game/SideScrollerBP/Maps/InfiniteJumper.InfiniteJumper_C' with ClassGeneratedBy '/Game/SideScrollerBP/Maps/InfiniteJumper.InfiniteJumper:PersistentLevel.InfiniteJumper'
[2017.11.04-14.48.40:146][761]LogBlueprintUserMessages: Late EndPlayMap Detection: Level '/Game/SideScrollerBP/Maps/InfiniteJumper.InfiniteJumper:PersistentLevel' has LevelScriptBlueprint '/Game/SideScrollerBP/Maps/InfiniteJumper.InfiniteJumper:PersistentLevel.InfiniteJumper' with GeneratedClass '/Game/SideScrollerBP/Maps/InfiniteJumper.InfiniteJumper_C' with ClassGeneratedBy '/Game/SideScrollerBP/Maps/InfiniteJumper.InfiniteJumper:PersistentLevel.InfiniteJumper'
[2017.11.04-14.49.31:998][439]LogSlate: Took 0.000368 seconds to synchronously load lazily loaded font '../../../Engine/Content/Slate/Fonts/Roboto-Regular.ttf' (155K)
[2017.11.04-14.49.32:325][439]LogContentBrowser: Native class hierarchy updated for 'BlueprintGraph' in 0.0024 seconds. Added 113 classes and 0 folders.
[2017.11.04-14.49.33:865][439]LogSlate: Took 0.064643 seconds to synchronously load lazily loaded font '../../../Engine/Content/Editor/Slate/Fonts/Roboto-BoldCondensed.ttf' (158K)
[2017.11.04-14.49.34:327][440]LogSlate: Took 0.062573 seconds to synchronously load lazily loaded font '../../../Engine/Content/Editor/Slate/Fonts/Roboto-Italic.ttf' (157K)
[2017.11.04-14.49.45:751][630]LogRenderer: Reallocating scene render targets to support 960x436 Format 10 NumSamples 1 (Frame:1).
[2017.11.04-14.50.20:243][671]LogEditorTransaction: Undo Remove Components
[2017.11.04-14.50.21:475][715]BlueprintLog: New page: Compile RisingSpikes
[2017.11.04-14.50.26:533][752]LogSavePackage: Save=277.14ms
[2017.11.04-14.50.26:533][752]LogSavePackage: Moving 'G:/Unreal Projects/Capstone/InfiniteJumper4.17 - Master File/Saved/RisingSpikes4E591FF641F67CC925474A8E3825C176.tmp' to 'G:/Unreal Projects/Capstone/InfiniteJumper4.17 - Master File/Content/SideScrollerBP/Blueprints/Spikes/RisingSpikes.uasset'
[2017.11.04-14.50.26:574][752]LogSavePackage: Display: Finished SavePackage G:/Unreal Projects/Capstone/InfiniteJumper4.17 - Master File/Content/SideScrollerBP/Blueprints/Spikes/RisingSpikes.uasset
[2017.11.04-14.50.26:793][752]LogSavePackage: Save=114.09ms
[2017.11.04-14.50.26:795][752]LogSavePackage: Moving 'G:/Unreal Projects/Capstone/InfiniteJumper4.17 - Master File/Saved/Gelio_Kleftiko_Font4061667E4E0A651A1343399A945F8207.tmp' to 'G:/Unreal Projects/Capstone/InfiniteJumper4.17 - Master File/Content/SideScrollerBP/Fonts/Gelio_Kleftiko_Font.uasset'
[2017.11.04-14.50.26:810][752]LogSavePackage: Display: Finished SavePackage G:/Unreal Projects/Capstone/InfiniteJumper4.17 - Master File/Content/SideScrollerBP/Fonts/Gelio_Kleftiko_Font.uasset
[2017.11.04-14.50.28:490][752]LogSavePackage: Save=928.17ms
[2017.11.04-14.50.28:490][752]LogSavePackage: Moving 'G:/Unreal Projects/Capstone/InfiniteJumper4.17 - Master File/Saved/InfiniteJumperB5208F70437731FC5EBB3A8DFE4EBD03.tmp' to 'G:/Unreal Projects/Capstone/InfiniteJumper4.17 - Master File/Content/SideScrollerBP/Maps/InfiniteJumper.umap'
[2017.11.04-14.50.28:564][752]LogSavePackage: Display: Finished SavePackage G:/Unreal Projects/Capstone/InfiniteJumper4.17 - Master File/Content/SideScrollerBP/Maps/InfiniteJumper.umap
[2017.11.04-14.50.28:686][752]LogFileHelpers: Saving map 'InfiniteJumper' took 1.871
[2017.11.04-14.51.06:080][174]LogLinker: Warning: Can't find file '/Game/StarterContent/Materials/M_Metal_Steel1'
[2017.11.04-14.51.06:080][174]LogLinker: Warning: Can't find file for asset '/Game/StarterContent/Materials/M_Metal_Steel1' while loading G:/Unreal Projects/Capstone/InfiniteJumper4.17 - Master File/Content/SideScrollerBP/3DModels/Spiked_Log.uasset.
[2017.11.04-14.51.06:081][174]LoadErrors: Error: /Game/SideScrollerBP/3DModels/Spiked_Log : Can't find file for asset. /Game/StarterContent/Materials/M_Metal_Steel1
[2017.11.04-14.51.06:354][174]LogLinker: Warning: Can't find file '/Game/StarterContent/Materials/M_Metal_Steel1'
[2017.11.04-14.51.06:354][174]LogLinker: Warning: Can't find file for asset '/Game/StarterContent/Materials/M_Metal_Steel1' while loading G:/Unreal Projects/Capstone/InfiniteJumper4.17 - Master File/Content/SideScrollerBP/3DModels/Spiked_Log.uasset.
[2017.11.04-14.51.06:362][174]LogLinker: Warning: Can't find file '/Game/StarterContent/Materials/M_Metal_Steel1'
[2017.11.04-14.51.06:362][174]LoadErrors: Failed to load /Game/StarterContent/Materials/M_Metal_Steel1.M_Metal_Steel1 Referenced by Spiked_Log
[2017.11.04-14.51.06:362][174]LogLinker: Warning: Can't find file for asset '/Game/StarterContent/Materials/M_Metal_Steel1' while loading NULL.
[2017.11.04-14.51.06:363][174]LogLinker: Warning: Can't find file '/Game/StarterContent/Materials/M_Metal_Steel1'
[2017.11.04-14.51.06:363][174]LogLinker: Warning: Can't find file for asset '/Game/StarterContent/Materials/M_Metal_Steel1' while loading NULL.
[2017.11.04-14.51.12:022][333]BlueprintLog: New page: Compile RisingSpikes
[2017.11.04-14.51.21:416][569]Cmd: QUIT_EDITOR
[2017.11.04-14.51.21:938][569]LogWindowsTextInputMethodSystem: Display: IME system now deactivated.
[2017.11.04-14.51.21:938][569]LogWindowsTextInputMethodSystem: Display: IME system now deactivated.
[2017.11.04-14.51.21:961][569]LogExit: Preparing to exit.
[2017.11.04-14.51.23:268][569]LogExit: Editor shut down
[2017.11.04-14.51.23:279][569]LogExit: Transaction tracking system shut down
[2017.11.04-14.51.23:625][569]LogDirectoryWatcher: A directory notification for '../../../Engine/Content/' was aborted.
[2017.11.04-14.51.23:625][569]LogDirectoryWatcher: A directory notification for 'G:/Unreal Projects/Capstone/InfiniteJumper4.17 - Master File/Content/' was aborted.
[2017.11.04-14.51.23:625][569]LogDirectoryWatcher: A directory notification for '../../../Engine/Plugins/2D/Paper2D/Content/' was aborted.
[2017.11.04-14.51.23:625][569]LogDirectoryWatcher: A directory notification for '../../../Engine/Plugins/Runtime/Oculus/OculusVR/Content/' was aborted.
[2017.11.04-14.51.23:625][569]LogDirectoryWatcher: A directory notification for '../../../Engine/Plugins/Runtime/Steam/SteamVR/Content/' was aborted.
[2017.11.04-14.51.23:813][569]LogExit: Object subsystem successfully closed.
[2017.11.04-14.51.23:845][569]LogD3D11RHI: Shutdown
[2017.11.04-14.51.23:846][569]LogD3D11RHI: CleanupD3DDevice
[2017.11.04-14.51.24:395][569]LogD3D11RHI: ~FD3D11DynamicRHI
[2017.11.04-14.51.24:509][569]LogModuleManager: Shutting down and abandoning module HierarchicalLODUtilities (538)
[2017.11.04-14.51.24:509][569]LogModuleManager: Shutting down and abandoning module BlueprintGraph (536)
[2017.11.04-14.51.24:509][569]LogModuleManager: Shutting down and abandoning module BlueprintProfiler (534)
[2017.11.04-14.51.24:509][569]LogModuleManager: Shutting down and abandoning module MovieSceneCapture (532)
[2017.11.04-14.51.24:509][569]LogModuleManager: Shutting down and abandoning module HierarchicalLODOutliner (530)
[2017.11.04-14.51.24:509][569]LogModuleManager: Shutting down and abandoning module SceneOutliner (528)
[2017.11.04-14.51.24:509][569]LogModuleManager: Shutting down and abandoning module AddContentDialog (526)
[2017.11.04-14.51.24:509][569]LogDirectoryWatcher: A directory notification for 'C:/Program Files/Epic Games/UE_4.17/FeaturePacks/' was aborted.
[2017.11.04-14.51.24:514][569]LogModuleManager: Shutting down and abandoning module WidgetCarousel (525)
[2017.11.04-14.51.24:514][569]LogModuleManager: Shutting down and abandoning module EditorWidgets (522)
[2017.11.04-14.51.24:514][569]LogModuleManager: Shutting down and abandoning module CollectionManager (520)
[2017.11.04-14.51.24:514][569]LogDirectoryWatcher: A directory notification for 'G:/Unreal Projects/Capstone/InfiniteJumper4.17 - Master File/Content/Collections/' was aborted.
[2017.11.04-14.51.24:514][569]LogDirectoryWatcher: A directory notification for 'G:/Unreal Projects/Capstone/InfiniteJumper4.17 - Master File/Content/Developers/kreye/Collections/' was aborted.
[2017.11.04-14.51.24:515][569]LogDirectoryWatcher: A directory notification for 'G:/Unreal Projects/Capstone/InfiniteJumper4.17 - Master File/Saved/Collections/' was aborted.
[2017.11.04-14.51.24:515][569]LogModuleManager: Shutting down and abandoning module StatsViewer (518)
[2017.11.04-14.51.24:515][569]LogModuleManager: Shutting down and abandoning module FoliageEdit (516)
[2017.11.04-14.51.24:515][569]LogModuleManager: Shutting down and abandoning module LandscapeEditor (514)
[2017.11.04-14.51.24:515][569]LogModuleManager: Shutting down and abandoning module MeshPaintMode (512)
[2017.11.04-14.51.24:515][569]LogModuleManager: Shutting down and abandoning module SceneDepthPickerMode (510)
[2017.11.04-14.51.24:515][569]LogModuleManager: Shutting down and abandoning module ActorPickerMode (508)
[2017.11.04-14.51.24:515][569]LogModuleManager: Shutting down and abandoning module GeometryMode (506)
[2017.11.04-14.51.24:516][569]LogModuleManager: Shutting down and abandoning module TextureAlignMode (504)
[2017.11.04-14.51.24:516][569]LogModuleManager: Shutting down and abandoning module BspMode (502)
[2017.11.04-14.51.24:516][569]LogModuleManager: Shutting down and abandoning module PIEPreviewDeviceProfileSelector (500)
[2017.11.04-14.51.24:516][569]LogModuleManager: Shutting down and abandoning module HardwareSurvey (498)
[2017.11.04-14.51.24:516][569]LogModuleManager: Shutting down and abandoning module SequenceRecorderSections (496)
[2017.11.04-14.51.24:516][569]LogModuleManager: Shutting down and abandoning module AutomationWorker (494)
[2017.11.04-14.51.24:516][569]LogModuleManager: Shutting down and abandoning module MatineeToLevelSequence (492)
[2017.11.04-14.51.24:516][569]LogModuleManager: Shutting down and abandoning module LevelSequenceEditor (490)
[2017.11.04-14.51.24:516][569]LogModuleManager: Shutting down and abandoning module PlacementMode (489)
[2017.11.04-14.51.24:516][569]LogModuleManager: Shutting down and abandoning module WmfMediaFactory (486)
[2017.11.04-14.51.24:516][569]LogModuleManager: Shutting down and abandoning module WmfMediaEditor (484)
[2017.11.04-14.51.24:516][569]LogModuleManager: Shutting down and abandoning module AvfMediaFactory (482)
[2017.11.04-14.51.24:517][569]LogModuleManager: Shutting down and abandoning module AvfMediaEditor (480)
[2017.11.04-14.51.24:517][569]LogModuleManager: Shutting down and abandoning module AndroidMediaFactory (478)
[2017.11.04-14.51.24:517][569]LogModuleManager: Shutting down and abandoning module Media (477)
[2017.11.04-14.51.24:517][569]LogModuleManager: Shutting down and abandoning module AndroidMediaEditor (474)
[2017.11.04-14.51.24:517][569]LogModuleManager: Shutting down and abandoning module CharacterAI (472)
[2017.11.04-14.51.24:517][569]LogModuleManager: Shutting down and abandoning module AudioCapture (470)
[2017.11.04-14.51.24:517][569]LogModuleManager: Shutting down and abandoning module SequenceRecorder (469)
[2017.11.04-14.51.24:517][569]LogModuleManager: Shutting down and abandoning module SmartSnapping (466)
[2017.11.04-14.51.24:517][569]LogModuleManager: Shutting down and abandoning module SessionServices (464)
[2017.11.04-14.51.24:517][569]LogModuleManager: Shutting down and abandoning module ViewportSnapping (462)
[2017.11.04-14.51.24:517][569]LogModuleManager: Shutting down and abandoning module ViewportInteraction (460)
[2017.11.04-14.51.24:517][569]LogModuleManager: Shutting down and abandoning module ClothPainter (458)
[2017.11.04-14.51.24:517][569]LogModuleManager: Shutting down and abandoning module LogVisualizer (456)
[2017.11.04-14.51.24:517][569]LogModuleManager: Shutting down and abandoning module IntroTutorials (454)
[2017.11.04-14.51.24:518][569]LogModuleManager: Shutting down and abandoning module GameProjectGeneration (453)
[2017.11.04-14.51.24:518][569]LogModuleManager: Shutting down and abandoning module IOSPlatformEditor (450)
[2017.11.04-14.51.24:518][569]LogModuleManager: Shutting down and abandoning module HTML5PlatformEditor (448)
[2017.11.04-14.51.24:518][569]LogModuleManager: Shutting down and abandoning module AndroidPlatformEditor (446)
[2017.11.04-14.51.24:518][569]LogModuleManager: Shutting down and abandoning module AndroidDeviceDetection (445)
[2017.11.04-14.51.24:748][569]LogModuleManager: Shutting down and abandoning module WindowsPlatformEditor (442)
[2017.11.04-14.51.24:748][569]LogModuleManager: Shutting down and abandoning module IOSRuntimeSettings (440)
[2017.11.04-14.51.24:749][569]LogModuleManager: Shutting down and abandoning module AndroidRuntimeSettings (438)
[2017.11.04-14.51.24:749][569]LogModuleManager: Shutting down and abandoning module InputBindingEditor (436)
[2017.11.04-14.51.24:749][569]LogModuleManager: Shutting down and abandoning module MergeActors (434)
[2017.11.04-14.51.24:749][569]LogModuleManager: Shutting down and abandoning module SizeMap (432)
[2017.11.04-14.51.24:749][569]LogModuleManager: Shutting down and abandoning module TreeMap (430)
[2017.11.04-14.51.24:749][569]LogModuleManager: Shutting down and abandoning module ReferenceViewer (428)
[2017.11.04-14.51.24:749][569]LogModuleManager: Shutting down and abandoning module LocalizationDashboard (426)
[2017.11.04-14.51.24:752][569]LogModuleManager: Shutting down and abandoning module LocalizationService (425)
[2017.11.04-14.51.24:752][569]LogModuleManager: Shutting down and abandoning module HardwareTargeting (422)
[2017.11.04-14.51.24:752][569]LogModuleManager: Shutting down and abandoning module DeviceProfileEditor (420)
[2017.11.04-14.51.24:752][569]LogModuleManager: Shutting down and abandoning module UndoHistory (418)
[2017.11.04-14.51.24:752][569]LogModuleManager: Shutting down and abandoning module XmlParser (416)
[2017.11.04-14.51.24:752][569]LogModuleManager: Shutting down and abandoning module Blutility (414)
[2017.11.04-14.51.24:752][569]LogModuleManager: Shutting down and abandoning module ProjectSettingsViewer (412)
[2017.11.04-14.51.24:753][569]LogModuleManager: Shutting down and abandoning module ProjectTargetPlatformEditor (411)
[2017.11.04-14.51.24:753][569]LogModuleManager: Shutting down and abandoning module EditorSettingsViewer (408)
[2017.11.04-14.51.24:753][569]LogModuleManager: Shutting down and abandoning module SettingsEditor (406)
[2017.11.04-14.51.24:753][569]LogModuleManager: Shutting down and abandoning module ProjectLauncher (404)
[2017.11.04-14.51.24:753][569]LogModuleManager: Shutting down and abandoning module SessionFrontend (402)
[2017.11.04-14.51.24:753][569]LogModuleManager: Shutting down and abandoning module ProfilerClient (400)
[2017.11.04-14.51.24:753][569]LogModuleManager: Shutting down and abandoning module DeviceManager (398)
[2017.11.04-14.51.24:753][569]LogModuleManager: Shutting down and abandoning module TargetDeviceServices (397)
[2017.11.04-14.51.24:806][569]LogModuleManager: Shutting down and abandoning module AutomationController (394)
[2017.11.04-14.51.24:806][569]LogModuleManager: Shutting down and abandoning module AutomationWindow (392)
[2017.11.04-14.51.24:806][569]LogModuleManager: Shutting down and abandoning module Layers (390)
[2017.11.04-14.51.24:806][569]LogModuleManager: Shutting down and abandoning module ComponentVisualizers (388)
[2017.11.04-14.51.24:806][569]LogModuleManager: Shutting down and abandoning module DetailCustomizations (386)
[2017.11.04-14.51.24:806][569]LogModuleManager: Shutting down and abandoning module PackagesDialog (384)
[2017.11.04-14.51.24:807][569]LogModuleManager: Shutting down and abandoning module Persona (382)
[2017.11.04-14.51.24:807][569]LogModuleManager: Shutting down and abandoning module AdvancedPreviewScene (381)
[2017.11.04-14.51.24:807][569]LogModuleManager: Shutting down and abandoning module AnimGraph (379)
[2017.11.04-14.51.24:807][569]LogModuleManager: Shutting down and abandoning module Kismet (376)
[2017.11.04-14.51.24:822][569]LogModuleManager: Shutting down and abandoning module ClassViewer (374)
[2017.11.04-14.51.24:823][569]LogModuleManager: Shutting down and abandoning module Toolbox (372)
[2017.11.04-14.51.24:823][569]LogModuleManager: Shutting down and abandoning module ModuleUI (370)
[2017.11.04-14.51.24:823][569]LogModuleManager: Shutting down and abandoning module MovieSceneTools (368)
[2017.11.04-14.51.24:823][569]LogModuleManager: Shutting down and abandoning module OutputLog (366)
[2017.11.04-14.51.24:823][569]LogModuleManager: Shutting down and abandoning module GammaUI (364)
[2017.11.04-14.51.24:823][569]LogModuleManager: Shutting down and abandoning module Documentation (362)
[2017.11.04-14.51.24:823][569]LogModuleManager: Shutting down and abandoning module MovieSceneTracks (360)
[2017.11.04-14.51.24:823][569]LogModuleManager: Shutting down and abandoning module MovieScene (358)
[2017.11.04-14.51.24:823][569]LogModuleManager: Shutting down and abandoning module Niagara (356)
[2017.11.04-14.51.24:823][569]LogModuleManager: Shutting down and abandoning module NiagaraEditor (355)
[2017.11.04-14.51.24:823][569]LogModuleManager: Shutting down and abandoning module StreamingPauseRendering (352)
[2017.11.04-14.51.24:823][569]LogModuleManager: Shutting down and abandoning module LauncherPlatform (350)
[2017.11.04-14.51.24:823][569]LogModuleManager: Shutting down and abandoning module AnalyticsET (348)
[2017.11.04-14.51.24:823][569]LogModuleManager: Shutting down and abandoning module PortalServices (346)
[2017.11.04-14.51.24:823][569]LogModuleManager: Shutting down and abandoning module PortalRpc (344)
[2017.11.04-14.51.24:823][569]LogModuleManager: Shutting down and abandoning module MessagingRpc (342)
[2017.11.04-14.51.24:823][569]LogModuleManager: Shutting down and abandoning module AIModule (340)
[2017.11.04-14.51.24:824][569]LogModuleManager: Shutting down and abandoning module GameplayDebugger (339)
[2017.11.04-14.51.24:824][569]LogModuleManager: Shutting down and abandoning module AITestSuite (337)
[2017.11.04-14.51.24:824][569]LogModuleManager: Shutting down and abandoning module ProfilerService (334)
[2017.11.04-14.51.25:003][569]LogModuleManager: Shutting down and abandoning module TaskGraph (332)
[2017.11.04-14.51.25:003][569]LogModuleManager: Shutting down and abandoning module SteamVRController (330)
[2017.11.04-14.51.25:003][569]LogModuleManager: Shutting down and abandoning module ProceduralMeshComponentEditor (328)
[2017.11.04-14.51.25:003][569]LogModuleManager: Shutting down and abandoning module ProceduralMeshComponent (326)
[2017.11.04-14.51.25:003][569]LogModuleManager: Shutting down and abandoning module OculusInput (324)
[2017.11.04-14.51.25:003][569]LogModuleManager: Shutting down and abandoning module MobilePatchingUtils (322)
[2017.11.04-14.51.25:003][569]LogModuleManager: Shutting down and abandoning module CustomMeshComponent (320)
[2017.11.04-14.51.25:004][569]LogModuleManager: Shutting down and abandoning module CableComponent (318)
[2017.11.04-14.51.25:004][569]LogModuleManager: Shutting down and abandoning module ArchVisCharacter (316)
[2017.11.04-14.51.25:004][569]LogModuleManager: Shutting down and abandoning module AndroidPermission (314)
[2017.11.04-14.51.25:004][569]LogModuleManager: Shutting down and abandoning module MediaPlayerEditor (310)
[2017.11.04-14.51.25:004][569]LogModuleManager: Shutting down and abandoning module HTML5Networking (308)
[2017.11.04-14.51.25:004][569]LogModuleManager: Shutting down and abandoning module AlembicImporter (306)
[2017.11.04-14.51.25:004][569]LogModuleManager: Shutting down and abandoning module AlembicLibrary (305)
[2017.11.04-14.51.25:004][569]LogModuleManager: Shutting down and abandoning module GeometryCache (304)
[2017.11.04-14.51.25:004][569]LogModuleManager: Shutting down and abandoning module GeometryCacheEd (303)
[2017.11.04-14.51.25:004][569]LogModuleManager: Shutting down and abandoning module SpeedTreeImporter (298)
[2017.11.04-14.51.25:004][569]LogModuleManager: Shutting down and abandoning module PluginBrowser (296)
[2017.11.04-14.51.25:004][569]LogModuleManager: Shutting down and abandoning module MobileLauncherProfileWizard (294)
[2017.11.04-14.51.25:004][569]LogModuleManager: Shutting down and abandoning module VisualStudioSourceCodeAccess (292)
[2017.11.04-14.51.25:004][569]LogModuleManager: Shutting down and abandoning module DesktopPlatform (291)
[2017.11.04-14.51.25:004][569]LogModuleManager: Shutting down and abandoning module UObjectPlugin (288)
[2017.11.04-14.51.25:004][569]LogModuleManager: Shutting down and abandoning module SubversionSourceControl (286)
[2017.11.04-14.51.25:004][569]LogModuleManager: Shutting down and abandoning module PerforceSourceControl (284)
[2017.11.04-14.51.25:005][569]LogModuleManager: Shutting down and abandoning module GitSourceControl (282)
[2017.11.04-14.51.25:005][569]LogModuleManager: Shutting down and abandoning module SourceControl (281)
[2017.11.04-14.51.25:005][569]LogModuleManager: Shutting down and abandoning module LightPropagationVolumeEditor (278)
[2017.11.04-14.51.25:005][569]LogModuleManager: Shutting down and abandoning module PaperTiledImporter (276)
[2017.11.04-14.51.25:005][569]LogModuleManager: Shutting down and abandoning module PaperSpriteSheetImporter (274)
[2017.11.04-14.51.25:005][569]LogModuleManager: Shutting down and abandoning module Paper2DEditor (272)
[2017.11.04-14.51.25:005][569]LogModuleManager: Shutting down and abandoning module MeshPaint (271)
[2017.11.04-14.51.25:005][569]LogModuleManager: Shutting down and abandoning module LevelEditor (269)
[2017.11.04-14.51.25:006][569]LogModuleManager: Shutting down and abandoning module PixelInspectorModule (268)
[2017.11.04-14.51.25:006][569]LogModuleManager: Shutting down and abandoning module MainFrame (266)
[2017.11.04-14.51.25:006][569]LogModuleManager: Shutting down and abandoning module HotReload (265)
[2017.11.04-14.51.25:007][569]LogModuleManager: Shutting down and abandoning module RuntimePhysXCooking (260)
[2017.11.04-14.51.25:007][569]LogModuleManager: Shutting down and abandoning module PhysXVehiclesEditor (258)
[2017.11.04-14.51.25:008][569]LogModuleManager: Shutting down and abandoning module PhysXVehicles (256)
[2017.11.04-14.51.25:008][569]LogModuleManager: Shutting down and abandoning module OculusEditor (254)
[2017.11.04-14.51.25:008][569]LogModuleManager: Shutting down and abandoning module LocationServicesBPLibrary (252)
[2017.11.04-14.51.25:008][569]LogModuleManager: Shutting down and abandoning module ImmediatePhysicsEditor (250)
[2017.11.04-14.51.25:008][569]LogModuleManager: Shutting down and abandoning module ImmediatePhysics (248)
[2017.11.04-14.51.25:008][569]LogModuleManager: Shutting down and abandoning module UdpMessaging (246)
[2017.11.04-14.51.25:108][569]LogModuleManager: Shutting down and abandoning module TcpMessaging (244)
[2017.11.04-14.51.25:209][569]LogModuleManager: Shutting down and abandoning module GameplayTagsEditor (242)
[2017.11.04-14.51.25:209][569]LogModuleManager: Shutting down and abandoning module FacialAnimationEditor (240)
[2017.11.04-14.51.25:209][569]LogModuleManager: Shutting down and abandoning module FacialAnimation (238)
[2017.11.04-14.51.25:209][569]LogModuleManager: Shutting down and abandoning module AssetManagerEditor (236)
[2017.11.04-14.51.25:209][569]LogModuleManager: Shutting down and abandoning module GraphEditor (235)
[2017.11.04-14.51.25:210][569]LogModuleManager: Shutting down and abandoning module ContentBrowser (233)
[2017.11.04-14.51.25:211][569]LogModuleManager: Shutting down and abandoning module LightPropagationVolumeRuntime (230)
[2017.11.04-14.51.25:211][569]LogModuleManager: Shutting down and abandoning module Paper2D (228)
[2017.11.04-14.51.25:211][569]LogModuleManager: Shutting down and abandoning module WindowsMoviePlayer (226)
[2017.11.04-14.51.25:211][569]LogModuleManager: Shutting down and abandoning module WmfMedia (224)
[2017.11.04-14.51.25:211][569]LogModuleManager: Shutting down and abandoning module PacketHandler (222)
[2017.11.04-14.51.25:211][569]LogModuleManager: Shutting down and abandoning module ClothingSystemEditor (220)
[2017.11.04-14.51.25:211][569]LogModuleManager: Shutting down and abandoning module ClothingSystemRuntime (218)
[2017.11.04-14.51.25:211][569]LogModuleManager: Shutting down and abandoning module Overlay (216)
[2017.11.04-14.51.25:212][569]LogModuleManager: Shutting down and abandoning module OverlayEditor (215)
[2017.11.04-14.51.25:212][569]LogModuleManager: Shutting down and abandoning module MediaAssets (212)
[2017.11.04-14.51.25:212][569]LogModuleManager: Shutting down and abandoning module VREditor (210)
[2017.11.04-14.51.25:212][569]LogModuleManager: Shutting down and abandoning module StringTableEditor (208)
[2017.11.04-14.51.25:212][569]LogModuleManager: Shutting down and abandoning module GameplayTasksEditor (206)
[2017.11.04-14.51.25:212][569]LogModuleManager: Shutting down and abandoning module BehaviorTreeEditor (204)
[2017.11.04-14.51.25:212][569]LogModuleManager: Shutting down and abandoning module FunctionalTesting (202)
[2017.11.04-14.51.25:212][569]LogModuleManager: Shutting down and abandoning module CollisionAnalyzer (200)
[2017.11.04-14.51.25:212][569]LogModuleManager: Shutting down and abandoning module WorkspaceMenuStructure (199)
[2017.11.04-14.51.25:212][569]LogModuleManager: Shutting down and abandoning module UMG (196)
[2017.11.04-14.51.25:212][569]LogModuleManager: Shutting down and abandoning module UMGEditor (195)
[2017.11.04-14.51.25:212][569]LogModuleManager: Shutting down and abandoning module Sequencer (194)
[2017.11.04-14.51.25:212][569]LogModuleManager: Shutting down and abandoning module MessageLog (191)
[2017.11.04-14.51.25:212][569]LogModuleManager: Shutting down and abandoning module SlateReflector (186)
[2017.11.04-14.51.25:212][569]LogModuleManager: Shutting down and abandoning module Slate (184)
[2017.11.04-14.51.25:212][569]LogModuleManager: Shutting down and abandoning module EditorStyle (182)
[2017.11.04-14.51.25:219][569]LogModuleManager: Shutting down and abandoning module MRMesh (180)
[2017.11.04-14.51.25:219][569]LogModuleManager: Shutting down and abandoning module SourceCodeAccess (178)
[2017.11.04-14.51.25:219][569]LogModuleManager: Shutting down and abandoning module HeadMountedDisplay (176)
[2017.11.04-14.51.25:219][569]LogModuleManager: Shutting down and abandoning module XAudio2 (174)
[2017.11.04-14.51.25:219][569]LogModuleManager: Shutting down and abandoning module Networking (172)
[2017.11.04-14.51.25:219][569]LogModuleManager: Shutting down and abandoning module Core (168)
[2017.11.04-14.51.25:219][569]LogModuleManager: Shutting down and abandoning module KismetCompiler (164)
[2017.11.04-14.51.25:219][569]LogModuleManager: Shutting down and abandoning module LevelSequence (162)
[2017.11.04-14.51.25:219][569]LogModuleManager: Shutting down and abandoning module MeshUtilities (160)
[2017.11.04-14.51.25:219][569]LogModuleManager: Shutting down and abandoning module MeshMergeUtilities (159)
[2017.11.04-14.51.25:219][569]LogModuleManager: Shutting down and abandoning module MeshReductionInterface (158)
[2017.11.04-14.51.25:219][569]LogModuleManager: Shutting down and abandoning module SimplygonSwarm (157)
[2017.11.04-14.51.25:219][569]LogModuleManager: Shutting down and abandoning module SimplygonMeshReduction (155)
[2017.11.04-14.51.25:219][569]LogModuleManager: Shutting down and abandoning module QuadricMeshReduction (153)
[2017.11.04-14.51.25:219][569]LogModuleManager: Shutting down and abandoning module MaterialBaking (149)
[2017.11.04-14.51.25:220][569]LogModuleManager: Shutting down and abandoning module DirectoryWatcher (146)
[2017.11.04-14.51.25:223][569]LogModuleManager: Shutting down and abandoning module DerivedDataCache (144)
[2017.11.04-14.51.25:299][569]LogDerivedDataCache: Shutdown
[2017.11.04-14.51.25:300][569]LogModuleManager: Shutting down and abandoning module TargetPlatform (142)
[2017.11.04-14.51.25:300][569]LogModuleManager: Shutting down and abandoning module VulkanShaderFormat (141)
[2017.11.04-14.51.25:300][569]LogModuleManager: Shutting down and abandoning module ShaderFormatVectorVM (139)
[2017.11.04-14.51.25:300][569]LogModuleManager: Shutting down and abandoning module ShaderFormatOpenGL (137)
[2017.11.04-14.51.25:300][569]LogModuleManager: Shutting down and abandoning module ShaderFormatD3D (135)
[2017.11.04-14.51.25:300][569]LogModuleManager: Shutting down and abandoning module MetalShaderFormat (133)
[2017.11.04-14.51.25:300][569]LogModuleManager: Shutting down and abandoning module TextureFormatUncompressed (131)
[2017.11.04-14.51.25:300][569]LogModuleManager: Shutting down and abandoning module TextureFormatPVR (129)
[2017.11.04-14.51.25:300][569]LogModuleManager: Shutting down and abandoning module TextureFormatDXT (127)
[2017.11.04-14.51.25:300][569]LogModuleManager: Shutting down and abandoning module TextureFormatIntelISPCTexComp (125)
[2017.11.04-14.51.25:300][569]LogModuleManager: Shutting down and abandoning module TextureFormatASTC (123)
[2017.11.04-14.51.25:300][569]LogModuleManager: Shutting down and abandoning module ImageWrapper (122)
[2017.11.04-14.51.25:300][569]LogModuleManager: Shutting down and abandoning module TextureFormatAndroid (119)
[2017.11.04-14.51.25:300][569]LogModuleManager: Shutting down and abandoning module AudioFormatOpus (117)
[2017.11.04-14.51.25:300][569]LogModuleManager: Shutting down and abandoning module AudioFormatOgg (115)
[2017.11.04-14.51.25:300][569]LogModuleManager: Shutting down and abandoning module AudioFormatADPCM (113)
[2017.11.04-14.51.25:300][569]LogModuleManager: Shutting down and abandoning module LinuxTargetPlatform (111)
[2017.11.04-14.51.25:300][569]LogModuleManager: Shutting down and abandoning module LinuxServerTargetPlatform (109)
[2017.11.04-14.51.25:301][569]LogModuleManager: Shutting down and abandoning module LinuxNoEditorTargetPlatform (107)
[2017.11.04-14.51.25:301][569]LogModuleManager: Shutting down and abandoning module LinuxClientTargetPlatform (105)
[2017.11.04-14.51.25:301][569]LogModuleManager: Shutting down and abandoning module TVOSTargetPlatform (103)
[2017.11.04-14.51.25:301][569]LogModuleManager: Shutting down and abandoning module Messaging (101)
[2017.11.04-14.51.25:301][569]LogModuleManager: Shutting down and abandoning module IOSTargetPlatform (99)
[2017.11.04-14.51.25:301][569]LogModuleManager: Shutting down and abandoning module HTML5TargetPlatform (97)
[2017.11.04-14.51.25:301][569]LogModuleManager: Shutting down and abandoning module Android_PVRTCTargetPlatform (95)
[2017.11.04-14.51.25:301][569]LogModuleManager: Shutting down and abandoning module Android_MultiTargetPlatform (93)
[2017.11.04-14.51.25:301][569]LogModuleManager: Shutting down and abandoning module Android_ETC2TargetPlatform (91)
[2017.11.04-14.51.25:301][569]LogModuleManager: Shutting down and abandoning module Android_ETC1TargetPlatform (89)
[2017.11.04-14.51.25:301][569]LogModuleManager: Shutting down and abandoning module Android_DXTTargetPlatform (87)
[2017.11.04-14.51.25:301][569]LogModuleManager: Shutting down and abandoning module Android_ATCTargetPlatform (85)
[2017.11.04-14.51.25:301][569]LogModuleManager: Shutting down and abandoning module Android_ASTCTargetPlatform (83)
[2017.11.04-14.51.25:301][569]LogModuleManager: Shutting down and abandoning module AndroidTargetPlatform (81)
[2017.11.04-14.51.25:301][569]LogModuleManager: Shutting down and abandoning module WindowsTargetPlatform (79)
[2017.11.04-14.51.25:301][569]LogModuleManager: Shutting down and abandoning module WindowsServerTargetPlatform (77)
[2017.11.04-14.51.25:301][569]LogModuleManager: Shutting down and abandoning module WindowsNoEditorTargetPlatform (75)
[2017.11.04-14.51.25:301][569]LogModuleManager: Shutting down and abandoning module WindowsClientTargetPlatform (73)
[2017.11.04-14.51.25:301][569]LogModuleManager: Shutting down and abandoning module MacTargetPlatform (71)
[2017.11.04-14.51.25:301][569]LogModuleManager: Shutting down and abandoning module MacServerTargetPlatform (69)
[2017.11.04-14.51.25:301][569]LogModuleManager: Shutting down and abandoning module MacNoEditorTargetPlatform (67)
[2017.11.04-14.51.25:301][569]LogModuleManager: Shutting down and abandoning module MacClientTargetPlatform (65)
[2017.11.04-14.51.25:301][569]LogModuleManager: Shutting down and abandoning module AllDesktopTargetPlatform (63)
[2017.11.04-14.51.25:301][569]LogModuleManager: Shutting down and abandoning module InputCore (60)
[2017.11.04-14.51.25:301][569]LogModuleManager: Shutting down and abandoning module Settings (58)
[2017.11.04-14.51.25:302][569]LogModuleManager: Shutting down and abandoning module PhysXCooking (56)
[2017.11.04-14.51.25:302][569]LogModuleManager: Shutting down and abandoning module SteamVR (54)
[2017.11.04-14.51.25:302][569]LogModuleManager: Shutting down and abandoning module OculusHMD (52)
[2017.11.04-14.51.25:302][569]LogModuleManager: Shutting down and abandoning module ExampleDeviceProfileSelector (50)
[2017.11.04-14.51.25:302][569]LogModuleManager: Shutting down and abandoning module OnlineBlueprintSupport (48)
[2017.11.04-14.51.25:302][569]LogModuleManager: Shutting down and abandoning module OnlineSubsystem (44)
[2017.11.04-14.51.25:302][569]LogOnline: Display: Unloading online subsystem: NULL
[2017.11.04-14.51.25:302][569]LogModuleManager: Shutting down and abandoning module XMPP (43)
[2017.11.04-14.51.25:302][569]LogModuleManager: Shutting down and abandoning module HTTP (41)
[2017.11.04-14.51.25:302][569]LogHttp: Display: Http module shutting down, but needs to wait on 1 outstanding Http requests:
[2017.11.04-14.51.25:302][569]LogHttp: Display: 	verb=[POST] url=[https://datarouter.ol.epicgames.com/datarouter/api/v1/public/data?SessionID=%7B4BCAFE00-4643-3DA0-9A4E-9EAA52D6EDC7%7D&AppID=UEEditor.Rocket.Release&AppVersion=4.17.1-3586342%2B%2B%2BUE4%2BRelease-4.17&UserID=3691cf284ca1f1681c3051979cb06f41%7C88057b4134714c0f98d798880975d3e9%7C75c10d2f-5615-4ca6-9c94-8a26968e32be&AppEnvironment=datacollector-binary&UploadType=eteventstream] status=Processing
[2017.11.04-14.51.25:302][569]LogHttp: Display: Sleeping 0.5s to wait for 1 outstanding Http requests.
[2017.11.04-14.51.25:804][569]LogHttp: Display: Sleeping 0.5s to wait for 1 outstanding Http requests.
[2017.11.04-14.51.26:304][569]LogHttp: Display: Sleeping 0.5s to wait for 1 outstanding Http requests.
[2017.11.04-14.51.26:804][569]LogHttp: Display: Sleeping 0.5s to wait for 1 outstanding Http requests.
[2017.11.04-14.51.27:305][569]LogHttp: Display: Sleeping 0.5s to wait for 1 outstanding Http requests.
[2017.11.04-14.51.27:805][569]LogHttp: Display: Sleeping 0.5s to wait for 1 outstanding Http requests.
[2017.11.04-14.51.28:306][569]LogHttp: Display: Sleeping 0.5s to wait for 1 outstanding Http requests.
[2017.11.04-14.51.28:806][569]LogHttp: Display: Sleeping 0.5s to wait for 1 outstanding Http requests.
[2017.11.04-14.51.29:307][569]LogHttp: Display: Sleeping 0.5s to wait for 1 outstanding Http requests.
[2017.11.04-14.51.29:808][569]LogHttp: Display: Sleeping 0.5s to wait for 1 outstanding Http requests.
[2017.11.04-14.51.30:308][569]LogHttp: Display: Sleeping 0.5s to wait for 1 outstanding Http requests.
[2017.11.04-14.51.30:809][569]LogHttp: Display: Sleeping 0.5s to wait for 1 outstanding Http requests.
[2017.11.04-14.51.31:310][569]LogHttp: Display: Sleeping 0.5s to wait for 1 outstanding Http requests.
[2017.11.04-14.51.31:810][569]LogHttp: Display: Sleeping 0.5s to wait for 1 outstanding Http requests.
[2017.11.04-14.51.32:310][569]LogHttp: Display: Sleeping 0.5s to wait for 1 outstanding Http requests.
[2017.11.04-14.51.32:810][569]LogHttp: Warning: 0000028B9C27D300: request failed, libcurl error: 6 (Couldn't resolve host name)
[2017.11.04-14.51.32:810][569]LogHttp: Warning: 0000028B9C27D300: libcurl info message cache 0 (Found bundle for host datarouter.ol.epicgames.com: 0x28b33257fe8 [can pipeline])
[2017.11.04-14.51.32:810][569]LogHttp: Warning: 0000028B9C27D300: libcurl info message cache 1 (Connection 0 seems to be dead!)
[2017.11.04-14.51.32:810][569]LogHttp: Warning: 0000028B9C27D300: libcurl info message cache 2 (Closing connection 0)
[2017.11.04-14.51.32:810][569]LogHttp: Warning: 0000028B9C27D300: libcurl info message cache 3 (TLSv1.2 (OUT), TLS alert, Client hello (1):)
[2017.11.04-14.51.32:810][569]LogHttp: Warning: 0000028B9C27D300: libcurl info message cache 4 (Could not resolve host: datarouter.ol.epicgames.com)
[2017.11.04-14.51.32:810][569]LogHttp: Warning: 0000028B9C27D300: libcurl info message cache 5 (Closing connection 1)
[2017.11.04-14.51.32:830][569]LogModuleManager: Shutting down and abandoning module SSL (40)
[2017.11.04-14.51.32:833][569]LogModuleManager: Shutting down and abandoning module AnimationModifiers (36)
[2017.11.04-14.51.32:833][569]LogModuleManager: Shutting down and abandoning module PropertyEditor (35)
[2017.11.04-14.51.32:833][569]LogModuleManager: Shutting down and abandoning module AudioEditor (32)
[2017.11.04-14.51.32:833][569]LogModuleManager: Shutting down and abandoning module TextureCompressor (30)
[2017.11.04-14.51.32:833][569]LogModuleManager: Shutting down and abandoning module ShaderCore (28)
[2017.11.04-14.51.32:833][569]LogModuleManager: Shutting down and abandoning module Landscape (26)
[2017.11.04-14.51.32:833][569]LogModuleManager: Shutting down and abandoning module SlateRHIRenderer (24)
[2017.11.04-14.51.32:836][569]LogModuleManager: Shutting down and abandoning module OpenGLDrv (22)
[2017.11.04-14.51.32:836][569]LogModuleManager: Shutting down and abandoning module D3D11RHI (20)
[2017.11.04-14.51.32:837][569]LogModuleManager: Shutting down and abandoning module AnimGraphRuntime (18)
[2017.11.04-14.51.32:837][569]LogModuleManager: Shutting down and abandoning module Renderer (16)
[2017.11.04-14.51.32:837][569]LogModuleManager: Shutting down and abandoning module Engine (14)
[2017.11.04-14.51.32:837][569]LogModuleManager: Shutting down and abandoning module CoreUObject (12)
[2017.11.04-14.51.32:837][569]LogModuleManager: Shutting down and abandoning module NetworkFile (10)
[2017.11.04-14.51.32:837][569]LogModuleManager: Shutting down and abandoning module CookedIterativeFile (8)
[2017.11.04-14.51.32:837][569]LogModuleManager: Shutting down and abandoning module StreamingFile (6)
[2017.11.04-14.51.32:837][569]LogModuleManager: Shutting down and abandoning module SandboxFile (4)
[2017.11.04-14.51.32:837][569]LogModuleManager: Shutting down and abandoning module PakFile (2)
[2017.11.04-14.51.32:843][569]LogExit: Exiting.
[2017.11.04-14.51.32:874][569]Log file closed, 11/04/17 10:51:32
