Log file open, 11/11/17 08:42:51
LogWindows: LoadLibraryWithSearchPaths failed for file aqProf.dll. GetLastError=0
LogWindows: LoadLibraryWithSearchPaths failed for file VSPerf140.dll. GetLastError=0
LogWindows: LoadLibraryWithSearchPaths failed for file VtuneApi.dll. GetLastError=0
LogWindows: LoadLibraryWithSearchPaths failed for file VtuneApi32e.dll. GetLastError=0
LogInit: Display: Running engine for game: InfiniteJumperMF
LogPlatformFile: Not using cached read wrapper
LogInit: Display: RandInit(-2020710759) SRandInit(-2020710758).
LogTaskGraph: Started task graph with 5 named threads and 14 total threads with 3 sets of task threads.
LogStats: Stats thread started at 0.240986
LogD3D11RHI: Aftermath initialized
LogPluginManager: Mounting plugin Paper2D
LogPluginManager: Mounting plugin LightPropagationVolume
LogPluginManager: Mounting plugin CodeLiteSourceCodeAccess
LogPluginManager: Mounting plugin GitSourceControl
LogPluginManager: Mounting plugin KDevelopSourceCodeAccess
LogPluginManager: Mounting plugin NullSourceCodeAccess
LogPluginManager: Mounting plugin PerforceSourceControl
LogPluginManager: Mounting plugin SubversionSourceControl
LogPluginManager: Mounting plugin UObjectPlugin
LogPluginManager: Mounting plugin VisualStudioSourceCodeAccess
LogPluginManager: Mounting plugin XCodeSourceCodeAccess
LogPluginManager: Mounting plugin AssetManagerEditor
LogPluginManager: Mounting plugin AudioCapture
LogPluginManager: Mounting plugin FacialAnimation
LogPluginManager: Mounting plugin GameplayTagsEditor
LogPluginManager: Mounting plugin MobileLauncherProfileWizard
LogPluginManager: Mounting plugin PluginBrowser
LogPluginManager: Mounting plugin SpeedTreeImporter
LogPluginManager: Mounting plugin AlembicImporter
LogPluginManager: Mounting plugin CharacterAI
LogPluginManager: Mounting plugin HTML5Networking
LogPluginManager: Mounting plugin AndroidMedia
LogPluginManager: Mounting plugin AvfMedia
LogPluginManager: Mounting plugin MediaPlayerEditor
LogPluginManager: Mounting plugin WmfMedia
LogPluginManager: Mounting plugin TcpMessaging
LogPluginManager: Mounting plugin UdpMessaging
LogPluginManager: Mounting plugin LevelSequenceEditor
LogPluginManager: Mounting plugin MatineeToLevelSequence
LogPluginManager: Mounting plugin OnlineSubsystemGooglePlay
LogPluginManager: Mounting plugin OnlineSubsystemIOS
LogPluginManager: Mounting plugin OnlineSubsystem
LogPluginManager: Mounting plugin OnlineSubsystemNull
LogPluginManager: Mounting plugin OnlineSubsystemUtils
LogPluginManager: Mounting plugin AndroidDeviceProfileSelector
LogPluginManager: Mounting plugin AndroidMoviePlayer
LogPluginManager: Mounting plugin AndroidPermission
LogPluginManager: Mounting plugin AppleMoviePlayer
LogPluginManager: Mounting plugin ArchVisCharacter
LogPluginManager: Mounting plugin CableComponent
LogPluginManager: Mounting plugin CustomMeshComponent
LogPluginManager: Mounting plugin ExampleDeviceProfileSelector
LogPluginManager: Mounting plugin GoogleCloudMessaging
LogPluginManager: Mounting plugin ImmediatePhysics
LogPluginManager: Mounting plugin IOSDeviceProfileSelector
LogPluginManager: Mounting plugin LinuxDeviceProfileSelector
LogPluginManager: Mounting plugin LocationServicesBPLibrary
LogPluginManager: Mounting plugin MobilePatchingUtils
LogPluginManager: Mounting plugin OculusVR
LogPluginManager: Mounting plugin PhysXVehicles
LogPluginManager: Mounting plugin ProceduralMeshComponent
LogPluginManager: Mounting plugin RuntimePhysXCooking
LogPluginManager: Mounting plugin SteamVR
LogPluginManager: Mounting plugin WindowsMoviePlayer
LogInit: Using libcurl 7.47.1
LogInit:  - built for x86_64-pc-win32
LogInit:  - supports SSL with OpenSSL/1.0.2g
LogInit:  - supports HTTP deflate (compression) using libz 1.2.8
LogInit:  - other features:
LogInit:      CURL_VERSION_SSL
LogInit:      CURL_VERSION_LIBZ
LogInit:      CURL_VERSION_IPV6
LogInit:      CURL_VERSION_ASYNCHDNS
LogInit:      CURL_VERSION_LARGEFILE
LogInit:      CURL_VERSION_IDN
LogInit:  CurlRequestOptions (configurable via config and command line):
LogInit:  - bVerifyPeer = false  - Libcurl will NOT verify peer certificate
LogInit:  - bUseHttpProxy = false  - Libcurl will NOT use HTTP proxy
LogInit:  - bDontReuseConnections = false  - Libcurl will reuse connections
LogInit:  - CertBundlePath = nullptr  - Libcurl will use whatever was configured at build time.
LogInit: Build: ++UE4+Release-4.17-CL-3586342
LogInit: Engine Version: 4.17.1-3586342+++UE4+Release-4.17
LogInit: Compatible Engine Version: 4.17.0-3573198+++UE4+Release-4.17
LogInit: Net CL: 3573198
LogDevObjectVersion: Number of dev versions registered: 16
LogDevObjectVersion:   Dev-Blueprints (B0D832E4-1F89-4F0D-ACCF-7EB736FD4AA2): 10
LogDevObjectVersion:   Dev-Build (E1C64328-A22C-4D53-A36C-8E866417BD8C): 0
LogDevObjectVersion:   Dev-Core (375EC13C-06E4-48FB-B500-84F0262A717E): 2
LogDevObjectVersion:   Dev-Editor (E4B068ED-F494-42E9-A231-DA0B2E46BB41): 20
LogDevObjectVersion:   Dev-Framework (CFFC743F-43B0-4480-9391-14DF171D2073): 28
LogDevObjectVersion:   Dev-Mobile (B02B49B5-BB20-44E9-A304-32B752E40360): 0
LogDevObjectVersion:   Dev-Networking (A4E4105C-59A1-49B5-A7C5-40C4547EDFEE): 0
LogDevObjectVersion:   Dev-Online (39C831C9-5AE6-47DC-9A44-9C173E1C8E7C): 0
LogDevObjectVersion:   Dev-Physics (78F01B33-EBEA-4F98-B9B4-84EACCB95AA2): 0
LogDevObjectVersion:   Dev-Platform (6631380F-2D4D-43E0-8009-CF276956A95A): 0
LogDevObjectVersion:   Dev-Rendering (12F88B9F-8875-4AFC-A67C-D90C383ABD29): 19
LogDevObjectVersion:   Dev-Sequencer (7B5AE74C-D270-4C10-A958-57980B212A5A): 4
LogDevObjectVersion:   Dev-VR (D7296918-1DD6-4BDD-9DE2-64A83CC13884): 0
LogDevObjectVersion:   Dev-LoadTimes (C2A15278-BFE7-4AFE-6C17-90FF531DF755): 1
LogDevObjectVersion:   Private-Geometry (6EACA3D4-40EC-4CC1-B786-8BED09428FC5): 1
LogDevObjectVersion:   Dev-AnimPhys (29E575DD-E0A3-4627-9D10-D276232CDCEA): 7
LogInit: Compiled (64-bit): Aug 15 2017 02:05:26
LogInit: Compiled with Visual C++: 19.00.24215.01
LogInit: Build Configuration: Development
LogInit: Branch Name: ++UE4+Release-4.17
LogInit: Command line:  
LogInit: Base directory: C:/Program Files/Epic Games/UE_4.17/Engine/Binaries/Win64/
LogInit: Installed Engine Build: 1
LogInit: Presizing for max 8388607 objects, including 0 objects not considered by GC, pre-allocating 0 bytes for permanent pool.
LogInit: Object subsystem initialized
[2017.11.11-12.42.52:840][  0]LogInit: Selected Device Profile: [Windows]
[2017.11.11-12.42.52:840][  0]LogInit: Applying CVar settings loaded from the selected device profile: [Windows]
[2017.11.11-12.42.52:971][  0]LogInit: Computer: LAPTOP-FV6L4TLG
[2017.11.11-12.42.52:971][  0]LogInit: User: kreye
[2017.11.11-12.42.52:971][  0]LogInit: CPU Page size=4096, Cores=4
[2017.11.11-12.42.52:971][  0]LogInit: High frequency timer resolution =2.339362 MHz
[2017.11.11-12.42.52:972][  0]LogMemory: Memory total: Physical=11.5GB (12GB approx)
[2017.11.11-12.42.52:972][  0]LogMemory: Platform Memory Stats for Windows
[2017.11.11-12.42.52:972][  0]LogMemory: Process Physical Memory: 277.38 MB used, 277.38 MB peak
[2017.11.11-12.42.52:972][  0]LogMemory: Process Virtual Memory: 274.27 MB used, 274.27 MB peak
[2017.11.11-12.42.52:972][  0]LogMemory: Physical Memory: 3432.31 MB used,  8310.81 MB free, 11743.12 MB total
[2017.11.11-12.42.52:972][  0]LogMemory: Virtual Memory: 668.02 MB used,  8310.81 MB free, 134217728.00 MB total
[2017.11.11-12.42.53:343][  0]LogInit: Using OS detected language (en-US).
[2017.11.11-12.42.53:343][  0]LogInit: Using OS detected locale (en-US).
[2017.11.11-12.42.53:350][  0]LogTextLocalizationManager: No specific localization for 'en-US' exists, so the 'en' localization will be used.
[2017.11.11-12.42.54:480][  0]LogD3D11RHI: D3D11 adapters:
[2017.11.11-12.42.54:510][  0]LogD3D11RHI:    0. 'AMD Radeon(TM) R5 Graphics' (Feature Level 11_0)
[2017.11.11-12.42.54:510][  0]LogD3D11RHI:       499/0/5871 MB DedicatedVideo/DedicatedSystem/SharedSystem, Outputs:1, VendorId:0x1002
[2017.11.11-12.42.54:513][  0]LogD3D11RHI:    1. 'Microsoft Basic Render Driver' (Feature Level 11_0)
[2017.11.11-12.42.54:513][  0]LogD3D11RHI:       0/0/5871 MB DedicatedVideo/DedicatedSystem/SharedSystem, Outputs:0, VendorId:0x1414
[2017.11.11-12.42.54:513][  0]LogD3D11RHI: Chosen D3D11 Adapter: 0
[2017.11.11-12.42.54:523][  0]LogD3D11RHI: Creating new Direct3DDevice
[2017.11.11-12.42.54:523][  0]LogD3D11RHI:     GPU DeviceId: 0x9874 (for the marketing name, search the web for "GPU Device Id")
[2017.11.11-12.42.54:523][  0]LogWindows: EnumDisplayDevices:
[2017.11.11-12.42.54:524][  0]LogWindows:    0. 'AMD Radeon(TM) R5 Graphics' (P:1 D:1)
[2017.11.11-12.42.54:524][  0]LogWindows:    1. 'AMD Radeon(TM) R5 Graphics' (P:0 D:0)
[2017.11.11-12.42.54:525][  0]LogWindows:    2. 'AMD Radeon(TM) R5 Graphics' (P:0 D:0)
[2017.11.11-12.42.54:525][  0]LogWindows: DebugString: FoundDriverCount:3 
[2017.11.11-12.42.54:525][  0]LogD3D11RHI:     Adapter Name: AMD Radeon(TM) R5 Graphics
[2017.11.11-12.42.54:525][  0]LogD3D11RHI:   Driver Version: Crimson 16.6 (internal:16.300.2701.0, unified:16.300.2701.0)
[2017.11.11-12.42.54:525][  0]LogD3D11RHI:      Driver Date: 8-9-2016
[2017.11.11-12.42.54:525][  0]LogRHI: Texture pool is 349 MB (70% of 499 MB)
[2017.11.11-12.42.54:622][  0]LogD3D11RHI: Async texture creation enabled
[2017.11.11-12.42.54:644][  0]LogD3D11RHI: GPU Timing Frequency: 100.000000 (Debug: 2 1)
[2017.11.11-12.42.54:647][  0]LogShaderCompilers: Guid format shader working directory is -14 characters bigger than the processId version (G:/Unreal Projects/Capstone/InfiniteJumper4.17 - Master File/Intermediate/Shaders/WorkingDirectory/9128/).
[2017.11.11-12.42.54:647][  0]LogShaderCompilers: Cleaned the shader compiler working directory 'C:/Users/kreye/AppData/Local/Temp/UnrealShaderWorkingDir/5049217F41F44640DFE4028D8A1725D9/'.
[2017.11.11-12.42.54:647][  0]LogShaderCompilers: Display: Using Local Shader Compiler.
[2017.11.11-12.42.57:261][  0]LogTemp: Display: Loaded TP AllDesktopTargetPlatform
[2017.11.11-12.42.57:376][  0]LogTemp: Display: Loaded TP MacClientTargetPlatform
[2017.11.11-12.42.57:490][  0]LogTemp: Display: Loaded TP MacNoEditorTargetPlatform
[2017.11.11-12.42.57:604][  0]LogTemp: Display: Loaded TP MacServerTargetPlatform
[2017.11.11-12.42.57:716][  0]LogTemp: Display: Loaded TP MacTargetPlatform
[2017.11.11-12.42.57:833][  0]LogTemp: Display: Loaded TP WindowsClientTargetPlatform
[2017.11.11-12.42.57:950][  0]LogTemp: Display: Loaded TP WindowsNoEditorTargetPlatform
[2017.11.11-12.42.58:070][  0]LogTemp: Display: Loaded TP WindowsServerTargetPlatform
[2017.11.11-12.42.58:179][  0]LogTemp: Display: Loaded TP WindowsTargetPlatform
[2017.11.11-12.42.58:288][  0]LogTemp: Display: Loaded TP AndroidTargetPlatform
[2017.11.11-12.42.58:399][  0]LogTemp: Display: Loaded TP Android_ASTCTargetPlatform
[2017.11.11-12.42.58:511][  0]LogTemp: Display: Loaded TP Android_ATCTargetPlatform
[2017.11.11-12.42.58:616][  0]LogTemp: Display: Loaded TP Android_DXTTargetPlatform
[2017.11.11-12.42.58:723][  0]LogTemp: Display: Loaded TP Android_ETC1TargetPlatform
[2017.11.11-12.42.58:830][  0]LogTemp: Display: Loaded TP Android_ETC2TargetPlatform
[2017.11.11-12.42.59:033][  0]LogTemp: Display: Loaded TP Android_MultiTargetPlatform
[2017.11.11-12.42.59:034][  0]LogTemp: Display: Loaded TP Android_PVRTCTargetPlatform
[2017.11.11-12.42.59:121][  0]LogTemp: Display: Loaded TP HTML5TargetPlatform
[2017.11.11-12.42.59:296][  0]LogTemp: Display: Loaded TP IOSTargetPlatform
[2017.11.11-12.42.59:359][  0]LogTemp: Display: Loaded TP TVOSTargetPlatform
[2017.11.11-12.42.59:480][  0]LogTemp: Display: Loaded TP LinuxClientTargetPlatform
[2017.11.11-12.42.59:597][  0]LogTemp: Display: Loaded TP LinuxNoEditorTargetPlatform
[2017.11.11-12.42.59:711][  0]LogTemp: Display: Loaded TP LinuxServerTargetPlatform
[2017.11.11-12.42.59:818][  0]LogTemp: Display: Loaded TP LinuxTargetPlatform
[2017.11.11-12.42.59:818][  0]LogTargetPlatformManager: Display: Building Assets For Windows
[2017.11.11-12.43.00:851][  0]LogDerivedDataCache: Display: Max Cache Size: 512 MB
[2017.11.11-12.43.01:074][  0]LogDerivedDataCache: Loaded boot cache 0.22s 93MB C:/Users/kreye/AppData/Local/UnrealEngine/4.17/DerivedDataCache/Boot.ddc.
[2017.11.11-12.43.01:075][  0]LogDerivedDataCache: Display: Loaded Boot cache: C:/Users/kreye/AppData/Local/UnrealEngine/4.17/DerivedDataCache/Boot.ddc
[2017.11.11-12.43.01:075][  0]LogDerivedDataCache: FDerivedDataBackendGraph:  Pak pak cache file G:/Unreal Projects/Capstone/InfiniteJumper4.17 - Master File/DerivedDataCache/DDC.ddp not found, will not use a pak cache.
[2017.11.11-12.43.01:075][  0]LogDerivedDataCache: Unable to find inner node Pak for hierarchical cache Hierarchy.
[2017.11.11-12.43.01:075][  0]LogDerivedDataCache: FDerivedDataBackendGraph:  CompressedPak pak cache file G:/Unreal Projects/Capstone/InfiniteJumper4.17 - Master File/DerivedDataCache/Compressed.ddp not found, will not use a pak cache.
[2017.11.11-12.43.01:075][  0]LogDerivedDataCache: Unable to find inner node CompressedPak for hierarchical cache Hierarchy.
[2017.11.11-12.43.01:109][  0]LogDerivedDataCache: Display: Pak cache opened for reading ../../../Engine/DerivedDataCache/Compressed.ddp.
[2017.11.11-12.43.01:123][  0]LogDerivedDataCache: Using Local data cache path C:/Users/kreye/AppData/Local/UnrealEngine/Common/DerivedDataCache: Writable
[2017.11.11-12.43.01:148][  0]LogMaterial: Verifying Global Shaders for PCD3D_SM5
[2017.11.11-12.43.01:149][  0]LogSlate: Using Freetype 2.6.0
[2017.11.11-12.43.01:151][  0]LogSlate: SlateFontCache - WITH_FREETYPE: 1, WITH_HARFBUZZ: 1
[2017.11.11-12.43.01:151][  0]LogSlate: SlateFontCache - WITH_FREETYPE: 1, WITH_HARFBUZZ: 1
[2017.11.11-12.43.01:645][  0]LogAssetRegistry: FAssetRegistry took 0.0305 seconds to start up
[2017.11.11-12.43.01:940][  0]LogInit: Selected Device Profile: [Windows]
[2017.11.11-12.43.02:794][  0]LogSimplygon: Simplygon DLL not present - disabling.
[2017.11.11-12.43.02:888][  0]LogMeshReduction: Using SimplygonSwarm for distributed automatic mesh merging
[2017.11.11-12.43.02:888][  0]LogMeshReduction: Using QuadricMeshReduction for automatic static mesh reduction
[2017.11.11-12.43.02:888][  0]LogMeshReduction: No automatic skeletal mesh reduction module available
[2017.11.11-12.43.02:888][  0]LogMeshReduction: No automatic mesh merging module available
[2017.11.11-12.43.02:888][  0]LogMeshMerging: No automatic mesh merging module available
[2017.11.11-12.43.02:908][  0]LogContentStreaming: Texture pool size is 0.00 MB
[2017.11.11-12.43.03:692][  0]LogNetVersion: InfiniteJumperMF , NetCL: 3573198, EngineNetVer: 2, GameNetVer: 0 (Checksum: 767604215)
[2017.11.11-12.43.04:494][  0]LogPackageLocalizationCache: Processed 5 localized package path(s) for 2 prioritized culture(s) in 0.443861 seconds
[2017.11.11-12.43.04:506][  0]LogUObjectArray: 35825 objects as part of root set at end of initial load.
[2017.11.11-12.43.04:506][  0]LogUObjectAllocator: 7529112 out of 0 bytes used by permanent object pool.
[2017.11.11-12.43.04:506][  0]LogUObjectArray: CloseDisregardForGC: 0/0 objects in disregard for GC pool
[2017.11.11-12.43.04:650][  0]LogInit: WinSock: version 1.1 (2.2), MaxSocks=32767, MaxUdp=65467
[2017.11.11-12.43.09:947][  0]LogTcpMessaging: Initializing TcpMessaging bridge
[2017.11.11-12.43.10:032][  0]LogUdpMessaging: Initializing bridge on interface 0.0.0.0:0 to multicast group 230.0.0.1:6666.
[2017.11.11-12.43.11:509][  0]LogMaterial: Uniform references updated for custom material expression Custom.
[2017.11.11-12.43.12:365][  0]SourceControl: Source control is disabled
[2017.11.11-12.43.12:365][  0]SourceControl: Source control is disabled
[2017.11.11-12.43.12:476][  0]SourceControl: Source control is disabled
[2017.11.11-12.43.12:581][  0]SourceControl: Source control is disabled
[2017.11.11-12.43.13:860][  0]LogAndroidPermission: UAndroidPermissionCallbackProxy::GetInstance
[2017.11.11-12.43.14:391][  0]LogOcInput: OculusInput pre-init called
[2017.11.11-12.43.14:924][  0]LogEngine: Initializing Engine...
[2017.11.11-12.43.14:928][  0]LogHMD: Failed to initialize OpenVR with code 110
[2017.11.11-12.43.15:336][  0]LogStats: UGameplayTagsManager::ConstructGameplayTagTree: Construct from data asset -  0.000 s
[2017.11.11-12.43.15:336][  0]LogStats: UGameplayTagsManager::ConstructGameplayTagTree: GameplayTagTreeChangedEvent.Broadcast -  0.000 s
[2017.11.11-12.43.15:636][  0]LogAIModule: Creating AISystem for world Untitled
[2017.11.11-12.43.15:647][  0]LogInit: XAudio2 using 'Speaker/Headphone (Realtek High Definition Audio)' : 2 channels at 48 kHz using 32 bits per sample (channel mask 0x3)
[2017.11.11-12.43.15:880][  0]LogInit: FAudioDevice initialized.
[2017.11.11-12.43.16:149][  0]LogDerivedDataCache: Saved boot cache 0.27s 93MB C:/Users/kreye/AppData/Local/UnrealEngine/4.17/DerivedDataCache/Boot.ddc.
[2017.11.11-12.43.16:189][  0]LogInit: Texture streaming: Enabled
[2017.11.11-12.43.16:475][  0]LogEngineSessionManager: EngineSessionManager initialized
[2017.11.11-12.43.16:972][  0]LogInit: Transaction tracking system initialized
[2017.11.11-12.43.17:700][  0]BlueprintLog: New page: Editor Load
[2017.11.11-12.43.19:807][  0]LocalizationService: Localization service is disabled
[2017.11.11-12.43.21:420][  0]LogConsoleResponse: Display: 
[2017.11.11-12.43.21:791][  0]LogCook: Display: Max memory allowance for cook 16384mb min free memory 0mb
[2017.11.11-12.43.21:791][  0]LogCook: Display: Mobile HDR setting 1
[2017.11.11-12.43.21:791][  0]LogGameplayTags: Display: UGameplayTagsManager::DoneAddingNativeTags. DelegateIsBound: 0
[2017.11.11-12.43.22:473][  0]LogFileCache: Scanning file cache for directory 'G:/Unreal Projects/Capstone/InfiniteJumper4.17 - Master File/Content/' took 0.02s
[2017.11.11-12.43.24:325][  0]SourceControl: Source control is disabled
[2017.11.11-12.43.24:325][  0]Cmd: MAP LOAD FILE="G:/Unreal Projects/Capstone/InfiniteJumper4.17 - Master File/Content/SideScrollerBP/Maps/InfiniteJumper.umap" TEMPLATE=0 SHOWPROGRESS=1 FEATURELEVEL=3
[2017.11.11-12.43.24:326][  0]LightingResults: New page: Lighting Build
[2017.11.11-12.43.24:428][  0]MapCheck: New page: Map Check
[2017.11.11-12.43.24:428][  0]LightingResults: New page: Lighting Build
[2017.11.11-12.43.25:252][  0]LogBlueprint: Warning: [HighScoreSaveSlot] 'UserIndex' variable not found. Base class was probably changed.
[2017.11.11-12.43.26:458][  0]LogStaticMesh: Building static mesh Rise_Floor_M...
[2017.11.11-12.43.26:462][  0]LogStaticMesh: Built static mesh [0.00s] /Game/SideScrollerBP/3DModels/Rise_Floor_M.Rise_Floor_M
[2017.11.11-12.43.26:802][  0]LogAIModule: Creating AISystem for world InfiniteJumper
[2017.11.11-12.43.26:822][  0]LogEditorServer: Finished looking for orphan Actors (0.000 secs)
[2017.11.11-12.43.27:029][  0]Cmd: MAP CHECKDEP NOCLEARLOG
[2017.11.11-12.43.27:170][  0]MapCheck: Map check complete: 0 Error(s), 0 Warning(s), took 140.564ms to complete.
[2017.11.11-12.43.27:170][  0]LogFileHelpers: Loading map 'InfiniteJumper' took 2.845
[2017.11.11-12.43.27:388][  0]LogCollectionManager: Loaded 0 collections in 0.003144 seconds
[2017.11.11-12.43.27:527][  0]LogFileCache: Scanning file cache for directory 'G:/Unreal Projects/Capstone/InfiniteJumper4.17 - Master File/Saved/Collections/' took 0.01s
[2017.11.11-12.43.27:527][  0]LogFileCache: Scanning file cache for directory 'G:/Unreal Projects/Capstone/InfiniteJumper4.17 - Master File/Content/Developers/kreye/Collections/' took 0.01s
[2017.11.11-12.43.27:527][  0]LogFileCache: Scanning file cache for directory 'G:/Unreal Projects/Capstone/InfiniteJumper4.17 - Master File/Content/Collections/' took 0.01s
[2017.11.11-12.43.27:527][  0]LogCollectionManager: Rebuilt the GUID cache for 0 collections in 0.000000 seconds
[2017.11.11-12.43.27:544][  0]LogContentBrowser: Native class hierarchy populated in 0.0163 seconds. Added 2386 classes and 500 folders.
[2017.11.11-12.43.27:691][  0]LogContentBrowser: Native class hierarchy updated for 'WidgetCarousel' in 0.0015 seconds. Added 0 classes and 0 folders.
[2017.11.11-12.43.27:779][  0]LogContentBrowser: Native class hierarchy updated for 'AddContentDialog' in 0.0016 seconds. Added 0 classes and 0 folders.
[2017.11.11-12.43.27:879][  0]LogContentBrowser: Native class hierarchy updated for 'SceneOutliner' in 0.0018 seconds. Added 1 classes and 2 folders.
[2017.11.11-12.43.27:917][  0]LogSlate: Took 0.000413 seconds to synchronously load lazily loaded font '../../../Engine/Content/Slate/Fonts/Roboto-Regular.ttf' (155K)
[2017.11.11-12.43.27:921][  0]LogSlate: Took 0.000491 seconds to synchronously load lazily loaded font '../../../Engine/Content/Slate/Fonts/Roboto-Bold.ttf' (160K)
[2017.11.11-12.43.27:928][  0]LogSlate: Took 0.000572 seconds to synchronously load lazily loaded font '../../../Engine/Content/Editor/Slate/Fonts/FontAwesome.ttf' (139K)
[2017.11.11-12.43.28:102][  0]LogRenderer: Reallocating scene render targets to support 1092x292 Format 10 NumSamples 1 (Frame:1).
[2017.11.11-12.43.29:032][  0]LogContentBrowser: Native class hierarchy updated for 'HierarchicalLODOutliner' in 0.0018 seconds. Added 1 classes and 2 folders.
[2017.11.11-12.43.29:032][  0]LogLoad: (Engine Initialization) Total time: 39.46 seconds
[2017.11.11-12.43.29:033][  0]LogLoad: (Engine Initialization) Total Blueprint compile time: 0.00 seconds
[2017.11.11-12.43.29:033][  0]LogExternalProfiler: No external profilers were discovered.  External profiling features will not be available.
[2017.11.11-12.43.29:417][  0]LogContentStreaming: Texture pool size now 1000 MB
[2017.11.11-12.43.29:544][  0]LogRenderer: Reallocating scene render targets to support 1092x344 Format 10 NumSamples 1 (Frame:2).
[2017.11.11-12.43.29:544][  0]LogSlate: Took 0.000513 seconds to synchronously load lazily loaded font '../../../Engine/Content/Slate/Fonts/Roboto-Light.ttf' (159K)
[2017.11.11-12.43.30:625][  3]LogAssetRegistry: Asset discovery search completed in 29.0023 seconds
[2017.11.11-12.43.30:629][  3]LogCollectionManager: Rebuilt the object cache for 0 collections in 0.000001 seconds (found 0 objects)
[2017.11.11-12.43.30:629][  3]LogCollectionManager: Fixed up redirectors for 0 collections in 0.000143 seconds (updated 0 objects)
[2017.11.11-12.43.30:653][  3]LogSlate: Took 0.000778 seconds to synchronously load lazily loaded font '../../../Engine/Content/Slate/Fonts/Roboto-Light.ttf' (159K)
[2017.11.11-12.43.46:283][ 50]LogTemp: Repeating last play command: Selected Viewport
[2017.11.11-12.43.46:417][ 50]LogBlueprintUserMessages: Early PlayInEditor Detection: Level '/Game/SideScrollerBP/Maps/InfiniteJumper.InfiniteJumper:PersistentLevel' has LevelScriptBlueprint '/Game/SideScrollerBP/Maps/InfiniteJumper.InfiniteJumper:PersistentLevel.InfiniteJumper' with GeneratedClass '/Game/SideScrollerBP/Maps/InfiniteJumper.InfiniteJumper_C' with ClassGeneratedBy '/Game/SideScrollerBP/Maps/InfiniteJumper.InfiniteJumper:PersistentLevel.InfiniteJumper'
[2017.11.11-12.43.46:417][ 50]LogPlayLevel: PlayLevel: No blueprints needed recompiling
[2017.11.11-12.43.46:417][ 50]PIE: New page: PIE session: InfiniteJumper (Nov 11, 2017, 4:43:46 AM)
[2017.11.11-12.43.46:418][ 50]LogPlayLevel: Creating play world package: /Game/SideScrollerBP/Maps/UEDPIE_0_InfiniteJumper
[2017.11.11-12.43.46:456][ 50]LogPlayLevel: PIE: StaticDuplicateObject took: (0.038265s)
[2017.11.11-12.43.46:459][ 50]LogAIModule: Creating AISystem for world InfiniteJumper
[2017.11.11-12.43.46:459][ 50]LogPlayLevel: PIE: World Init took: (0.003135s)
[2017.11.11-12.43.46:460][ 50]LogPlayLevel: PIE: Created PIE world by copying editor world from /Game/SideScrollerBP/Maps/InfiniteJumper.InfiniteJumper to /Game/SideScrollerBP/Maps/UEDPIE_0_InfiniteJumper.InfiniteJumper (0.042158s)
[2017.11.11-12.43.46:486][ 50]LogInit: XAudio2 using 'Speaker/Headphone (Realtek High Definition Audio)' : 2 channels at 48 kHz using 32 bits per sample (channel mask 0x3)
[2017.11.11-12.43.46:503][ 50]LogInit: FAudioDevice initialized.
[2017.11.11-12.43.46:556][ 50]LogLoad: Game class is 'SideScrollerGameMode_C'
[2017.11.11-12.43.46:562][ 50]LogWorld: Bringing World /Game/SideScrollerBP/Maps/UEDPIE_0_InfiniteJumper.InfiniteJumper up for play (max tick rate 0) at 2017.11.11-08.43.46
[2017.11.11-12.43.46:564][ 50]LogWorld: Bringing up level for play took: 0.005248
[2017.11.11-12.43.46:667][ 50]LogContentBrowser: Native class hierarchy updated for 'MovieSceneCapture' in 0.0017 seconds. Added 11 classes and 0 folders.
[2017.11.11-12.43.46:726][ 50]PIE: Play in editor start time for /Game/SideScrollerBP/Maps/UEDPIE_0_InfiniteJumper -0.133
[2017.11.11-12.43.46:726][ 50]LogBlueprintUserMessages: Late PlayInEditor Detection: Level '/Game/SideScrollerBP/Maps/InfiniteJumper.InfiniteJumper:PersistentLevel' has LevelScriptBlueprint '/Game/SideScrollerBP/Maps/InfiniteJumper.InfiniteJumper:PersistentLevel.InfiniteJumper' with GeneratedClass '/Game/SideScrollerBP/Maps/InfiniteJumper.InfiniteJumper_C' with ClassGeneratedBy '/Game/SideScrollerBP/Maps/InfiniteJumper.InfiniteJumper:PersistentLevel.InfiniteJumper'
[2017.11.11-12.43.51:671][262]LogRenderer: Reallocating scene render targets to support 1092x352 Format 10 NumSamples 1 (Frame:206).
[2017.11.11-12.43.51:850][263]LogRenderer: Reallocating scene render targets to support 1092x388 Format 10 NumSamples 1 (Frame:207).
[2017.11.11-12.43.52:122][264]LogRenderer: Reallocating scene render targets to support 1092x612 Format 10 NumSamples 1 (Frame:208).
[2017.11.11-12.44.09:918][825]LogBlueprintUserMessages: Early EndPlayMap Detection: Level '/Game/SideScrollerBP/Maps/InfiniteJumper.InfiniteJumper:PersistentLevel' has LevelScriptBlueprint '/Game/SideScrollerBP/Maps/InfiniteJumper.InfiniteJumper:PersistentLevel.InfiniteJumper' with GeneratedClass '/Game/SideScrollerBP/Maps/InfiniteJumper.InfiniteJumper_C' with ClassGeneratedBy '/Game/SideScrollerBP/Maps/InfiniteJumper.InfiniteJumper:PersistentLevel.InfiniteJumper'
[2017.11.11-12.44.10:024][825]LogBlueprintUserMessages: Late EndPlayMap Detection: Level '/Game/SideScrollerBP/Maps/InfiniteJumper.InfiniteJumper:PersistentLevel' has LevelScriptBlueprint '/Game/SideScrollerBP/Maps/InfiniteJumper.InfiniteJumper:PersistentLevel.InfiniteJumper' with GeneratedClass '/Game/SideScrollerBP/Maps/InfiniteJumper.InfiniteJumper_C' with ClassGeneratedBy '/Game/SideScrollerBP/Maps/InfiniteJumper.InfiniteJumper:PersistentLevel.InfiniteJumper'
[2017.11.11-12.44.22:427][145]LogSlate: Took 0.000349 seconds to synchronously load lazily loaded font '../../../Engine/Content/Slate/Fonts/Roboto-Light.ttf' (159K)
[2017.11.11-12.44.22:935][145]LogSlate: Took 0.000427 seconds to synchronously load lazily loaded font '../../../Engine/Content/Slate/Fonts/Roboto-Regular.ttf' (155K)
[2017.11.11-12.44.23:170][145]LogContentBrowser: Native class hierarchy updated for 'BlueprintGraph' in 0.0021 seconds. Added 113 classes and 0 folders.
[2017.11.11-12.44.24:409][145]LogSlate: Took 0.000460 seconds to synchronously load lazily loaded font '../../../Engine/Content/Editor/Slate/Fonts/Roboto-BoldCondensed.ttf' (158K)
[2017.11.11-12.44.24:840][146]LogSlate: Took 0.000792 seconds to synchronously load lazily loaded font '../../../Engine/Content/Editor/Slate/Fonts/Roboto-Italic.ttf' (157K)
[2017.11.11-12.45.08:020][ 61]BlueprintLog: New page: Compile SideScrollerCharacter
[2017.11.11-12.45.10:059][ 61]LogSavePackage: Save=295.21ms
[2017.11.11-12.45.10:059][ 61]LogSavePackage: Moving 'G:/Unreal Projects/Capstone/InfiniteJumper4.17 - Master File/Saved/SideScrollerCharacter48FEF4954F211A365E51FDA8B3ED7476.tmp' to 'G:/Unreal Projects/Capstone/InfiniteJumper4.17 - Master File/Content/SideScrollerBP/Blueprints/SideScrollerCharacter.uasset'
[2017.11.11-12.45.10:067][ 61]LogSavePackage: Display: Finished SavePackage G:/Unreal Projects/Capstone/InfiniteJumper4.17 - Master File/Content/SideScrollerBP/Blueprints/SideScrollerCharacter.uasset
[2017.11.11-12.45.12:414][173]LogTemp: Repeating last play command: Selected Viewport
[2017.11.11-12.45.12:465][173]LogBlueprintUserMessages: Early PlayInEditor Detection: Level '/Game/SideScrollerBP/Maps/InfiniteJumper.InfiniteJumper:PersistentLevel' has LevelScriptBlueprint '/Game/SideScrollerBP/Maps/InfiniteJumper.InfiniteJumper:PersistentLevel.InfiniteJumper' with GeneratedClass '/Game/SideScrollerBP/Maps/InfiniteJumper.InfiniteJumper_C' with ClassGeneratedBy '/Game/SideScrollerBP/Maps/InfiniteJumper.InfiniteJumper:PersistentLevel.InfiniteJumper'
[2017.11.11-12.45.12:465][173]LogPlayLevel: PlayLevel: No blueprints needed recompiling
[2017.11.11-12.45.12:466][173]PIE: New page: PIE session: InfiniteJumper (Nov 11, 2017, 4:45:12 AM)
[2017.11.11-12.45.12:466][173]LogPlayLevel: Creating play world package: /Game/SideScrollerBP/Maps/UEDPIE_0_InfiniteJumper
[2017.11.11-12.45.12:507][173]LogPlayLevel: PIE: StaticDuplicateObject took: (0.041034s)
[2017.11.11-12.45.12:511][173]LogAIModule: Creating AISystem for world InfiniteJumper
[2017.11.11-12.45.12:512][173]LogPlayLevel: PIE: World Init took: (0.004626s)
[2017.11.11-12.45.12:513][173]LogPlayLevel: PIE: Created PIE world by copying editor world from /Game/SideScrollerBP/Maps/InfiniteJumper.InfiniteJumper to /Game/SideScrollerBP/Maps/UEDPIE_0_InfiniteJumper.InfiniteJumper (0.046877s)
[2017.11.11-12.45.12:552][173]LogInit: XAudio2 using 'Speaker/Headphone (Realtek High Definition Audio)' : 2 channels at 48 kHz using 32 bits per sample (channel mask 0x3)
[2017.11.11-12.45.12:572][173]LogInit: FAudioDevice initialized.
[2017.11.11-12.45.12:624][173]LogLoad: Game class is 'SideScrollerGameMode_C'
[2017.11.11-12.45.12:629][173]LogWorld: Bringing World /Game/SideScrollerBP/Maps/UEDPIE_0_InfiniteJumper.InfiniteJumper up for play (max tick rate 0) at 2017.11.11-08.45.12
[2017.11.11-12.45.12:631][173]LogWorld: Bringing up level for play took: 0.006011
[2017.11.11-12.45.12:692][173]PIE: Play in editor start time for /Game/SideScrollerBP/Maps/UEDPIE_0_InfiniteJumper -0.167
[2017.11.11-12.45.12:693][173]LogBlueprintUserMessages: Late PlayInEditor Detection: Level '/Game/SideScrollerBP/Maps/InfiniteJumper.InfiniteJumper:PersistentLevel' has LevelScriptBlueprint '/Game/SideScrollerBP/Maps/InfiniteJumper.InfiniteJumper:PersistentLevel.InfiniteJumper' with GeneratedClass '/Game/SideScrollerBP/Maps/InfiniteJumper.InfiniteJumper_C' with ClassGeneratedBy '/Game/SideScrollerBP/Maps/InfiniteJumper.InfiniteJumper:PersistentLevel.InfiniteJumper'
[2017.11.11-12.45.12:806][173]LogRenderer: Reallocating scene render targets to support 1292x756 Format 10 NumSamples 1 (Frame:1).
[2017.11.11-12.45.25:842][431]LogBlueprintUserMessages: Early EndPlayMap Detection: Level '/Game/SideScrollerBP/Maps/InfiniteJumper.InfiniteJumper:PersistentLevel' has LevelScriptBlueprint '/Game/SideScrollerBP/Maps/InfiniteJumper.InfiniteJumper:PersistentLevel.InfiniteJumper' with GeneratedClass '/Game/SideScrollerBP/Maps/InfiniteJumper.InfiniteJumper_C' with ClassGeneratedBy '/Game/SideScrollerBP/Maps/InfiniteJumper.InfiniteJumper:PersistentLevel.InfiniteJumper'
[2017.11.11-12.45.25:941][431]LogBlueprintUserMessages: Late EndPlayMap Detection: Level '/Game/SideScrollerBP/Maps/InfiniteJumper.InfiniteJumper:PersistentLevel' has LevelScriptBlueprint '/Game/SideScrollerBP/Maps/InfiniteJumper.InfiniteJumper:PersistentLevel.InfiniteJumper' with GeneratedClass '/Game/SideScrollerBP/Maps/InfiniteJumper.InfiniteJumper_C' with ClassGeneratedBy '/Game/SideScrollerBP/Maps/InfiniteJumper.InfiniteJumper:PersistentLevel.InfiniteJumper'
[2017.11.11-12.45.27:378][506]LogTemp: Repeating last play command: Selected Viewport
[2017.11.11-12.45.27:421][506]LogBlueprintUserMessages: Early PlayInEditor Detection: Level '/Game/SideScrollerBP/Maps/InfiniteJumper.InfiniteJumper:PersistentLevel' has LevelScriptBlueprint '/Game/SideScrollerBP/Maps/InfiniteJumper.InfiniteJumper:PersistentLevel.InfiniteJumper' with GeneratedClass '/Game/SideScrollerBP/Maps/InfiniteJumper.InfiniteJumper_C' with ClassGeneratedBy '/Game/SideScrollerBP/Maps/InfiniteJumper.InfiniteJumper:PersistentLevel.InfiniteJumper'
[2017.11.11-12.45.27:422][506]LogPlayLevel: PlayLevel: No blueprints needed recompiling
[2017.11.11-12.45.27:422][506]PIE: New page: PIE session: InfiniteJumper (Nov 11, 2017, 4:45:27 AM)
[2017.11.11-12.45.27:422][506]LogPlayLevel: Creating play world package: /Game/SideScrollerBP/Maps/UEDPIE_0_InfiniteJumper
[2017.11.11-12.45.27:455][506]LogPlayLevel: PIE: StaticDuplicateObject took: (0.032700s)
[2017.11.11-12.45.27:459][506]LogAIModule: Creating AISystem for world InfiniteJumper
[2017.11.11-12.45.27:459][506]LogPlayLevel: PIE: World Init took: (0.004436s)
[2017.11.11-12.45.27:460][506]LogPlayLevel: PIE: Created PIE world by copying editor world from /Game/SideScrollerBP/Maps/InfiniteJumper.InfiniteJumper to /Game/SideScrollerBP/Maps/UEDPIE_0_InfiniteJumper.InfiniteJumper (0.038092s)
[2017.11.11-12.45.27:498][506]LogInit: XAudio2 using 'Speaker/Headphone (Realtek High Definition Audio)' : 2 channels at 48 kHz using 32 bits per sample (channel mask 0x3)
[2017.11.11-12.45.27:516][506]LogInit: FAudioDevice initialized.
[2017.11.11-12.45.27:585][506]LogLoad: Game class is 'SideScrollerGameMode_C'
[2017.11.11-12.45.27:591][506]LogWorld: Bringing World /Game/SideScrollerBP/Maps/UEDPIE_0_InfiniteJumper.InfiniteJumper up for play (max tick rate 0) at 2017.11.11-08.45.27
[2017.11.11-12.45.27:594][506]LogWorld: Bringing up level for play took: 0.006807
[2017.11.11-12.45.27:657][506]PIE: Play in editor start time for /Game/SideScrollerBP/Maps/UEDPIE_0_InfiniteJumper 0.798
[2017.11.11-12.45.27:659][506]LogBlueprintUserMessages: Late PlayInEditor Detection: Level '/Game/SideScrollerBP/Maps/InfiniteJumper.InfiniteJumper:PersistentLevel' has LevelScriptBlueprint '/Game/SideScrollerBP/Maps/InfiniteJumper.InfiniteJumper:PersistentLevel.InfiniteJumper' with GeneratedClass '/Game/SideScrollerBP/Maps/InfiniteJumper.InfiniteJumper_C' with ClassGeneratedBy '/Game/SideScrollerBP/Maps/InfiniteJumper.InfiniteJumper:PersistentLevel.InfiniteJumper'
[2017.11.11-12.45.29:307][538]LogBlueprintUserMessages: Early EndPlayMap Detection: Level '/Game/SideScrollerBP/Maps/InfiniteJumper.InfiniteJumper:PersistentLevel' has LevelScriptBlueprint '/Game/SideScrollerBP/Maps/InfiniteJumper.InfiniteJumper:PersistentLevel.InfiniteJumper' with GeneratedClass '/Game/SideScrollerBP/Maps/InfiniteJumper.InfiniteJumper_C' with ClassGeneratedBy '/Game/SideScrollerBP/Maps/InfiniteJumper.InfiniteJumper:PersistentLevel.InfiniteJumper'
[2017.11.11-12.45.29:402][538]LogBlueprintUserMessages: Late EndPlayMap Detection: Level '/Game/SideScrollerBP/Maps/InfiniteJumper.InfiniteJumper:PersistentLevel' has LevelScriptBlueprint '/Game/SideScrollerBP/Maps/InfiniteJumper.InfiniteJumper:PersistentLevel.InfiniteJumper' with GeneratedClass '/Game/SideScrollerBP/Maps/InfiniteJumper.InfiniteJumper_C' with ClassGeneratedBy '/Game/SideScrollerBP/Maps/InfiniteJumper.InfiniteJumper:PersistentLevel.InfiniteJumper'
[2017.11.11-12.45.31:481][633]LogTemp: Repeating last play command: Selected Viewport
[2017.11.11-12.45.31:539][633]LogBlueprintUserMessages: Early PlayInEditor Detection: Level '/Game/SideScrollerBP/Maps/InfiniteJumper.InfiniteJumper:PersistentLevel' has LevelScriptBlueprint '/Game/SideScrollerBP/Maps/InfiniteJumper.InfiniteJumper:PersistentLevel.InfiniteJumper' with GeneratedClass '/Game/SideScrollerBP/Maps/InfiniteJumper.InfiniteJumper_C' with ClassGeneratedBy '/Game/SideScrollerBP/Maps/InfiniteJumper.InfiniteJumper:PersistentLevel.InfiniteJumper'
[2017.11.11-12.45.31:539][633]LogPlayLevel: PlayLevel: No blueprints needed recompiling
[2017.11.11-12.45.31:539][633]PIE: New page: PIE session: InfiniteJumper (Nov 11, 2017, 4:45:31 AM)
[2017.11.11-12.45.31:540][633]LogPlayLevel: Creating play world package: /Game/SideScrollerBP/Maps/UEDPIE_0_InfiniteJumper
[2017.11.11-12.45.31:585][633]LogPlayLevel: PIE: StaticDuplicateObject took: (0.045006s)
[2017.11.11-12.45.31:588][633]LogAIModule: Creating AISystem for world InfiniteJumper
[2017.11.11-12.45.31:589][633]LogPlayLevel: PIE: World Init took: (0.003664s)
[2017.11.11-12.45.31:589][633]LogPlayLevel: PIE: Created PIE world by copying editor world from /Game/SideScrollerBP/Maps/InfiniteJumper.InfiniteJumper to /Game/SideScrollerBP/Maps/UEDPIE_0_InfiniteJumper.InfiniteJumper (0.049518s)
[2017.11.11-12.45.31:636][633]LogInit: XAudio2 using 'Speaker/Headphone (Realtek High Definition Audio)' : 2 channels at 48 kHz using 32 bits per sample (channel mask 0x3)
[2017.11.11-12.45.31:657][633]LogInit: FAudioDevice initialized.
[2017.11.11-12.45.31:695][633]LogLoad: Game class is 'SideScrollerGameMode_C'
[2017.11.11-12.45.31:699][633]LogWorld: Bringing World /Game/SideScrollerBP/Maps/UEDPIE_0_InfiniteJumper.InfiniteJumper up for play (max tick rate 0) at 2017.11.11-08.45.31
[2017.11.11-12.45.31:701][633]LogWorld: Bringing up level for play took: 0.004832
[2017.11.11-12.45.31:751][633]PIE: Play in editor start time for /Game/SideScrollerBP/Maps/UEDPIE_0_InfiniteJumper 0.892
[2017.11.11-12.45.31:752][633]LogBlueprintUserMessages: Late PlayInEditor Detection: Level '/Game/SideScrollerBP/Maps/InfiniteJumper.InfiniteJumper:PersistentLevel' has LevelScriptBlueprint '/Game/SideScrollerBP/Maps/InfiniteJumper.InfiniteJumper:PersistentLevel.InfiniteJumper' with GeneratedClass '/Game/SideScrollerBP/Maps/InfiniteJumper.InfiniteJumper_C' with ClassGeneratedBy '/Game/SideScrollerBP/Maps/InfiniteJumper.InfiniteJumper:PersistentLevel.InfiniteJumper'
[2017.11.11-12.46.30:123][408]LogBlueprintUserMessages: Early EndPlayMap Detection: Level '/Game/SideScrollerBP/Maps/InfiniteJumper.InfiniteJumper:PersistentLevel' has LevelScriptBlueprint '/Game/SideScrollerBP/Maps/InfiniteJumper.InfiniteJumper:PersistentLevel.InfiniteJumper' with GeneratedClass '/Game/SideScrollerBP/Maps/InfiniteJumper.InfiniteJumper_C' with ClassGeneratedBy '/Game/SideScrollerBP/Maps/InfiniteJumper.InfiniteJumper:PersistentLevel.InfiniteJumper'
[2017.11.11-12.46.30:175][408]LogBlueprintUserMessages: Late EndPlayMap Detection: Level '/Game/SideScrollerBP/Maps/InfiniteJumper.InfiniteJumper:PersistentLevel' has LevelScriptBlueprint '/Game/SideScrollerBP/Maps/InfiniteJumper.InfiniteJumper:PersistentLevel.InfiniteJumper' with GeneratedClass '/Game/SideScrollerBP/Maps/InfiniteJumper.InfiniteJumper_C' with ClassGeneratedBy '/Game/SideScrollerBP/Maps/InfiniteJumper.InfiniteJumper:PersistentLevel.InfiniteJumper'
[2017.11.11-12.47.25:872][535]LogActorComponent: UnregisterComponent: (/Engine/Transient.EditorFloorComp) Not registered. Aborting.
[2017.11.11-12.47.27:945][644]LogActorComponent: UnregisterComponent: (/Engine/Transient.EditorFloorComp) Not registered. Aborting.
[2017.11.11-12.47.32:023][688]LogSavePackage: Save=551.15ms
[2017.11.11-12.47.32:023][688]LogSavePackage: Moving 'G:/Unreal Projects/Capstone/InfiniteJumper4.17 - Master File/Saved/InfiniteJumperFAB5DA4B47CF51584A56F1A63102894B.tmp' to 'G:/Unreal Projects/Capstone/InfiniteJumper4.17 - Master File/Content/SideScrollerBP/Maps/InfiniteJumper.umap'
[2017.11.11-12.47.32:035][688]LogSavePackage: Display: Finished SavePackage G:/Unreal Projects/Capstone/InfiniteJumper4.17 - Master File/Content/SideScrollerBP/Maps/InfiniteJumper.umap
[2017.11.11-12.47.32:186][688]LogFileHelpers: Saving map 'InfiniteJumper' took 1.066
[2017.11.11-12.47.37:044][726]LogWindowsTextInputMethodSystem: Display: IME system now deactivated.
[2017.11.11-12.51.44:275][738]LogD3D11RHI: Timed out while waiting for GPU to catch up. (500 ms)
[2017.11.11-12.51.47:382][746]LogWindowsTextInputMethodSystem: Display: IME system now deactivated.
[2017.11.11-13.02.51:681][980]LogTemp: Repeating last play command: Selected Viewport
[2017.11.11-13.02.52:008][980]LogBlueprintUserMessages: Early PlayInEditor Detection: Level '/Game/SideScrollerBP/Maps/InfiniteJumper.InfiniteJumper:PersistentLevel' has LevelScriptBlueprint '/Game/SideScrollerBP/Maps/InfiniteJumper.InfiniteJumper:PersistentLevel.InfiniteJumper' with GeneratedClass '/Game/SideScrollerBP/Maps/InfiniteJumper.InfiniteJumper_C' with ClassGeneratedBy '/Game/SideScrollerBP/Maps/InfiniteJumper.InfiniteJumper:PersistentLevel.InfiniteJumper'
[2017.11.11-13.02.52:008][980]LogPlayLevel: PlayLevel: No blueprints needed recompiling
[2017.11.11-13.02.52:008][980]PIE: New page: PIE session: InfiniteJumper (Nov 11, 2017, 5:02:52 AM)
[2017.11.11-13.02.52:008][980]LogPlayLevel: Creating play world package: /Game/SideScrollerBP/Maps/UEDPIE_0_InfiniteJumper
[2017.11.11-13.02.52:045][980]LogPlayLevel: PIE: StaticDuplicateObject took: (0.036226s)
[2017.11.11-13.02.52:047][980]LogAIModule: Creating AISystem for world InfiniteJumper
[2017.11.11-13.02.52:048][980]LogPlayLevel: PIE: World Init took: (0.003183s)
[2017.11.11-13.02.52:049][980]LogPlayLevel: PIE: Created PIE world by copying editor world from /Game/SideScrollerBP/Maps/InfiniteJumper.InfiniteJumper to /Game/SideScrollerBP/Maps/UEDPIE_0_InfiniteJumper.InfiniteJumper (0.040384s)
[2017.11.11-13.02.52:099][980]LogInit: XAudio2 using '1 - LG TV (AMD High Definition Audio Device)' : 2 channels at 48 kHz using 16 bits per sample (channel mask 0x3)
[2017.11.11-13.02.52:125][980]LogInit: FAudioDevice initialized.
[2017.11.11-13.02.52:225][980]LogLoad: Game class is 'SideScrollerGameMode_C'
[2017.11.11-13.02.52:229][980]LogWorld: Bringing World /Game/SideScrollerBP/Maps/UEDPIE_0_InfiniteJumper.InfiniteJumper up for play (max tick rate 60) at 2017.11.11-09.02.52
[2017.11.11-13.02.52:231][980]LogWorld: Bringing up level for play took: 0.004839
[2017.11.11-13.02.52:278][980]PIE: Play in editor start time for /Game/SideScrollerBP/Maps/UEDPIE_0_InfiniteJumper -0.561
[2017.11.11-13.02.52:279][980]LogBlueprintUserMessages: Late PlayInEditor Detection: Level '/Game/SideScrollerBP/Maps/InfiniteJumper.InfiniteJumper:PersistentLevel' has LevelScriptBlueprint '/Game/SideScrollerBP/Maps/InfiniteJumper.InfiniteJumper:PersistentLevel.InfiniteJumper' with GeneratedClass '/Game/SideScrollerBP/Maps/InfiniteJumper.InfiniteJumper_C' with ClassGeneratedBy '/Game/SideScrollerBP/Maps/InfiniteJumper.InfiniteJumper:PersistentLevel.InfiniteJumper'
[2017.11.11-13.02.55:660][ 78]Cmd: LevelEditor.ToggleImmersive
[2017.11.11-13.02.55:904][ 79]LogRenderer: Reallocating scene render targets to support 1348x756 Format 10 NumSamples 1 (Frame:100).
[2017.11.11-13.02.56:115][ 80]LogRenderer: Reallocating scene render targets to support 1368x756 Format 10 NumSamples 1 (Frame:102).
[2017.11.11-13.03.57:831][634]LogNet: Browse: /Game/SideScrollerBP/Maps/InfiniteJumper
[2017.11.11-13.03.57:865][634]LogLoad: LoadMap: /Game/SideScrollerBP/Maps/InfiniteJumper
[2017.11.11-13.03.57:943][634]Cmd: MEM
[2017.11.11-13.03.57:980][634]LogMemory: Platform Memory Stats for Windows
[2017.11.11-13.03.57:980][634]LogMemory: Process Physical Memory: 2113.27 MB used, 2531.02 MB peak
[2017.11.11-13.03.57:980][634]LogMemory: Process Virtual Memory: 2606.30 MB used, 2945.16 MB peak
[2017.11.11-13.03.57:980][634]LogMemory: Physical Memory: 5377.10 MB used,  6366.02 MB free, 11743.12 MB total
[2017.11.11-13.03.57:980][634]LogMemory: Virtual Memory: 3605.94 MB used,  6366.02 MB free, 134217728.00 MB total
[2017.11.11-13.03.57:980][634]LogMemory: 
[2017.11.11-13.03.57:980][634]Allocator Stats for TBB: (not implemented)
[2017.11.11-13.03.57:980][634]LogPlayLevel: Creating play world package: /Game/SideScrollerBP/Maps/UEDPIE_0_InfiniteJumper
[2017.11.11-13.03.58:016][634]LogPlayLevel: PIE: StaticDuplicateObject took: (0.035972s)
[2017.11.11-13.03.58:018][634]LogAIModule: Creating AISystem for world InfiniteJumper
[2017.11.11-13.03.58:019][634]LogPlayLevel: PIE: World Init took: (0.002366s)
[2017.11.11-13.03.58:020][634]LogPlayLevel: PIE: Created PIE world by copying editor world from /Game/SideScrollerBP/Maps/InfiniteJumper.InfiniteJumper to /Game/SideScrollerBP/Maps/UEDPIE_0_InfiniteJumper.InfiniteJumper (0.039540s)
[2017.11.11-13.03.58:020][634]LogLoad: Game class is 'SideScrollerGameMode_C'
[2017.11.11-13.03.58:025][634]LogWorld: Bringing World /Game/SideScrollerBP/Maps/UEDPIE_0_InfiniteJumper.InfiniteJumper up for play (max tick rate 60) at 2017.11.11-09.03.58
[2017.11.11-13.03.58:027][634]LogWorld: Bringing up level for play took: 0.005260
[2017.11.11-13.03.58:086][634]LogLoad: Took 0.220327 seconds to LoadMap(/Game/SideScrollerBP/Maps/UEDPIE_0_InfiniteJumper)
[2017.11.11-13.04.07:163][857]LogNet: Browse: /Game/SideScrollerBP/Maps/InfiniteJumper
[2017.11.11-13.04.07:197][857]LogLoad: LoadMap: /Game/SideScrollerBP/Maps/InfiniteJumper
[2017.11.11-13.04.07:279][857]Cmd: MEM
[2017.11.11-13.04.07:316][857]LogMemory: Platform Memory Stats for Windows
[2017.11.11-13.04.07:316][857]LogMemory: Process Physical Memory: 2115.02 MB used, 2531.02 MB peak
[2017.11.11-13.04.07:316][857]LogMemory: Process Virtual Memory: 2590.88 MB used, 2945.16 MB peak
[2017.11.11-13.04.07:316][857]LogMemory: Physical Memory: 5395.34 MB used,  6347.78 MB free, 11743.12 MB total
[2017.11.11-13.04.07:316][857]LogMemory: Virtual Memory: 3545.91 MB used,  6347.78 MB free, 134217728.00 MB total
[2017.11.11-13.04.07:316][857]LogMemory: 
[2017.11.11-13.04.07:316][857]Allocator Stats for TBB: (not implemented)
[2017.11.11-13.04.07:316][857]LogPlayLevel: Creating play world package: /Game/SideScrollerBP/Maps/UEDPIE_0_InfiniteJumper
[2017.11.11-13.04.07:350][857]LogPlayLevel: PIE: StaticDuplicateObject took: (0.033529s)
[2017.11.11-13.04.07:352][857]LogAIModule: Creating AISystem for world InfiniteJumper
[2017.11.11-13.04.07:353][857]LogPlayLevel: PIE: World Init took: (0.002085s)
[2017.11.11-13.04.07:353][857]LogPlayLevel: PIE: Created PIE world by copying editor world from /Game/SideScrollerBP/Maps/InfiniteJumper.InfiniteJumper to /Game/SideScrollerBP/Maps/UEDPIE_0_InfiniteJumper.InfiniteJumper (0.036289s)
[2017.11.11-13.04.07:353][857]LogLoad: Game class is 'SideScrollerGameMode_C'
[2017.11.11-13.04.07:358][857]LogWorld: Bringing World /Game/SideScrollerBP/Maps/UEDPIE_0_InfiniteJumper.InfiniteJumper up for play (max tick rate 60) at 2017.11.11-09.04.07
[2017.11.11-13.04.07:360][857]LogWorld: Bringing up level for play took: 0.005448
[2017.11.11-13.04.07:412][857]LogLoad: Took 0.215145 seconds to LoadMap(/Game/SideScrollerBP/Maps/UEDPIE_0_InfiniteJumper)
[2017.11.11-13.06.44:109][906]LogBlueprintUserMessages: Early EndPlayMap Detection: Level '/Game/SideScrollerBP/Maps/InfiniteJumper.InfiniteJumper:PersistentLevel' has LevelScriptBlueprint '/Game/SideScrollerBP/Maps/InfiniteJumper.InfiniteJumper:PersistentLevel.InfiniteJumper' with GeneratedClass '/Game/SideScrollerBP/Maps/InfiniteJumper.InfiniteJumper_C' with ClassGeneratedBy '/Game/SideScrollerBP/Maps/InfiniteJumper.InfiniteJumper:PersistentLevel.InfiniteJumper'
[2017.11.11-13.06.44:235][906]LogBlueprintUserMessages: Late EndPlayMap Detection: Level '/Game/SideScrollerBP/Maps/InfiniteJumper.InfiniteJumper:PersistentLevel' has LevelScriptBlueprint '/Game/SideScrollerBP/Maps/InfiniteJumper.InfiniteJumper:PersistentLevel.InfiniteJumper' with GeneratedClass '/Game/SideScrollerBP/Maps/InfiniteJumper.InfiniteJumper_C' with ClassGeneratedBy '/Game/SideScrollerBP/Maps/InfiniteJumper.InfiniteJumper:PersistentLevel.InfiniteJumper'
[2017.11.11-13.06.49:085][ 33]Cmd: SELECT NONE
[2017.11.11-13.10.49:809][ 91]LogAudio: Warning: Current Audio Device with ID {0.0.0.00000000}.{b4aca190-f16c-44f4-88bc-8f366467da6b} was removed. Shutting down audio device.
[2017.11.11-13.11.18:819][935]Cmd: QUIT_EDITOR
[2017.11.11-13.11.19:382][935]LogWindowsTextInputMethodSystem: Display: IME system now deactivated.
[2017.11.11-13.11.19:382][935]LogWindowsTextInputMethodSystem: Display: IME system now deactivated.
[2017.11.11-13.11.19:402][935]LogExit: Preparing to exit.
[2017.11.11-13.11.20:398][935]LogExit: Editor shut down
[2017.11.11-13.11.20:419][935]LogExit: Transaction tracking system shut down
[2017.11.11-13.11.20:674][935]LogDirectoryWatcher: A directory notification for '../../../Engine/Content/' was aborted.
[2017.11.11-13.11.20:674][935]LogDirectoryWatcher: A directory notification for 'G:/Unreal Projects/Capstone/InfiniteJumper4.17 - Master File/Content/' was aborted.
[2017.11.11-13.11.20:674][935]LogDirectoryWatcher: A directory notification for '../../../Engine/Plugins/2D/Paper2D/Content/' was aborted.
[2017.11.11-13.11.20:674][935]LogDirectoryWatcher: A directory notification for '../../../Engine/Plugins/Runtime/Oculus/OculusVR/Content/' was aborted.
[2017.11.11-13.11.20:674][935]LogDirectoryWatcher: A directory notification for '../../../Engine/Plugins/Runtime/Steam/SteamVR/Content/' was aborted.
[2017.11.11-13.11.20:858][935]LogExit: Object subsystem successfully closed.
[2017.11.11-13.11.20:892][935]LogD3D11RHI: Shutdown
[2017.11.11-13.11.20:892][935]LogD3D11RHI: CleanupD3DDevice
[2017.11.11-13.11.21:546][935]LogD3D11RHI: ~FD3D11DynamicRHI
[2017.11.11-13.11.21:582][935]LogModuleManager: Shutting down and abandoning module BlueprintGraph (536)
[2017.11.11-13.11.21:582][935]LogModuleManager: Shutting down and abandoning module BlueprintProfiler (534)
[2017.11.11-13.11.21:582][935]LogModuleManager: Shutting down and abandoning module MovieSceneCapture (532)
[2017.11.11-13.11.21:582][935]LogModuleManager: Shutting down and abandoning module HierarchicalLODOutliner (530)
[2017.11.11-13.11.21:582][935]LogModuleManager: Shutting down and abandoning module SceneOutliner (528)
[2017.11.11-13.11.21:582][935]LogModuleManager: Shutting down and abandoning module AddContentDialog (526)
[2017.11.11-13.11.21:582][935]LogDirectoryWatcher: A directory notification for 'C:/Program Files/Epic Games/UE_4.17/FeaturePacks/' was aborted.
[2017.11.11-13.11.21:585][935]LogModuleManager: Shutting down and abandoning module WidgetCarousel (525)
[2017.11.11-13.11.21:585][935]LogModuleManager: Shutting down and abandoning module EditorWidgets (522)
[2017.11.11-13.11.21:585][935]LogModuleManager: Shutting down and abandoning module CollectionManager (520)
[2017.11.11-13.11.21:585][935]LogDirectoryWatcher: A directory notification for 'G:/Unreal Projects/Capstone/InfiniteJumper4.17 - Master File/Content/Collections/' was aborted.
[2017.11.11-13.11.21:585][935]LogDirectoryWatcher: A directory notification for 'G:/Unreal Projects/Capstone/InfiniteJumper4.17 - Master File/Content/Developers/kreye/Collections/' was aborted.
[2017.11.11-13.11.21:585][935]LogDirectoryWatcher: A directory notification for 'G:/Unreal Projects/Capstone/InfiniteJumper4.17 - Master File/Saved/Collections/' was aborted.
[2017.11.11-13.11.21:585][935]LogModuleManager: Shutting down and abandoning module StatsViewer (518)
[2017.11.11-13.11.21:585][935]LogModuleManager: Shutting down and abandoning module FoliageEdit (516)
[2017.11.11-13.11.21:585][935]LogModuleManager: Shutting down and abandoning module LandscapeEditor (514)
[2017.11.11-13.11.21:585][935]LogModuleManager: Shutting down and abandoning module MeshPaintMode (512)
[2017.11.11-13.11.21:585][935]LogModuleManager: Shutting down and abandoning module SceneDepthPickerMode (510)
[2017.11.11-13.11.21:585][935]LogModuleManager: Shutting down and abandoning module ActorPickerMode (508)
[2017.11.11-13.11.21:585][935]LogModuleManager: Shutting down and abandoning module GeometryMode (506)
[2017.11.11-13.11.21:585][935]LogModuleManager: Shutting down and abandoning module TextureAlignMode (504)
[2017.11.11-13.11.21:585][935]LogModuleManager: Shutting down and abandoning module BspMode (502)
[2017.11.11-13.11.21:585][935]LogModuleManager: Shutting down and abandoning module PIEPreviewDeviceProfileSelector (500)
[2017.11.11-13.11.21:585][935]LogModuleManager: Shutting down and abandoning module HardwareSurvey (498)
[2017.11.11-13.11.21:585][935]LogModuleManager: Shutting down and abandoning module SequenceRecorderSections (496)
[2017.11.11-13.11.21:585][935]LogModuleManager: Shutting down and abandoning module AutomationWorker (494)
[2017.11.11-13.11.21:585][935]LogModuleManager: Shutting down and abandoning module MatineeToLevelSequence (492)
[2017.11.11-13.11.21:585][935]LogModuleManager: Shutting down and abandoning module LevelSequenceEditor (490)
[2017.11.11-13.11.21:587][935]LogModuleManager: Shutting down and abandoning module PlacementMode (489)
[2017.11.11-13.11.21:587][935]LogModuleManager: Shutting down and abandoning module WmfMediaFactory (486)
[2017.11.11-13.11.21:587][935]LogModuleManager: Shutting down and abandoning module WmfMediaEditor (484)
[2017.11.11-13.11.21:587][935]LogModuleManager: Shutting down and abandoning module AvfMediaFactory (482)
[2017.11.11-13.11.21:587][935]LogModuleManager: Shutting down and abandoning module AvfMediaEditor (480)
[2017.11.11-13.11.21:587][935]LogModuleManager: Shutting down and abandoning module AndroidMediaFactory (478)
[2017.11.11-13.11.21:587][935]LogModuleManager: Shutting down and abandoning module Media (477)
[2017.11.11-13.11.21:587][935]LogModuleManager: Shutting down and abandoning module AndroidMediaEditor (474)
[2017.11.11-13.11.21:587][935]LogModuleManager: Shutting down and abandoning module CharacterAI (472)
[2017.11.11-13.11.21:587][935]LogModuleManager: Shutting down and abandoning module AudioCapture (470)
[2017.11.11-13.11.21:587][935]LogModuleManager: Shutting down and abandoning module SequenceRecorder (469)
[2017.11.11-13.11.21:587][935]LogModuleManager: Shutting down and abandoning module SmartSnapping (466)
[2017.11.11-13.11.21:587][935]LogModuleManager: Shutting down and abandoning module SessionServices (464)
[2017.11.11-13.11.21:587][935]LogModuleManager: Shutting down and abandoning module ViewportSnapping (462)
[2017.11.11-13.11.21:587][935]LogModuleManager: Shutting down and abandoning module ViewportInteraction (460)
[2017.11.11-13.11.21:587][935]LogModuleManager: Shutting down and abandoning module ClothPainter (458)
[2017.11.11-13.11.21:587][935]LogModuleManager: Shutting down and abandoning module LogVisualizer (456)
[2017.11.11-13.11.21:587][935]LogModuleManager: Shutting down and abandoning module IntroTutorials (454)
[2017.11.11-13.11.21:587][935]LogModuleManager: Shutting down and abandoning module GameProjectGeneration (453)
[2017.11.11-13.11.21:587][935]LogModuleManager: Shutting down and abandoning module IOSPlatformEditor (450)
[2017.11.11-13.11.21:587][935]LogModuleManager: Shutting down and abandoning module HTML5PlatformEditor (448)
[2017.11.11-13.11.21:588][935]LogModuleManager: Shutting down and abandoning module AndroidPlatformEditor (446)
[2017.11.11-13.11.21:588][935]LogModuleManager: Shutting down and abandoning module AndroidDeviceDetection (445)
[2017.11.11-13.11.22:571][935]LogModuleManager: Shutting down and abandoning module WindowsPlatformEditor (442)
[2017.11.11-13.11.22:572][935]LogModuleManager: Shutting down and abandoning module IOSRuntimeSettings (440)
[2017.11.11-13.11.22:572][935]LogModuleManager: Shutting down and abandoning module AndroidRuntimeSettings (438)
[2017.11.11-13.11.22:572][935]LogModuleManager: Shutting down and abandoning module InputBindingEditor (436)
[2017.11.11-13.11.22:572][935]LogModuleManager: Shutting down and abandoning module MergeActors (434)
[2017.11.11-13.11.22:572][935]LogModuleManager: Shutting down and abandoning module SizeMap (432)
[2017.11.11-13.11.22:572][935]LogModuleManager: Shutting down and abandoning module TreeMap (430)
[2017.11.11-13.11.22:572][935]LogModuleManager: Shutting down and abandoning module ReferenceViewer (428)
[2017.11.11-13.11.22:572][935]LogModuleManager: Shutting down and abandoning module LocalizationDashboard (426)
[2017.11.11-13.11.22:572][935]LogModuleManager: Shutting down and abandoning module LocalizationService (425)
[2017.11.11-13.11.22:572][935]LogModuleManager: Shutting down and abandoning module HardwareTargeting (422)
[2017.11.11-13.11.22:572][935]LogModuleManager: Shutting down and abandoning module DeviceProfileEditor (420)
[2017.11.11-13.11.22:573][935]LogModuleManager: Shutting down and abandoning module UndoHistory (418)
[2017.11.11-13.11.22:573][935]LogModuleManager: Shutting down and abandoning module XmlParser (416)
[2017.11.11-13.11.22:573][935]LogModuleManager: Shutting down and abandoning module Blutility (414)
[2017.11.11-13.11.22:573][935]LogModuleManager: Shutting down and abandoning module ProjectSettingsViewer (412)
[2017.11.11-13.11.22:573][935]LogModuleManager: Shutting down and abandoning module ProjectTargetPlatformEditor (411)
[2017.11.11-13.11.22:573][935]LogModuleManager: Shutting down and abandoning module EditorSettingsViewer (408)
[2017.11.11-13.11.22:573][935]LogModuleManager: Shutting down and abandoning module SettingsEditor (406)
[2017.11.11-13.11.22:573][935]LogModuleManager: Shutting down and abandoning module ProjectLauncher (404)
[2017.11.11-13.11.22:574][935]LogModuleManager: Shutting down and abandoning module SessionFrontend (402)
[2017.11.11-13.11.22:574][935]LogModuleManager: Shutting down and abandoning module ProfilerClient (400)
[2017.11.11-13.11.22:574][935]LogModuleManager: Shutting down and abandoning module DeviceManager (398)
[2017.11.11-13.11.22:574][935]LogModuleManager: Shutting down and abandoning module TargetDeviceServices (397)
[2017.11.11-13.11.22:629][935]LogModuleManager: Shutting down and abandoning module AutomationController (394)
[2017.11.11-13.11.22:629][935]LogModuleManager: Shutting down and abandoning module AutomationWindow (392)
[2017.11.11-13.11.22:629][935]LogModuleManager: Shutting down and abandoning module Layers (390)
[2017.11.11-13.11.22:629][935]LogModuleManager: Shutting down and abandoning module ComponentVisualizers (388)
[2017.11.11-13.11.22:629][935]LogModuleManager: Shutting down and abandoning module DetailCustomizations (386)
[2017.11.11-13.11.22:629][935]LogModuleManager: Shutting down and abandoning module PackagesDialog (384)
[2017.11.11-13.11.22:630][935]LogModuleManager: Shutting down and abandoning module Persona (382)
[2017.11.11-13.11.22:631][935]LogModuleManager: Shutting down and abandoning module AdvancedPreviewScene (381)
[2017.11.11-13.11.22:631][935]LogModuleManager: Shutting down and abandoning module AnimGraph (379)
[2017.11.11-13.11.22:631][935]LogModuleManager: Shutting down and abandoning module Kismet (376)
[2017.11.11-13.11.22:651][935]LogModuleManager: Shutting down and abandoning module ClassViewer (374)
[2017.11.11-13.11.22:651][935]LogModuleManager: Shutting down and abandoning module Toolbox (372)
[2017.11.11-13.11.22:651][935]LogModuleManager: Shutting down and abandoning module ModuleUI (370)
[2017.11.11-13.11.22:651][935]LogModuleManager: Shutting down and abandoning module MovieSceneTools (368)
[2017.11.11-13.11.22:651][935]LogModuleManager: Shutting down and abandoning module OutputLog (366)
[2017.11.11-13.11.22:651][935]LogModuleManager: Shutting down and abandoning module GammaUI (364)
[2017.11.11-13.11.22:651][935]LogModuleManager: Shutting down and abandoning module Documentation (362)
[2017.11.11-13.11.22:652][935]LogModuleManager: Shutting down and abandoning module MovieSceneTracks (360)
[2017.11.11-13.11.22:652][935]LogModuleManager: Shutting down and abandoning module MovieScene (358)
[2017.11.11-13.11.22:652][935]LogModuleManager: Shutting down and abandoning module Niagara (356)
[2017.11.11-13.11.22:652][935]LogModuleManager: Shutting down and abandoning module NiagaraEditor (355)
[2017.11.11-13.11.22:652][935]LogModuleManager: Shutting down and abandoning module StreamingPauseRendering (352)
[2017.11.11-13.11.22:652][935]LogModuleManager: Shutting down and abandoning module LauncherPlatform (350)
[2017.11.11-13.11.22:652][935]LogModuleManager: Shutting down and abandoning module AnalyticsET (348)
[2017.11.11-13.11.22:652][935]LogModuleManager: Shutting down and abandoning module PortalServices (346)
[2017.11.11-13.11.22:652][935]LogModuleManager: Shutting down and abandoning module PortalRpc (344)
[2017.11.11-13.11.22:652][935]LogModuleManager: Shutting down and abandoning module MessagingRpc (342)
[2017.11.11-13.11.22:652][935]LogModuleManager: Shutting down and abandoning module AIModule (340)
[2017.11.11-13.11.22:652][935]LogModuleManager: Shutting down and abandoning module GameplayDebugger (339)
[2017.11.11-13.11.22:652][935]LogModuleManager: Shutting down and abandoning module AITestSuite (337)
[2017.11.11-13.11.22:652][935]LogModuleManager: Shutting down and abandoning module ProfilerService (334)
[2017.11.11-13.11.22:798][935]LogModuleManager: Shutting down and abandoning module TaskGraph (332)
[2017.11.11-13.11.22:798][935]LogModuleManager: Shutting down and abandoning module SteamVRController (330)
[2017.11.11-13.11.22:798][935]LogModuleManager: Shutting down and abandoning module ProceduralMeshComponentEditor (328)
[2017.11.11-13.11.22:798][935]LogModuleManager: Shutting down and abandoning module ProceduralMeshComponent (326)
[2017.11.11-13.11.22:798][935]LogModuleManager: Shutting down and abandoning module OculusInput (324)
[2017.11.11-13.11.22:798][935]LogModuleManager: Shutting down and abandoning module MobilePatchingUtils (322)
[2017.11.11-13.11.22:798][935]LogModuleManager: Shutting down and abandoning module CustomMeshComponent (320)
[2017.11.11-13.11.22:798][935]LogModuleManager: Shutting down and abandoning module CableComponent (318)
[2017.11.11-13.11.22:798][935]LogModuleManager: Shutting down and abandoning module ArchVisCharacter (316)
[2017.11.11-13.11.22:798][935]LogModuleManager: Shutting down and abandoning module AndroidPermission (314)
[2017.11.11-13.11.22:798][935]LogModuleManager: Shutting down and abandoning module MediaPlayerEditor (310)
[2017.11.11-13.11.22:798][935]LogModuleManager: Shutting down and abandoning module HTML5Networking (308)
[2017.11.11-13.11.22:798][935]LogModuleManager: Shutting down and abandoning module AlembicImporter (306)
[2017.11.11-13.11.22:798][935]LogModuleManager: Shutting down and abandoning module AlembicLibrary (305)
[2017.11.11-13.11.22:798][935]LogModuleManager: Shutting down and abandoning module GeometryCache (304)
[2017.11.11-13.11.22:798][935]LogModuleManager: Shutting down and abandoning module GeometryCacheEd (303)
[2017.11.11-13.11.22:798][935]LogModuleManager: Shutting down and abandoning module SpeedTreeImporter (298)
[2017.11.11-13.11.22:798][935]LogModuleManager: Shutting down and abandoning module PluginBrowser (296)
[2017.11.11-13.11.22:798][935]LogModuleManager: Shutting down and abandoning module MobileLauncherProfileWizard (294)
[2017.11.11-13.11.22:798][935]LogModuleManager: Shutting down and abandoning module VisualStudioSourceCodeAccess (292)
[2017.11.11-13.11.22:799][935]LogModuleManager: Shutting down and abandoning module DesktopPlatform (291)
[2017.11.11-13.11.22:799][935]LogModuleManager: Shutting down and abandoning module UObjectPlugin (288)
[2017.11.11-13.11.22:799][935]LogModuleManager: Shutting down and abandoning module SubversionSourceControl (286)
[2017.11.11-13.11.22:799][935]LogModuleManager: Shutting down and abandoning module PerforceSourceControl (284)
[2017.11.11-13.11.22:799][935]LogModuleManager: Shutting down and abandoning module GitSourceControl (282)
[2017.11.11-13.11.22:799][935]LogModuleManager: Shutting down and abandoning module SourceControl (281)
[2017.11.11-13.11.22:799][935]LogModuleManager: Shutting down and abandoning module LightPropagationVolumeEditor (278)
[2017.11.11-13.11.22:799][935]LogModuleManager: Shutting down and abandoning module PaperTiledImporter (276)
[2017.11.11-13.11.22:799][935]LogModuleManager: Shutting down and abandoning module PaperSpriteSheetImporter (274)
[2017.11.11-13.11.22:799][935]LogModuleManager: Shutting down and abandoning module Paper2DEditor (272)
[2017.11.11-13.11.22:799][935]LogModuleManager: Shutting down and abandoning module MeshPaint (271)
[2017.11.11-13.11.22:799][935]LogModuleManager: Shutting down and abandoning module LevelEditor (269)
[2017.11.11-13.11.22:800][935]LogModuleManager: Shutting down and abandoning module PixelInspectorModule (268)
[2017.11.11-13.11.22:801][935]LogModuleManager: Shutting down and abandoning module MainFrame (266)
[2017.11.11-13.11.22:801][935]LogModuleManager: Shutting down and abandoning module HotReload (265)
[2017.11.11-13.11.22:802][935]LogModuleManager: Shutting down and abandoning module RuntimePhysXCooking (260)
[2017.11.11-13.11.22:802][935]LogModuleManager: Shutting down and abandoning module PhysXVehiclesEditor (258)
[2017.11.11-13.11.22:802][935]LogModuleManager: Shutting down and abandoning module PhysXVehicles (256)
[2017.11.11-13.11.22:802][935]LogModuleManager: Shutting down and abandoning module OculusEditor (254)
[2017.11.11-13.11.22:802][935]LogModuleManager: Shutting down and abandoning module LocationServicesBPLibrary (252)
[2017.11.11-13.11.22:802][935]LogModuleManager: Shutting down and abandoning module ImmediatePhysicsEditor (250)
[2017.11.11-13.11.22:802][935]LogModuleManager: Shutting down and abandoning module ImmediatePhysics (248)
[2017.11.11-13.11.22:802][935]LogModuleManager: Shutting down and abandoning module UdpMessaging (246)
[2017.11.11-13.11.22:903][935]LogModuleManager: Shutting down and abandoning module TcpMessaging (244)
[2017.11.11-13.11.23:005][935]LogModuleManager: Shutting down and abandoning module GameplayTagsEditor (242)
[2017.11.11-13.11.23:005][935]LogModuleManager: Shutting down and abandoning module FacialAnimationEditor (240)
[2017.11.11-13.11.23:005][935]LogModuleManager: Shutting down and abandoning module FacialAnimation (238)
[2017.11.11-13.11.23:005][935]LogModuleManager: Shutting down and abandoning module AssetManagerEditor (236)
[2017.11.11-13.11.23:005][935]LogModuleManager: Shutting down and abandoning module GraphEditor (235)
[2017.11.11-13.11.23:005][935]LogModuleManager: Shutting down and abandoning module ContentBrowser (233)
[2017.11.11-13.11.23:007][935]LogModuleManager: Shutting down and abandoning module LightPropagationVolumeRuntime (230)
[2017.11.11-13.11.23:007][935]LogModuleManager: Shutting down and abandoning module Paper2D (228)
[2017.11.11-13.11.23:007][935]LogModuleManager: Shutting down and abandoning module WindowsMoviePlayer (226)
[2017.11.11-13.11.23:007][935]LogModuleManager: Shutting down and abandoning module WmfMedia (224)
[2017.11.11-13.11.23:007][935]LogModuleManager: Shutting down and abandoning module PacketHandler (222)
[2017.11.11-13.11.23:007][935]LogModuleManager: Shutting down and abandoning module ClothingSystemEditor (220)
[2017.11.11-13.11.23:007][935]LogModuleManager: Shutting down and abandoning module ClothingSystemRuntime (218)
[2017.11.11-13.11.23:007][935]LogModuleManager: Shutting down and abandoning module Overlay (216)
[2017.11.11-13.11.23:008][935]LogModuleManager: Shutting down and abandoning module OverlayEditor (215)
[2017.11.11-13.11.23:008][935]LogModuleManager: Shutting down and abandoning module MediaAssets (212)
[2017.11.11-13.11.23:008][935]LogModuleManager: Shutting down and abandoning module VREditor (210)
[2017.11.11-13.11.23:008][935]LogModuleManager: Shutting down and abandoning module StringTableEditor (208)
[2017.11.11-13.11.23:008][935]LogModuleManager: Shutting down and abandoning module GameplayTasksEditor (206)
[2017.11.11-13.11.23:008][935]LogModuleManager: Shutting down and abandoning module BehaviorTreeEditor (204)
[2017.11.11-13.11.23:008][935]LogModuleManager: Shutting down and abandoning module FunctionalTesting (202)
[2017.11.11-13.11.23:008][935]LogModuleManager: Shutting down and abandoning module CollisionAnalyzer (200)
[2017.11.11-13.11.23:008][935]LogModuleManager: Shutting down and abandoning module WorkspaceMenuStructure (199)
[2017.11.11-13.11.23:008][935]LogModuleManager: Shutting down and abandoning module UMG (196)
[2017.11.11-13.11.23:008][935]LogModuleManager: Shutting down and abandoning module UMGEditor (195)
[2017.11.11-13.11.23:008][935]LogModuleManager: Shutting down and abandoning module Sequencer (194)
[2017.11.11-13.11.23:008][935]LogModuleManager: Shutting down and abandoning module MessageLog (191)
[2017.11.11-13.11.23:008][935]LogModuleManager: Shutting down and abandoning module SlateReflector (186)
[2017.11.11-13.11.23:008][935]LogModuleManager: Shutting down and abandoning module Slate (184)
[2017.11.11-13.11.23:008][935]LogModuleManager: Shutting down and abandoning module EditorStyle (182)
[2017.11.11-13.11.23:015][935]LogModuleManager: Shutting down and abandoning module MRMesh (180)
[2017.11.11-13.11.23:015][935]LogModuleManager: Shutting down and abandoning module SourceCodeAccess (178)
[2017.11.11-13.11.23:015][935]LogModuleManager: Shutting down and abandoning module HeadMountedDisplay (176)
[2017.11.11-13.11.23:015][935]LogModuleManager: Shutting down and abandoning module XAudio2 (174)
[2017.11.11-13.11.23:015][935]LogModuleManager: Shutting down and abandoning module Networking (172)
[2017.11.11-13.11.23:015][935]LogModuleManager: Shutting down and abandoning module Core (168)
[2017.11.11-13.11.23:015][935]LogModuleManager: Shutting down and abandoning module KismetCompiler (164)
[2017.11.11-13.11.23:015][935]LogModuleManager: Shutting down and abandoning module LevelSequence (162)
[2017.11.11-13.11.23:015][935]LogModuleManager: Shutting down and abandoning module MeshUtilities (160)
[2017.11.11-13.11.23:015][935]LogModuleManager: Shutting down and abandoning module MeshMergeUtilities (159)
[2017.11.11-13.11.23:015][935]LogModuleManager: Shutting down and abandoning module MeshReductionInterface (158)
[2017.11.11-13.11.23:015][935]LogModuleManager: Shutting down and abandoning module SimplygonSwarm (157)
[2017.11.11-13.11.23:015][935]LogModuleManager: Shutting down and abandoning module SimplygonMeshReduction (155)
[2017.11.11-13.11.23:015][935]LogModuleManager: Shutting down and abandoning module QuadricMeshReduction (153)
[2017.11.11-13.11.23:015][935]LogModuleManager: Shutting down and abandoning module MaterialBaking (149)
[2017.11.11-13.11.23:015][935]LogModuleManager: Shutting down and abandoning module DirectoryWatcher (146)
[2017.11.11-13.11.23:019][935]LogModuleManager: Shutting down and abandoning module DerivedDataCache (144)
[2017.11.11-13.11.23:083][935]LogDerivedDataCache: Shutdown
[2017.11.11-13.11.23:084][935]LogModuleManager: Shutting down and abandoning module TargetPlatform (142)
[2017.11.11-13.11.23:084][935]LogModuleManager: Shutting down and abandoning module VulkanShaderFormat (141)
[2017.11.11-13.11.23:084][935]LogModuleManager: Shutting down and abandoning module ShaderFormatVectorVM (139)
[2017.11.11-13.11.23:084][935]LogModuleManager: Shutting down and abandoning module ShaderFormatOpenGL (137)
[2017.11.11-13.11.23:084][935]LogModuleManager: Shutting down and abandoning module ShaderFormatD3D (135)
[2017.11.11-13.11.23:084][935]LogModuleManager: Shutting down and abandoning module MetalShaderFormat (133)
[2017.11.11-13.11.23:084][935]LogModuleManager: Shutting down and abandoning module TextureFormatUncompressed (131)
[2017.11.11-13.11.23:084][935]LogModuleManager: Shutting down and abandoning module TextureFormatPVR (129)
[2017.11.11-13.11.23:084][935]LogModuleManager: Shutting down and abandoning module TextureFormatDXT (127)
[2017.11.11-13.11.23:084][935]LogModuleManager: Shutting down and abandoning module TextureFormatIntelISPCTexComp (125)
[2017.11.11-13.11.23:084][935]LogModuleManager: Shutting down and abandoning module TextureFormatASTC (123)
[2017.11.11-13.11.23:084][935]LogModuleManager: Shutting down and abandoning module ImageWrapper (122)
[2017.11.11-13.11.23:084][935]LogModuleManager: Shutting down and abandoning module TextureFormatAndroid (119)
[2017.11.11-13.11.23:084][935]LogModuleManager: Shutting down and abandoning module AudioFormatOpus (117)
[2017.11.11-13.11.23:084][935]LogModuleManager: Shutting down and abandoning module AudioFormatOgg (115)
[2017.11.11-13.11.23:084][935]LogModuleManager: Shutting down and abandoning module AudioFormatADPCM (113)
[2017.11.11-13.11.23:084][935]LogModuleManager: Shutting down and abandoning module LinuxTargetPlatform (111)
[2017.11.11-13.11.23:084][935]LogModuleManager: Shutting down and abandoning module LinuxServerTargetPlatform (109)
[2017.11.11-13.11.23:084][935]LogModuleManager: Shutting down and abandoning module LinuxNoEditorTargetPlatform (107)
[2017.11.11-13.11.23:084][935]LogModuleManager: Shutting down and abandoning module LinuxClientTargetPlatform (105)
[2017.11.11-13.11.23:084][935]LogModuleManager: Shutting down and abandoning module TVOSTargetPlatform (103)
[2017.11.11-13.11.23:084][935]LogModuleManager: Shutting down and abandoning module Messaging (101)
[2017.11.11-13.11.23:085][935]LogModuleManager: Shutting down and abandoning module IOSTargetPlatform (99)
[2017.11.11-13.11.23:085][935]LogModuleManager: Shutting down and abandoning module HTML5TargetPlatform (97)
[2017.11.11-13.11.23:085][935]LogModuleManager: Shutting down and abandoning module Android_PVRTCTargetPlatform (95)
[2017.11.11-13.11.23:085][935]LogModuleManager: Shutting down and abandoning module Android_MultiTargetPlatform (93)
[2017.11.11-13.11.23:085][935]LogModuleManager: Shutting down and abandoning module Android_ETC2TargetPlatform (91)
[2017.11.11-13.11.23:085][935]LogModuleManager: Shutting down and abandoning module Android_ETC1TargetPlatform (89)
[2017.11.11-13.11.23:085][935]LogModuleManager: Shutting down and abandoning module Android_DXTTargetPlatform (87)
[2017.11.11-13.11.23:085][935]LogModuleManager: Shutting down and abandoning module Android_ATCTargetPlatform (85)
[2017.11.11-13.11.23:085][935]LogModuleManager: Shutting down and abandoning module Android_ASTCTargetPlatform (83)
[2017.11.11-13.11.23:085][935]LogModuleManager: Shutting down and abandoning module AndroidTargetPlatform (81)
[2017.11.11-13.11.23:085][935]LogModuleManager: Shutting down and abandoning module WindowsTargetPlatform (79)
[2017.11.11-13.11.23:085][935]LogModuleManager: Shutting down and abandoning module WindowsServerTargetPlatform (77)
[2017.11.11-13.11.23:085][935]LogModuleManager: Shutting down and abandoning module WindowsNoEditorTargetPlatform (75)
[2017.11.11-13.11.23:085][935]LogModuleManager: Shutting down and abandoning module WindowsClientTargetPlatform (73)
[2017.11.11-13.11.23:085][935]LogModuleManager: Shutting down and abandoning module MacTargetPlatform (71)
[2017.11.11-13.11.23:085][935]LogModuleManager: Shutting down and abandoning module MacServerTargetPlatform (69)
[2017.11.11-13.11.23:085][935]LogModuleManager: Shutting down and abandoning module MacNoEditorTargetPlatform (67)
[2017.11.11-13.11.23:085][935]LogModuleManager: Shutting down and abandoning module MacClientTargetPlatform (65)
[2017.11.11-13.11.23:085][935]LogModuleManager: Shutting down and abandoning module AllDesktopTargetPlatform (63)
[2017.11.11-13.11.23:085][935]LogModuleManager: Shutting down and abandoning module InputCore (60)
[2017.11.11-13.11.23:085][935]LogModuleManager: Shutting down and abandoning module Settings (58)
[2017.11.11-13.11.23:085][935]LogModuleManager: Shutting down and abandoning module PhysXCooking (56)
[2017.11.11-13.11.23:085][935]LogModuleManager: Shutting down and abandoning module SteamVR (54)
[2017.11.11-13.11.23:085][935]LogModuleManager: Shutting down and abandoning module OculusHMD (52)
[2017.11.11-13.11.23:085][935]LogModuleManager: Shutting down and abandoning module ExampleDeviceProfileSelector (50)
[2017.11.11-13.11.23:085][935]LogModuleManager: Shutting down and abandoning module OnlineBlueprintSupport (48)
[2017.11.11-13.11.23:085][935]LogModuleManager: Shutting down and abandoning module OnlineSubsystem (44)
[2017.11.11-13.11.23:086][935]LogOnline: Display: Unloading online subsystem: NULL
[2017.11.11-13.11.23:086][935]LogModuleManager: Shutting down and abandoning module XMPP (43)
[2017.11.11-13.11.23:086][935]LogModuleManager: Shutting down and abandoning module HTTP (41)
[2017.11.11-13.11.23:086][935]LogHttp: Display: Http module shutting down, but needs to wait on 1 outstanding Http requests:
[2017.11.11-13.11.23:086][935]LogHttp: Display: 	verb=[POST] url=[https://datarouter.ol.epicgames.com/datarouter/api/v1/public/data?SessionID=%7B120B9657-4283-5AB1-F164-549C0B78954D%7D&AppID=UEEditor.Rocket.Release&AppVersion=4.17.1-3586342%2B%2B%2BUE4%2BRelease-4.17&UserID=3691cf284ca1f1681c3051979cb06f41%7C88057b4134714c0f98d798880975d3e9%7C75c10d2f-5615-4ca6-9c94-8a26968e32be&AppEnvironment=datacollector-binary&UploadType=eteventstream] status=Processing
[2017.11.11-13.11.23:121][935]LogModuleManager: Shutting down and abandoning module SSL (40)
[2017.11.11-13.11.23:124][935]LogModuleManager: Shutting down and abandoning module AnimationModifiers (36)
[2017.11.11-13.11.23:124][935]LogModuleManager: Shutting down and abandoning module PropertyEditor (35)
[2017.11.11-13.11.23:124][935]LogModuleManager: Shutting down and abandoning module AudioEditor (32)
[2017.11.11-13.11.23:124][935]LogModuleManager: Shutting down and abandoning module TextureCompressor (30)
[2017.11.11-13.11.23:124][935]LogModuleManager: Shutting down and abandoning module ShaderCore (28)
[2017.11.11-13.11.23:124][935]LogModuleManager: Shutting down and abandoning module Landscape (26)
[2017.11.11-13.11.23:125][935]LogModuleManager: Shutting down and abandoning module SlateRHIRenderer (24)
[2017.11.11-13.11.23:128][935]LogModuleManager: Shutting down and abandoning module OpenGLDrv (22)
[2017.11.11-13.11.23:128][935]LogModuleManager: Shutting down and abandoning module D3D11RHI (20)
[2017.11.11-13.11.23:128][935]LogModuleManager: Shutting down and abandoning module AnimGraphRuntime (18)
[2017.11.11-13.11.23:128][935]LogModuleManager: Shutting down and abandoning module Renderer (16)
[2017.11.11-13.11.23:128][935]LogModuleManager: Shutting down and abandoning module Engine (14)
[2017.11.11-13.11.23:128][935]LogModuleManager: Shutting down and abandoning module CoreUObject (12)
[2017.11.11-13.11.23:128][935]LogModuleManager: Shutting down and abandoning module NetworkFile (10)
[2017.11.11-13.11.23:128][935]LogModuleManager: Shutting down and abandoning module CookedIterativeFile (8)
[2017.11.11-13.11.23:128][935]LogModuleManager: Shutting down and abandoning module StreamingFile (6)
[2017.11.11-13.11.23:128][935]LogModuleManager: Shutting down and abandoning module SandboxFile (4)
[2017.11.11-13.11.23:128][935]LogModuleManager: Shutting down and abandoning module PakFile (2)
[2017.11.11-13.11.23:135][935]LogExit: Exiting.
[2017.11.11-13.11.23:167][935]Log file closed, 11/11/17 09:11:23
