Log file open, 11/06/17 18:49:30
LogWindows: LoadLibraryWithSearchPaths failed for file aqProf.dll. GetLastError=0
LogWindows: LoadLibraryWithSearchPaths failed for file VSPerf140.dll. GetLastError=0
LogWindows: LoadLibraryWithSearchPaths failed for file VtuneApi.dll. GetLastError=0
LogWindows: LoadLibraryWithSearchPaths failed for file VtuneApi32e.dll. GetLastError=0
LogInit: Display: Running engine for game: InfiniteJumperMF
LogPlatformFile: Not using cached read wrapper
LogInit: Display: RandInit(-1031528009) SRandInit(-1031528009).
LogTaskGraph: Started task graph with 5 named threads and 14 total threads with 3 sets of task threads.
LogStats: Stats thread started at 0.313066
LogD3D11RHI: Aftermath initialized
LogPluginManager: Mounting plugin Paper2D
LogPluginManager: Mounting plugin LightPropagationVolume
LogPluginManager: Mounting plugin CodeLiteSourceCodeAccess
LogPluginManager: Mounting plugin GitSourceControl
LogPluginManager: Mounting plugin KDevelopSourceCodeAccess
LogPluginManager: Mounting plugin NullSourceCodeAccess
LogPluginManager: Mounting plugin PerforceSourceControl
LogPluginManager: Mounting plugin SubversionSourceControl
LogPluginManager: Mounting plugin UObjectPlugin
LogPluginManager: Mounting plugin VisualStudioSourceCodeAccess
LogPluginManager: Mounting plugin XCodeSourceCodeAccess
LogPluginManager: Mounting plugin AssetManagerEditor
LogPluginManager: Mounting plugin AudioCapture
LogPluginManager: Mounting plugin FacialAnimation
LogPluginManager: Mounting plugin GameplayTagsEditor
LogPluginManager: Mounting plugin MobileLauncherProfileWizard
LogPluginManager: Mounting plugin PluginBrowser
LogPluginManager: Mounting plugin SpeedTreeImporter
LogPluginManager: Mounting plugin AlembicImporter
LogPluginManager: Mounting plugin CharacterAI
LogPluginManager: Mounting plugin HTML5Networking
LogPluginManager: Mounting plugin AndroidMedia
LogPluginManager: Mounting plugin AvfMedia
LogPluginManager: Mounting plugin MediaPlayerEditor
LogPluginManager: Mounting plugin WmfMedia
LogPluginManager: Mounting plugin TcpMessaging
LogPluginManager: Mounting plugin UdpMessaging
LogPluginManager: Mounting plugin LevelSequenceEditor
LogPluginManager: Mounting plugin MatineeToLevelSequence
LogPluginManager: Mounting plugin OnlineSubsystemGooglePlay
LogPluginManager: Mounting plugin OnlineSubsystemIOS
LogPluginManager: Mounting plugin OnlineSubsystem
LogPluginManager: Mounting plugin OnlineSubsystemNull
LogPluginManager: Mounting plugin OnlineSubsystemUtils
LogPluginManager: Mounting plugin AndroidDeviceProfileSelector
LogPluginManager: Mounting plugin AndroidMoviePlayer
LogPluginManager: Mounting plugin AndroidPermission
LogPluginManager: Mounting plugin AppleMoviePlayer
LogPluginManager: Mounting plugin ArchVisCharacter
LogPluginManager: Mounting plugin CableComponent
LogPluginManager: Mounting plugin CustomMeshComponent
LogPluginManager: Mounting plugin ExampleDeviceProfileSelector
LogPluginManager: Mounting plugin GoogleCloudMessaging
LogPluginManager: Mounting plugin ImmediatePhysics
LogPluginManager: Mounting plugin IOSDeviceProfileSelector
LogPluginManager: Mounting plugin LinuxDeviceProfileSelector
LogPluginManager: Mounting plugin LocationServicesBPLibrary
LogPluginManager: Mounting plugin MobilePatchingUtils
LogPluginManager: Mounting plugin OculusVR
LogPluginManager: Mounting plugin PhysXVehicles
LogPluginManager: Mounting plugin ProceduralMeshComponent
LogPluginManager: Mounting plugin RuntimePhysXCooking
LogPluginManager: Mounting plugin SteamVR
LogPluginManager: Mounting plugin WindowsMoviePlayer
LogInit: Using libcurl 7.47.1
LogInit:  - built for x86_64-pc-win32
LogInit:  - supports SSL with OpenSSL/1.0.2g
LogInit:  - supports HTTP deflate (compression) using libz 1.2.8
LogInit:  - other features:
LogInit:      CURL_VERSION_SSL
LogInit:      CURL_VERSION_LIBZ
LogInit:      CURL_VERSION_IPV6
LogInit:      CURL_VERSION_ASYNCHDNS
LogInit:      CURL_VERSION_LARGEFILE
LogInit:      CURL_VERSION_IDN
LogInit:  CurlRequestOptions (configurable via config and command line):
LogInit:  - bVerifyPeer = false  - Libcurl will NOT verify peer certificate
LogInit:  - bUseHttpProxy = false  - Libcurl will NOT use HTTP proxy
LogInit:  - bDontReuseConnections = false  - Libcurl will reuse connections
LogInit:  - CertBundlePath = nullptr  - Libcurl will use whatever was configured at build time.
LogInit: Build: ++UE4+Release-4.17-CL-3586342
LogInit: Engine Version: 4.17.1-3586342+++UE4+Release-4.17
LogInit: Compatible Engine Version: 4.17.0-3573198+++UE4+Release-4.17
LogInit: Net CL: 3573198
LogDevObjectVersion: Number of dev versions registered: 16
LogDevObjectVersion:   Dev-Blueprints (B0D832E4-1F89-4F0D-ACCF-7EB736FD4AA2): 10
LogDevObjectVersion:   Dev-Build (E1C64328-A22C-4D53-A36C-8E866417BD8C): 0
LogDevObjectVersion:   Dev-Core (375EC13C-06E4-48FB-B500-84F0262A717E): 2
LogDevObjectVersion:   Dev-Editor (E4B068ED-F494-42E9-A231-DA0B2E46BB41): 20
LogDevObjectVersion:   Dev-Framework (CFFC743F-43B0-4480-9391-14DF171D2073): 28
LogDevObjectVersion:   Dev-Mobile (B02B49B5-BB20-44E9-A304-32B752E40360): 0
LogDevObjectVersion:   Dev-Networking (A4E4105C-59A1-49B5-A7C5-40C4547EDFEE): 0
LogDevObjectVersion:   Dev-Online (39C831C9-5AE6-47DC-9A44-9C173E1C8E7C): 0
LogDevObjectVersion:   Dev-Physics (78F01B33-EBEA-4F98-B9B4-84EACCB95AA2): 0
LogDevObjectVersion:   Dev-Platform (6631380F-2D4D-43E0-8009-CF276956A95A): 0
LogDevObjectVersion:   Dev-Rendering (12F88B9F-8875-4AFC-A67C-D90C383ABD29): 19
LogDevObjectVersion:   Dev-Sequencer (7B5AE74C-D270-4C10-A958-57980B212A5A): 4
LogDevObjectVersion:   Dev-VR (D7296918-1DD6-4BDD-9DE2-64A83CC13884): 0
LogDevObjectVersion:   Dev-LoadTimes (C2A15278-BFE7-4AFE-6C17-90FF531DF755): 1
LogDevObjectVersion:   Private-Geometry (6EACA3D4-40EC-4CC1-B786-8BED09428FC5): 1
LogDevObjectVersion:   Dev-AnimPhys (29E575DD-E0A3-4627-9D10-D276232CDCEA): 7
LogInit: Compiled (64-bit): Aug 15 2017 02:05:26
LogInit: Compiled with Visual C++: 19.00.24215.01
LogInit: Build Configuration: Development
LogInit: Branch Name: ++UE4+Release-4.17
LogInit: Command line:  
LogInit: Base directory: C:/Program Files/Epic Games/UE_4.17/Engine/Binaries/Win64/
LogInit: Installed Engine Build: 1
LogInit: Presizing for max 8388607 objects, including 0 objects not considered by GC, pre-allocating 0 bytes for permanent pool.
LogInit: Object subsystem initialized
[2017.11.06-22.49.32:979][  0]LogInit: Selected Device Profile: [Windows]
[2017.11.06-22.49.32:979][  0]LogInit: Applying CVar settings loaded from the selected device profile: [Windows]
[2017.11.06-22.49.33:144][  0]LogInit: Computer: LAPTOP-FV6L4TLG
[2017.11.06-22.49.33:144][  0]LogInit: User: kreye
[2017.11.06-22.49.33:145][  0]LogInit: CPU Page size=4096, Cores=4
[2017.11.06-22.49.33:145][  0]LogInit: High frequency timer resolution =2.339357 MHz
[2017.11.06-22.49.33:145][  0]LogMemory: Memory total: Physical=11.5GB (12GB approx)
[2017.11.06-22.49.33:145][  0]LogMemory: Platform Memory Stats for Windows
[2017.11.06-22.49.33:145][  0]LogMemory: Process Physical Memory: 278.26 MB used, 278.26 MB peak
[2017.11.06-22.49.33:145][  0]LogMemory: Process Virtual Memory: 274.28 MB used, 274.28 MB peak
[2017.11.06-22.49.33:145][  0]LogMemory: Physical Memory: 6657.48 MB used,  5085.64 MB free, 11743.12 MB total
[2017.11.06-22.49.33:145][  0]LogMemory: Virtual Memory: 668.02 MB used,  5085.64 MB free, 134217728.00 MB total
[2017.11.06-22.49.34:085][  0]LogInit: Using OS detected language (en-US).
[2017.11.06-22.49.34:085][  0]LogInit: Using OS detected locale (en-US).
[2017.11.06-22.49.34:547][  0]LogTextLocalizationManager: No specific localization for 'en-US' exists, so the 'en' localization will be used.
[2017.11.06-22.49.48:554][  0]LogD3D11RHI: D3D11 adapters:
[2017.11.06-22.49.48:634][  0]LogD3D11RHI:    0. 'AMD Radeon(TM) R5 Graphics' (Feature Level 11_0)
[2017.11.06-22.49.48:634][  0]LogD3D11RHI:       499/0/5871 MB DedicatedVideo/DedicatedSystem/SharedSystem, Outputs:1, VendorId:0x1002
[2017.11.06-22.49.48:637][  0]LogD3D11RHI:    1. 'Microsoft Basic Render Driver' (Feature Level 11_0)
[2017.11.06-22.49.48:637][  0]LogD3D11RHI:       0/0/5871 MB DedicatedVideo/DedicatedSystem/SharedSystem, Outputs:0, VendorId:0x1414
[2017.11.06-22.49.48:637][  0]LogD3D11RHI: Chosen D3D11 Adapter: 0
[2017.11.06-22.49.48:647][  0]LogD3D11RHI: Creating new Direct3DDevice
[2017.11.06-22.49.48:647][  0]LogD3D11RHI:     GPU DeviceId: 0x9874 (for the marketing name, search the web for "GPU Device Id")
[2017.11.06-22.49.48:647][  0]LogWindows: EnumDisplayDevices:
[2017.11.06-22.49.48:648][  0]LogWindows:    0. 'AMD Radeon(TM) R5 Graphics' (P:1 D:1)
[2017.11.06-22.49.48:648][  0]LogWindows:    1. 'AMD Radeon(TM) R5 Graphics' (P:0 D:0)
[2017.11.06-22.49.48:649][  0]LogWindows:    2. 'AMD Radeon(TM) R5 Graphics' (P:0 D:0)
[2017.11.06-22.49.48:649][  0]LogWindows: DebugString: FoundDriverCount:3 
[2017.11.06-22.49.48:649][  0]LogD3D11RHI:     Adapter Name: AMD Radeon(TM) R5 Graphics
[2017.11.06-22.49.48:649][  0]LogD3D11RHI:   Driver Version: Crimson 16.6 (internal:16.300.2701.0, unified:16.300.2701.0)
[2017.11.06-22.49.48:649][  0]LogD3D11RHI:      Driver Date: 8-9-2016
[2017.11.06-22.49.48:649][  0]LogRHI: Texture pool is 349 MB (70% of 499 MB)
[2017.11.06-22.49.49:020][  0]LogD3D11RHI: Async texture creation enabled
[2017.11.06-22.49.49:047][  0]LogD3D11RHI: GPU Timing Frequency: 100.000000 (Debug: 2 1)
[2017.11.06-22.49.49:051][  0]LogShaderCompilers: Guid format shader working directory is -14 characters bigger than the processId version (G:/Unreal Projects/Capstone/InfiniteJumper4.17 - Master File/Intermediate/Shaders/WorkingDirectory/8716/).
[2017.11.06-22.49.49:051][  0]LogShaderCompilers: Cleaned the shader compiler working directory 'C:/Users/kreye/AppData/Local/Temp/UnrealShaderWorkingDir/8370721E4BFA753A9E0D1695B9AFA0F1/'.
[2017.11.06-22.49.49:051][  0]LogShaderCompilers: Display: Using Local Shader Compiler.
[2017.11.06-22.50.03:382][  0]LogTemp: Display: Loaded TP AllDesktopTargetPlatform
[2017.11.06-22.50.03:576][  0]LogTemp: Display: Loaded TP MacClientTargetPlatform
[2017.11.06-22.50.03:723][  0]LogTemp: Display: Loaded TP MacNoEditorTargetPlatform
[2017.11.06-22.50.03:881][  0]LogTemp: Display: Loaded TP MacServerTargetPlatform
[2017.11.06-22.50.04:057][  0]LogTemp: Display: Loaded TP MacTargetPlatform
[2017.11.06-22.50.04:260][  0]LogTemp: Display: Loaded TP WindowsClientTargetPlatform
[2017.11.06-22.50.04:463][  0]LogTemp: Display: Loaded TP WindowsNoEditorTargetPlatform
[2017.11.06-22.50.04:642][  0]LogTemp: Display: Loaded TP WindowsServerTargetPlatform
[2017.11.06-22.50.04:798][  0]LogTemp: Display: Loaded TP WindowsTargetPlatform
[2017.11.06-22.50.04:990][  0]LogTemp: Display: Loaded TP AndroidTargetPlatform
[2017.11.06-22.50.05:162][  0]LogTemp: Display: Loaded TP Android_ASTCTargetPlatform
[2017.11.06-22.50.05:345][  0]LogTemp: Display: Loaded TP Android_ATCTargetPlatform
[2017.11.06-22.50.05:540][  0]LogTemp: Display: Loaded TP Android_DXTTargetPlatform
[2017.11.06-22.50.05:705][  0]LogTemp: Display: Loaded TP Android_ETC1TargetPlatform
[2017.11.06-22.50.05:861][  0]LogTemp: Display: Loaded TP Android_ETC2TargetPlatform
[2017.11.06-22.50.06:191][  0]LogTemp: Display: Loaded TP Android_MultiTargetPlatform
[2017.11.06-22.50.06:191][  0]LogTemp: Display: Loaded TP Android_PVRTCTargetPlatform
[2017.11.06-22.50.06:344][  0]LogTemp: Display: Loaded TP HTML5TargetPlatform
[2017.11.06-22.50.06:642][  0]LogTemp: Display: Loaded TP IOSTargetPlatform
[2017.11.06-22.50.06:737][  0]LogTemp: Display: Loaded TP TVOSTargetPlatform
[2017.11.06-22.50.06:914][  0]LogTemp: Display: Loaded TP LinuxClientTargetPlatform
[2017.11.06-22.50.07:061][  0]LogTemp: Display: Loaded TP LinuxNoEditorTargetPlatform
[2017.11.06-22.50.07:228][  0]LogTemp: Display: Loaded TP LinuxServerTargetPlatform
[2017.11.06-22.50.07:421][  0]LogTemp: Display: Loaded TP LinuxTargetPlatform
[2017.11.06-22.50.07:422][  0]LogTargetPlatformManager: Display: Building Assets For Windows
[2017.11.06-22.50.09:658][  0]LogDerivedDataCache: Display: Max Cache Size: 512 MB
[2017.11.06-22.50.10:977][  0]LogDerivedDataCache: Loaded boot cache 1.32s 93MB C:/Users/kreye/AppData/Local/UnrealEngine/4.17/DerivedDataCache/Boot.ddc.
[2017.11.06-22.50.10:978][  0]LogDerivedDataCache: Display: Loaded Boot cache: C:/Users/kreye/AppData/Local/UnrealEngine/4.17/DerivedDataCache/Boot.ddc
[2017.11.06-22.50.10:978][  0]LogDerivedDataCache: FDerivedDataBackendGraph:  Pak pak cache file G:/Unreal Projects/Capstone/InfiniteJumper4.17 - Master File/DerivedDataCache/DDC.ddp not found, will not use a pak cache.
[2017.11.06-22.50.10:978][  0]LogDerivedDataCache: Unable to find inner node Pak for hierarchical cache Hierarchy.
[2017.11.06-22.50.10:978][  0]LogDerivedDataCache: FDerivedDataBackendGraph:  CompressedPak pak cache file G:/Unreal Projects/Capstone/InfiniteJumper4.17 - Master File/DerivedDataCache/Compressed.ddp not found, will not use a pak cache.
[2017.11.06-22.50.10:978][  0]LogDerivedDataCache: Unable to find inner node CompressedPak for hierarchical cache Hierarchy.
[2017.11.06-22.50.11:093][  0]LogDerivedDataCache: Display: Pak cache opened for reading ../../../Engine/DerivedDataCache/Compressed.ddp.
[2017.11.06-22.50.11:116][  0]LogDerivedDataCache: Using Local data cache path C:/Users/kreye/AppData/Local/UnrealEngine/Common/DerivedDataCache: Writable
[2017.11.06-22.50.11:138][  0]LogMaterial: Verifying Global Shaders for PCD3D_SM5
[2017.11.06-22.50.11:139][  0]LogSlate: Using Freetype 2.6.0
[2017.11.06-22.50.11:229][  0]LogSlate: SlateFontCache - WITH_FREETYPE: 1, WITH_HARFBUZZ: 1
[2017.11.06-22.50.11:229][  0]LogSlate: SlateFontCache - WITH_FREETYPE: 1, WITH_HARFBUZZ: 1
[2017.11.06-22.50.16:121][  0]LogAssetRegistry: FAssetRegistry took 0.0438 seconds to start up
[2017.11.06-22.50.16:663][  0]LogInit: Selected Device Profile: [Windows]
[2017.11.06-22.50.18:318][  0]LogContentStreaming: Texture pool size is 0.00 MB
[2017.11.06-22.50.19:659][  0]LogSimplygon: Simplygon DLL not present - disabling.
[2017.11.06-22.50.19:820][  0]LogMeshReduction: Using SimplygonSwarm for distributed automatic mesh merging
[2017.11.06-22.50.19:820][  0]LogMeshReduction: Using QuadricMeshReduction for automatic static mesh reduction
[2017.11.06-22.50.19:820][  0]LogMeshReduction: No automatic skeletal mesh reduction module available
[2017.11.06-22.50.19:820][  0]LogMeshReduction: No automatic mesh merging module available
[2017.11.06-22.50.19:820][  0]LogMeshMerging: No automatic mesh merging module available
[2017.11.06-22.50.21:354][  0]LogNetVersion: InfiniteJumperMF , NetCL: 3573198, EngineNetVer: 2, GameNetVer: 0 (Checksum: 767604215)
[2017.11.06-22.50.22:343][  0]LogPackageLocalizationCache: Processed 5 localized package path(s) for 2 prioritized culture(s) in 0.333654 seconds
[2017.11.06-22.50.22:356][  0]LogUObjectArray: 35825 objects as part of root set at end of initial load.
[2017.11.06-22.50.22:356][  0]LogUObjectAllocator: 7529104 out of 0 bytes used by permanent object pool.
[2017.11.06-22.50.22:356][  0]LogUObjectArray: CloseDisregardForGC: 0/0 objects in disregard for GC pool
[2017.11.06-22.50.22:638][  0]LogInit: WinSock: version 1.1 (2.2), MaxSocks=32767, MaxUdp=65467
[2017.11.06-22.50.59:552][  0]LogTcpMessaging: Initializing TcpMessaging bridge
[2017.11.06-22.50.59:712][  0]LogUdpMessaging: Initializing bridge on interface 0.0.0.0:0 to multicast group 230.0.0.1:6666.
[2017.11.06-22.51.02:756][  0]LogMaterial: Uniform references updated for custom material expression Custom.
[2017.11.06-22.51.04:179][  0]SourceControl: Source control is disabled
[2017.11.06-22.51.04:179][  0]SourceControl: Source control is disabled
[2017.11.06-22.51.04:353][  0]SourceControl: Source control is disabled
[2017.11.06-22.51.04:565][  0]SourceControl: Source control is disabled
[2017.11.06-22.51.07:068][  0]LogAndroidPermission: UAndroidPermissionCallbackProxy::GetInstance
[2017.11.06-22.51.07:948][  0]LogOcInput: OculusInput pre-init called
[2017.11.06-22.51.08:922][  0]LogEngine: Initializing Engine...
[2017.11.06-22.51.08:926][  0]LogHMD: Failed to initialize OpenVR with code 110
[2017.11.06-22.51.09:522][  0]LogStats: UGameplayTagsManager::ConstructGameplayTagTree: Construct from data asset -  0.000 s
[2017.11.06-22.51.09:522][  0]LogStats: UGameplayTagsManager::ConstructGameplayTagTree: GameplayTagTreeChangedEvent.Broadcast -  0.000 s
[2017.11.06-22.51.09:966][  0]LogAIModule: Creating AISystem for world Untitled
[2017.11.06-22.51.09:993][  0]LogInit: XAudio2 using 'Speaker/Headphone (Realtek High Definition Audio)' : 2 channels at 48 kHz using 32 bits per sample (channel mask 0x3)
[2017.11.06-22.51.10:024][  0]LogInit: FAudioDevice initialized.
[2017.11.06-22.51.10:359][  0]LogDerivedDataCache: Saved boot cache 0.33s 93MB C:/Users/kreye/AppData/Local/UnrealEngine/4.17/DerivedDataCache/Boot.ddc.
[2017.11.06-22.51.10:403][  0]LogInit: Texture streaming: Enabled
[2017.11.06-22.51.11:089][  0]LogEngineSessionManager: EngineSessionManager initialized
[2017.11.06-22.51.12:087][  0]LogInit: Transaction tracking system initialized
[2017.11.06-22.51.13:395][  0]BlueprintLog: New page: Editor Load
[2017.11.06-22.51.17:615][  0]LocalizationService: Localization service is disabled
[2017.11.06-22.51.20:302][  0]LogConsoleResponse: Display: 
[2017.11.06-22.51.22:330][  0]LogCook: Display: Max memory allowance for cook 16384mb min free memory 0mb
[2017.11.06-22.51.22:330][  0]LogCook: Display: Mobile HDR setting 1
[2017.11.06-22.51.22:330][  0]LogGameplayTags: Display: UGameplayTagsManager::DoneAddingNativeTags. DelegateIsBound: 0
[2017.11.06-22.51.23:044][  0]LogFileCache: Scanning file cache for directory 'G:/Unreal Projects/Capstone/InfiniteJumper4.17 - Master File/Content/' took 0.09s
[2017.11.06-22.51.27:774][  0]SourceControl: Source control is disabled
[2017.11.06-22.51.27:774][  0]Cmd: MAP LOAD FILE="G:/Unreal Projects/Capstone/InfiniteJumper4.17 - Master File/Content/SideScrollerBP/Maps/InfiniteJumper.umap" TEMPLATE=0 SHOWPROGRESS=1 FEATURELEVEL=3
[2017.11.06-22.51.27:842][  0]LightingResults: New page: Lighting Build
[2017.11.06-22.51.27:995][  0]MapCheck: New page: Map Check
[2017.11.06-22.51.27:995][  0]LightingResults: New page: Lighting Build
[2017.11.06-22.51.29:448][  0]LogBlueprint: Warning: [HighScoreSaveSlot] 'UserIndex' variable not found. Base class was probably changed.
[2017.11.06-22.51.31:192][  0]LogLinker: Warning: Can't find file '/Game/StarterContent/Materials/M_Metal_Steel1'
[2017.11.06-22.51.31:193][  0]LogLinker: Warning: Can't find file for asset '/Game/StarterContent/Materials/M_Metal_Steel1' while loading G:/Unreal Projects/Capstone/InfiniteJumper4.17 - Master File/Content/SideScrollerBP/3DModels/Spiked_Log.uasset.
[2017.11.06-22.51.31:193][  0]LoadErrors: Error: /Game/SideScrollerBP/3DModels/Spiked_Log : Can't find file for asset. /Game/StarterContent/Materials/M_Metal_Steel1
[2017.11.06-22.51.31:195][  0]LogLinker: Warning: Can't find file '/Game/StarterContent/Materials/M_Metal_Steel1'
[2017.11.06-22.51.31:195][  0]LogLinker: Warning: Can't find file for asset '/Game/StarterContent/Materials/M_Metal_Steel1' while loading G:/Unreal Projects/Capstone/InfiniteJumper4.17 - Master File/Content/SideScrollerBP/3DModels/Spiked_Log.uasset.
[2017.11.06-22.51.31:195][  0]LoadErrors: Error: /Game/SideScrollerBP/3DModels/Spiked_Log : Can't find file for asset. /Game/StarterContent/Materials/M_Metal_Steel1
[2017.11.06-22.51.32:189][  0]LogLinker: Warning: Can't find file '/Game/StarterContent/Materials/M_Metal_Steel1'
[2017.11.06-22.51.32:189][  0]LoadErrors: Failed to load /Game/StarterContent/Materials/M_Metal_Steel1.M_Metal_Steel1 Referenced by Spiked_Log
[2017.11.06-22.51.32:189][  0]LogLinker: Warning: Can't find file for asset '/Game/StarterContent/Materials/M_Metal_Steel1' while loading NULL.
[2017.11.06-22.51.32:189][  0]LoadErrors: Failed to load /Game/StarterContent/Materials/M_Metal_Steel1.M_Metal_Steel1 Referenced by Spiked_Log
[2017.11.06-22.51.32:189][  0]LogLinker: Warning: Can't find file '/Game/StarterContent/Materials/M_Metal_Steel1'
[2017.11.06-22.51.32:189][  0]LoadErrors: Failed to load /Game/StarterContent/Materials/M_Metal_Steel1.M_Metal_Steel1 Referenced by Spiked_Log
[2017.11.06-22.51.32:190][  0]LogLinker: Warning: Can't find file for asset '/Game/StarterContent/Materials/M_Metal_Steel1' while loading NULL.
[2017.11.06-22.51.32:190][  0]LoadErrors: Failed to load /Game/StarterContent/Materials/M_Metal_Steel1.M_Metal_Steel1 Referenced by Spiked_Log
[2017.11.06-22.51.33:918][  0]LogAIModule: Creating AISystem for world InfiniteJumper
[2017.11.06-22.51.33:977][  0]LogEditorServer: Finished looking for orphan Actors (0.000 secs)
[2017.11.06-22.51.34:261][  0]Cmd: MAP CHECKDEP NOCLEARLOG
[2017.11.06-22.51.34:476][  0]MapCheck: Map check complete: 0 Error(s), 0 Warning(s), took 214.419ms to complete.
[2017.11.06-22.51.34:476][  0]LogFileHelpers: Loading map 'InfiniteJumper' took 6.702
[2017.11.06-22.51.34:980][  0]LogCollectionManager: Loaded 0 collections in 0.003624 seconds
[2017.11.06-22.51.35:180][  0]LogFileCache: Scanning file cache for directory 'G:/Unreal Projects/Capstone/InfiniteJumper4.17 - Master File/Saved/Collections/' took 0.01s
[2017.11.06-22.51.35:180][  0]LogFileCache: Scanning file cache for directory 'G:/Unreal Projects/Capstone/InfiniteJumper4.17 - Master File/Content/Developers/kreye/Collections/' took 0.01s
[2017.11.06-22.51.35:180][  0]LogFileCache: Scanning file cache for directory 'G:/Unreal Projects/Capstone/InfiniteJumper4.17 - Master File/Content/Collections/' took 0.01s
[2017.11.06-22.51.35:180][  0]LogCollectionManager: Rebuilt the GUID cache for 0 collections in 0.000001 seconds
[2017.11.06-22.51.35:203][  0]LogContentBrowser: Native class hierarchy populated in 0.0226 seconds. Added 2386 classes and 500 folders.
[2017.11.06-22.51.35:449][  0]LogContentBrowser: Native class hierarchy updated for 'WidgetCarousel' in 0.0017 seconds. Added 0 classes and 0 folders.
[2017.11.06-22.51.37:854][  0]LogContentBrowser: Native class hierarchy updated for 'AddContentDialog' in 0.0023 seconds. Added 0 classes and 0 folders.
[2017.11.06-22.51.38:073][  0]LogContentBrowser: Native class hierarchy updated for 'SceneOutliner' in 0.0023 seconds. Added 1 classes and 2 folders.
[2017.11.06-22.51.38:197][  0]LogSlate: Took 0.035902 seconds to synchronously load lazily loaded font '../../../Engine/Content/Slate/Fonts/Roboto-Regular.ttf' (155K)
[2017.11.06-22.51.38:223][  0]LogSlate: Took 0.021762 seconds to synchronously load lazily loaded font '../../../Engine/Content/Slate/Fonts/Roboto-Bold.ttf' (160K)
[2017.11.06-22.51.38:271][  0]LogSlate: Took 0.037838 seconds to synchronously load lazily loaded font '../../../Engine/Content/Editor/Slate/Fonts/FontAwesome.ttf' (139K)
[2017.11.06-22.51.38:553][  0]LogRenderer: Reallocating scene render targets to support 960x332 Format 10 NumSamples 1 (Frame:1).
[2017.11.06-22.51.40:126][  0]LogContentBrowser: Native class hierarchy updated for 'HierarchicalLODOutliner' in 0.0022 seconds. Added 1 classes and 2 folders.
[2017.11.06-22.51.40:127][  0]LogLoad: (Engine Initialization) Total time: 137.39 seconds
[2017.11.06-22.51.40:127][  0]LogLoad: (Engine Initialization) Total Blueprint compile time: 0.00 seconds
[2017.11.06-22.51.40:128][  0]LogExternalProfiler: No external profilers were discovered.  External profiling features will not be available.
[2017.11.06-22.51.40:512][  0]LogContentStreaming: Texture pool size now 1000 MB
[2017.11.06-22.51.40:901][  0]LogRenderer: Reallocating scene render targets to support 960x384 Format 10 NumSamples 1 (Frame:2).
[2017.11.06-22.51.40:901][  0]LogSlate: Took 0.023200 seconds to synchronously load lazily loaded font '../../../Engine/Content/Slate/Fonts/Roboto-Light.ttf' (159K)
[2017.11.06-22.51.41:654][  3]LogAssetRegistry: Asset discovery search completed in 85.5547 seconds
[2017.11.06-22.51.41:658][  3]LogCollectionManager: Rebuilt the object cache for 0 collections in 0.000001 seconds (found 0 objects)
[2017.11.06-22.51.41:658][  3]LogCollectionManager: Fixed up redirectors for 0 collections in 0.000176 seconds (updated 0 objects)
[2017.11.06-22.52.23:987][677]LogSlate: Took 0.000897 seconds to synchronously load lazily loaded font '../../../Engine/Content/Slate/Fonts/Roboto-Light.ttf' (159K)
[2017.11.06-22.52.24:730][677]LogSlate: Took 0.000385 seconds to synchronously load lazily loaded font '../../../Engine/Content/Slate/Fonts/Roboto-Regular.ttf' (155K)
[2017.11.06-22.52.25:177][677]LogContentBrowser: Native class hierarchy updated for 'BlueprintGraph' in 0.0025 seconds. Added 113 classes and 0 folders.
[2017.11.06-22.52.26:948][677]LogSlate: Took 0.075920 seconds to synchronously load lazily loaded font '../../../Engine/Content/Editor/Slate/Fonts/Roboto-BoldCondensed.ttf' (158K)
[2017.11.06-22.52.27:511][678]LogSlate: Took 0.022593 seconds to synchronously load lazily loaded font '../../../Engine/Content/Editor/Slate/Fonts/Roboto-Italic.ttf' (157K)
[2017.11.06-22.52.29:161][724]LogRenderer: Reallocating scene render targets to support 960x524 Format 10 NumSamples 1 (Frame:1).
[2017.11.06-22.53.10:190][827]LogRenderer: Reallocating scene render targets to support 960x528 Format 10 NumSamples 1 (Frame:1).
[2017.11.06-22.53.30:116][276]LogSlate: Took 0.000626 seconds to synchronously load lazily loaded font '../../../Engine/Content/Slate/Fonts/Roboto-Light.ttf' (159K)
[2017.11.06-22.53.32:698][338]LogActorComponent: UnregisterComponent: (/Engine/Transient.EditorFloorComp) Not registered. Aborting.
[2017.11.06-22.53.36:028][376]Cmd: QUIT_EDITOR
[2017.11.06-22.53.36:410][376]LogWindowsTextInputMethodSystem: Display: IME system now deactivated.
[2017.11.06-22.53.36:410][376]LogWindowsTextInputMethodSystem: Display: IME system now deactivated.
[2017.11.06-22.53.36:513][376]LogExit: Preparing to exit.
[2017.11.06-22.53.37:942][376]LogExit: Editor shut down
[2017.11.06-22.53.37:962][376]LogExit: Transaction tracking system shut down
[2017.11.06-22.53.38:207][376]LogDirectoryWatcher: A directory notification for '../../../Engine/Content/' was aborted.
[2017.11.06-22.53.38:208][376]LogDirectoryWatcher: A directory notification for 'G:/Unreal Projects/Capstone/InfiniteJumper4.17 - Master File/Content/' was aborted.
[2017.11.06-22.53.38:208][376]LogDirectoryWatcher: A directory notification for '../../../Engine/Plugins/2D/Paper2D/Content/' was aborted.
[2017.11.06-22.53.38:208][376]LogDirectoryWatcher: A directory notification for '../../../Engine/Plugins/Runtime/Oculus/OculusVR/Content/' was aborted.
[2017.11.06-22.53.38:208][376]LogDirectoryWatcher: A directory notification for '../../../Engine/Plugins/Runtime/Steam/SteamVR/Content/' was aborted.
[2017.11.06-22.53.41:509][376]LogExit: Object subsystem successfully closed.
[2017.11.06-22.53.41:901][376]LogD3D11RHI: Shutdown
[2017.11.06-22.53.41:919][376]LogD3D11RHI: CleanupD3DDevice
[2017.11.06-22.53.42:574][376]LogD3D11RHI: ~FD3D11DynamicRHI
[2017.11.06-22.53.43:664][376]LogModuleManager: Shutting down and abandoning module BlueprintGraph (534)
[2017.11.06-22.53.43:664][376]LogModuleManager: Shutting down and abandoning module BlueprintProfiler (532)
[2017.11.06-22.53.43:857][376]LogModuleManager: Shutting down and abandoning module HierarchicalLODOutliner (530)
[2017.11.06-22.53.43:857][376]LogModuleManager: Shutting down and abandoning module SceneOutliner (528)
[2017.11.06-22.53.43:910][376]LogModuleManager: Shutting down and abandoning module AddContentDialog (526)
[2017.11.06-22.53.43:941][376]LogDirectoryWatcher: A directory notification for 'C:/Program Files/Epic Games/UE_4.17/FeaturePacks/' was aborted.
[2017.11.06-22.53.44:020][376]LogModuleManager: Shutting down and abandoning module WidgetCarousel (525)
[2017.11.06-22.53.44:020][376]LogModuleManager: Shutting down and abandoning module EditorWidgets (522)
[2017.11.06-22.53.44:020][376]LogModuleManager: Shutting down and abandoning module CollectionManager (520)
[2017.11.06-22.53.44:054][376]LogDirectoryWatcher: A directory notification for 'G:/Unreal Projects/Capstone/InfiniteJumper4.17 - Master File/Content/Collections/' was aborted.
[2017.11.06-22.53.44:055][376]LogDirectoryWatcher: A directory notification for 'G:/Unreal Projects/Capstone/InfiniteJumper4.17 - Master File/Content/Developers/kreye/Collections/' was aborted.
[2017.11.06-22.53.44:055][376]LogDirectoryWatcher: A directory notification for 'G:/Unreal Projects/Capstone/InfiniteJumper4.17 - Master File/Saved/Collections/' was aborted.
[2017.11.06-22.53.44:055][376]LogModuleManager: Shutting down and abandoning module StatsViewer (518)
[2017.11.06-22.53.44:139][376]LogModuleManager: Shutting down and abandoning module FoliageEdit (516)
[2017.11.06-22.53.44:139][376]LogModuleManager: Shutting down and abandoning module LandscapeEditor (514)
[2017.11.06-22.53.44:189][376]LogModuleManager: Shutting down and abandoning module MeshPaintMode (512)
[2017.11.06-22.53.44:189][376]LogModuleManager: Shutting down and abandoning module SceneDepthPickerMode (510)
[2017.11.06-22.53.44:189][376]LogModuleManager: Shutting down and abandoning module ActorPickerMode (508)
[2017.11.06-22.53.44:189][376]LogModuleManager: Shutting down and abandoning module GeometryMode (506)
[2017.11.06-22.53.44:189][376]LogModuleManager: Shutting down and abandoning module TextureAlignMode (504)
[2017.11.06-22.53.44:189][376]LogModuleManager: Shutting down and abandoning module BspMode (502)
[2017.11.06-22.53.44:206][376]LogModuleManager: Shutting down and abandoning module PIEPreviewDeviceProfileSelector (500)
[2017.11.06-22.53.44:206][376]LogModuleManager: Shutting down and abandoning module HardwareSurvey (498)
[2017.11.06-22.53.44:206][376]LogModuleManager: Shutting down and abandoning module SequenceRecorderSections (496)
[2017.11.06-22.53.44:215][376]LogModuleManager: Shutting down and abandoning module AutomationWorker (494)
[2017.11.06-22.53.44:224][376]LogModuleManager: Shutting down and abandoning module MatineeToLevelSequence (492)
[2017.11.06-22.53.44:224][376]LogModuleManager: Shutting down and abandoning module LevelSequenceEditor (490)
[2017.11.06-22.53.44:241][376]LogModuleManager: Shutting down and abandoning module PlacementMode (489)
[2017.11.06-22.53.44:241][376]LogModuleManager: Shutting down and abandoning module WmfMediaFactory (486)
[2017.11.06-22.53.44:241][376]LogModuleManager: Shutting down and abandoning module WmfMediaEditor (484)
[2017.11.06-22.53.44:241][376]LogModuleManager: Shutting down and abandoning module AvfMediaFactory (482)
[2017.11.06-22.53.44:241][376]LogModuleManager: Shutting down and abandoning module AvfMediaEditor (480)
[2017.11.06-22.53.44:241][376]LogModuleManager: Shutting down and abandoning module AndroidMediaFactory (478)
[2017.11.06-22.53.44:241][376]LogModuleManager: Shutting down and abandoning module Media (477)
[2017.11.06-22.53.44:241][376]LogModuleManager: Shutting down and abandoning module AndroidMediaEditor (474)
[2017.11.06-22.53.44:241][376]LogModuleManager: Shutting down and abandoning module CharacterAI (472)
[2017.11.06-22.53.44:241][376]LogModuleManager: Shutting down and abandoning module AudioCapture (470)
[2017.11.06-22.53.44:241][376]LogModuleManager: Shutting down and abandoning module SequenceRecorder (469)
[2017.11.06-22.53.44:254][376]LogModuleManager: Shutting down and abandoning module SmartSnapping (466)
[2017.11.06-22.53.44:254][376]LogModuleManager: Shutting down and abandoning module SessionServices (464)
[2017.11.06-22.53.44:254][376]LogModuleManager: Shutting down and abandoning module ViewportSnapping (462)
[2017.11.06-22.53.44:254][376]LogModuleManager: Shutting down and abandoning module ViewportInteraction (460)
[2017.11.06-22.53.44:254][376]LogModuleManager: Shutting down and abandoning module ClothPainter (458)
[2017.11.06-22.53.44:301][376]LogModuleManager: Shutting down and abandoning module LogVisualizer (456)
[2017.11.06-22.53.44:370][376]LogModuleManager: Shutting down and abandoning module IntroTutorials (454)
[2017.11.06-22.53.44:438][376]LogModuleManager: Shutting down and abandoning module GameProjectGeneration (453)
[2017.11.06-22.53.44:466][376]LogModuleManager: Shutting down and abandoning module IOSPlatformEditor (450)
[2017.11.06-22.53.44:466][376]LogModuleManager: Shutting down and abandoning module HTML5PlatformEditor (448)
[2017.11.06-22.53.44:466][376]LogModuleManager: Shutting down and abandoning module AndroidPlatformEditor (446)
[2017.11.06-22.53.44:466][376]LogModuleManager: Shutting down and abandoning module AndroidDeviceDetection (445)
[2017.11.06-22.53.45:112][376]LogModuleManager: Shutting down and abandoning module WindowsPlatformEditor (442)
[2017.11.06-22.53.45:112][376]LogModuleManager: Shutting down and abandoning module IOSRuntimeSettings (440)
[2017.11.06-22.53.45:112][376]LogModuleManager: Shutting down and abandoning module AndroidRuntimeSettings (438)
[2017.11.06-22.53.45:112][376]LogModuleManager: Shutting down and abandoning module InputBindingEditor (436)
[2017.11.06-22.53.45:133][376]LogModuleManager: Shutting down and abandoning module MergeActors (434)
[2017.11.06-22.53.45:154][376]LogModuleManager: Shutting down and abandoning module SizeMap (432)
[2017.11.06-22.53.45:154][376]LogModuleManager: Shutting down and abandoning module TreeMap (430)
[2017.11.06-22.53.45:174][376]LogModuleManager: Shutting down and abandoning module ReferenceViewer (428)
[2017.11.06-22.53.45:174][376]LogModuleManager: Shutting down and abandoning module LocalizationDashboard (426)
[2017.11.06-22.53.45:199][376]LogModuleManager: Shutting down and abandoning module LocalizationService (425)
[2017.11.06-22.53.45:221][376]LogModuleManager: Shutting down and abandoning module HardwareTargeting (422)
[2017.11.06-22.53.45:221][376]LogModuleManager: Shutting down and abandoning module DeviceProfileEditor (420)
[2017.11.06-22.53.45:241][376]LogModuleManager: Shutting down and abandoning module UndoHistory (418)
[2017.11.06-22.53.45:241][376]LogModuleManager: Shutting down and abandoning module XmlParser (416)
[2017.11.06-22.53.45:241][376]LogModuleManager: Shutting down and abandoning module Blutility (414)
[2017.11.06-22.53.45:241][376]LogModuleManager: Shutting down and abandoning module ProjectSettingsViewer (412)
[2017.11.06-22.53.45:241][376]LogModuleManager: Shutting down and abandoning module ProjectTargetPlatformEditor (411)
[2017.11.06-22.53.45:241][376]LogModuleManager: Shutting down and abandoning module EditorSettingsViewer (408)
[2017.11.06-22.53.45:241][376]LogModuleManager: Shutting down and abandoning module SettingsEditor (406)
[2017.11.06-22.53.45:302][376]LogModuleManager: Shutting down and abandoning module ProjectLauncher (404)
[2017.11.06-22.53.45:322][376]LogModuleManager: Shutting down and abandoning module SessionFrontend (402)
[2017.11.06-22.53.45:325][376]LogModuleManager: Shutting down and abandoning module ProfilerClient (400)
[2017.11.06-22.53.45:344][376]LogModuleManager: Shutting down and abandoning module DeviceManager (398)
[2017.11.06-22.53.45:382][376]LogModuleManager: Shutting down and abandoning module TargetDeviceServices (397)
[2017.11.06-22.53.45:435][376]LogModuleManager: Shutting down and abandoning module AutomationController (394)
[2017.11.06-22.53.45:566][376]LogModuleManager: Shutting down and abandoning module AutomationWindow (392)
[2017.11.06-22.53.45:734][376]LogModuleManager: Shutting down and abandoning module Layers (390)
[2017.11.06-22.53.45:822][376]LogModuleManager: Shutting down and abandoning module ComponentVisualizers (388)
[2017.11.06-22.53.45:822][376]LogModuleManager: Shutting down and abandoning module DetailCustomizations (386)
[2017.11.06-22.53.45:872][376]LogModuleManager: Shutting down and abandoning module PackagesDialog (384)
[2017.11.06-22.53.45:873][376]LogModuleManager: Shutting down and abandoning module Persona (382)
[2017.11.06-22.53.45:977][376]LogModuleManager: Shutting down and abandoning module AdvancedPreviewScene (381)
[2017.11.06-22.53.45:977][376]LogModuleManager: Shutting down and abandoning module AnimGraph (379)
[2017.11.06-22.53.46:011][376]LogModuleManager: Shutting down and abandoning module Kismet (376)
[2017.11.06-22.53.46:048][376]LogModuleManager: Shutting down and abandoning module ClassViewer (374)
[2017.11.06-22.53.46:048][376]LogModuleManager: Shutting down and abandoning module Toolbox (372)
[2017.11.06-22.53.46:048][376]LogModuleManager: Shutting down and abandoning module ModuleUI (370)
[2017.11.06-22.53.46:063][376]LogModuleManager: Shutting down and abandoning module MovieSceneTools (368)
[2017.11.06-22.53.46:141][376]LogModuleManager: Shutting down and abandoning module OutputLog (366)
[2017.11.06-22.53.46:167][376]LogModuleManager: Shutting down and abandoning module GammaUI (364)
[2017.11.06-22.53.46:178][376]LogModuleManager: Shutting down and abandoning module Documentation (362)
[2017.11.06-22.53.46:178][376]LogModuleManager: Shutting down and abandoning module MovieSceneTracks (360)
[2017.11.06-22.53.46:178][376]LogModuleManager: Shutting down and abandoning module MovieScene (358)
[2017.11.06-22.53.46:178][376]LogModuleManager: Shutting down and abandoning module Niagara (356)
[2017.11.06-22.53.46:178][376]LogModuleManager: Shutting down and abandoning module NiagaraEditor (355)
[2017.11.06-22.53.46:239][376]LogModuleManager: Shutting down and abandoning module StreamingPauseRendering (352)
[2017.11.06-22.53.46:239][376]LogModuleManager: Shutting down and abandoning module LauncherPlatform (350)
[2017.11.06-22.53.46:239][376]LogModuleManager: Shutting down and abandoning module AnalyticsET (348)
[2017.11.06-22.53.46:239][376]LogModuleManager: Shutting down and abandoning module PortalServices (346)
[2017.11.06-22.53.46:239][376]LogModuleManager: Shutting down and abandoning module PortalRpc (344)
[2017.11.06-22.53.46:239][376]LogModuleManager: Shutting down and abandoning module MessagingRpc (342)
[2017.11.06-22.53.46:239][376]LogModuleManager: Shutting down and abandoning module AIModule (340)
[2017.11.06-22.53.46:239][376]LogModuleManager: Shutting down and abandoning module GameplayDebugger (339)
[2017.11.06-22.53.46:239][376]LogModuleManager: Shutting down and abandoning module AITestSuite (337)
[2017.11.06-22.53.46:259][376]LogModuleManager: Shutting down and abandoning module ProfilerService (334)
[2017.11.06-22.53.46:334][376]LogModuleManager: Shutting down and abandoning module TaskGraph (332)
[2017.11.06-22.53.46:405][376]LogModuleManager: Shutting down and abandoning module SteamVRController (330)
[2017.11.06-22.53.46:405][376]LogModuleManager: Shutting down and abandoning module ProceduralMeshComponentEditor (328)
[2017.11.06-22.53.46:405][376]LogModuleManager: Shutting down and abandoning module ProceduralMeshComponent (326)
[2017.11.06-22.53.46:405][376]LogModuleManager: Shutting down and abandoning module OculusInput (324)
[2017.11.06-22.53.46:414][376]LogModuleManager: Shutting down and abandoning module MobilePatchingUtils (322)
[2017.11.06-22.53.46:414][376]LogModuleManager: Shutting down and abandoning module CustomMeshComponent (320)
[2017.11.06-22.53.46:414][376]LogModuleManager: Shutting down and abandoning module CableComponent (318)
[2017.11.06-22.53.46:420][376]LogModuleManager: Shutting down and abandoning module ArchVisCharacter (316)
[2017.11.06-22.53.46:420][376]LogModuleManager: Shutting down and abandoning module AndroidPermission (314)
[2017.11.06-22.53.46:420][376]LogModuleManager: Shutting down and abandoning module MediaPlayerEditor (310)
[2017.11.06-22.53.46:453][376]LogModuleManager: Shutting down and abandoning module HTML5Networking (308)
[2017.11.06-22.53.46:453][376]LogModuleManager: Shutting down and abandoning module AlembicImporter (306)
[2017.11.06-22.53.46:468][376]LogModuleManager: Shutting down and abandoning module AlembicLibrary (305)
[2017.11.06-22.53.46:468][376]LogModuleManager: Shutting down and abandoning module GeometryCache (304)
[2017.11.06-22.53.46:468][376]LogModuleManager: Shutting down and abandoning module GeometryCacheEd (303)
[2017.11.06-22.53.46:468][376]LogModuleManager: Shutting down and abandoning module SpeedTreeImporter (298)
[2017.11.06-22.53.46:468][376]LogModuleManager: Shutting down and abandoning module PluginBrowser (296)
[2017.11.06-22.53.46:595][376]LogModuleManager: Shutting down and abandoning module MobileLauncherProfileWizard (294)
[2017.11.06-22.53.46:601][376]LogModuleManager: Shutting down and abandoning module VisualStudioSourceCodeAccess (292)
[2017.11.06-22.53.46:606][376]LogModuleManager: Shutting down and abandoning module DesktopPlatform (291)
[2017.11.06-22.53.46:611][376]LogModuleManager: Shutting down and abandoning module UObjectPlugin (288)
[2017.11.06-22.53.46:612][376]LogModuleManager: Shutting down and abandoning module SubversionSourceControl (286)
[2017.11.06-22.53.46:616][376]LogModuleManager: Shutting down and abandoning module PerforceSourceControl (284)
[2017.11.06-22.53.46:626][376]LogModuleManager: Shutting down and abandoning module GitSourceControl (282)
[2017.11.06-22.53.46:641][376]LogModuleManager: Shutting down and abandoning module SourceControl (281)
[2017.11.06-22.53.46:656][376]LogModuleManager: Shutting down and abandoning module LightPropagationVolumeEditor (278)
[2017.11.06-22.53.46:656][376]LogModuleManager: Shutting down and abandoning module PaperTiledImporter (276)
[2017.11.06-22.53.46:656][376]LogModuleManager: Shutting down and abandoning module PaperSpriteSheetImporter (274)
[2017.11.06-22.53.46:656][376]LogModuleManager: Shutting down and abandoning module Paper2DEditor (272)
[2017.11.06-22.53.46:661][376]LogModuleManager: Shutting down and abandoning module MeshPaint (271)
[2017.11.06-22.53.46:673][376]LogModuleManager: Shutting down and abandoning module LevelEditor (269)
[2017.11.06-22.53.46:683][376]LogModuleManager: Shutting down and abandoning module PixelInspectorModule (268)
[2017.11.06-22.53.46:701][376]LogModuleManager: Shutting down and abandoning module MainFrame (266)
[2017.11.06-22.53.46:701][376]LogModuleManager: Shutting down and abandoning module HotReload (265)
[2017.11.06-22.53.46:713][376]LogModuleManager: Shutting down and abandoning module RuntimePhysXCooking (260)
[2017.11.06-22.53.46:713][376]LogModuleManager: Shutting down and abandoning module PhysXVehiclesEditor (258)
[2017.11.06-22.53.46:713][376]LogModuleManager: Shutting down and abandoning module PhysXVehicles (256)
[2017.11.06-22.53.46:713][376]LogModuleManager: Shutting down and abandoning module OculusEditor (254)
[2017.11.06-22.53.46:713][376]LogModuleManager: Shutting down and abandoning module LocationServicesBPLibrary (252)
[2017.11.06-22.53.46:713][376]LogModuleManager: Shutting down and abandoning module ImmediatePhysicsEditor (250)
[2017.11.06-22.53.46:713][376]LogModuleManager: Shutting down and abandoning module ImmediatePhysics (248)
[2017.11.06-22.53.46:726][376]LogModuleManager: Shutting down and abandoning module UdpMessaging (246)
[2017.11.06-22.53.46:826][376]LogModuleManager: Shutting down and abandoning module TcpMessaging (244)
[2017.11.06-22.53.46:955][376]LogModuleManager: Shutting down and abandoning module GameplayTagsEditor (242)
[2017.11.06-22.53.47:079][376]LogModuleManager: Shutting down and abandoning module FacialAnimationEditor (240)
[2017.11.06-22.53.47:079][376]LogModuleManager: Shutting down and abandoning module FacialAnimation (238)
[2017.11.06-22.53.47:079][376]LogModuleManager: Shutting down and abandoning module AssetManagerEditor (236)
[2017.11.06-22.53.47:106][376]LogModuleManager: Shutting down and abandoning module GraphEditor (235)
[2017.11.06-22.53.47:106][376]LogModuleManager: Shutting down and abandoning module ContentBrowser (233)
[2017.11.06-22.53.47:109][376]LogModuleManager: Shutting down and abandoning module LightPropagationVolumeRuntime (230)
[2017.11.06-22.53.47:109][376]LogModuleManager: Shutting down and abandoning module Paper2D (228)
[2017.11.06-22.53.47:113][376]LogModuleManager: Shutting down and abandoning module WindowsMoviePlayer (226)
[2017.11.06-22.53.47:125][376]LogModuleManager: Shutting down and abandoning module WmfMedia (224)
[2017.11.06-22.53.47:132][376]LogModuleManager: Shutting down and abandoning module PacketHandler (222)
[2017.11.06-22.53.47:132][376]LogModuleManager: Shutting down and abandoning module ClothingSystemEditor (220)
[2017.11.06-22.53.47:132][376]LogModuleManager: Shutting down and abandoning module ClothingSystemRuntime (218)
[2017.11.06-22.53.47:140][376]LogModuleManager: Shutting down and abandoning module Overlay (216)
[2017.11.06-22.53.47:140][376]LogModuleManager: Shutting down and abandoning module OverlayEditor (215)
[2017.11.06-22.53.47:140][376]LogModuleManager: Shutting down and abandoning module MediaAssets (212)
[2017.11.06-22.53.47:140][376]LogModuleManager: Shutting down and abandoning module VREditor (210)
[2017.11.06-22.53.47:157][376]LogModuleManager: Shutting down and abandoning module StringTableEditor (208)
[2017.11.06-22.53.47:164][376]LogModuleManager: Shutting down and abandoning module GameplayTasksEditor (206)
[2017.11.06-22.53.47:164][376]LogModuleManager: Shutting down and abandoning module BehaviorTreeEditor (204)
[2017.11.06-22.53.47:188][376]LogModuleManager: Shutting down and abandoning module FunctionalTesting (202)
[2017.11.06-22.53.47:188][376]LogModuleManager: Shutting down and abandoning module CollisionAnalyzer (200)
[2017.11.06-22.53.47:200][376]LogModuleManager: Shutting down and abandoning module WorkspaceMenuStructure (199)
[2017.11.06-22.53.47:201][376]LogModuleManager: Shutting down and abandoning module UMG (196)
[2017.11.06-22.53.47:201][376]LogModuleManager: Shutting down and abandoning module UMGEditor (195)
[2017.11.06-22.53.47:201][376]LogModuleManager: Shutting down and abandoning module Sequencer (194)
[2017.11.06-22.53.47:201][376]LogModuleManager: Shutting down and abandoning module MessageLog (191)
[2017.11.06-22.53.47:201][376]LogModuleManager: Shutting down and abandoning module SlateReflector (186)
[2017.11.06-22.53.47:233][376]LogModuleManager: Shutting down and abandoning module Slate (184)
[2017.11.06-22.53.47:233][376]LogModuleManager: Shutting down and abandoning module EditorStyle (182)
[2017.11.06-22.53.47:237][376]LogModuleManager: Shutting down and abandoning module MRMesh (180)
[2017.11.06-22.53.47:237][376]LogModuleManager: Shutting down and abandoning module SourceCodeAccess (178)
[2017.11.06-22.53.47:237][376]LogModuleManager: Shutting down and abandoning module HeadMountedDisplay (176)
[2017.11.06-22.53.47:237][376]LogModuleManager: Shutting down and abandoning module XAudio2 (174)
[2017.11.06-22.53.47:237][376]LogModuleManager: Shutting down and abandoning module Networking (172)
[2017.11.06-22.53.47:237][376]LogModuleManager: Shutting down and abandoning module Core (168)
[2017.11.06-22.53.47:237][376]LogModuleManager: Shutting down and abandoning module KismetCompiler (164)
[2017.11.06-22.53.47:237][376]LogModuleManager: Shutting down and abandoning module LevelSequence (162)
[2017.11.06-22.53.47:237][376]LogModuleManager: Shutting down and abandoning module MeshUtilities (160)
[2017.11.06-22.53.47:262][376]LogModuleManager: Shutting down and abandoning module MeshMergeUtilities (159)
[2017.11.06-22.53.47:269][376]LogModuleManager: Shutting down and abandoning module MeshReductionInterface (158)
[2017.11.06-22.53.47:269][376]LogModuleManager: Shutting down and abandoning module SimplygonSwarm (157)
[2017.11.06-22.53.47:280][376]LogModuleManager: Shutting down and abandoning module SimplygonMeshReduction (155)
[2017.11.06-22.53.47:280][376]LogModuleManager: Shutting down and abandoning module QuadricMeshReduction (153)
[2017.11.06-22.53.47:293][376]LogModuleManager: Shutting down and abandoning module MaterialBaking (149)
[2017.11.06-22.53.47:301][376]LogModuleManager: Shutting down and abandoning module DirectoryWatcher (146)
[2017.11.06-22.53.47:302][376]LogModuleManager: Shutting down and abandoning module DerivedDataCache (144)
[2017.11.06-22.53.47:367][376]LogDerivedDataCache: Shutdown
[2017.11.06-22.53.47:381][376]LogModuleManager: Shutting down and abandoning module TargetPlatform (142)
[2017.11.06-22.53.47:381][376]LogModuleManager: Shutting down and abandoning module VulkanShaderFormat (141)
[2017.11.06-22.53.47:393][376]LogModuleManager: Shutting down and abandoning module ShaderFormatVectorVM (139)
[2017.11.06-22.53.47:404][376]LogModuleManager: Shutting down and abandoning module ShaderFormatOpenGL (137)
[2017.11.06-22.53.47:409][376]LogModuleManager: Shutting down and abandoning module ShaderFormatD3D (135)
[2017.11.06-22.53.47:409][376]LogModuleManager: Shutting down and abandoning module MetalShaderFormat (133)
[2017.11.06-22.53.47:432][376]LogModuleManager: Shutting down and abandoning module TextureFormatUncompressed (131)
[2017.11.06-22.53.47:433][376]LogModuleManager: Shutting down and abandoning module TextureFormatPVR (129)
[2017.11.06-22.53.47:433][376]LogModuleManager: Shutting down and abandoning module TextureFormatDXT (127)
[2017.11.06-22.53.47:433][376]LogModuleManager: Shutting down and abandoning module TextureFormatIntelISPCTexComp (125)
[2017.11.06-22.53.47:438][376]LogModuleManager: Shutting down and abandoning module TextureFormatASTC (123)
[2017.11.06-22.53.47:438][376]LogModuleManager: Shutting down and abandoning module ImageWrapper (122)
[2017.11.06-22.53.47:438][376]LogModuleManager: Shutting down and abandoning module TextureFormatAndroid (119)
[2017.11.06-22.53.47:438][376]LogModuleManager: Shutting down and abandoning module AudioFormatOpus (117)
[2017.11.06-22.53.47:438][376]LogModuleManager: Shutting down and abandoning module AudioFormatOgg (115)
[2017.11.06-22.53.47:438][376]LogModuleManager: Shutting down and abandoning module AudioFormatADPCM (113)
[2017.11.06-22.53.47:438][376]LogModuleManager: Shutting down and abandoning module LinuxTargetPlatform (111)
[2017.11.06-22.53.47:438][376]LogModuleManager: Shutting down and abandoning module LinuxServerTargetPlatform (109)
[2017.11.06-22.53.47:438][376]LogModuleManager: Shutting down and abandoning module LinuxNoEditorTargetPlatform (107)
[2017.11.06-22.53.47:438][376]LogModuleManager: Shutting down and abandoning module LinuxClientTargetPlatform (105)
[2017.11.06-22.53.47:438][376]LogModuleManager: Shutting down and abandoning module TVOSTargetPlatform (103)
[2017.11.06-22.53.47:438][376]LogModuleManager: Shutting down and abandoning module Messaging (101)
[2017.11.06-22.53.47:438][376]LogModuleManager: Shutting down and abandoning module IOSTargetPlatform (99)
[2017.11.06-22.53.47:438][376]LogModuleManager: Shutting down and abandoning module HTML5TargetPlatform (97)
[2017.11.06-22.53.47:438][376]LogModuleManager: Shutting down and abandoning module Android_PVRTCTargetPlatform (95)
[2017.11.06-22.53.47:438][376]LogModuleManager: Shutting down and abandoning module Android_MultiTargetPlatform (93)
[2017.11.06-22.53.47:438][376]LogModuleManager: Shutting down and abandoning module Android_ETC2TargetPlatform (91)
[2017.11.06-22.53.47:438][376]LogModuleManager: Shutting down and abandoning module Android_ETC1TargetPlatform (89)
[2017.11.06-22.53.47:438][376]LogModuleManager: Shutting down and abandoning module Android_DXTTargetPlatform (87)
[2017.11.06-22.53.47:438][376]LogModuleManager: Shutting down and abandoning module Android_ATCTargetPlatform (85)
[2017.11.06-22.53.47:438][376]LogModuleManager: Shutting down and abandoning module Android_ASTCTargetPlatform (83)
[2017.11.06-22.53.47:438][376]LogModuleManager: Shutting down and abandoning module AndroidTargetPlatform (81)
[2017.11.06-22.53.47:438][376]LogModuleManager: Shutting down and abandoning module WindowsTargetPlatform (79)
[2017.11.06-22.53.47:439][376]LogModuleManager: Shutting down and abandoning module WindowsServerTargetPlatform (77)
[2017.11.06-22.53.47:439][376]LogModuleManager: Shutting down and abandoning module WindowsNoEditorTargetPlatform (75)
[2017.11.06-22.53.47:439][376]LogModuleManager: Shutting down and abandoning module WindowsClientTargetPlatform (73)
[2017.11.06-22.53.47:439][376]LogModuleManager: Shutting down and abandoning module MacTargetPlatform (71)
[2017.11.06-22.53.47:439][376]LogModuleManager: Shutting down and abandoning module MacServerTargetPlatform (69)
[2017.11.06-22.53.47:439][376]LogModuleManager: Shutting down and abandoning module MacNoEditorTargetPlatform (67)
[2017.11.06-22.53.47:439][376]LogModuleManager: Shutting down and abandoning module MacClientTargetPlatform (65)
[2017.11.06-22.53.47:439][376]LogModuleManager: Shutting down and abandoning module AllDesktopTargetPlatform (63)
[2017.11.06-22.53.47:439][376]LogModuleManager: Shutting down and abandoning module InputCore (60)
[2017.11.06-22.53.47:439][376]LogModuleManager: Shutting down and abandoning module Settings (58)
[2017.11.06-22.53.47:439][376]LogModuleManager: Shutting down and abandoning module PhysXCooking (56)
[2017.11.06-22.53.47:439][376]LogModuleManager: Shutting down and abandoning module SteamVR (54)
[2017.11.06-22.53.47:439][376]LogModuleManager: Shutting down and abandoning module OculusHMD (52)
[2017.11.06-22.53.47:443][376]LogModuleManager: Shutting down and abandoning module ExampleDeviceProfileSelector (50)
[2017.11.06-22.53.47:443][376]LogModuleManager: Shutting down and abandoning module OnlineBlueprintSupport (48)
[2017.11.06-22.53.47:443][376]LogModuleManager: Shutting down and abandoning module OnlineSubsystem (44)
[2017.11.06-22.53.47:443][376]LogOnline: Display: Unloading online subsystem: NULL
[2017.11.06-22.53.47:470][376]LogModuleManager: Shutting down and abandoning module XMPP (43)
[2017.11.06-22.53.47:482][376]LogModuleManager: Shutting down and abandoning module HTTP (41)
[2017.11.06-22.53.47:482][376]LogHttp: Display: Http module shutting down, but needs to wait on 1 outstanding Http requests:
[2017.11.06-22.53.47:491][376]LogHttp: Display: 	verb=[POST] url=[https://datarouter.ol.epicgames.com/datarouter/api/v1/public/data?SessionID=%7B5A973A93-4554-10D3-EEA4-30B3FE79D0A1%7D&AppID=UEEditor.Rocket.Release&AppVersion=4.17.1-3586342%2B%2B%2BUE4%2BRelease-4.17&UserID=3691cf284ca1f1681c3051979cb06f41%7C88057b4134714c0f98d798880975d3e9%7C75c10d2f-5615-4ca6-9c94-8a26968e32be&AppEnvironment=datacollector-binary&UploadType=eteventstream] status=Processing
[2017.11.06-22.53.47:500][376]LogModuleManager: Shutting down and abandoning module SSL (40)
[2017.11.06-22.53.47:515][376]LogModuleManager: Shutting down and abandoning module AnimationModifiers (36)
[2017.11.06-22.53.47:521][376]LogModuleManager: Shutting down and abandoning module PropertyEditor (35)
[2017.11.06-22.53.47:521][376]LogModuleManager: Shutting down and abandoning module AudioEditor (32)
[2017.11.06-22.53.47:552][376]LogModuleManager: Shutting down and abandoning module TextureCompressor (30)
[2017.11.06-22.53.47:553][376]LogModuleManager: Shutting down and abandoning module ShaderCore (28)
[2017.11.06-22.53.47:553][376]LogModuleManager: Shutting down and abandoning module Landscape (26)
[2017.11.06-22.53.47:553][376]LogModuleManager: Shutting down and abandoning module SlateRHIRenderer (24)
[2017.11.06-22.53.47:569][376]LogModuleManager: Shutting down and abandoning module OpenGLDrv (22)
[2017.11.06-22.53.47:582][376]LogModuleManager: Shutting down and abandoning module D3D11RHI (20)
[2017.11.06-22.53.47:582][376]LogModuleManager: Shutting down and abandoning module AnimGraphRuntime (18)
[2017.11.06-22.53.47:594][376]LogModuleManager: Shutting down and abandoning module Renderer (16)
[2017.11.06-22.53.47:594][376]LogModuleManager: Shutting down and abandoning module Engine (14)
[2017.11.06-22.53.47:594][376]LogModuleManager: Shutting down and abandoning module CoreUObject (12)
[2017.11.06-22.53.47:594][376]LogModuleManager: Shutting down and abandoning module NetworkFile (10)
[2017.11.06-22.53.47:594][376]LogModuleManager: Shutting down and abandoning module CookedIterativeFile (8)
[2017.11.06-22.53.47:594][376]LogModuleManager: Shutting down and abandoning module StreamingFile (6)
[2017.11.06-22.53.47:595][376]LogModuleManager: Shutting down and abandoning module SandboxFile (4)
[2017.11.06-22.53.47:595][376]LogModuleManager: Shutting down and abandoning module PakFile (2)
[2017.11.06-22.53.47:629][376]LogExit: Exiting.
[2017.11.06-22.53.47:666][376]Log file closed, 11/06/17 18:53:47
