Log file open, 11/22/17 18:19:20
LogWindows: LoadLibraryWithSearchPaths failed for file aqProf.dll. GetLastError=0
LogWindows: LoadLibraryWithSearchPaths failed for file VSPerf140.dll. GetLastError=0
LogWindows: LoadLibraryWithSearchPaths failed for file VtuneApi.dll. GetLastError=0
LogWindows: LoadLibraryWithSearchPaths failed for file VtuneApi32e.dll. GetLastError=0
LogInit: Display: Running engine for game: InfiniteJumperMF
LogPlatformFile: Not using cached read wrapper
LogInit: Display: RandInit(1743503217) SRandInit(1743503217).
LogTaskGraph: Started task graph with 5 named threads and 14 total threads with 3 sets of task threads.
LogStats: Stats thread started at 8.328179
LogD3D11RHI: Aftermath initialized
LogPluginManager: Mounting plugin Paper2D
LogPluginManager: Mounting plugin LightPropagationVolume
LogPluginManager: Mounting plugin CodeLiteSourceCodeAccess
LogPluginManager: Mounting plugin GitSourceControl
LogPluginManager: Mounting plugin KDevelopSourceCodeAccess
LogPluginManager: Mounting plugin NullSourceCodeAccess
LogPluginManager: Mounting plugin PerforceSourceControl
LogPluginManager: Mounting plugin SubversionSourceControl
LogPluginManager: Mounting plugin UObjectPlugin
LogPluginManager: Mounting plugin VisualStudioSourceCodeAccess
LogPluginManager: Mounting plugin XCodeSourceCodeAccess
LogPluginManager: Mounting plugin AssetManagerEditor
LogPluginManager: Mounting plugin AudioCapture
LogPluginManager: Mounting plugin FacialAnimation
LogPluginManager: Mounting plugin GameplayTagsEditor
LogPluginManager: Mounting plugin MobileLauncherProfileWizard
LogPluginManager: Mounting plugin PluginBrowser
LogPluginManager: Mounting plugin SpeedTreeImporter
LogPluginManager: Mounting plugin AlembicImporter
LogPluginManager: Mounting plugin CharacterAI
LogPluginManager: Mounting plugin HTML5Networking
LogPluginManager: Mounting plugin AndroidMedia
LogPluginManager: Mounting plugin AvfMedia
LogPluginManager: Mounting plugin MediaPlayerEditor
LogPluginManager: Mounting plugin WmfMedia
LogPluginManager: Mounting plugin TcpMessaging
LogPluginManager: Mounting plugin UdpMessaging
LogPluginManager: Mounting plugin LevelSequenceEditor
LogPluginManager: Mounting plugin MatineeToLevelSequence
LogPluginManager: Mounting plugin OnlineSubsystemGooglePlay
LogPluginManager: Mounting plugin OnlineSubsystemIOS
LogPluginManager: Mounting plugin OnlineSubsystem
LogPluginManager: Mounting plugin OnlineSubsystemNull
LogPluginManager: Mounting plugin OnlineSubsystemUtils
LogPluginManager: Mounting plugin AndroidDeviceProfileSelector
LogPluginManager: Mounting plugin AndroidMoviePlayer
LogPluginManager: Mounting plugin AndroidPermission
LogPluginManager: Mounting plugin AppleMoviePlayer
LogPluginManager: Mounting plugin ArchVisCharacter
LogPluginManager: Mounting plugin CableComponent
LogPluginManager: Mounting plugin CustomMeshComponent
LogPluginManager: Mounting plugin ExampleDeviceProfileSelector
LogPluginManager: Mounting plugin GoogleCloudMessaging
LogPluginManager: Mounting plugin ImmediatePhysics
LogPluginManager: Mounting plugin IOSDeviceProfileSelector
LogPluginManager: Mounting plugin LinuxDeviceProfileSelector
LogPluginManager: Mounting plugin LocationServicesBPLibrary
LogPluginManager: Mounting plugin MobilePatchingUtils
LogPluginManager: Mounting plugin OculusVR
LogPluginManager: Mounting plugin PhysXVehicles
LogPluginManager: Mounting plugin ProceduralMeshComponent
LogPluginManager: Mounting plugin RuntimePhysXCooking
LogPluginManager: Mounting plugin SteamVR
LogPluginManager: Mounting plugin WindowsMoviePlayer
LogInit: Using libcurl 7.47.1
LogInit:  - built for x86_64-pc-win32
LogInit:  - supports SSL with OpenSSL/1.0.2g
LogInit:  - supports HTTP deflate (compression) using libz 1.2.8
LogInit:  - other features:
LogInit:      CURL_VERSION_SSL
LogInit:      CURL_VERSION_LIBZ
LogInit:      CURL_VERSION_IPV6
LogInit:      CURL_VERSION_ASYNCHDNS
LogInit:      CURL_VERSION_LARGEFILE
LogInit:      CURL_VERSION_IDN
LogInit:  CurlRequestOptions (configurable via config and command line):
LogInit:  - bVerifyPeer = false  - Libcurl will NOT verify peer certificate
LogInit:  - bUseHttpProxy = false  - Libcurl will NOT use HTTP proxy
LogInit:  - bDontReuseConnections = false  - Libcurl will reuse connections
LogInit:  - CertBundlePath = nullptr  - Libcurl will use whatever was configured at build time.
LogInit: Build: ++UE4+Release-4.17-CL-3586342
LogInit: Engine Version: 4.17.1-3586342+++UE4+Release-4.17
LogInit: Compatible Engine Version: 4.17.0-3573198+++UE4+Release-4.17
LogInit: Net CL: 3573198
LogDevObjectVersion: Number of dev versions registered: 16
LogDevObjectVersion:   Dev-Blueprints (B0D832E4-1F89-4F0D-ACCF-7EB736FD4AA2): 10
LogDevObjectVersion:   Dev-Build (E1C64328-A22C-4D53-A36C-8E866417BD8C): 0
LogDevObjectVersion:   Dev-Core (375EC13C-06E4-48FB-B500-84F0262A717E): 2
LogDevObjectVersion:   Dev-Editor (E4B068ED-F494-42E9-A231-DA0B2E46BB41): 20
LogDevObjectVersion:   Dev-Framework (CFFC743F-43B0-4480-9391-14DF171D2073): 28
LogDevObjectVersion:   Dev-Mobile (B02B49B5-BB20-44E9-A304-32B752E40360): 0
LogDevObjectVersion:   Dev-Networking (A4E4105C-59A1-49B5-A7C5-40C4547EDFEE): 0
LogDevObjectVersion:   Dev-Online (39C831C9-5AE6-47DC-9A44-9C173E1C8E7C): 0
LogDevObjectVersion:   Dev-Physics (78F01B33-EBEA-4F98-B9B4-84EACCB95AA2): 0
LogDevObjectVersion:   Dev-Platform (6631380F-2D4D-43E0-8009-CF276956A95A): 0
LogDevObjectVersion:   Dev-Rendering (12F88B9F-8875-4AFC-A67C-D90C383ABD29): 19
LogDevObjectVersion:   Dev-Sequencer (7B5AE74C-D270-4C10-A958-57980B212A5A): 4
LogDevObjectVersion:   Dev-VR (D7296918-1DD6-4BDD-9DE2-64A83CC13884): 0
LogDevObjectVersion:   Dev-LoadTimes (C2A15278-BFE7-4AFE-6C17-90FF531DF755): 1
LogDevObjectVersion:   Private-Geometry (6EACA3D4-40EC-4CC1-B786-8BED09428FC5): 1
LogDevObjectVersion:   Dev-AnimPhys (29E575DD-E0A3-4627-9D10-D276232CDCEA): 7
LogInit: Compiled (64-bit): Aug 15 2017 02:05:26
LogInit: Compiled with Visual C++: 19.00.24215.01
LogInit: Build Configuration: Development
LogInit: Branch Name: ++UE4+Release-4.17
LogInit: Command line:  
LogInit: Base directory: C:/Program Files/Epic Games/UE_4.17/Engine/Binaries/Win64/
LogInit: Installed Engine Build: 1
LogInit: Presizing for max 8388607 objects, including 0 objects not considered by GC, pre-allocating 0 bytes for permanent pool.
LogInit: Object subsystem initialized
[2017.11.22-22.19.23:041][  0]LogInit: Selected Device Profile: [Windows]
[2017.11.22-22.19.23:041][  0]LogInit: Applying CVar settings loaded from the selected device profile: [Windows]
[2017.11.22-22.19.23:322][  0]LogInit: Computer: LAPTOP-FV6L4TLG
[2017.11.22-22.19.23:322][  0]LogInit: User: kreye
[2017.11.22-22.19.23:322][  0]LogInit: CPU Page size=4096, Cores=4
[2017.11.22-22.19.23:322][  0]LogInit: High frequency timer resolution =2.339359 MHz
[2017.11.22-22.19.23:323][  0]LogMemory: Memory total: Physical=11.5GB (12GB approx)
[2017.11.22-22.19.23:323][  0]LogMemory: Platform Memory Stats for Windows
[2017.11.22-22.19.23:323][  0]LogMemory: Process Physical Memory: 277.57 MB used, 277.57 MB peak
[2017.11.22-22.19.23:323][  0]LogMemory: Process Virtual Memory: 274.05 MB used, 274.05 MB peak
[2017.11.22-22.19.23:323][  0]LogMemory: Physical Memory: 3627.25 MB used,  8115.87 MB free, 11743.12 MB total
[2017.11.22-22.19.23:323][  0]LogMemory: Virtual Memory: 667.88 MB used,  8115.87 MB free, 134217728.00 MB total
[2017.11.22-22.19.24:669][  0]LogInit: Using OS detected language (en-US).
[2017.11.22-22.19.24:670][  0]LogInit: Using OS detected locale (en-US).
[2017.11.22-22.19.24:934][  0]LogTextLocalizationManager: No specific localization for 'en-US' exists, so the 'en' localization will be used.
[2017.11.22-22.19.42:435][  0]LogD3D11RHI: D3D11 adapters:
[2017.11.22-22.19.42:512][  0]LogD3D11RHI:    0. 'AMD Radeon(TM) R5 Graphics' (Feature Level 11_0)
[2017.11.22-22.19.42:512][  0]LogD3D11RHI:       499/0/5871 MB DedicatedVideo/DedicatedSystem/SharedSystem, Outputs:1, VendorId:0x1002
[2017.11.22-22.19.42:518][  0]LogD3D11RHI:    1. 'Microsoft Basic Render Driver' (Feature Level 11_0)
[2017.11.22-22.19.42:518][  0]LogD3D11RHI:       0/0/5871 MB DedicatedVideo/DedicatedSystem/SharedSystem, Outputs:0, VendorId:0x1414
[2017.11.22-22.19.42:518][  0]LogD3D11RHI: Chosen D3D11 Adapter: 0
[2017.11.22-22.19.42:544][  0]LogD3D11RHI: Creating new Direct3DDevice
[2017.11.22-22.19.42:544][  0]LogD3D11RHI:     GPU DeviceId: 0x9874 (for the marketing name, search the web for "GPU Device Id")
[2017.11.22-22.19.42:544][  0]LogWindows: EnumDisplayDevices:
[2017.11.22-22.19.42:545][  0]LogWindows:    0. 'AMD Radeon(TM) R5 Graphics' (P:1 D:1)
[2017.11.22-22.19.42:546][  0]LogWindows:    1. 'AMD Radeon(TM) R5 Graphics' (P:0 D:0)
[2017.11.22-22.19.42:548][  0]LogWindows:    2. 'AMD Radeon(TM) R5 Graphics' (P:0 D:0)
[2017.11.22-22.19.42:548][  0]LogWindows: DebugString: FoundDriverCount:3 
[2017.11.22-22.19.42:548][  0]LogD3D11RHI:     Adapter Name: AMD Radeon(TM) R5 Graphics
[2017.11.22-22.19.42:548][  0]LogD3D11RHI:   Driver Version: Crimson 16.6 (internal:16.300.2701.0, unified:16.300.2701.0)
[2017.11.22-22.19.42:549][  0]LogD3D11RHI:      Driver Date: 8-9-2016
[2017.11.22-22.19.42:549][  0]LogRHI: Texture pool is 349 MB (70% of 499 MB)
[2017.11.22-22.19.42:780][  0]LogD3D11RHI: Async texture creation enabled
[2017.11.22-22.19.42:836][  0]LogD3D11RHI: GPU Timing Frequency: 100.000000 (Debug: 2 1)
[2017.11.22-22.19.42:839][  0]LogShaderCompilers: Guid format shader working directory is 27 characters bigger than the processId version (G:/GitHub/JuegoRise/Intermediate/Shaders/WorkingDirectory/2708/).
[2017.11.22-22.19.42:840][  0]LogShaderCompilers: Cleaned the shader compiler working directory 'C:/Users/kreye/AppData/Local/Temp/UnrealShaderWorkingDir/76DF39914DD639E815E6B1B356F15F52/'.
[2017.11.22-22.19.42:840][  0]LogShaderCompilers: Display: Using Local Shader Compiler.
[2017.11.22-22.19.54:360][  0]LogTemp: Display: Loaded TP AllDesktopTargetPlatform
[2017.11.22-22.19.54:663][  0]LogTemp: Display: Loaded TP MacClientTargetPlatform
[2017.11.22-22.19.54:908][  0]LogTemp: Display: Loaded TP MacNoEditorTargetPlatform
[2017.11.22-22.19.55:203][  0]LogTemp: Display: Loaded TP MacServerTargetPlatform
[2017.11.22-22.19.55:653][  0]LogTemp: Display: Loaded TP MacTargetPlatform
[2017.11.22-22.19.56:033][  0]LogTemp: Display: Loaded TP WindowsClientTargetPlatform
[2017.11.22-22.19.56:415][  0]LogTemp: Display: Loaded TP WindowsNoEditorTargetPlatform
[2017.11.22-22.19.56:703][  0]LogTemp: Display: Loaded TP WindowsServerTargetPlatform
[2017.11.22-22.19.57:028][  0]LogTemp: Display: Loaded TP WindowsTargetPlatform
[2017.11.22-22.19.57:352][  0]LogTemp: Display: Loaded TP AndroidTargetPlatform
[2017.11.22-22.19.57:678][  0]LogTemp: Display: Loaded TP Android_ASTCTargetPlatform
[2017.11.22-22.19.58:008][  0]LogTemp: Display: Loaded TP Android_ATCTargetPlatform
[2017.11.22-22.19.58:285][  0]LogTemp: Display: Loaded TP Android_DXTTargetPlatform
[2017.11.22-22.19.58:608][  0]LogTemp: Display: Loaded TP Android_ETC1TargetPlatform
[2017.11.22-22.19.58:860][  0]LogTemp: Display: Loaded TP Android_ETC2TargetPlatform
[2017.11.22-22.19.59:396][  0]LogTemp: Display: Loaded TP Android_MultiTargetPlatform
[2017.11.22-22.19.59:396][  0]LogTemp: Display: Loaded TP Android_PVRTCTargetPlatform
[2017.11.22-22.19.59:660][  0]LogTemp: Display: Loaded TP HTML5TargetPlatform
[2017.11.22-22.20.00:202][  0]LogTemp: Display: Loaded TP IOSTargetPlatform
[2017.11.22-22.20.00:364][  0]LogTemp: Display: Loaded TP TVOSTargetPlatform
[2017.11.22-22.20.00:637][  0]LogTemp: Display: Loaded TP LinuxClientTargetPlatform
[2017.11.22-22.20.00:960][  0]LogTemp: Display: Loaded TP LinuxNoEditorTargetPlatform
[2017.11.22-22.20.01:333][  0]LogTemp: Display: Loaded TP LinuxServerTargetPlatform
[2017.11.22-22.20.01:664][  0]LogTemp: Display: Loaded TP LinuxTargetPlatform
[2017.11.22-22.20.01:665][  0]LogTargetPlatformManager: Display: Building Assets For Windows
[2017.11.22-22.20.05:147][  0]LogDerivedDataCache: Display: Max Cache Size: 512 MB
[2017.11.22-22.20.05:874][  0]LogDerivedDataCache: Loaded boot cache 0.73s 93MB C:/Users/kreye/AppData/Local/UnrealEngine/4.17/DerivedDataCache/Boot.ddc.
[2017.11.22-22.20.05:875][  0]LogDerivedDataCache: Display: Loaded Boot cache: C:/Users/kreye/AppData/Local/UnrealEngine/4.17/DerivedDataCache/Boot.ddc
[2017.11.22-22.20.05:875][  0]LogDerivedDataCache: FDerivedDataBackendGraph:  Pak pak cache file G:/GitHub/JuegoRise/DerivedDataCache/DDC.ddp not found, will not use a pak cache.
[2017.11.22-22.20.05:875][  0]LogDerivedDataCache: Unable to find inner node Pak for hierarchical cache Hierarchy.
[2017.11.22-22.20.05:875][  0]LogDerivedDataCache: FDerivedDataBackendGraph:  CompressedPak pak cache file G:/GitHub/JuegoRise/DerivedDataCache/Compressed.ddp not found, will not use a pak cache.
[2017.11.22-22.20.05:875][  0]LogDerivedDataCache: Unable to find inner node CompressedPak for hierarchical cache Hierarchy.
[2017.11.22-22.20.05:939][  0]LogDerivedDataCache: Display: Pak cache opened for reading ../../../Engine/DerivedDataCache/Compressed.ddp.
[2017.11.22-22.20.05:954][  0]LogDerivedDataCache: Using Local data cache path C:/Users/kreye/AppData/Local/UnrealEngine/Common/DerivedDataCache: Writable
[2017.11.22-22.20.05:979][  0]LogMaterial: Verifying Global Shaders for PCD3D_SM5
[2017.11.22-22.20.05:998][  0]LogSlate: Using Freetype 2.6.0
[2017.11.22-22.20.06:064][  0]LogSlate: SlateFontCache - WITH_FREETYPE: 1, WITH_HARFBUZZ: 1
[2017.11.22-22.20.06:064][  0]LogSlate: SlateFontCache - WITH_FREETYPE: 1, WITH_HARFBUZZ: 1
[2017.11.22-22.20.10:300][  0]LogAssetRegistry: FAssetRegistry took 0.0331 seconds to start up
[2017.11.22-22.20.10:718][  0]LogInit: Selected Device Profile: [Windows]
[2017.11.22-22.20.13:046][  0]LogContentStreaming: Texture pool size is 0.00 MB
[2017.11.22-22.20.15:891][  0]LogSimplygon: Simplygon DLL not present - disabling.
[2017.11.22-22.20.16:269][  0]LogMeshReduction: Using SimplygonSwarm for distributed automatic mesh merging
[2017.11.22-22.20.16:284][  0]LogMeshReduction: Using QuadricMeshReduction for automatic static mesh reduction
[2017.11.22-22.20.16:284][  0]LogMeshReduction: No automatic skeletal mesh reduction module available
[2017.11.22-22.20.16:284][  0]LogMeshReduction: No automatic mesh merging module available
[2017.11.22-22.20.16:284][  0]LogMeshMerging: No automatic mesh merging module available
[2017.11.22-22.20.21:257][  0]LogNetVersion: InfiniteJumperMF , NetCL: 3573198, EngineNetVer: 2, GameNetVer: 0 (Checksum: 767604215)
[2017.11.22-22.20.24:118][  0]LogPackageLocalizationCache: Processed 5 localized package path(s) for 2 prioritized culture(s) in 0.712100 seconds
[2017.11.22-22.20.24:138][  0]LogUObjectArray: 35825 objects as part of root set at end of initial load.
[2017.11.22-22.20.24:139][  0]LogUObjectAllocator: 7529112 out of 0 bytes used by permanent object pool.
[2017.11.22-22.20.24:139][  0]LogUObjectArray: CloseDisregardForGC: 0/0 objects in disregard for GC pool
[2017.11.22-22.20.24:660][  0]LogInit: WinSock: version 1.1 (2.2), MaxSocks=32767, MaxUdp=65467
[2017.11.22-22.21.20:686][  0]LogTcpMessaging: Initializing TcpMessaging bridge
[2017.11.22-22.21.20:857][  0]LogUdpMessaging: Initializing bridge on interface 0.0.0.0:0 to multicast group 230.0.0.1:6666.
[2017.11.22-22.21.20:859][  0]FUdpSocketBuilder: Failed to subscribe UdpMessageMulticastSocket to multicast group 230.0.0.1
[2017.11.22-22.21.20:859][  0]FUdpSocketBuilder: Failed to create and initialize socket UdpMessageMulticastSocket (last error: 0)
[2017.11.22-22.21.20:859][  0]LogUdpMessaging: Warning: StartTransport failed to create multicast socket on 0.0.0.0:0, joined to 230.0.0.1:6666 with TTL 1
[2017.11.22-22.21.23:426][  0]LogMaterial: Uniform references updated for custom material expression Custom.
[2017.11.22-22.21.24:839][  0]SourceControl: Source control is disabled
[2017.11.22-22.21.24:839][  0]SourceControl: Source control is disabled
[2017.11.22-22.21.25:005][  0]SourceControl: Source control is disabled
[2017.11.22-22.21.25:503][  0]SourceControl: Source control is disabled
[2017.11.22-22.21.28:239][  0]LogAndroidPermission: UAndroidPermissionCallbackProxy::GetInstance
[2017.11.22-22.21.29:237][  0]LogOcInput: OculusInput pre-init called
[2017.11.22-22.21.30:463][  0]LogEngine: Initializing Engine...
[2017.11.22-22.21.30:467][  0]LogHMD: Failed to initialize OpenVR with code 110
[2017.11.22-22.21.31:186][  0]LogStats: UGameplayTagsManager::ConstructGameplayTagTree: Construct from data asset -  0.000 s
[2017.11.22-22.21.31:187][  0]LogStats: UGameplayTagsManager::ConstructGameplayTagTree: GameplayTagTreeChangedEvent.Broadcast -  0.000 s
[2017.11.22-22.21.31:757][  0]LogAIModule: Creating AISystem for world Untitled
[2017.11.22-22.21.31:941][  0]LogInit: XAudio2 using 'Speaker/Headphone (Realtek High Definition Audio)' : 2 channels at 48 kHz using 32 bits per sample (channel mask 0x3)
[2017.11.22-22.21.32:235][  0]LogInit: FAudioDevice initialized.
[2017.11.22-22.21.33:225][  0]LogDerivedDataCache: Saved boot cache 0.99s 93MB C:/Users/kreye/AppData/Local/UnrealEngine/4.17/DerivedDataCache/Boot.ddc.
[2017.11.22-22.21.33:308][  0]LogInit: Texture streaming: Enabled
[2017.11.22-22.21.33:812][  0]LogEngineSessionManager: EngineSessionManager initialized
[2017.11.22-22.21.35:891][  0]LogInit: Transaction tracking system initialized
[2017.11.22-22.21.38:362][  0]BlueprintLog: New page: Editor Load
[2017.11.22-22.21.43:970][  0]LocalizationService: Localization service is disabled
[2017.11.22-22.21.48:271][  0]LogConsoleResponse: Display: 
[2017.11.22-22.21.49:005][  0]LogCook: Display: Max memory allowance for cook 16384mb min free memory 0mb
[2017.11.22-22.21.49:005][  0]LogCook: Display: Mobile HDR setting 1
[2017.11.22-22.21.49:005][  0]LogGameplayTags: Display: UGameplayTagsManager::DoneAddingNativeTags. DelegateIsBound: 0
[2017.11.22-22.21.49:823][  0]LogFileCache: Scanning file cache for directory 'G:/GitHub/JuegoRise/Content/' took 0.04s
[2017.11.22-22.21.56:132][  0]SourceControl: Source control is disabled
[2017.11.22-22.21.56:132][  0]Cmd: MAP LOAD FILE="G:/GitHub/JuegoRise/Content/SideScrollerBP/Maps/InfiniteJumper.umap" TEMPLATE=0 SHOWPROGRESS=1 FEATURELEVEL=3
[2017.11.22-22.21.56:134][  0]LightingResults: New page: Lighting Build
[2017.11.22-22.21.56:392][  0]MapCheck: New page: Map Check
[2017.11.22-22.21.56:392][  0]LightingResults: New page: Lighting Build
[2017.11.22-22.21.59:956][  0]LogLinker: Warning: Can't find file '/Game/StarterContent/Props/Materials/M_Rock'
[2017.11.22-22.21.59:957][  0]LogLinker: Warning: Can't find file for asset '/Game/StarterContent/Props/Materials/M_Rock' while loading G:/GitHub/JuegoRise/Content/SideScrollerBP/3DModels/Rise_Floor_M.uasset.
[2017.11.22-22.21.59:957][  0]LoadErrors: Error: /Game/SideScrollerBP/3DModels/Rise_Floor_M : Can't find file for asset. /Game/StarterContent/Props/Materials/M_Rock
[2017.11.22-22.21.59:961][  0]LogLinker: Warning: Can't find file '/Game/StarterContent/Props/Materials/M_Rock'
[2017.11.22-22.21.59:962][  0]LogLinker: Warning: Can't find file for asset '/Game/StarterContent/Props/Materials/M_Rock' while loading G:/GitHub/JuegoRise/Content/SideScrollerBP/3DModels/Rise_Floor_M.uasset.
[2017.11.22-22.21.59:962][  0]LoadErrors: Error: /Game/SideScrollerBP/3DModels/Rise_Floor_M : Can't find file for asset. /Game/StarterContent/Props/Materials/M_Rock
[2017.11.22-22.22.00:157][  0]LogBlueprint: Warning: [HighScoreSaveSlot] 'UserIndex' variable not found. Base class was probably changed.
[2017.11.22-22.22.03:397][  0]LogLinker: Warning: Can't find file '/Game/StarterContent/Props/Materials/M_Rock'
[2017.11.22-22.22.03:397][  0]LoadErrors: Failed to load /Game/StarterContent/Props/Materials/M_Rock.M_Rock Referenced by Rise_Floor_M
[2017.11.22-22.22.03:398][  0]LogLinker: Warning: Can't find file for asset '/Game/StarterContent/Props/Materials/M_Rock' while loading NULL.
[2017.11.22-22.22.03:398][  0]LoadErrors: Failed to load /Game/StarterContent/Props/Materials/M_Rock.M_Rock Referenced by Rise_Floor_M
[2017.11.22-22.22.03:398][  0]LogLinker: Warning: Can't find file '/Game/StarterContent/Props/Materials/M_Rock'
[2017.11.22-22.22.03:398][  0]LoadErrors: Failed to load /Game/StarterContent/Props/Materials/M_Rock.M_Rock Referenced by Rise_Floor_M
[2017.11.22-22.22.03:399][  0]LogLinker: Warning: Can't find file for asset '/Game/StarterContent/Props/Materials/M_Rock' while loading NULL.
[2017.11.22-22.22.03:399][  0]LoadErrors: Failed to load /Game/StarterContent/Props/Materials/M_Rock.M_Rock Referenced by Rise_Floor_M
[2017.11.22-22.22.06:350][  0]LogAIModule: Creating AISystem for world InfiniteJumper
[2017.11.22-22.22.06:393][  0]LogEditorServer: Finished looking for orphan Actors (0.000 secs)
[2017.11.22-22.22.07:003][  0]Cmd: MAP CHECKDEP NOCLEARLOG
[2017.11.22-22.22.07:254][  0]MapCheck: Map check complete: 0 Error(s), 0 Warning(s), took 250.485ms to complete.
[2017.11.22-22.22.07:255][  0]LogFileHelpers: Loading map 'InfiniteJumper' took 11.123
[2017.11.22-22.22.07:745][  0]LogCollectionManager: Loaded 0 collections in 0.004907 seconds
[2017.11.22-22.22.07:982][  0]LogFileCache: Scanning file cache for directory 'G:/GitHub/JuegoRise/Saved/Collections/' took 0.01s
[2017.11.22-22.22.07:982][  0]LogFileCache: Scanning file cache for directory 'G:/GitHub/JuegoRise/Content/Developers/kreye/Collections/' took 0.01s
[2017.11.22-22.22.07:982][  0]LogFileCache: Scanning file cache for directory 'G:/GitHub/JuegoRise/Content/Collections/' took 0.01s
[2017.11.22-22.22.07:982][  0]LogCollectionManager: Rebuilt the GUID cache for 0 collections in 0.000001 seconds
[2017.11.22-22.22.08:009][  0]LogContentBrowser: Native class hierarchy populated in 0.0248 seconds. Added 2386 classes and 500 folders.
[2017.11.22-22.22.08:257][  0]LogContentBrowser: Native class hierarchy updated for 'WidgetCarousel' in 0.0024 seconds. Added 0 classes and 0 folders.
[2017.11.22-22.22.17:053][  0]LogContentBrowser: Native class hierarchy updated for 'AddContentDialog' in 0.0029 seconds. Added 0 classes and 0 folders.
[2017.11.22-22.22.17:236][  0]LogContentBrowser: Native class hierarchy updated for 'SceneOutliner' in 0.0039 seconds. Added 1 classes and 2 folders.
[2017.11.22-22.22.17:363][  0]LogSlate: Took 0.058975 seconds to synchronously load lazily loaded font '../../../Engine/Content/Slate/Fonts/Roboto-Regular.ttf' (155K)
[2017.11.22-22.22.17:390][  0]LogSlate: Took 0.022400 seconds to synchronously load lazily loaded font '../../../Engine/Content/Slate/Fonts/Roboto-Bold.ttf' (160K)
[2017.11.22-22.22.17:432][  0]LogSlate: Took 0.030340 seconds to synchronously load lazily loaded font '../../../Engine/Content/Editor/Slate/Fonts/FontAwesome.ttf' (139K)
[2017.11.22-22.22.17:845][  0]LogRenderer: Reallocating scene render targets to support 1092x248 Format 10 NumSamples 1 (Frame:1).
[2017.11.22-22.22.19:498][  0]LogContentBrowser: Native class hierarchy updated for 'HierarchicalLODOutliner' in 0.0027 seconds. Added 1 classes and 2 folders.
[2017.11.22-22.22.19:499][  0]LogLoad: (Engine Initialization) Total time: 198.69 seconds
[2017.11.22-22.22.19:499][  0]LogLoad: (Engine Initialization) Total Blueprint compile time: 0.00 seconds
[2017.11.22-22.22.19:500][  0]LogExternalProfiler: No external profilers were discovered.  External profiling features will not be available.
[2017.11.22-22.22.19:880][  0]LogContentStreaming: Texture pool size now 1000 MB
[2017.11.22-22.22.20:196][  0]LogRenderer: Reallocating scene render targets to support 1092x300 Format 10 NumSamples 1 (Frame:2).
[2017.11.22-22.22.20:196][  0]LogSlate: Took 0.024534 seconds to synchronously load lazily loaded font '../../../Engine/Content/Slate/Fonts/Roboto-Light.ttf' (159K)
[2017.11.22-22.22.20:248][  1]LogFileCache: Retrieving MD5 hashes for directory 'G:/GitHub/JuegoRise/Content/' took 0.39s
[2017.11.22-22.22.21:704][  4]LogAssetRegistry: Asset discovery search completed in 131.4274 seconds
[2017.11.22-22.22.21:709][  4]LogCollectionManager: Rebuilt the object cache for 0 collections in 0.000001 seconds (found 0 objects)
[2017.11.22-22.22.21:709][  4]LogCollectionManager: Fixed up redirectors for 0 collections in 0.000118 seconds (updated 0 objects)
[2017.11.22-22.25.51:407][991]LogSlate: Took 0.008845 seconds to synchronously load lazily loaded font '../../../Engine/Content/Slate/Fonts/Roboto-Light.ttf' (159K)
[2017.11.22-22.25.52:237][991]LogSlate: Took 0.010232 seconds to synchronously load lazily loaded font '../../../Engine/Content/Slate/Fonts/Roboto-Regular.ttf' (155K)
[2017.11.22-22.25.52:809][991]LogContentBrowser: Native class hierarchy updated for 'BlueprintGraph' in 0.0033 seconds. Added 113 classes and 0 folders.
[2017.11.22-22.25.54:788][991]LogSlate: Took 0.016744 seconds to synchronously load lazily loaded font '../../../Engine/Content/Editor/Slate/Fonts/Roboto-BoldCondensed.ttf' (158K)
[2017.11.22-22.25.55:423][992]LogSlate: Took 0.035436 seconds to synchronously load lazily loaded font '../../../Engine/Content/Editor/Slate/Fonts/Roboto-Italic.ttf' (157K)
[2017.11.22-22.26.59:723][774]LogRenderer: Reallocating scene render targets to support 1092x572 Format 10 NumSamples 1 (Frame:1).
[2017.11.22-22.26.59:922][775]LogRenderer: Reallocating scene render targets to support 1092x588 Format 10 NumSamples 1 (Frame:3).
[2017.11.22-22.27.17:398][190]LogLinker: Can't find file '/Game/SideScrollerBP/Blueprints/PowerUpsAndCoins/Zoom/CameraBP'
[2017.11.22-22.27.17:398][190]LogLinker: Can't find file '/Game/SideScrollerBP/Blueprints/PowerUpsAndCoins/Zoom/CameraBP'
[2017.11.22-22.27.17:406][190]LogBlueprint: Warning: [CameraBP] 'DistanceOfCamera' variable not found. Base class was probably changed.
[2017.11.22-22.27.24:676][951]BlueprintLog: New page: Compile CameraBP
[2017.11.22-22.27.24:723][951]LogBlueprint: Warning: [Compiler CameraBP] Could not find a variable named "DistanceOfCamera" in 'CameraBP_C'.
Make sure 'CameraBP_C' has been compiled for  Get DistanceOfCamera
[2017.11.22-22.27.24:746][951]LogBlueprint: Error: [Compiler CameraBP] The property associated with  Distance Of Camera  could not be found
[2017.11.22-22.27.25:164][951]LogBlueprint: Warning: [Compiler CameraBP] [0504.36] Compile of CameraBP failed. 1 Fatal Issue(s) 1 Warning(s) [in 487 ms] (/Game/SideScrollerBP/Blueprints/PowerUpsAndCoins/CameraBP.CameraBP)
[2017.11.22-22.28.27:593][400]LogSlate: Took 0.010418 seconds to synchronously load lazily loaded font '../../../Engine/Content/Editor/Slate/Fonts/Roboto-BoldCondensedItalic.ttf' (160K)
[2017.11.22-22.29.53:527][310]BlueprintLog: New page: Compile CameraBP
[2017.11.22-22.29.54:351][344]BlueprintLog: New page: Compile CameraBP
[2017.11.22-22.29.56:243][449]Cmd: OBJ SAVEPACKAGE PACKAGE="/Game/SideScrollerBP/Blueprints/PowerUpsAndCoins/CameraBP" FILE="G:/GitHub/JuegoRise/Content/SideScrollerBP/Blueprints/PowerUpsAndCoins/CameraBP.uasset" SILENT=true
[2017.11.22-22.29.56:405][449]LogSavePackage: Save=88.52ms
[2017.11.22-22.29.56:405][449]LogSavePackage: Moving 'G:/GitHub/JuegoRise/Saved/CameraBP5D51487142BD9842923F6383EBD18EBE.tmp' to 'G:/GitHub/JuegoRise/Content/SideScrollerBP/Blueprints/PowerUpsAndCoins/CameraBP.uasset'
[2017.11.22-22.29.56:577][449]LogSavePackage: Display: Finished SavePackage G:/GitHub/JuegoRise/Content/SideScrollerBP/Blueprints/PowerUpsAndCoins/CameraBP.uasset
[2017.11.22-22.30.21:146][338]BlueprintLog: New page: Compile CameraBP
[2017.11.22-22.30.22:162][391]Cmd: OBJ SAVEPACKAGE PACKAGE="/Game/SideScrollerBP/Blueprints/PowerUpsAndCoins/CameraBP" FILE="G:/GitHub/JuegoRise/Content/SideScrollerBP/Blueprints/PowerUpsAndCoins/CameraBP.uasset" SILENT=true
[2017.11.22-22.30.22:285][391]LogSavePackage: Save=67.02ms
[2017.11.22-22.30.22:285][391]LogSavePackage: Moving 'G:/GitHub/JuegoRise/Saved/CameraBPCB2200EC46B6556D991F339AB1CAE6D5.tmp' to 'G:/GitHub/JuegoRise/Content/SideScrollerBP/Blueprints/PowerUpsAndCoins/CameraBP.uasset'
[2017.11.22-22.30.22:371][391]LogSavePackage: Display: Finished SavePackage G:/GitHub/JuegoRise/Content/SideScrollerBP/Blueprints/PowerUpsAndCoins/CameraBP.uasset
[2017.11.22-22.30.37:306][261]BlueprintLog: New page: Compile CameraBP
[2017.11.22-22.30.38:165][307]Cmd: OBJ SAVEPACKAGE PACKAGE="/Game/SideScrollerBP/Blueprints/PowerUpsAndCoins/CameraBP" FILE="G:/GitHub/JuegoRise/Content/SideScrollerBP/Blueprints/PowerUpsAndCoins/CameraBP.uasset" SILENT=true
[2017.11.22-22.30.38:293][307]LogSavePackage: Save=68.66ms
[2017.11.22-22.30.38:293][307]LogSavePackage: Moving 'G:/GitHub/JuegoRise/Saved/CameraBP0EFA0CC74E4C50638681198DCD32D7DB.tmp' to 'G:/GitHub/JuegoRise/Content/SideScrollerBP/Blueprints/PowerUpsAndCoins/CameraBP.uasset'
[2017.11.22-22.30.38:379][307]LogSavePackage: Display: Finished SavePackage G:/GitHub/JuegoRise/Content/SideScrollerBP/Blueprints/PowerUpsAndCoins/CameraBP.uasset
[2017.11.22-22.30.47:999][172]BlueprintLog: New page: Compile CameraBP
[2017.11.22-22.30.48:645][187]Cmd: OBJ SAVEPACKAGE PACKAGE="/Game/SideScrollerBP/Blueprints/PowerUpsAndCoins/CameraBP" FILE="G:/GitHub/JuegoRise/Content/SideScrollerBP/Blueprints/PowerUpsAndCoins/CameraBP.uasset" SILENT=true
[2017.11.22-22.30.48:754][187]LogSavePackage: Save=68.49ms
[2017.11.22-22.30.48:754][187]LogSavePackage: Moving 'G:/GitHub/JuegoRise/Saved/CameraBPFB9F30DE4B0D53FB893C53B8C3ED0794.tmp' to 'G:/GitHub/JuegoRise/Content/SideScrollerBP/Blueprints/PowerUpsAndCoins/CameraBP.uasset'
[2017.11.22-22.30.48:758][187]LogSavePackage: Display: Finished SavePackage G:/GitHub/JuegoRise/Content/SideScrollerBP/Blueprints/PowerUpsAndCoins/CameraBP.uasset
[2017.11.22-22.31.30:185][368]BlueprintLog: New page: Compile BP_PowerUpItem
[2017.11.22-22.31.31:999][413]LogSavePackage: Save=128.89ms
[2017.11.22-22.31.31:999][413]LogSavePackage: Moving 'G:/GitHub/JuegoRise/Saved/BP_PowerUpItemACB4EABD46B1EA0EFFC5AC863C9D5C04.tmp' to 'G:/GitHub/JuegoRise/Content/SideScrollerBP/Blueprints/PowerUpsAndCoins/BP_PowerUpItem.uasset'
[2017.11.22-22.31.32:084][413]LogSavePackage: Display: Finished SavePackage G:/GitHub/JuegoRise/Content/SideScrollerBP/Blueprints/PowerUpsAndCoins/BP_PowerUpItem.uasset
[2017.11.22-22.32.17:061][916]LogSlate: Warning: Prevented a slow task dialog from being summoned while a context menu was open
[2017.11.22-22.32.47:621][439]LogEditorTransaction: Undo Move Node
[2017.11.22-22.32.47:691][439]LogSlate: Took 0.000611 seconds to synchronously load lazily loaded font '../../../Engine/Content/Slate/Fonts/Roboto-Light.ttf' (159K)
[2017.11.22-22.34.10:980][282]BlueprintLog: New page: Compile SideScrollerCharacter
[2017.11.22-22.34.18:710][376]Cmd: OBJ SAVEPACKAGE PACKAGE="/Game/SideScrollerBP/Blueprints/SideScrollerCharacter" FILE="G:/GitHub/JuegoRise/Content/SideScrollerBP/Blueprints/SideScrollerCharacter.uasset" SILENT=true
[2017.11.22-22.34.19:223][376]LogSavePackage: Save=406.07ms
[2017.11.22-22.34.19:223][376]LogSavePackage: Moving 'G:/GitHub/JuegoRise/Saved/SideScrollerCharacter854708DE406A2D39B0AFFF9A003395D2.tmp' to 'G:/GitHub/JuegoRise/Content/SideScrollerBP/Blueprints/SideScrollerCharacter.uasset'
[2017.11.22-22.34.19:405][376]LogSavePackage: Display: Finished SavePackage G:/GitHub/JuegoRise/Content/SideScrollerBP/Blueprints/SideScrollerCharacter.uasset
[2017.11.22-22.34.50:078][812]LogProperty: Warning: ObjectProperty /Script/Engine.MemberReference:MemberParent: unresolved reference to 'BlueprintGeneratedClass'/Game/SideScrollerBP/Blueprints/PowerUpsAndCoins/Zoom/CameraBP.CameraBP_C',MemberName="DurationOfZoomOut",MemberGuid=172749734BC3C944F5DB2B8004B086B2)'
[2017.11.22-22.34.50:107][812]LogBlueprint: Warning: [SideScrollerCharacter] 'DurationOfZoomOut' variable not found. Base class was probably changed.
[2017.11.22-22.35.08:871][649]LogSlate: Warning: Prevented a slow task dialog from being summoned while a context menu was open
[2017.11.22-22.36.45:518][ 48]LogEditorTransaction: Undo Paste clipboard contents
[2017.11.22-22.37.01:503][849]LogEditorTransaction: Undo Move Node
[2017.11.22-22.37.02:191][871]LogEditorTransaction: Undo Move Node
[2017.11.22-22.37.39:767][917]BlueprintLog: New page: Compile SideScrollerCharacter
[2017.11.22-22.37.43:276][942]Cmd: OBJ SAVEPACKAGE PACKAGE="/Game/SideScrollerBP/Blueprints/SideScrollerCharacter" FILE="G:/GitHub/JuegoRise/Content/SideScrollerBP/Blueprints/SideScrollerCharacter.uasset" SILENT=true
[2017.11.22-22.37.43:647][942]LogSavePackage: Save=320.48ms
[2017.11.22-22.37.43:647][942]LogSavePackage: Moving 'G:/GitHub/JuegoRise/Saved/SideScrollerCharacter07FD3F3B4190448F4DFADD85F4BA3FBF.tmp' to 'G:/GitHub/JuegoRise/Content/SideScrollerBP/Blueprints/SideScrollerCharacter.uasset'
[2017.11.22-22.37.43:809][942]LogSavePackage: Display: Finished SavePackage G:/GitHub/JuegoRise/Content/SideScrollerBP/Blueprints/SideScrollerCharacter.uasset
[2017.11.22-22.37.44:486][975]LogActorComponent: UnregisterComponent: (/Engine/Transient.EditorFloorComp) Not registered. Aborting.
[2017.11.22-22.37.46:356][ 59]Cmd: OBJ SAVEPACKAGE PACKAGE="/Game/SideScrollerBP/Maps/InfiniteJumper" FILE="G:/GitHub/JuegoRise/Content/SideScrollerBP/Maps/InfiniteJumper.umap" SILENT=true AUTOSAVING=false KEEPDIRTY=false
[2017.11.22-22.37.47:096][ 59]LogSavePackage: Save=563.94ms
[2017.11.22-22.37.47:096][ 59]LogSavePackage: Moving 'G:/GitHub/JuegoRise/Saved/InfiniteJumper96C8A77A4A311AD7BA87CA938C6E6B67.tmp' to 'G:/GitHub/JuegoRise/Content/SideScrollerBP/Maps/InfiniteJumper.umap'
[2017.11.22-22.37.47:250][ 59]LogSavePackage: Display: Finished SavePackage G:/GitHub/JuegoRise/Content/SideScrollerBP/Maps/InfiniteJumper.umap
[2017.11.22-22.37.48:736][133]LogTemp: Repeating last play command: Selected Viewport
[2017.11.22-22.37.52:806][133]LogBlueprintUserMessages: Early PlayInEditor Detection: Level '/Game/SideScrollerBP/Maps/InfiniteJumper.InfiniteJumper:PersistentLevel' has LevelScriptBlueprint '/Game/SideScrollerBP/Maps/InfiniteJumper.InfiniteJumper:PersistentLevel.InfiniteJumper' with GeneratedClass '/Game/SideScrollerBP/Maps/InfiniteJumper.InfiniteJumper_C' with ClassGeneratedBy '/Game/SideScrollerBP/Maps/InfiniteJumper.InfiniteJumper:PersistentLevel.InfiniteJumper'
[2017.11.22-22.37.52:807][133]LogPlayLevel: PlayLevel: No blueprints needed recompiling
[2017.11.22-22.37.52:807][133]PIE: New page: PIE session: InfiniteJumper (Nov 22, 2017, 2:37:52 PM)
[2017.11.22-22.37.52:808][133]LogPlayLevel: Creating play world package: /Game/SideScrollerBP/Maps/UEDPIE_0_InfiniteJumper
[2017.11.22-22.37.52:883][133]LogPlayLevel: PIE: StaticDuplicateObject took: (0.074815s)
[2017.11.22-22.37.52:885][133]LogAIModule: Creating AISystem for world InfiniteJumper
[2017.11.22-22.37.52:885][133]LogPlayLevel: PIE: World Init took: (0.002131s)
[2017.11.22-22.37.52:886][133]LogPlayLevel: PIE: Created PIE world by copying editor world from /Game/SideScrollerBP/Maps/InfiniteJumper.InfiniteJumper to /Game/SideScrollerBP/Maps/UEDPIE_0_InfiniteJumper.InfiniteJumper (0.077661s)
[2017.11.22-22.37.52:944][133]LogInit: XAudio2 using 'Speaker/Headphone (Realtek High Definition Audio)' : 2 channels at 48 kHz using 32 bits per sample (channel mask 0x3)
[2017.11.22-22.37.52:974][133]LogInit: FAudioDevice initialized.
[2017.11.22-22.37.53:027][133]LogLoad: Game class is 'SideScrollerGameMode_C'
[2017.11.22-22.37.53:035][133]LogWorld: Bringing World /Game/SideScrollerBP/Maps/UEDPIE_0_InfiniteJumper.InfiniteJumper up for play (max tick rate 0) at 2017.11.22-18.37.53
[2017.11.22-22.37.53:038][133]LogWorld: Bringing up level for play took: 0.006382
[2017.11.22-22.37.53:188][133]LogContentBrowser: Native class hierarchy updated for 'MovieSceneCapture' in 0.0023 seconds. Added 11 classes and 0 folders.
[2017.11.22-22.37.53:319][133]PIE: Play in editor start time for /Game/SideScrollerBP/Maps/UEDPIE_0_InfiniteJumper 1.043
[2017.11.22-22.37.53:320][133]LogBlueprintUserMessages: Late PlayInEditor Detection: Level '/Game/SideScrollerBP/Maps/InfiniteJumper.InfiniteJumper:PersistentLevel' has LevelScriptBlueprint '/Game/SideScrollerBP/Maps/InfiniteJumper.InfiniteJumper:PersistentLevel.InfiniteJumper' with GeneratedClass '/Game/SideScrollerBP/Maps/InfiniteJumper.InfiniteJumper_C' with ClassGeneratedBy '/Game/SideScrollerBP/Maps/InfiniteJumper.InfiniteJumper:PersistentLevel.InfiniteJumper'
[2017.11.22-22.38.04:054][502]LogNet: Browse: /Game/SideScrollerBP/Maps/InfiniteJumper
[2017.11.22-22.38.04:074][502]LogLoad: LoadMap: /Game/SideScrollerBP/Maps/InfiniteJumper
[2017.11.22-22.38.04:187][502]Cmd: MEM
[2017.11.22-22.38.04:354][502]LogMemory: Platform Memory Stats for Windows
[2017.11.22-22.38.04:354][502]LogMemory: Process Physical Memory: 2324.19 MB used, 2361.05 MB peak
[2017.11.22-22.38.04:354][502]LogMemory: Process Virtual Memory: 2698.33 MB used, 2710.41 MB peak
[2017.11.22-22.38.04:354][502]LogMemory: Physical Memory: 7492.09 MB used,  4251.02 MB free, 11743.12 MB total
[2017.11.22-22.38.04:354][502]LogMemory: Virtual Memory: 3512.90 MB used,  4251.02 MB free, 134217728.00 MB total
[2017.11.22-22.38.04:354][502]LogMemory: 
[2017.11.22-22.38.04:354][502]Allocator Stats for TBB: (not implemented)
[2017.11.22-22.38.04:379][502]LogPlayLevel: Creating play world package: /Game/SideScrollerBP/Maps/UEDPIE_0_InfiniteJumper
[2017.11.22-22.38.04:440][502]LogPlayLevel: PIE: StaticDuplicateObject took: (0.060376s)
[2017.11.22-22.38.04:442][502]LogAIModule: Creating AISystem for world InfiniteJumper
[2017.11.22-22.38.04:443][502]LogPlayLevel: PIE: World Init took: (0.003100s)
[2017.11.22-22.38.04:444][502]LogPlayLevel: PIE: Created PIE world by copying editor world from /Game/SideScrollerBP/Maps/InfiniteJumper.InfiniteJumper to /Game/SideScrollerBP/Maps/UEDPIE_0_InfiniteJumper.InfiniteJumper (0.064703s)
[2017.11.22-22.38.04:444][502]LogLoad: Game class is 'SideScrollerGameMode_C'
[2017.11.22-22.38.04:450][502]LogWorld: Bringing World /Game/SideScrollerBP/Maps/UEDPIE_0_InfiniteJumper.InfiniteJumper up for play (max tick rate 0) at 2017.11.22-18.38.04
[2017.11.22-22.38.04:452][502]LogWorld: Bringing up level for play took: 0.006103
[2017.11.22-22.38.04:532][502]LogLoad: Took 0.457830 seconds to LoadMap(/Game/SideScrollerBP/Maps/UEDPIE_0_InfiniteJumper)
[2017.11.22-22.38.07:565][609]LogBlueprintUserMessages: Early EndPlayMap Detection: Level '/Game/SideScrollerBP/Maps/InfiniteJumper.InfiniteJumper:PersistentLevel' has LevelScriptBlueprint '/Game/SideScrollerBP/Maps/InfiniteJumper.InfiniteJumper:PersistentLevel.InfiniteJumper' with GeneratedClass '/Game/SideScrollerBP/Maps/InfiniteJumper.InfiniteJumper_C' with ClassGeneratedBy '/Game/SideScrollerBP/Maps/InfiniteJumper.InfiniteJumper:PersistentLevel.InfiniteJumper'
[2017.11.22-22.38.07:642][609]LogBlueprintUserMessages: Late EndPlayMap Detection: Level '/Game/SideScrollerBP/Maps/InfiniteJumper.InfiniteJumper:PersistentLevel' has LevelScriptBlueprint '/Game/SideScrollerBP/Maps/InfiniteJumper.InfiniteJumper:PersistentLevel.InfiniteJumper' with GeneratedClass '/Game/SideScrollerBP/Maps/InfiniteJumper.InfiniteJumper_C' with ClassGeneratedBy '/Game/SideScrollerBP/Maps/InfiniteJumper.InfiniteJumper:PersistentLevel.InfiniteJumper'
[2017.11.22-22.38.35:820][117]BlueprintLog: New page: Compile SideScrollerCharacter
[2017.11.22-22.38.39:074][117]Cmd: OBJ SAVEPACKAGE PACKAGE="/Game/SideScrollerBP/Blueprints/SideScrollerCharacter" FILE="G:/GitHub/JuegoRise/Content/SideScrollerBP/Blueprints/SideScrollerCharacter.uasset" SILENT=true
[2017.11.22-22.38.39:407][117]LogSavePackage: Save=309.13ms
[2017.11.22-22.38.39:407][117]LogSavePackage: Moving 'G:/GitHub/JuegoRise/Saved/SideScrollerCharacter635293FB45B9B0D1D15FCF8401095723.tmp' to 'G:/GitHub/JuegoRise/Content/SideScrollerBP/Blueprints/SideScrollerCharacter.uasset'
[2017.11.22-22.38.39:572][117]LogSavePackage: Display: Finished SavePackage G:/GitHub/JuegoRise/Content/SideScrollerBP/Blueprints/SideScrollerCharacter.uasset
[2017.11.22-22.38.40:206][145]Cmd: OBJ SAVEPACKAGE PACKAGE="/Game/SideScrollerBP/Blueprints/SideScrollerCharacter" FILE="G:/GitHub/JuegoRise/Content/SideScrollerBP/Blueprints/SideScrollerCharacter.uasset" SILENT=true
[2017.11.22-22.38.40:541][145]LogSavePackage: Save=288.29ms
[2017.11.22-22.38.40:541][145]LogSavePackage: Moving 'G:/GitHub/JuegoRise/Saved/SideScrollerCharacter5071A19945AE01CF2A7AA68A8F57862F.tmp' to 'G:/GitHub/JuegoRise/Content/SideScrollerBP/Blueprints/SideScrollerCharacter.uasset'
[2017.11.22-22.38.40:545][145]LogSavePackage: Display: Finished SavePackage G:/GitHub/JuegoRise/Content/SideScrollerBP/Blueprints/SideScrollerCharacter.uasset
[2017.11.22-22.38.41:126][185]LogTemp: Repeating last play command: Selected Viewport
[2017.11.22-22.38.41:171][185]LogBlueprintUserMessages: Early PlayInEditor Detection: Level '/Game/SideScrollerBP/Maps/InfiniteJumper.InfiniteJumper:PersistentLevel' has LevelScriptBlueprint '/Game/SideScrollerBP/Maps/InfiniteJumper.InfiniteJumper:PersistentLevel.InfiniteJumper' with GeneratedClass '/Game/SideScrollerBP/Maps/InfiniteJumper.InfiniteJumper_C' with ClassGeneratedBy '/Game/SideScrollerBP/Maps/InfiniteJumper.InfiniteJumper:PersistentLevel.InfiniteJumper'
[2017.11.22-22.38.41:171][185]LogPlayLevel: PlayLevel: No blueprints needed recompiling
[2017.11.22-22.38.41:171][185]PIE: New page: PIE session: InfiniteJumper (Nov 22, 2017, 2:38:41 PM)
[2017.11.22-22.38.41:172][185]LogPlayLevel: Creating play world package: /Game/SideScrollerBP/Maps/UEDPIE_0_InfiniteJumper
[2017.11.22-22.38.41:229][185]LogPlayLevel: PIE: StaticDuplicateObject took: (0.057727s)
[2017.11.22-22.38.41:231][185]LogAIModule: Creating AISystem for world InfiniteJumper
[2017.11.22-22.38.41:231][185]LogPlayLevel: PIE: World Init took: (0.001590s)
[2017.11.22-22.38.41:231][185]LogPlayLevel: PIE: Created PIE world by copying editor world from /Game/SideScrollerBP/Maps/InfiniteJumper.InfiniteJumper to /Game/SideScrollerBP/Maps/UEDPIE_0_InfiniteJumper.InfiniteJumper (0.060016s)
[2017.11.22-22.38.41:279][185]LogInit: XAudio2 using 'Speaker/Headphone (Realtek High Definition Audio)' : 2 channels at 48 kHz using 32 bits per sample (channel mask 0x3)
[2017.11.22-22.38.41:304][185]LogInit: FAudioDevice initialized.
[2017.11.22-22.38.41:365][185]LogLoad: Game class is 'SideScrollerGameMode_C'
[2017.11.22-22.38.41:370][185]LogWorld: Bringing World /Game/SideScrollerBP/Maps/UEDPIE_0_InfiniteJumper.InfiniteJumper up for play (max tick rate 0) at 2017.11.22-18.38.41
[2017.11.22-22.38.41:372][185]LogWorld: Bringing up level for play took: 0.005497
[2017.11.22-22.38.41:437][185]PIE: Play in editor start time for /Game/SideScrollerBP/Maps/UEDPIE_0_InfiniteJumper 1.162
[2017.11.22-22.38.41:439][185]LogBlueprintUserMessages: Late PlayInEditor Detection: Level '/Game/SideScrollerBP/Maps/InfiniteJumper.InfiniteJumper:PersistentLevel' has LevelScriptBlueprint '/Game/SideScrollerBP/Maps/InfiniteJumper.InfiniteJumper:PersistentLevel.InfiniteJumper' with GeneratedClass '/Game/SideScrollerBP/Maps/InfiniteJumper.InfiniteJumper_C' with ClassGeneratedBy '/Game/SideScrollerBP/Maps/InfiniteJumper.InfiniteJumper:PersistentLevel.InfiniteJumper'
[2017.11.22-22.38.41:530][185]LogRenderer: Reallocating scene render targets to support 1292x756 Format 10 NumSamples 1 (Frame:1).
[2017.11.22-22.39.32:184][187]LogBlueprintUserMessages: Early EndPlayMap Detection: Level '/Game/SideScrollerBP/Maps/InfiniteJumper.InfiniteJumper:PersistentLevel' has LevelScriptBlueprint '/Game/SideScrollerBP/Maps/InfiniteJumper.InfiniteJumper:PersistentLevel.InfiniteJumper' with GeneratedClass '/Game/SideScrollerBP/Maps/InfiniteJumper.InfiniteJumper_C' with ClassGeneratedBy '/Game/SideScrollerBP/Maps/InfiniteJumper.InfiniteJumper:PersistentLevel.InfiniteJumper'
[2017.11.22-22.39.32:573][187]LogBlueprintUserMessages: Late EndPlayMap Detection: Level '/Game/SideScrollerBP/Maps/InfiniteJumper.InfiniteJumper:PersistentLevel' has LevelScriptBlueprint '/Game/SideScrollerBP/Maps/InfiniteJumper.InfiniteJumper:PersistentLevel.InfiniteJumper' with GeneratedClass '/Game/SideScrollerBP/Maps/InfiniteJumper.InfiniteJumper_C' with ClassGeneratedBy '/Game/SideScrollerBP/Maps/InfiniteJumper.InfiniteJumper:PersistentLevel.InfiniteJumper'
[2017.11.22-22.40.55:304][ 42]LogTemp: Repeating last play command: Selected Viewport
[2017.11.22-22.40.55:353][ 42]LogBlueprintUserMessages: Early PlayInEditor Detection: Level '/Game/SideScrollerBP/Maps/InfiniteJumper.InfiniteJumper:PersistentLevel' has LevelScriptBlueprint '/Game/SideScrollerBP/Maps/InfiniteJumper.InfiniteJumper:PersistentLevel.InfiniteJumper' with GeneratedClass '/Game/SideScrollerBP/Maps/InfiniteJumper.InfiniteJumper_C' with ClassGeneratedBy '/Game/SideScrollerBP/Maps/InfiniteJumper.InfiniteJumper:PersistentLevel.InfiniteJumper'
[2017.11.22-22.40.55:353][ 42]BlueprintLog: New page: Pre-Play auto-recompile
[2017.11.22-22.40.55:448][ 42]LogPlayLevel: [PlayLevel] Compiling CameraBP before play...
[2017.11.22-22.40.55:758][ 42]LogPlayLevel: [PlayLevel]   Compiling SideScrollerCharacter as a dependent...
[2017.11.22-22.40.56:400][ 42]LogPlayLevel: PlayLevel: Blueprint regeneration took 1047 ms (2 blueprints)
[2017.11.22-22.40.56:400][ 42]PIE: New page: PIE session: InfiniteJumper (Nov 22, 2017, 2:40:56 PM)
[2017.11.22-22.40.56:400][ 42]LogPlayLevel: Creating play world package: /Game/SideScrollerBP/Maps/UEDPIE_0_InfiniteJumper
[2017.11.22-22.40.56:451][ 42]LogPlayLevel: PIE: StaticDuplicateObject took: (0.051070s)
[2017.11.22-22.40.56:454][ 42]LogAIModule: Creating AISystem for world InfiniteJumper
[2017.11.22-22.40.56:454][ 42]LogPlayLevel: PIE: World Init took: (0.002684s)
[2017.11.22-22.40.56:455][ 42]LogPlayLevel: PIE: Created PIE world by copying editor world from /Game/SideScrollerBP/Maps/InfiniteJumper.InfiniteJumper to /Game/SideScrollerBP/Maps/UEDPIE_0_InfiniteJumper.InfiniteJumper (0.054384s)
[2017.11.22-22.40.56:501][ 42]LogInit: XAudio2 using 'Speaker/Headphone (Realtek High Definition Audio)' : 2 channels at 48 kHz using 32 bits per sample (channel mask 0x3)
[2017.11.22-22.40.56:524][ 42]LogInit: FAudioDevice initialized.
[2017.11.22-22.40.56:575][ 42]LogLoad: Game class is 'SideScrollerGameMode_C'
[2017.11.22-22.40.56:580][ 42]LogWorld: Bringing World /Game/SideScrollerBP/Maps/UEDPIE_0_InfiniteJumper.InfiniteJumper up for play (max tick rate 0) at 2017.11.22-18.40.56
[2017.11.22-22.40.56:583][ 42]LogWorld: Bringing up level for play took: 0.006713
[2017.11.22-22.40.56:643][ 42]PIE: Play in editor start time for /Game/SideScrollerBP/Maps/UEDPIE_0_InfiniteJumper 0.367
[2017.11.22-22.40.56:645][ 42]LogBlueprintUserMessages: Late PlayInEditor Detection: Level '/Game/SideScrollerBP/Maps/InfiniteJumper.InfiniteJumper:PersistentLevel' has LevelScriptBlueprint '/Game/SideScrollerBP/Maps/InfiniteJumper.InfiniteJumper:PersistentLevel.InfiniteJumper' with GeneratedClass '/Game/SideScrollerBP/Maps/InfiniteJumper.InfiniteJumper_C' with ClassGeneratedBy '/Game/SideScrollerBP/Maps/InfiniteJumper.InfiniteJumper:PersistentLevel.InfiniteJumper'
[2017.11.22-22.41.59:826][315]LogBlueprintUserMessages: Early EndPlayMap Detection: Level '/Game/SideScrollerBP/Maps/InfiniteJumper.InfiniteJumper:PersistentLevel' has LevelScriptBlueprint '/Game/SideScrollerBP/Maps/InfiniteJumper.InfiniteJumper:PersistentLevel.InfiniteJumper' with GeneratedClass '/Game/SideScrollerBP/Maps/InfiniteJumper.InfiniteJumper_C' with ClassGeneratedBy '/Game/SideScrollerBP/Maps/InfiniteJumper.InfiniteJumper:PersistentLevel.InfiniteJumper'
[2017.11.22-22.42.00:209][315]LogBlueprintUserMessages: Late EndPlayMap Detection: Level '/Game/SideScrollerBP/Maps/InfiniteJumper.InfiniteJumper:PersistentLevel' has LevelScriptBlueprint '/Game/SideScrollerBP/Maps/InfiniteJumper.InfiniteJumper:PersistentLevel.InfiniteJumper' with GeneratedClass '/Game/SideScrollerBP/Maps/InfiniteJumper.InfiniteJumper_C' with ClassGeneratedBy '/Game/SideScrollerBP/Maps/InfiniteJumper.InfiniteJumper:PersistentLevel.InfiniteJumper'
[2017.11.22-22.42.01:748][432]BlueprintLog: New page: Compile CameraBP
[2017.11.22-22.42.03:180][436]Cmd: OBJ SAVEPACKAGE PACKAGE="/Game/SideScrollerBP/Blueprints/PowerUpsAndCoins/CameraBP" FILE="G:/GitHub/JuegoRise/Content/SideScrollerBP/Blueprints/PowerUpsAndCoins/CameraBP.uasset" SILENT=true
[2017.11.22-22.42.03:440][436]LogSavePackage: Save=199.47ms
[2017.11.22-22.42.03:442][436]LogSavePackage: Moving 'G:/GitHub/JuegoRise/Saved/CameraBPF9898D054C65ED75C67788979DE040EC.tmp' to 'G:/GitHub/JuegoRise/Content/SideScrollerBP/Blueprints/PowerUpsAndCoins/CameraBP.uasset'
[2017.11.22-22.42.03:542][436]LogSavePackage: Display: Finished SavePackage G:/GitHub/JuegoRise/Content/SideScrollerBP/Blueprints/PowerUpsAndCoins/CameraBP.uasset
[2017.11.22-22.42.50:354][980]Cmd: OBJ SAVEPACKAGE PACKAGE="/Game/SideScrollerBP/Blueprints/SideScrollerCharacter" FILE="G:/GitHub/JuegoRise/Content/SideScrollerBP/Blueprints/SideScrollerCharacter.uasset" SILENT=true
[2017.11.22-22.42.50:903][980]LogSavePackage: Save=480.23ms
[2017.11.22-22.42.50:904][980]LogSavePackage: Moving 'G:/GitHub/JuegoRise/Saved/SideScrollerCharacter2FEF27CD4F7D7A75957514BF2D6AD3CA.tmp' to 'G:/GitHub/JuegoRise/Content/SideScrollerBP/Blueprints/SideScrollerCharacter.uasset'
[2017.11.22-22.42.50:910][980]LogSavePackage: Display: Finished SavePackage G:/GitHub/JuegoRise/Content/SideScrollerBP/Blueprints/SideScrollerCharacter.uasset
[2017.11.22-22.42.52:026][ 25]LogActorComponent: UnregisterComponent: (/Engine/Transient.EditorFloorComp) Not registered. Aborting.
[2017.11.22-22.43.19:251][925]BlueprintLog: New page: Compile Floor
[2017.11.22-22.43.20:251][925]Cmd: OBJ SAVEPACKAGE PACKAGE="/Game/SideScrollerBP/Blueprints/LvlGenrating/Floor" FILE="G:/GitHub/JuegoRise/Content/SideScrollerBP/Blueprints/LvlGenrating/Floor.uasset" SILENT=true
[2017.11.22-22.43.20:354][925]LogSavePackage: Save=40.21ms
[2017.11.22-22.43.20:354][925]LogSavePackage: Moving 'G:/GitHub/JuegoRise/Saved/Floor5453B1DE439212D8E4BC72A56122740E.tmp' to 'G:/GitHub/JuegoRise/Content/SideScrollerBP/Blueprints/LvlGenrating/Floor.uasset'
[2017.11.22-22.43.20:477][925]LogSavePackage: Display: Finished SavePackage G:/GitHub/JuegoRise/Content/SideScrollerBP/Blueprints/LvlGenrating/Floor.uasset
[2017.11.22-22.43.29:601][ 27]Cmd: OBJ SAVEPACKAGE PACKAGE="/Game/SideScrollerBP/Maps/InfiniteJumper" FILE="G:/GitHub/JuegoRise/Content/SideScrollerBP/Maps/InfiniteJumper.umap" SILENT=true AUTOSAVING=false KEEPDIRTY=false
[2017.11.22-22.43.30:326][ 27]LogSavePackage: Save=553.42ms
[2017.11.22-22.43.30:326][ 27]LogSavePackage: Moving 'G:/GitHub/JuegoRise/Saved/InfiniteJumperB91CDF18489D2C3DAB4F929063DEC189.tmp' to 'G:/GitHub/JuegoRise/Content/SideScrollerBP/Maps/InfiniteJumper.umap'
[2017.11.22-22.43.30:499][ 27]LogSavePackage: Display: Finished SavePackage G:/GitHub/JuegoRise/Content/SideScrollerBP/Maps/InfiniteJumper.umap
[2017.11.22-22.43.30:602][ 27]LogFileHelpers: Saving map 'InfiniteJumper' took 5.901
[2017.11.22-22.43.31:842][ 68]Cmd: QUIT_EDITOR
[2017.11.22-22.43.32:321][ 68]LogWindowsTextInputMethodSystem: Display: IME system now deactivated.
[2017.11.22-22.43.32:322][ 68]LogWindowsTextInputMethodSystem: Display: IME system now deactivated.
[2017.11.22-22.43.32:357][ 68]LogExit: Preparing to exit.
[2017.11.22-22.43.33:714][ 68]LogExit: Editor shut down
[2017.11.22-22.43.33:725][ 68]LogExit: Transaction tracking system shut down
[2017.11.22-22.43.33:918][ 68]LogDirectoryWatcher: A directory notification for '../../../Engine/Content/' was aborted.
[2017.11.22-22.43.33:918][ 68]LogDirectoryWatcher: A directory notification for 'G:/GitHub/JuegoRise/Content/' was aborted.
[2017.11.22-22.43.33:919][ 68]LogDirectoryWatcher: A directory notification for '../../../Engine/Plugins/2D/Paper2D/Content/' was aborted.
[2017.11.22-22.43.33:919][ 68]LogDirectoryWatcher: A directory notification for '../../../Engine/Plugins/Runtime/Oculus/OculusVR/Content/' was aborted.
[2017.11.22-22.43.33:919][ 68]LogDirectoryWatcher: A directory notification for '../../../Engine/Plugins/Runtime/Steam/SteamVR/Content/' was aborted.
[2017.11.22-22.43.34:118][ 68]LogExit: Object subsystem successfully closed.
[2017.11.22-22.43.34:146][ 68]LogD3D11RHI: Shutdown
[2017.11.22-22.43.34:147][ 68]LogD3D11RHI: CleanupD3DDevice
[2017.11.22-22.43.34:576][ 68]LogD3D11RHI: ~FD3D11DynamicRHI
[2017.11.22-22.43.34:633][ 68]LogModuleManager: Shutting down and abandoning module HierarchicalLODUtilities (538)
[2017.11.22-22.43.34:633][ 68]LogModuleManager: Shutting down and abandoning module MovieSceneCapture (536)
[2017.11.22-22.43.34:633][ 68]LogModuleManager: Shutting down and abandoning module BlueprintGraph (534)
[2017.11.22-22.43.34:633][ 68]LogModuleManager: Shutting down and abandoning module BlueprintProfiler (532)
[2017.11.22-22.43.34:633][ 68]LogModuleManager: Shutting down and abandoning module HierarchicalLODOutliner (530)
[2017.11.22-22.43.34:633][ 68]LogModuleManager: Shutting down and abandoning module SceneOutliner (528)
[2017.11.22-22.43.34:633][ 68]LogModuleManager: Shutting down and abandoning module AddContentDialog (526)
[2017.11.22-22.43.34:633][ 68]LogDirectoryWatcher: A directory notification for 'C:/Program Files/Epic Games/UE_4.17/FeaturePacks/' was aborted.
[2017.11.22-22.43.34:636][ 68]LogModuleManager: Shutting down and abandoning module WidgetCarousel (525)
[2017.11.22-22.43.34:636][ 68]LogModuleManager: Shutting down and abandoning module EditorWidgets (522)
[2017.11.22-22.43.34:636][ 68]LogModuleManager: Shutting down and abandoning module CollectionManager (520)
[2017.11.22-22.43.34:636][ 68]LogDirectoryWatcher: A directory notification for 'G:/GitHub/JuegoRise/Content/Collections/' was aborted.
[2017.11.22-22.43.34:637][ 68]LogDirectoryWatcher: A directory notification for 'G:/GitHub/JuegoRise/Content/Developers/kreye/Collections/' was aborted.
[2017.11.22-22.43.34:637][ 68]LogDirectoryWatcher: A directory notification for 'G:/GitHub/JuegoRise/Saved/Collections/' was aborted.
[2017.11.22-22.43.34:637][ 68]LogModuleManager: Shutting down and abandoning module StatsViewer (518)
[2017.11.22-22.43.34:637][ 68]LogModuleManager: Shutting down and abandoning module FoliageEdit (516)
[2017.11.22-22.43.34:637][ 68]LogModuleManager: Shutting down and abandoning module LandscapeEditor (514)
[2017.11.22-22.43.34:638][ 68]LogModuleManager: Shutting down and abandoning module MeshPaintMode (512)
[2017.11.22-22.43.34:638][ 68]LogModuleManager: Shutting down and abandoning module SceneDepthPickerMode (510)
[2017.11.22-22.43.34:638][ 68]LogModuleManager: Shutting down and abandoning module ActorPickerMode (508)
[2017.11.22-22.43.34:638][ 68]LogModuleManager: Shutting down and abandoning module GeometryMode (506)
[2017.11.22-22.43.34:638][ 68]LogModuleManager: Shutting down and abandoning module TextureAlignMode (504)
[2017.11.22-22.43.34:638][ 68]LogModuleManager: Shutting down and abandoning module BspMode (502)
[2017.11.22-22.43.34:638][ 68]LogModuleManager: Shutting down and abandoning module PIEPreviewDeviceProfileSelector (500)
[2017.11.22-22.43.34:638][ 68]LogModuleManager: Shutting down and abandoning module HardwareSurvey (498)
[2017.11.22-22.43.34:638][ 68]LogModuleManager: Shutting down and abandoning module SequenceRecorderSections (496)
[2017.11.22-22.43.34:638][ 68]LogModuleManager: Shutting down and abandoning module AutomationWorker (494)
[2017.11.22-22.43.34:638][ 68]LogModuleManager: Shutting down and abandoning module MatineeToLevelSequence (492)
[2017.11.22-22.43.34:638][ 68]LogModuleManager: Shutting down and abandoning module LevelSequenceEditor (490)
[2017.11.22-22.43.34:638][ 68]LogModuleManager: Shutting down and abandoning module PlacementMode (489)
[2017.11.22-22.43.34:639][ 68]LogModuleManager: Shutting down and abandoning module WmfMediaFactory (486)
[2017.11.22-22.43.34:639][ 68]LogModuleManager: Shutting down and abandoning module WmfMediaEditor (484)
[2017.11.22-22.43.34:639][ 68]LogModuleManager: Shutting down and abandoning module AvfMediaFactory (482)
[2017.11.22-22.43.34:639][ 68]LogModuleManager: Shutting down and abandoning module AvfMediaEditor (480)
[2017.11.22-22.43.34:639][ 68]LogModuleManager: Shutting down and abandoning module AndroidMediaFactory (478)
[2017.11.22-22.43.34:639][ 68]LogModuleManager: Shutting down and abandoning module Media (477)
[2017.11.22-22.43.34:639][ 68]LogModuleManager: Shutting down and abandoning module AndroidMediaEditor (474)
[2017.11.22-22.43.34:639][ 68]LogModuleManager: Shutting down and abandoning module CharacterAI (472)
[2017.11.22-22.43.34:639][ 68]LogModuleManager: Shutting down and abandoning module AudioCapture (470)
[2017.11.22-22.43.34:639][ 68]LogModuleManager: Shutting down and abandoning module SequenceRecorder (469)
[2017.11.22-22.43.34:639][ 68]LogModuleManager: Shutting down and abandoning module SmartSnapping (466)
[2017.11.22-22.43.34:640][ 68]LogModuleManager: Shutting down and abandoning module SessionServices (464)
[2017.11.22-22.43.34:640][ 68]LogModuleManager: Shutting down and abandoning module ViewportSnapping (462)
[2017.11.22-22.43.34:640][ 68]LogModuleManager: Shutting down and abandoning module ViewportInteraction (460)
[2017.11.22-22.43.34:640][ 68]LogModuleManager: Shutting down and abandoning module ClothPainter (458)
[2017.11.22-22.43.34:640][ 68]LogModuleManager: Shutting down and abandoning module LogVisualizer (456)
[2017.11.22-22.43.34:640][ 68]LogModuleManager: Shutting down and abandoning module IntroTutorials (454)
[2017.11.22-22.43.34:640][ 68]LogModuleManager: Shutting down and abandoning module GameProjectGeneration (453)
[2017.11.22-22.43.34:640][ 68]LogModuleManager: Shutting down and abandoning module IOSPlatformEditor (450)
[2017.11.22-22.43.34:640][ 68]LogModuleManager: Shutting down and abandoning module HTML5PlatformEditor (448)
[2017.11.22-22.43.34:640][ 68]LogModuleManager: Shutting down and abandoning module AndroidPlatformEditor (446)
[2017.11.22-22.43.34:640][ 68]LogModuleManager: Shutting down and abandoning module AndroidDeviceDetection (445)
[2017.11.22-22.43.35:152][ 68]LogModuleManager: Shutting down and abandoning module WindowsPlatformEditor (442)
[2017.11.22-22.43.35:152][ 68]LogModuleManager: Shutting down and abandoning module IOSRuntimeSettings (440)
[2017.11.22-22.43.35:152][ 68]LogModuleManager: Shutting down and abandoning module AndroidRuntimeSettings (438)
[2017.11.22-22.43.35:152][ 68]LogModuleManager: Shutting down and abandoning module InputBindingEditor (436)
[2017.11.22-22.43.35:152][ 68]LogModuleManager: Shutting down and abandoning module MergeActors (434)
[2017.11.22-22.43.35:152][ 68]LogModuleManager: Shutting down and abandoning module SizeMap (432)
[2017.11.22-22.43.35:152][ 68]LogModuleManager: Shutting down and abandoning module TreeMap (430)
[2017.11.22-22.43.35:152][ 68]LogModuleManager: Shutting down and abandoning module ReferenceViewer (428)
[2017.11.22-22.43.35:152][ 68]LogModuleManager: Shutting down and abandoning module LocalizationDashboard (426)
[2017.11.22-22.43.35:152][ 68]LogModuleManager: Shutting down and abandoning module LocalizationService (425)
[2017.11.22-22.43.35:152][ 68]LogModuleManager: Shutting down and abandoning module HardwareTargeting (422)
[2017.11.22-22.43.35:152][ 68]LogModuleManager: Shutting down and abandoning module DeviceProfileEditor (420)
[2017.11.22-22.43.35:152][ 68]LogModuleManager: Shutting down and abandoning module UndoHistory (418)
[2017.11.22-22.43.35:152][ 68]LogModuleManager: Shutting down and abandoning module XmlParser (416)
[2017.11.22-22.43.35:152][ 68]LogModuleManager: Shutting down and abandoning module Blutility (414)
[2017.11.22-22.43.35:152][ 68]LogModuleManager: Shutting down and abandoning module ProjectSettingsViewer (412)
[2017.11.22-22.43.35:153][ 68]LogModuleManager: Shutting down and abandoning module ProjectTargetPlatformEditor (411)
[2017.11.22-22.43.35:153][ 68]LogModuleManager: Shutting down and abandoning module EditorSettingsViewer (408)
[2017.11.22-22.43.35:153][ 68]LogModuleManager: Shutting down and abandoning module SettingsEditor (406)
[2017.11.22-22.43.35:153][ 68]LogModuleManager: Shutting down and abandoning module ProjectLauncher (404)
[2017.11.22-22.43.35:153][ 68]LogModuleManager: Shutting down and abandoning module SessionFrontend (402)
[2017.11.22-22.43.35:153][ 68]LogModuleManager: Shutting down and abandoning module ProfilerClient (400)
[2017.11.22-22.43.35:153][ 68]LogModuleManager: Shutting down and abandoning module DeviceManager (398)
[2017.11.22-22.43.35:153][ 68]LogModuleManager: Shutting down and abandoning module TargetDeviceServices (397)
[2017.11.22-22.43.35:206][ 68]LogModuleManager: Shutting down and abandoning module AutomationController (394)
[2017.11.22-22.43.35:206][ 68]LogModuleManager: Shutting down and abandoning module AutomationWindow (392)
[2017.11.22-22.43.35:206][ 68]LogModuleManager: Shutting down and abandoning module Layers (390)
[2017.11.22-22.43.35:206][ 68]LogModuleManager: Shutting down and abandoning module ComponentVisualizers (388)
[2017.11.22-22.43.35:206][ 68]LogModuleManager: Shutting down and abandoning module DetailCustomizations (386)
[2017.11.22-22.43.35:206][ 68]LogModuleManager: Shutting down and abandoning module PackagesDialog (384)
[2017.11.22-22.43.35:206][ 68]LogModuleManager: Shutting down and abandoning module Persona (382)
[2017.11.22-22.43.35:206][ 68]LogModuleManager: Shutting down and abandoning module AdvancedPreviewScene (381)
[2017.11.22-22.43.35:206][ 68]LogModuleManager: Shutting down and abandoning module AnimGraph (379)
[2017.11.22-22.43.35:206][ 68]LogModuleManager: Shutting down and abandoning module Kismet (376)
[2017.11.22-22.43.35:227][ 68]LogModuleManager: Shutting down and abandoning module ClassViewer (374)
[2017.11.22-22.43.35:230][ 68]LogModuleManager: Shutting down and abandoning module Toolbox (372)
[2017.11.22-22.43.35:230][ 68]LogModuleManager: Shutting down and abandoning module ModuleUI (370)
[2017.11.22-22.43.35:230][ 68]LogModuleManager: Shutting down and abandoning module MovieSceneTools (368)
[2017.11.22-22.43.35:230][ 68]LogModuleManager: Shutting down and abandoning module OutputLog (366)
[2017.11.22-22.43.35:230][ 68]LogModuleManager: Shutting down and abandoning module GammaUI (364)
[2017.11.22-22.43.35:230][ 68]LogModuleManager: Shutting down and abandoning module Documentation (362)
[2017.11.22-22.43.35:231][ 68]LogModuleManager: Shutting down and abandoning module MovieSceneTracks (360)
[2017.11.22-22.43.35:231][ 68]LogModuleManager: Shutting down and abandoning module MovieScene (358)
[2017.11.22-22.43.35:231][ 68]LogModuleManager: Shutting down and abandoning module Niagara (356)
[2017.11.22-22.43.35:231][ 68]LogModuleManager: Shutting down and abandoning module NiagaraEditor (355)
[2017.11.22-22.43.35:231][ 68]LogModuleManager: Shutting down and abandoning module StreamingPauseRendering (352)
[2017.11.22-22.43.35:231][ 68]LogModuleManager: Shutting down and abandoning module LauncherPlatform (350)
[2017.11.22-22.43.35:231][ 68]LogModuleManager: Shutting down and abandoning module AnalyticsET (348)
[2017.11.22-22.43.35:231][ 68]LogModuleManager: Shutting down and abandoning module PortalServices (346)
[2017.11.22-22.43.35:231][ 68]LogModuleManager: Shutting down and abandoning module PortalRpc (344)
[2017.11.22-22.43.35:231][ 68]LogModuleManager: Shutting down and abandoning module MessagingRpc (342)
[2017.11.22-22.43.35:231][ 68]LogModuleManager: Shutting down and abandoning module AIModule (340)
[2017.11.22-22.43.35:231][ 68]LogModuleManager: Shutting down and abandoning module GameplayDebugger (339)
[2017.11.22-22.43.35:231][ 68]LogModuleManager: Shutting down and abandoning module AITestSuite (337)
[2017.11.22-22.43.35:231][ 68]LogModuleManager: Shutting down and abandoning module ProfilerService (334)
[2017.11.22-22.43.35:314][ 68]LogModuleManager: Shutting down and abandoning module TaskGraph (332)
[2017.11.22-22.43.35:314][ 68]LogModuleManager: Shutting down and abandoning module SteamVRController (330)
[2017.11.22-22.43.35:314][ 68]LogModuleManager: Shutting down and abandoning module ProceduralMeshComponentEditor (328)
[2017.11.22-22.43.35:314][ 68]LogModuleManager: Shutting down and abandoning module ProceduralMeshComponent (326)
[2017.11.22-22.43.35:314][ 68]LogModuleManager: Shutting down and abandoning module OculusInput (324)
[2017.11.22-22.43.35:314][ 68]LogModuleManager: Shutting down and abandoning module MobilePatchingUtils (322)
[2017.11.22-22.43.35:314][ 68]LogModuleManager: Shutting down and abandoning module CustomMeshComponent (320)
[2017.11.22-22.43.35:314][ 68]LogModuleManager: Shutting down and abandoning module CableComponent (318)
[2017.11.22-22.43.35:314][ 68]LogModuleManager: Shutting down and abandoning module ArchVisCharacter (316)
[2017.11.22-22.43.35:314][ 68]LogModuleManager: Shutting down and abandoning module AndroidPermission (314)
[2017.11.22-22.43.35:314][ 68]LogModuleManager: Shutting down and abandoning module MediaPlayerEditor (310)
[2017.11.22-22.43.35:314][ 68]LogModuleManager: Shutting down and abandoning module HTML5Networking (308)
[2017.11.22-22.43.35:314][ 68]LogModuleManager: Shutting down and abandoning module AlembicImporter (306)
[2017.11.22-22.43.35:314][ 68]LogModuleManager: Shutting down and abandoning module AlembicLibrary (305)
[2017.11.22-22.43.35:314][ 68]LogModuleManager: Shutting down and abandoning module GeometryCache (304)
[2017.11.22-22.43.35:314][ 68]LogModuleManager: Shutting down and abandoning module GeometryCacheEd (303)
[2017.11.22-22.43.35:315][ 68]LogModuleManager: Shutting down and abandoning module SpeedTreeImporter (298)
[2017.11.22-22.43.35:315][ 68]LogModuleManager: Shutting down and abandoning module PluginBrowser (296)
[2017.11.22-22.43.35:315][ 68]LogModuleManager: Shutting down and abandoning module MobileLauncherProfileWizard (294)
[2017.11.22-22.43.35:315][ 68]LogModuleManager: Shutting down and abandoning module VisualStudioSourceCodeAccess (292)
[2017.11.22-22.43.35:315][ 68]LogModuleManager: Shutting down and abandoning module DesktopPlatform (291)
[2017.11.22-22.43.35:315][ 68]LogModuleManager: Shutting down and abandoning module UObjectPlugin (288)
[2017.11.22-22.43.35:315][ 68]LogModuleManager: Shutting down and abandoning module SubversionSourceControl (286)
[2017.11.22-22.43.35:315][ 68]LogModuleManager: Shutting down and abandoning module PerforceSourceControl (284)
[2017.11.22-22.43.35:315][ 68]LogModuleManager: Shutting down and abandoning module GitSourceControl (282)
[2017.11.22-22.43.35:315][ 68]LogModuleManager: Shutting down and abandoning module SourceControl (281)
[2017.11.22-22.43.35:315][ 68]LogModuleManager: Shutting down and abandoning module LightPropagationVolumeEditor (278)
[2017.11.22-22.43.35:315][ 68]LogModuleManager: Shutting down and abandoning module PaperTiledImporter (276)
[2017.11.22-22.43.35:315][ 68]LogModuleManager: Shutting down and abandoning module PaperSpriteSheetImporter (274)
[2017.11.22-22.43.35:315][ 68]LogModuleManager: Shutting down and abandoning module Paper2DEditor (272)
[2017.11.22-22.43.35:315][ 68]LogModuleManager: Shutting down and abandoning module MeshPaint (271)
[2017.11.22-22.43.35:315][ 68]LogModuleManager: Shutting down and abandoning module LevelEditor (269)
[2017.11.22-22.43.35:317][ 68]LogModuleManager: Shutting down and abandoning module PixelInspectorModule (268)
[2017.11.22-22.43.35:317][ 68]LogModuleManager: Shutting down and abandoning module MainFrame (266)
[2017.11.22-22.43.35:317][ 68]LogModuleManager: Shutting down and abandoning module HotReload (265)
[2017.11.22-22.43.35:318][ 68]LogModuleManager: Shutting down and abandoning module RuntimePhysXCooking (260)
[2017.11.22-22.43.35:318][ 68]LogModuleManager: Shutting down and abandoning module PhysXVehiclesEditor (258)
[2017.11.22-22.43.35:318][ 68]LogModuleManager: Shutting down and abandoning module PhysXVehicles (256)
[2017.11.22-22.43.35:318][ 68]LogModuleManager: Shutting down and abandoning module OculusEditor (254)
[2017.11.22-22.43.35:318][ 68]LogModuleManager: Shutting down and abandoning module LocationServicesBPLibrary (252)
[2017.11.22-22.43.35:318][ 68]LogModuleManager: Shutting down and abandoning module ImmediatePhysicsEditor (250)
[2017.11.22-22.43.35:318][ 68]LogModuleManager: Shutting down and abandoning module ImmediatePhysics (248)
[2017.11.22-22.43.35:318][ 68]LogModuleManager: Shutting down and abandoning module UdpMessaging (246)
[2017.11.22-22.43.35:419][ 68]LogModuleManager: Shutting down and abandoning module TcpMessaging (244)
[2017.11.22-22.43.35:520][ 68]LogModuleManager: Shutting down and abandoning module GameplayTagsEditor (242)
[2017.11.22-22.43.35:520][ 68]LogModuleManager: Shutting down and abandoning module FacialAnimationEditor (240)
[2017.11.22-22.43.35:520][ 68]LogModuleManager: Shutting down and abandoning module FacialAnimation (238)
[2017.11.22-22.43.35:520][ 68]LogModuleManager: Shutting down and abandoning module AssetManagerEditor (236)
[2017.11.22-22.43.35:520][ 68]LogModuleManager: Shutting down and abandoning module GraphEditor (235)
[2017.11.22-22.43.35:520][ 68]LogModuleManager: Shutting down and abandoning module ContentBrowser (233)
[2017.11.22-22.43.35:522][ 68]LogModuleManager: Shutting down and abandoning module LightPropagationVolumeRuntime (230)
[2017.11.22-22.43.35:522][ 68]LogModuleManager: Shutting down and abandoning module Paper2D (228)
[2017.11.22-22.43.35:522][ 68]LogModuleManager: Shutting down and abandoning module WindowsMoviePlayer (226)
[2017.11.22-22.43.35:522][ 68]LogModuleManager: Shutting down and abandoning module WmfMedia (224)
[2017.11.22-22.43.35:522][ 68]LogModuleManager: Shutting down and abandoning module PacketHandler (222)
[2017.11.22-22.43.35:522][ 68]LogModuleManager: Shutting down and abandoning module ClothingSystemEditor (220)
[2017.11.22-22.43.35:522][ 68]LogModuleManager: Shutting down and abandoning module ClothingSystemRuntime (218)
[2017.11.22-22.43.35:522][ 68]LogModuleManager: Shutting down and abandoning module Overlay (216)
[2017.11.22-22.43.35:522][ 68]LogModuleManager: Shutting down and abandoning module OverlayEditor (215)
[2017.11.22-22.43.35:522][ 68]LogModuleManager: Shutting down and abandoning module MediaAssets (212)
[2017.11.22-22.43.35:522][ 68]LogModuleManager: Shutting down and abandoning module VREditor (210)
[2017.11.22-22.43.35:523][ 68]LogModuleManager: Shutting down and abandoning module StringTableEditor (208)
[2017.11.22-22.43.35:523][ 68]LogModuleManager: Shutting down and abandoning module GameplayTasksEditor (206)
[2017.11.22-22.43.35:523][ 68]LogModuleManager: Shutting down and abandoning module BehaviorTreeEditor (204)
[2017.11.22-22.43.35:523][ 68]LogModuleManager: Shutting down and abandoning module FunctionalTesting (202)
[2017.11.22-22.43.35:523][ 68]LogModuleManager: Shutting down and abandoning module CollisionAnalyzer (200)
[2017.11.22-22.43.35:523][ 68]LogModuleManager: Shutting down and abandoning module WorkspaceMenuStructure (199)
[2017.11.22-22.43.35:523][ 68]LogModuleManager: Shutting down and abandoning module UMG (196)
[2017.11.22-22.43.35:523][ 68]LogModuleManager: Shutting down and abandoning module UMGEditor (195)
[2017.11.22-22.43.35:523][ 68]LogModuleManager: Shutting down and abandoning module Sequencer (194)
[2017.11.22-22.43.35:523][ 68]LogModuleManager: Shutting down and abandoning module MessageLog (191)
[2017.11.22-22.43.35:523][ 68]LogModuleManager: Shutting down and abandoning module SlateReflector (186)
[2017.11.22-22.43.35:523][ 68]LogModuleManager: Shutting down and abandoning module Slate (184)
[2017.11.22-22.43.35:523][ 68]LogModuleManager: Shutting down and abandoning module EditorStyle (182)
[2017.11.22-22.43.35:527][ 68]LogModuleManager: Shutting down and abandoning module MRMesh (180)
[2017.11.22-22.43.35:528][ 68]LogModuleManager: Shutting down and abandoning module SourceCodeAccess (178)
[2017.11.22-22.43.35:528][ 68]LogModuleManager: Shutting down and abandoning module HeadMountedDisplay (176)
[2017.11.22-22.43.35:528][ 68]LogModuleManager: Shutting down and abandoning module XAudio2 (174)
[2017.11.22-22.43.35:528][ 68]LogModuleManager: Shutting down and abandoning module Networking (172)
[2017.11.22-22.43.35:528][ 68]LogModuleManager: Shutting down and abandoning module Core (168)
[2017.11.22-22.43.35:528][ 68]LogModuleManager: Shutting down and abandoning module KismetCompiler (164)
[2017.11.22-22.43.35:528][ 68]LogModuleManager: Shutting down and abandoning module LevelSequence (162)
[2017.11.22-22.43.35:528][ 68]LogModuleManager: Shutting down and abandoning module MeshUtilities (160)
[2017.11.22-22.43.35:528][ 68]LogModuleManager: Shutting down and abandoning module MeshMergeUtilities (159)
[2017.11.22-22.43.35:528][ 68]LogModuleManager: Shutting down and abandoning module MeshReductionInterface (158)
[2017.11.22-22.43.35:528][ 68]LogModuleManager: Shutting down and abandoning module SimplygonSwarm (157)
[2017.11.22-22.43.35:528][ 68]LogModuleManager: Shutting down and abandoning module SimplygonMeshReduction (155)
[2017.11.22-22.43.35:528][ 68]LogModuleManager: Shutting down and abandoning module QuadricMeshReduction (153)
[2017.11.22-22.43.35:528][ 68]LogModuleManager: Shutting down and abandoning module MaterialBaking (149)
[2017.11.22-22.43.35:528][ 68]LogModuleManager: Shutting down and abandoning module DirectoryWatcher (146)
[2017.11.22-22.43.35:529][ 68]LogModuleManager: Shutting down and abandoning module DerivedDataCache (144)
[2017.11.22-22.43.35:558][ 68]LogDerivedDataCache: Shutdown
[2017.11.22-22.43.35:558][ 68]LogModuleManager: Shutting down and abandoning module TargetPlatform (142)
[2017.11.22-22.43.35:558][ 68]LogModuleManager: Shutting down and abandoning module VulkanShaderFormat (141)
[2017.11.22-22.43.35:558][ 68]LogModuleManager: Shutting down and abandoning module ShaderFormatVectorVM (139)
[2017.11.22-22.43.35:558][ 68]LogModuleManager: Shutting down and abandoning module ShaderFormatOpenGL (137)
[2017.11.22-22.43.35:558][ 68]LogModuleManager: Shutting down and abandoning module ShaderFormatD3D (135)
[2017.11.22-22.43.35:558][ 68]LogModuleManager: Shutting down and abandoning module MetalShaderFormat (133)
[2017.11.22-22.43.35:558][ 68]LogModuleManager: Shutting down and abandoning module TextureFormatUncompressed (131)
[2017.11.22-22.43.35:558][ 68]LogModuleManager: Shutting down and abandoning module TextureFormatPVR (129)
[2017.11.22-22.43.35:558][ 68]LogModuleManager: Shutting down and abandoning module TextureFormatDXT (127)
[2017.11.22-22.43.35:558][ 68]LogModuleManager: Shutting down and abandoning module TextureFormatIntelISPCTexComp (125)
[2017.11.22-22.43.35:558][ 68]LogModuleManager: Shutting down and abandoning module TextureFormatASTC (123)
[2017.11.22-22.43.35:558][ 68]LogModuleManager: Shutting down and abandoning module ImageWrapper (122)
[2017.11.22-22.43.35:559][ 68]LogModuleManager: Shutting down and abandoning module TextureFormatAndroid (119)
[2017.11.22-22.43.35:559][ 68]LogModuleManager: Shutting down and abandoning module AudioFormatOpus (117)
[2017.11.22-22.43.35:559][ 68]LogModuleManager: Shutting down and abandoning module AudioFormatOgg (115)
[2017.11.22-22.43.35:559][ 68]LogModuleManager: Shutting down and abandoning module AudioFormatADPCM (113)
[2017.11.22-22.43.35:559][ 68]LogModuleManager: Shutting down and abandoning module LinuxTargetPlatform (111)
[2017.11.22-22.43.35:559][ 68]LogModuleManager: Shutting down and abandoning module LinuxServerTargetPlatform (109)
[2017.11.22-22.43.35:559][ 68]LogModuleManager: Shutting down and abandoning module LinuxNoEditorTargetPlatform (107)
[2017.11.22-22.43.35:559][ 68]LogModuleManager: Shutting down and abandoning module LinuxClientTargetPlatform (105)
[2017.11.22-22.43.35:559][ 68]LogModuleManager: Shutting down and abandoning module TVOSTargetPlatform (103)
[2017.11.22-22.43.35:559][ 68]LogModuleManager: Shutting down and abandoning module Messaging (101)
[2017.11.22-22.43.35:559][ 68]LogModuleManager: Shutting down and abandoning module IOSTargetPlatform (99)
[2017.11.22-22.43.35:559][ 68]LogModuleManager: Shutting down and abandoning module HTML5TargetPlatform (97)
[2017.11.22-22.43.35:559][ 68]LogModuleManager: Shutting down and abandoning module Android_PVRTCTargetPlatform (95)
[2017.11.22-22.43.35:559][ 68]LogModuleManager: Shutting down and abandoning module Android_MultiTargetPlatform (93)
[2017.11.22-22.43.35:559][ 68]LogModuleManager: Shutting down and abandoning module Android_ETC2TargetPlatform (91)
[2017.11.22-22.43.35:559][ 68]LogModuleManager: Shutting down and abandoning module Android_ETC1TargetPlatform (89)
[2017.11.22-22.43.35:559][ 68]LogModuleManager: Shutting down and abandoning module Android_DXTTargetPlatform (87)
[2017.11.22-22.43.35:559][ 68]LogModuleManager: Shutting down and abandoning module Android_ATCTargetPlatform (85)
[2017.11.22-22.43.35:559][ 68]LogModuleManager: Shutting down and abandoning module Android_ASTCTargetPlatform (83)
[2017.11.22-22.43.35:559][ 68]LogModuleManager: Shutting down and abandoning module AndroidTargetPlatform (81)
[2017.11.22-22.43.35:559][ 68]LogModuleManager: Shutting down and abandoning module WindowsTargetPlatform (79)
[2017.11.22-22.43.35:559][ 68]LogModuleManager: Shutting down and abandoning module WindowsServerTargetPlatform (77)
[2017.11.22-22.43.35:559][ 68]LogModuleManager: Shutting down and abandoning module WindowsNoEditorTargetPlatform (75)
[2017.11.22-22.43.35:559][ 68]LogModuleManager: Shutting down and abandoning module WindowsClientTargetPlatform (73)
[2017.11.22-22.43.35:559][ 68]LogModuleManager: Shutting down and abandoning module MacTargetPlatform (71)
[2017.11.22-22.43.35:559][ 68]LogModuleManager: Shutting down and abandoning module MacServerTargetPlatform (69)
[2017.11.22-22.43.35:559][ 68]LogModuleManager: Shutting down and abandoning module MacNoEditorTargetPlatform (67)
[2017.11.22-22.43.35:559][ 68]LogModuleManager: Shutting down and abandoning module MacClientTargetPlatform (65)
[2017.11.22-22.43.35:559][ 68]LogModuleManager: Shutting down and abandoning module AllDesktopTargetPlatform (63)
[2017.11.22-22.43.35:559][ 68]LogModuleManager: Shutting down and abandoning module InputCore (60)
[2017.11.22-22.43.35:559][ 68]LogModuleManager: Shutting down and abandoning module Settings (58)
[2017.11.22-22.43.35:560][ 68]LogModuleManager: Shutting down and abandoning module PhysXCooking (56)
[2017.11.22-22.43.35:560][ 68]LogModuleManager: Shutting down and abandoning module SteamVR (54)
[2017.11.22-22.43.35:560][ 68]LogModuleManager: Shutting down and abandoning module OculusHMD (52)
[2017.11.22-22.43.35:560][ 68]LogModuleManager: Shutting down and abandoning module ExampleDeviceProfileSelector (50)
[2017.11.22-22.43.35:560][ 68]LogModuleManager: Shutting down and abandoning module OnlineBlueprintSupport (48)
[2017.11.22-22.43.35:560][ 68]LogModuleManager: Shutting down and abandoning module OnlineSubsystem (44)
[2017.11.22-22.43.35:560][ 68]LogOnline: Display: Unloading online subsystem: NULL
[2017.11.22-22.43.35:560][ 68]LogModuleManager: Shutting down and abandoning module XMPP (43)
[2017.11.22-22.43.35:560][ 68]LogModuleManager: Shutting down and abandoning module HTTP (41)
[2017.11.22-22.43.35:560][ 68]LogHttp: Display: Http module shutting down, but needs to wait on 1 outstanding Http requests:
[2017.11.22-22.43.35:560][ 68]LogHttp: Display: 	verb=[POST] url=[https://datarouter.ol.epicgames.com/datarouter/api/v1/public/data?SessionID=%7B77F86DE1-4651-4BC6-A54F-A7BEAAEDF916%7D&AppID=UEEditor.Rocket.Release&AppVersion=4.17.1-3586342%2B%2B%2BUE4%2BRelease-4.17&UserID=3691cf284ca1f1681c3051979cb06f41%7C88057b4134714c0f98d798880975d3e9%7C75c10d2f-5615-4ca6-9c94-8a26968e32be&AppEnvironment=datacollector-binary&UploadType=eteventstream] status=Processing
[2017.11.22-22.43.35:579][ 68]LogModuleManager: Shutting down and abandoning module SSL (40)
[2017.11.22-22.43.35:582][ 68]LogModuleManager: Shutting down and abandoning module AnimationModifiers (36)
[2017.11.22-22.43.35:582][ 68]LogModuleManager: Shutting down and abandoning module PropertyEditor (35)
[2017.11.22-22.43.35:582][ 68]LogModuleManager: Shutting down and abandoning module AudioEditor (32)
[2017.11.22-22.43.35:582][ 68]LogModuleManager: Shutting down and abandoning module TextureCompressor (30)
[2017.11.22-22.43.35:582][ 68]LogModuleManager: Shutting down and abandoning module ShaderCore (28)
[2017.11.22-22.43.35:582][ 68]LogModuleManager: Shutting down and abandoning module Landscape (26)
[2017.11.22-22.43.35:582][ 68]LogModuleManager: Shutting down and abandoning module SlateRHIRenderer (24)
[2017.11.22-22.43.35:586][ 68]LogModuleManager: Shutting down and abandoning module OpenGLDrv (22)
[2017.11.22-22.43.35:586][ 68]LogModuleManager: Shutting down and abandoning module D3D11RHI (20)
[2017.11.22-22.43.35:586][ 68]LogModuleManager: Shutting down and abandoning module AnimGraphRuntime (18)
[2017.11.22-22.43.35:586][ 68]LogModuleManager: Shutting down and abandoning module Renderer (16)
[2017.11.22-22.43.35:586][ 68]LogModuleManager: Shutting down and abandoning module Engine (14)
[2017.11.22-22.43.35:586][ 68]LogModuleManager: Shutting down and abandoning module CoreUObject (12)
[2017.11.22-22.43.35:586][ 68]LogModuleManager: Shutting down and abandoning module NetworkFile (10)
[2017.11.22-22.43.35:586][ 68]LogModuleManager: Shutting down and abandoning module CookedIterativeFile (8)
[2017.11.22-22.43.35:586][ 68]LogModuleManager: Shutting down and abandoning module StreamingFile (6)
[2017.11.22-22.43.35:586][ 68]LogModuleManager: Shutting down and abandoning module SandboxFile (4)
[2017.11.22-22.43.35:586][ 68]LogModuleManager: Shutting down and abandoning module PakFile (2)
[2017.11.22-22.43.35:594][ 68]LogExit: Exiting.
[2017.11.22-22.43.35:627][ 68]Log file closed, 11/22/17 18:43:35
