Log file open, 11/06/17 17:31:29
LogWindows: Failed to load 'aqProf.dll' (GetLastError=126)
LogWindows: File 'aqProf.dll' does not exist
LogWindows: Failed to load 'VSPerf140.dll' (GetLastError=126)
LogWindows: File 'VSPerf140.dll' does not exist
LogWindows: Failed to load 'VtuneApi.dll' (GetLastError=126)
LogWindows: File 'VtuneApi.dll' does not exist
LogWindows: Failed to load 'VtuneApi32e.dll' (GetLastError=126)
LogWindows: File 'VtuneApi32e.dll' does not exist
LogInit: Display: Running engine for game: InfiniteJumperMF
LogPlatformFile: Not using cached read wrapper
LogInit: Display: RandInit(1550905810) SRandInit(1550905810).
LogTaskGraph: Started task graph with 5 named threads and 8 total threads with 3 sets of task threads.
LogStats: Stats thread started at 0.114268
LogD3D11RHI: Aftermath initialized
LogPluginManager: Mounting plugin Paper2D
LogPluginManager: Mounting plugin LightPropagationVolume
LogPluginManager: Mounting plugin CodeLiteSourceCodeAccess
LogPluginManager: Mounting plugin GitSourceControl
LogPluginManager: Mounting plugin KDevelopSourceCodeAccess
LogPluginManager: Mounting plugin NullSourceCodeAccess
LogPluginManager: Mounting plugin PerforceSourceControl
LogPluginManager: Mounting plugin SubversionSourceControl
LogPluginManager: Mounting plugin UObjectPlugin
LogPluginManager: Mounting plugin VisualStudioSourceCodeAccess
LogPluginManager: Mounting plugin XCodeSourceCodeAccess
LogPluginManager: Mounting plugin AssetManagerEditor
LogPluginManager: Mounting plugin AudioCapture
LogPluginManager: Mounting plugin FacialAnimation
LogPluginManager: Mounting plugin GameplayTagsEditor
LogPluginManager: Mounting plugin MobileLauncherProfileWizard
LogPluginManager: Mounting plugin PluginBrowser
LogPluginManager: Mounting plugin SpeedTreeImporter
LogPluginManager: Mounting plugin AlembicImporter
LogPluginManager: Mounting plugin CharacterAI
LogPluginManager: Mounting plugin HTML5Networking
LogPluginManager: Mounting plugin AndroidMedia
LogPluginManager: Mounting plugin AvfMedia
LogPluginManager: Mounting plugin MediaPlayerEditor
LogPluginManager: Mounting plugin WmfMedia
LogPluginManager: Mounting plugin TcpMessaging
LogPluginManager: Mounting plugin UdpMessaging
LogPluginManager: Mounting plugin LevelSequenceEditor
LogPluginManager: Mounting plugin MatineeToLevelSequence
LogPluginManager: Mounting plugin OnlineSubsystemGooglePlay
LogPluginManager: Mounting plugin OnlineSubsystemIOS
LogPluginManager: Mounting plugin OnlineSubsystem
LogPluginManager: Mounting plugin OnlineSubsystemNull
LogPluginManager: Mounting plugin OnlineSubsystemUtils
LogPluginManager: Mounting plugin AndroidDeviceProfileSelector
LogPluginManager: Mounting plugin AndroidMoviePlayer
LogPluginManager: Mounting plugin AndroidPermission
LogPluginManager: Mounting plugin AppleMoviePlayer
LogPluginManager: Mounting plugin ArchVisCharacter
LogPluginManager: Mounting plugin CableComponent
LogPluginManager: Mounting plugin CustomMeshComponent
LogPluginManager: Mounting plugin ExampleDeviceProfileSelector
LogPluginManager: Mounting plugin GoogleCloudMessaging
LogPluginManager: Mounting plugin ImmediatePhysics
LogPluginManager: Mounting plugin IOSDeviceProfileSelector
LogPluginManager: Mounting plugin LinuxDeviceProfileSelector
LogPluginManager: Mounting plugin LocationServicesBPLibrary
LogPluginManager: Mounting plugin MobilePatchingUtils
LogPluginManager: Mounting plugin OculusVR
LogPluginManager: Mounting plugin PhysXVehicles
LogPluginManager: Mounting plugin ProceduralMeshComponent
LogPluginManager: Mounting plugin RuntimePhysXCooking
LogPluginManager: Mounting plugin SteamVR
LogPluginManager: Mounting plugin WindowsMoviePlayer
LogInit: Using libcurl 7.47.1
LogInit:  - built for x86_64-pc-win32
LogInit:  - supports SSL with OpenSSL/1.0.2g
LogInit:  - supports HTTP deflate (compression) using libz 1.2.8
LogInit:  - other features:
LogInit:      CURL_VERSION_SSL
LogInit:      CURL_VERSION_LIBZ
LogInit:      CURL_VERSION_IPV6
LogInit:      CURL_VERSION_ASYNCHDNS
LogInit:      CURL_VERSION_LARGEFILE
LogInit:      CURL_VERSION_IDN
LogInit:  CurlRequestOptions (configurable via config and command line):
LogInit:  - bVerifyPeer = false  - Libcurl will NOT verify peer certificate
LogInit:  - bUseHttpProxy = false  - Libcurl will NOT use HTTP proxy
LogInit:  - bDontReuseConnections = false  - Libcurl will reuse connections
LogInit:  - CertBundlePath = nullptr  - Libcurl will use whatever was configured at build time.
LogHMD: Failed initializing OVRPlugin 1.15.0
LogInit: Build: ++UE4+Release-4.17-CL-3658906
LogInit: Engine Version: 4.17.2-3658906+++UE4+Release-4.17
LogInit: Compatible Engine Version: 4.17.0-3573198+++UE4+Release-4.17
LogInit: Net CL: 3573198
LogDevObjectVersion: Number of dev versions registered: 16
LogDevObjectVersion:   Dev-Blueprints (B0D832E4-1F89-4F0D-ACCF-7EB736FD4AA2): 10
LogDevObjectVersion:   Dev-Build (E1C64328-A22C-4D53-A36C-8E866417BD8C): 0
LogDevObjectVersion:   Dev-Core (375EC13C-06E4-48FB-B500-84F0262A717E): 2
LogDevObjectVersion:   Dev-Editor (E4B068ED-F494-42E9-A231-DA0B2E46BB41): 20
LogDevObjectVersion:   Dev-Framework (CFFC743F-43B0-4480-9391-14DF171D2073): 28
LogDevObjectVersion:   Dev-Mobile (B02B49B5-BB20-44E9-A304-32B752E40360): 0
LogDevObjectVersion:   Dev-Networking (A4E4105C-59A1-49B5-A7C5-40C4547EDFEE): 0
LogDevObjectVersion:   Dev-Online (39C831C9-5AE6-47DC-9A44-9C173E1C8E7C): 0
LogDevObjectVersion:   Dev-Physics (78F01B33-EBEA-4F98-B9B4-84EACCB95AA2): 0
LogDevObjectVersion:   Dev-Platform (6631380F-2D4D-43E0-8009-CF276956A95A): 0
LogDevObjectVersion:   Dev-Rendering (12F88B9F-8875-4AFC-A67C-D90C383ABD29): 19
LogDevObjectVersion:   Dev-Sequencer (7B5AE74C-D270-4C10-A958-57980B212A5A): 4
LogDevObjectVersion:   Dev-VR (D7296918-1DD6-4BDD-9DE2-64A83CC13884): 0
LogDevObjectVersion:   Dev-LoadTimes (C2A15278-BFE7-4AFE-6C17-90FF531DF755): 1
LogDevObjectVersion:   Private-Geometry (6EACA3D4-40EC-4CC1-B786-8BED09428FC5): 1
LogDevObjectVersion:   Dev-AnimPhys (29E575DD-E0A3-4627-9D10-D276232CDCEA): 7
LogInit: Compiled (64-bit): Sep 22 2017 13:47:16
LogInit: Compiled with Visual C++: 19.00.24215.01
LogInit: Build Configuration: Development
LogInit: Branch Name: ++UE4+Release-4.17
LogInit: Command line:  
LogInit: Base directory: C:/Program Files/Epic Games/UE_4.17/Engine/Binaries/Win64/
LogInit: Installed Engine Build: 1
LogInit: Presizing for max 8388607 objects, including 0 objects not considered by GC, pre-allocating 0 bytes for permanent pool.
LogInit: Object subsystem initialized
[2017.11.06-21.31.30:900][  0]LogInit: Selected Device Profile: [Windows]
[2017.11.06-21.31.30:900][  0]LogInit: Applying CVar settings loaded from the selected device profile: [Windows]
[2017.11.06-21.31.30:911][  0]LogInit: Computer: DESKTOP-SJI2LPG
[2017.11.06-21.31.30:911][  0]LogInit: User: isma0
[2017.11.06-21.31.30:911][  0]LogInit: CPU Page size=4096, Cores=2
[2017.11.06-21.31.30:911][  0]LogInit: High frequency timer resolution =2.531251 MHz
[2017.11.06-21.31.30:912][  0]LogMemory: Memory total: Physical=11.9GB (12GB approx)
[2017.11.06-21.31.30:912][  0]LogMemory: Platform Memory Stats for Windows
[2017.11.06-21.31.30:912][  0]LogMemory: Process Physical Memory: 280.34 MB used, 280.34 MB peak
[2017.11.06-21.31.30:912][  0]LogMemory: Process Virtual Memory: 277.14 MB used, 277.14 MB peak
[2017.11.06-21.31.30:912][  0]LogMemory: Physical Memory: 4685.75 MB used,  7466.20 MB free, 12151.95 MB total
[2017.11.06-21.31.30:912][  0]LogMemory: Virtual Memory: 727.88 MB used,  7466.20 MB free, 134217728.00 MB total
[2017.11.06-21.31.31:443][  0]LogInit: Using OS detected language (en-US).
[2017.11.06-21.31.31:443][  0]LogInit: Using OS detected locale (en-US).
[2017.11.06-21.31.31:446][  0]LogTextLocalizationManager: No specific localization for 'en-US' exists, so the 'en' localization will be used.
[2017.11.06-21.31.32:262][  0]LogD3D11RHI: D3D11 adapters:
[2017.11.06-21.31.32:303][  0]LogD3D11RHI:    0. 'NVIDIA GeForce 940MX' (Feature Level 11_0)
[2017.11.06-21.31.32:303][  0]LogD3D11RHI:       2019/0/6075 MB DedicatedVideo/DedicatedSystem/SharedSystem, Outputs:1, VendorId:0x10de
[2017.11.06-21.31.32:315][  0]LogD3D11RHI:    1. 'Intel(R) HD Graphics 520' (Feature Level 11_0)
[2017.11.06-21.31.32:315][  0]LogD3D11RHI:       128/0/6075 MB DedicatedVideo/DedicatedSystem/SharedSystem, Outputs:0, VendorId:0x8086
[2017.11.06-21.31.32:319][  0]LogD3D11RHI:    2. 'Microsoft Basic Render Driver' (Feature Level 11_0)
[2017.11.06-21.31.32:319][  0]LogD3D11RHI:       0/0/6075 MB DedicatedVideo/DedicatedSystem/SharedSystem, Outputs:0, VendorId:0x1414
[2017.11.06-21.31.32:319][  0]LogD3D11RHI: Chosen D3D11 Adapter: 0
[2017.11.06-21.31.32:325][  0]LogD3D11RHI: Creating new Direct3DDevice
[2017.11.06-21.31.32:326][  0]LogD3D11RHI:     GPU DeviceId: 0x179c (for the marketing name, search the web for "GPU Device Id")
[2017.11.06-21.31.32:326][  0]LogWindows: EnumDisplayDevices:
[2017.11.06-21.31.32:326][  0]LogWindows:    0. 'Intel(R) HD Graphics 520' (P:1 D:1)
[2017.11.06-21.31.32:326][  0]LogWindows:    1. 'Intel(R) HD Graphics 520' (P:0 D:0)
[2017.11.06-21.31.32:326][  0]LogWindows:    2. 'Intel(R) HD Graphics 520' (P:0 D:0)
[2017.11.06-21.31.32:326][  0]LogWindows: DebugString: GetVideoDriverDetailsInvalid PrimaryIsNotTheChoosenAdapter GetVideoDriverDetailsInvalid PrimaryIsNotTheChoosenAdapter GetVideoDriverDetailsInvalid PrimaryIsNotTheChoosenAdapter FoundDriverCount:0 
[2017.11.06-21.31.32:326][  0]LogD3D11RHI:     Adapter Name: NVIDIA GeForce 940MX
[2017.11.06-21.31.32:326][  0]LogD3D11RHI:   Driver Version: Unknown (internal:Unknown, unified:Unknown)
[2017.11.06-21.31.32:326][  0]LogD3D11RHI:      Driver Date: Unknown
[2017.11.06-21.31.32:326][  0]LogRHI: Texture pool is 1361 MB (70% of 1945 MB)
[2017.11.06-21.31.32:352][  0]LogD3D11RHI: Async texture creation enabled
[2017.11.06-21.31.32:366][  0]LogD3D11RHI: GPU Timing Frequency: 1000.000000 (Debug: 2 1)
[2017.11.06-21.31.32:366][  0]LogShaderCompilers: Guid format shader working directory is -24 characters bigger than the processId version (../../../../../../Users/isma0/Desktop/InfiniteJumper4.17 - Master File/Intermediate/Shaders/WorkingDirectory/5112/).
[2017.11.06-21.31.32:366][  0]LogShaderCompilers: Cleaned the shader compiler working directory 'C:/Users/isma0/AppData/Local/Temp/UnrealShaderWorkingDir/A431B7F847F6CF35F9DA0AA5196B46FD/'.
[2017.11.06-21.31.32:366][  0]LogShaderCompilers: Display: Using Local Shader Compiler.
[2017.11.06-21.31.33:424][  0]LogTemp: Display: Loaded TP AllDesktopTargetPlatform
[2017.11.06-21.31.33:489][  0]LogTemp: Display: Loaded TP MacClientTargetPlatform
[2017.11.06-21.31.33:554][  0]LogTemp: Display: Loaded TP MacNoEditorTargetPlatform
[2017.11.06-21.31.33:620][  0]LogTemp: Display: Loaded TP MacServerTargetPlatform
[2017.11.06-21.31.33:686][  0]LogTemp: Display: Loaded TP MacTargetPlatform
[2017.11.06-21.31.33:755][  0]LogTemp: Display: Loaded TP WindowsClientTargetPlatform
[2017.11.06-21.31.33:820][  0]LogTemp: Display: Loaded TP WindowsNoEditorTargetPlatform
[2017.11.06-21.31.33:884][  0]LogTemp: Display: Loaded TP WindowsServerTargetPlatform
[2017.11.06-21.31.33:943][  0]LogTemp: Display: Loaded TP WindowsTargetPlatform
[2017.11.06-21.31.34:007][  0]LogTemp: Display: Loaded TP AndroidTargetPlatform
[2017.11.06-21.31.34:070][  0]LogTemp: Display: Loaded TP Android_ASTCTargetPlatform
[2017.11.06-21.31.34:133][  0]LogTemp: Display: Loaded TP Android_ATCTargetPlatform
[2017.11.06-21.31.34:198][  0]LogTemp: Display: Loaded TP Android_DXTTargetPlatform
[2017.11.06-21.31.34:261][  0]LogTemp: Display: Loaded TP Android_ETC1TargetPlatform
[2017.11.06-21.31.34:324][  0]LogTemp: Display: Loaded TP Android_ETC2TargetPlatform
[2017.11.06-21.31.34:453][  0]LogTemp: Display: Loaded TP Android_MultiTargetPlatform
[2017.11.06-21.31.34:453][  0]LogTemp: Display: Loaded TP Android_PVRTCTargetPlatform
[2017.11.06-21.31.34:509][  0]LogTemp: Display: Loaded TP HTML5TargetPlatform
[2017.11.06-21.31.34:625][  0]LogTemp: Display: Loaded TP IOSTargetPlatform
[2017.11.06-21.31.34:664][  0]LogTemp: Display: Loaded TP TVOSTargetPlatform
[2017.11.06-21.31.34:728][  0]LogTemp: Display: Loaded TP LinuxClientTargetPlatform
[2017.11.06-21.31.34:793][  0]LogTemp: Display: Loaded TP LinuxNoEditorTargetPlatform
[2017.11.06-21.31.34:856][  0]LogTemp: Display: Loaded TP LinuxServerTargetPlatform
[2017.11.06-21.31.34:919][  0]LogTemp: Display: Loaded TP LinuxTargetPlatform
[2017.11.06-21.31.34:919][  0]LogTargetPlatformManager: Display: Building Assets For Windows
[2017.11.06-21.31.35:592][  0]LogDerivedDataCache: Display: Max Cache Size: 512 MB
[2017.11.06-21.31.35:682][  0]LogDerivedDataCache: Loaded boot cache 0.09s 93MB C:/Users/isma0/AppData/Local/UnrealEngine/4.17/DerivedDataCache/Boot.ddc.
[2017.11.06-21.31.35:683][  0]LogDerivedDataCache: Display: Loaded Boot cache: C:/Users/isma0/AppData/Local/UnrealEngine/4.17/DerivedDataCache/Boot.ddc
[2017.11.06-21.31.35:683][  0]LogDerivedDataCache: FDerivedDataBackendGraph:  Pak pak cache file ../../../../../../Users/isma0/Desktop/InfiniteJumper4.17 - Master File/DerivedDataCache/DDC.ddp not found, will not use a pak cache.
[2017.11.06-21.31.35:683][  0]LogDerivedDataCache: Unable to find inner node Pak for hierarchical cache Hierarchy.
[2017.11.06-21.31.35:683][  0]LogDerivedDataCache: FDerivedDataBackendGraph:  CompressedPak pak cache file ../../../../../../Users/isma0/Desktop/InfiniteJumper4.17 - Master File/DerivedDataCache/Compressed.ddp not found, will not use a pak cache.
[2017.11.06-21.31.35:683][  0]LogDerivedDataCache: Unable to find inner node CompressedPak for hierarchical cache Hierarchy.
[2017.11.06-21.31.35:699][  0]LogDerivedDataCache: Display: Pak cache opened for reading ../../../Engine/DerivedDataCache/Compressed.ddp.
[2017.11.06-21.31.35:713][  0]LogDerivedDataCache: Using Local data cache path C:/Users/isma0/AppData/Local/UnrealEngine/Common/DerivedDataCache: Writable
[2017.11.06-21.31.35:723][  0]LogMaterial: Verifying Global Shaders for PCD3D_SM5
[2017.11.06-21.31.35:723][  0]LogSlate: Using Freetype 2.6.0
[2017.11.06-21.31.35:724][  0]LogSlate: SlateFontCache - WITH_FREETYPE: 1, WITH_HARFBUZZ: 1
[2017.11.06-21.31.35:724][  0]LogSlate: SlateFontCache - WITH_FREETYPE: 1, WITH_HARFBUZZ: 1
[2017.11.06-21.31.36:004][  0]LogAssetRegistry: FAssetRegistry took 0.0265 seconds to start up
[2017.11.06-21.31.36:143][  0]LogInit: Selected Device Profile: [Windows]
[2017.11.06-21.31.36:347][  0]LogContentStreaming: Texture pool size is 0.00 MB
[2017.11.06-21.31.36:734][  0]LogSimplygon: Simplygon DLL not present - disabling.
[2017.11.06-21.31.36:791][  0]LogMeshReduction: Using SimplygonSwarm for distributed automatic mesh merging
[2017.11.06-21.31.36:791][  0]LogMeshReduction: Using QuadricMeshReduction for automatic static mesh reduction
[2017.11.06-21.31.36:791][  0]LogMeshReduction: No automatic skeletal mesh reduction module available
[2017.11.06-21.31.36:791][  0]LogMeshReduction: No automatic mesh merging module available
[2017.11.06-21.31.36:791][  0]LogMeshMerging: No automatic mesh merging module available
[2017.11.06-21.31.37:217][  0]LogNetVersion: InfiniteJumperMF , NetCL: 3573198, EngineNetVer: 2, GameNetVer: 0 (Checksum: 767604215)
[2017.11.06-21.31.37:525][  0]LogPackageLocalizationCache: Processed 5 localized package path(s) for 2 prioritized culture(s) in 0.083070 seconds
[2017.11.06-21.31.37:531][  0]LogUObjectArray: 35825 objects as part of root set at end of initial load.
[2017.11.06-21.31.37:531][  0]LogUObjectAllocator: 7529104 out of 0 bytes used by permanent object pool.
[2017.11.06-21.31.37:531][  0]LogUObjectArray: CloseDisregardForGC: 0/0 objects in disregard for GC pool
[2017.11.06-21.31.37:615][  0]LogInit: WinSock: version 1.1 (2.2), MaxSocks=32767, MaxUdp=65467
[2017.11.06-21.31.41:481][  0]LogTcpMessaging: Initializing TcpMessaging bridge
[2017.11.06-21.31.41:533][  0]LogUdpMessaging: Initializing bridge on interface 0.0.0.0:0 to multicast group 230.0.0.1:6666.
[2017.11.06-21.31.42:372][  0]LogMaterial: Uniform references updated for custom material expression Custom.
[2017.11.06-21.31.42:911][  0]SourceControl: Source control is disabled
[2017.11.06-21.31.42:911][  0]SourceControl: Source control is disabled
[2017.11.06-21.31.42:978][  0]SourceControl: Source control is disabled
[2017.11.06-21.31.43:046][  0]SourceControl: Source control is disabled
[2017.11.06-21.31.43:858][  0]LogAndroidPermission: UAndroidPermissionCallbackProxy::GetInstance
[2017.11.06-21.31.44:191][  0]LogOcInput: OculusInput pre-init called
[2017.11.06-21.31.44:553][  0]LogEngine: Initializing Engine...
[2017.11.06-21.31.44:556][  0]LogHMD: Failed to initialize OpenVR with code 110
[2017.11.06-21.31.44:791][  0]LogStats: UGameplayTagsManager::ConstructGameplayTagTree: Construct from data asset -  0.000 s
[2017.11.06-21.31.44:791][  0]LogStats: UGameplayTagsManager::ConstructGameplayTagTree: GameplayTagTreeChangedEvent.Broadcast -  0.000 s
[2017.11.06-21.31.44:960][  0]LogAIModule: Creating AISystem for world Untitled
[2017.11.06-21.31.44:972][  0]LogInit: XAudio2 using 'Speakers (Realtek High Definition Audio)' : 2 channels at 48 kHz using 32 bits per sample (channel mask 0x3)
[2017.11.06-21.31.45:098][  0]LogInit: FAudioDevice initialized.
[2017.11.06-21.31.46:207][  0]LogDerivedDataCache: Saved boot cache 1.11s 93MB C:/Users/isma0/AppData/Local/UnrealEngine/4.17/DerivedDataCache/Boot.ddc.
[2017.11.06-21.31.46:225][  0]LogInit: Texture streaming: Enabled
[2017.11.06-21.31.46:394][  0]LogEngineSessionManager: EngineSessionManager initialized
[2017.11.06-21.31.46:685][  0]LogInit: Transaction tracking system initialized
[2017.11.06-21.31.47:116][  0]BlueprintLog: New page: Editor Load
[2017.11.06-21.31.48:358][  0]LocalizationService: Localization service is disabled
[2017.11.06-21.31.49:308][  0]LogConsoleResponse: Display: 
[2017.11.06-21.31.49:546][  0]LogCook: Display: Max memory allowance for cook 16384mb min free memory 0mb
[2017.11.06-21.31.49:547][  0]LogCook: Display: Mobile HDR setting 1
[2017.11.06-21.31.49:547][  0]LogGameplayTags: Display: UGameplayTagsManager::DoneAddingNativeTags. DelegateIsBound: 0
[2017.11.06-21.31.50:389][  0]LogFileCache: Scanning file cache for directory 'C:/Users/isma0/Desktop/InfiniteJumper4.17 - Master File/Content/' took 0.02s
[2017.11.06-21.31.51:119][  0]SourceControl: Source control is disabled
[2017.11.06-21.31.51:119][  0]Cmd: MAP LOAD FILE="../../../../../../Users/isma0/Desktop/InfiniteJumper4.17 - Master File/Content/SideScrollerBP/Maps/InfiniteJumper.umap" TEMPLATE=0 SHOWPROGRESS=1 FEATURELEVEL=3
[2017.11.06-21.31.51:120][  0]LightingResults: New page: Lighting Build
[2017.11.06-21.31.51:177][  0]MapCheck: New page: Map Check
[2017.11.06-21.31.51:177][  0]LightingResults: New page: Lighting Build
[2017.11.06-21.31.51:373][  0]LogBlueprint: Warning: [HighScoreSaveSlot] 'UserIndex' variable not found. Base class was probably changed.
[2017.11.06-21.31.51:561][  0]LogLinker: Warning: Can't find file '/Game/StarterContent/Materials/M_Metal_Steel1'
[2017.11.06-21.31.51:561][  0]LogLinker: Warning: Can't find file for asset '/Game/StarterContent/Materials/M_Metal_Steel1' while loading ../../../../../../Users/isma0/Desktop/InfiniteJumper4.17 - Master File/Content/SideScrollerBP/3DModels/Spiked_Log.uasset.
[2017.11.06-21.31.51:561][  0]LoadErrors: Error: /Game/SideScrollerBP/3DModels/Spiked_Log : Can't find file for asset. /Game/StarterContent/Materials/M_Metal_Steel1
[2017.11.06-21.31.51:562][  0]LogLinker: Warning: Can't find file '/Game/StarterContent/Materials/M_Metal_Steel1'
[2017.11.06-21.31.51:562][  0]LogLinker: Warning: Can't find file for asset '/Game/StarterContent/Materials/M_Metal_Steel1' while loading ../../../../../../Users/isma0/Desktop/InfiniteJumper4.17 - Master File/Content/SideScrollerBP/3DModels/Spiked_Log.uasset.
[2017.11.06-21.31.51:562][  0]LoadErrors: Error: /Game/SideScrollerBP/3DModels/Spiked_Log : Can't find file for asset. /Game/StarterContent/Materials/M_Metal_Steel1
[2017.11.06-21.31.51:729][  0]LogLinker: Warning: Can't find file '/Game/StarterContent/Materials/M_Metal_Steel1'
[2017.11.06-21.31.51:729][  0]LoadErrors: Failed to load /Game/StarterContent/Materials/M_Metal_Steel1.M_Metal_Steel1 Referenced by Spiked_Log
[2017.11.06-21.31.51:729][  0]LogLinker: Warning: Can't find file for asset '/Game/StarterContent/Materials/M_Metal_Steel1' while loading NULL.
[2017.11.06-21.31.51:729][  0]LoadErrors: Failed to load /Game/StarterContent/Materials/M_Metal_Steel1.M_Metal_Steel1 Referenced by Spiked_Log
[2017.11.06-21.31.51:729][  0]LogLinker: Warning: Can't find file '/Game/StarterContent/Materials/M_Metal_Steel1'
[2017.11.06-21.31.51:729][  0]LoadErrors: Failed to load /Game/StarterContent/Materials/M_Metal_Steel1.M_Metal_Steel1 Referenced by Spiked_Log
[2017.11.06-21.31.51:729][  0]LogLinker: Warning: Can't find file for asset '/Game/StarterContent/Materials/M_Metal_Steel1' while loading NULL.
[2017.11.06-21.31.51:729][  0]LoadErrors: Failed to load /Game/StarterContent/Materials/M_Metal_Steel1.M_Metal_Steel1 Referenced by Spiked_Log
[2017.11.06-21.31.52:080][  0]LogAIModule: Creating AISystem for world InfiniteJumper
[2017.11.06-21.31.52:091][  0]LogEditorServer: Finished looking for orphan Actors (0.000 secs)
[2017.11.06-21.31.52:203][  0]Cmd: MAP CHECKDEP NOCLEARLOG
[2017.11.06-21.31.52:278][  0]MapCheck: Map check complete: 0 Error(s), 0 Warning(s), took 75.291ms to complete.
[2017.11.06-21.31.52:278][  0]LogFileHelpers: Loading map 'InfiniteJumper' took 1.159
[2017.11.06-21.31.52:343][  0]LogWindowsTextInputMethodSystem: Display: IME system now deactivated.
[2017.11.06-21.31.52:343][  0]LogWindowsTextInputMethodSystem: Display: IME system now deactivated.
[2017.11.06-21.31.52:454][  0]LogCollectionManager: Loaded 0 collections in 0.002200 seconds
[2017.11.06-21.31.52:555][  0]LogFileCache: Scanning file cache for directory 'C:/Users/isma0/Desktop/InfiniteJumper4.17 - Master File/Saved/Collections/' took 0.01s
[2017.11.06-21.31.52:555][  0]LogFileCache: Scanning file cache for directory 'C:/Users/isma0/Desktop/InfiniteJumper4.17 - Master File/Content/Developers/isma0/Collections/' took 0.01s
[2017.11.06-21.31.52:555][  0]LogFileCache: Scanning file cache for directory 'C:/Users/isma0/Desktop/InfiniteJumper4.17 - Master File/Content/Collections/' took 0.01s
[2017.11.06-21.31.52:555][  0]LogCollectionManager: Rebuilt the GUID cache for 0 collections in 0.000000 seconds
[2017.11.06-21.31.52:564][  0]LogContentBrowser: Native class hierarchy populated in 0.0090 seconds. Added 2386 classes and 500 folders.
[2017.11.06-21.31.52:655][  0]LogContentBrowser: Native class hierarchy updated for 'WidgetCarousel' in 0.0007 seconds. Added 0 classes and 0 folders.
[2017.11.06-21.31.52:711][  0]LogContentBrowser: Native class hierarchy updated for 'AddContentDialog' in 0.0006 seconds. Added 0 classes and 0 folders.
[2017.11.06-21.31.52:772][  0]LogContentBrowser: Native class hierarchy updated for 'SceneOutliner' in 0.0007 seconds. Added 1 classes and 2 folders.
[2017.11.06-21.31.52:852][  0]LogSlate: Took 0.000224 seconds to synchronously load lazily loaded font '../../../Engine/Content/Slate/Fonts/Roboto-Regular.ttf' (155K)
[2017.11.06-21.31.52:855][  0]LogSlate: Took 0.000227 seconds to synchronously load lazily loaded font '../../../Engine/Content/Slate/Fonts/Roboto-Bold.ttf' (160K)
[2017.11.06-21.31.52:859][  0]LogSlate: Took 0.000228 seconds to synchronously load lazily loaded font '../../../Engine/Content/Editor/Slate/Fonts/FontAwesome.ttf' (139K)
[2017.11.06-21.31.52:977][  0]LogRenderer: Reallocating scene render targets to support 964x448 Format 10 NumSamples 1 (Frame:1).
[2017.11.06-21.31.53:294][  0]LogContentBrowser: Native class hierarchy updated for 'HierarchicalLODOutliner' in 0.0008 seconds. Added 1 classes and 2 folders.
[2017.11.06-21.31.53:294][  0]LogLoad: (Engine Initialization) Total time: 24.87 seconds
[2017.11.06-21.31.53:294][  0]LogLoad: (Engine Initialization) Total Blueprint compile time: 0.00 seconds
[2017.11.06-21.31.53:294][  0]LogExternalProfiler: No external profilers were discovered.  External profiling features will not be available.
[2017.11.06-21.31.53:320][  0]LogContentStreaming: Texture pool size now 1000 MB
[2017.11.06-21.31.53:390][  0]LogSlate: Took 0.000292 seconds to synchronously load lazily loaded font '../../../Engine/Content/Slate/Fonts/Roboto-Light.ttf' (159K)
[2017.11.06-21.31.55:417][ 96]LogAssetRegistry: Asset discovery search completed in 19.4349 seconds
[2017.11.06-21.31.55:420][ 96]LogCollectionManager: Rebuilt the object cache for 0 collections in 0.000001 seconds (found 0 objects)
[2017.11.06-21.31.55:420][ 96]LogCollectionManager: Fixed up redirectors for 0 collections in 0.000080 seconds (updated 0 objects)
[2017.11.06-21.32.25:923][  7]LogSlate: Took 0.000165 seconds to synchronously load lazily loaded font '../../../Engine/Content/Slate/Fonts/Roboto-Light.ttf' (159K)
[2017.11.06-21.32.26:509][  7]LogSlate: Took 0.000200 seconds to synchronously load lazily loaded font '../../../Engine/Content/Slate/Fonts/Roboto-Regular.ttf' (155K)
[2017.11.06-21.32.26:961][  8]LogRenderer: Reallocating scene render targets to support 1144x736 Format 10 NumSamples 1 (Frame:1).
[2017.11.06-21.32.54:797][282]LogSlate: Took 0.000177 seconds to synchronously load lazily loaded font '../../../Engine/Content/Slate/Fonts/Roboto-Light.ttf' (159K)
[2017.11.06-21.33.18:280][484]LogSavePackage: Save=32.04ms
[2017.11.06-21.33.18:280][484]LogSavePackage: Moving '../../../../../../Users/isma0/Desktop/InfiniteJumper4.17 - Master File/Saved/Spiked_Log5B5F764B4BB80A8C8C1512ADEA5B970D.tmp' to '../../../../../../Users/isma0/Desktop/InfiniteJumper4.17 - Master File/Content/SideScrollerBP/3DModels/Spiked_Log.uasset'
[2017.11.06-21.33.18:288][484]LogSavePackage: Display: Finished SavePackage ../../../../../../Users/isma0/Desktop/InfiniteJumper4.17 - Master File/Content/SideScrollerBP/3DModels/Spiked_Log.uasset
[2017.11.06-21.33.22:444][726]LogTemp: Repeating last play command: Selected Viewport
[2017.11.06-21.33.22:497][726]LogBlueprintUserMessages: Early PlayInEditor Detection: Level '/Game/SideScrollerBP/Maps/InfiniteJumper.InfiniteJumper:PersistentLevel' has LevelScriptBlueprint '/Game/SideScrollerBP/Maps/InfiniteJumper.InfiniteJumper:PersistentLevel.InfiniteJumper' with GeneratedClass '/Game/SideScrollerBP/Maps/InfiniteJumper.InfiniteJumper_C' with ClassGeneratedBy '/Game/SideScrollerBP/Maps/InfiniteJumper.InfiniteJumper:PersistentLevel.InfiniteJumper'
[2017.11.06-21.33.22:497][726]LogPlayLevel: PlayLevel: No blueprints needed recompiling
[2017.11.06-21.33.22:526][726]PIE: New page: PIE session: InfiniteJumper (Nov 6, 2017, 1:33:22 PM)
[2017.11.06-21.33.22:526][726]LogPlayLevel: Creating play world package: /Game/SideScrollerBP/Maps/UEDPIE_0_InfiniteJumper
[2017.11.06-21.33.22:543][726]LogPlayLevel: PIE: StaticDuplicateObject took: (0.016173s)
[2017.11.06-21.33.22:544][726]LogAIModule: Creating AISystem for world InfiniteJumper
[2017.11.06-21.33.22:544][726]LogPlayLevel: PIE: World Init took: (0.001309s)
[2017.11.06-21.33.22:544][726]LogPlayLevel: PIE: Created PIE world by copying editor world from /Game/SideScrollerBP/Maps/InfiniteJumper.InfiniteJumper to /Game/SideScrollerBP/Maps/UEDPIE_0_InfiniteJumper.InfiniteJumper (0.017905s)
[2017.11.06-21.33.22:567][726]LogInit: XAudio2 using 'Speakers (Realtek High Definition Audio)' : 2 channels at 48 kHz using 32 bits per sample (channel mask 0x3)
[2017.11.06-21.33.22:601][726]LogInit: FAudioDevice initialized.
[2017.11.06-21.33.22:644][726]LogLoad: Game class is 'SideScrollerGameMode_C'
[2017.11.06-21.33.22:647][726]LogWorld: Bringing World /Game/SideScrollerBP/Maps/UEDPIE_0_InfiniteJumper.InfiniteJumper up for play (max tick rate 0) at 2017.11.06-17.33.22
[2017.11.06-21.33.22:648][726]LogWorld: Bringing up level for play took: 0.002972
[2017.11.06-21.33.22:725][726]LogContentBrowser: Native class hierarchy updated for 'MovieSceneCapture' in 0.0009 seconds. Added 11 classes and 0 folders.
[2017.11.06-21.33.22:748][726]PIE: Play in editor start time for /Game/SideScrollerBP/Maps/UEDPIE_0_InfiniteJumper -0.084
[2017.11.06-21.33.22:748][726]LogBlueprintUserMessages: Late PlayInEditor Detection: Level '/Game/SideScrollerBP/Maps/InfiniteJumper.InfiniteJumper:PersistentLevel' has LevelScriptBlueprint '/Game/SideScrollerBP/Maps/InfiniteJumper.InfiniteJumper:PersistentLevel.InfiniteJumper' with GeneratedClass '/Game/SideScrollerBP/Maps/InfiniteJumper.InfiniteJumper_C' with ClassGeneratedBy '/Game/SideScrollerBP/Maps/InfiniteJumper.InfiniteJumper:PersistentLevel.InfiniteJumper'
[2017.11.06-21.34.18:514][952]LogBlueprintUserMessages: Early EndPlayMap Detection: Level '/Game/SideScrollerBP/Maps/InfiniteJumper.InfiniteJumper:PersistentLevel' has LevelScriptBlueprint '/Game/SideScrollerBP/Maps/InfiniteJumper.InfiniteJumper:PersistentLevel.InfiniteJumper' with GeneratedClass '/Game/SideScrollerBP/Maps/InfiniteJumper.InfiniteJumper_C' with ClassGeneratedBy '/Game/SideScrollerBP/Maps/InfiniteJumper.InfiniteJumper:PersistentLevel.InfiniteJumper'
[2017.11.06-21.34.18:559][952]LogBlueprintUserMessages: Late EndPlayMap Detection: Level '/Game/SideScrollerBP/Maps/InfiniteJumper.InfiniteJumper:PersistentLevel' has LevelScriptBlueprint '/Game/SideScrollerBP/Maps/InfiniteJumper.InfiniteJumper:PersistentLevel.InfiniteJumper' with GeneratedClass '/Game/SideScrollerBP/Maps/InfiniteJumper.InfiniteJumper_C' with ClassGeneratedBy '/Game/SideScrollerBP/Maps/InfiniteJumper.InfiniteJumper:PersistentLevel.InfiniteJumper'
[2017.11.06-21.34.26:440][413]LogEditorViewport: Clicking on Actor (LMB): SpikeLog_C (SpikeLog)
[2017.11.06-21.34.27:906][501]LogEditorViewport: Clicking on Actor (LMB): PlayerStart (PlayerStart)
[2017.11.06-21.34.36:873][ 64]LogEditorViewport: Clicking on Actor (LMB): SpikeLog_C (SpikeLog)
[2017.11.06-21.34.44:206][531]LogEditorViewport: Clicking on Actor (LMB): PlayerStart (PlayerStart)
[2017.11.06-21.34.51:164][966]LogEditorViewport: Clicking on Actor (LMB): SpikeLog_C (SpikeLog)
[2017.11.06-21.34.58:900][450]LogTemp: Repeating last play command: Selected Viewport
[2017.11.06-21.34.58:918][450]LogBlueprintUserMessages: Early PlayInEditor Detection: Level '/Game/SideScrollerBP/Maps/InfiniteJumper.InfiniteJumper:PersistentLevel' has LevelScriptBlueprint '/Game/SideScrollerBP/Maps/InfiniteJumper.InfiniteJumper:PersistentLevel.InfiniteJumper' with GeneratedClass '/Game/SideScrollerBP/Maps/InfiniteJumper.InfiniteJumper_C' with ClassGeneratedBy '/Game/SideScrollerBP/Maps/InfiniteJumper.InfiniteJumper:PersistentLevel.InfiniteJumper'
[2017.11.06-21.34.58:918][450]LogPlayLevel: PlayLevel: No blueprints needed recompiling
[2017.11.06-21.34.58:919][450]PIE: New page: PIE session: InfiniteJumper (Nov 6, 2017, 1:34:58 PM)
[2017.11.06-21.34.58:919][450]LogPlayLevel: Creating play world package: /Game/SideScrollerBP/Maps/UEDPIE_0_InfiniteJumper
[2017.11.06-21.34.58:940][450]LogPlayLevel: PIE: StaticDuplicateObject took: (0.021495s)
[2017.11.06-21.34.58:942][450]LogAIModule: Creating AISystem for world InfiniteJumper
[2017.11.06-21.34.58:942][450]LogPlayLevel: PIE: World Init took: (0.001645s)
[2017.11.06-21.34.58:942][450]LogPlayLevel: PIE: Created PIE world by copying editor world from /Game/SideScrollerBP/Maps/InfiniteJumper.InfiniteJumper to /Game/SideScrollerBP/Maps/UEDPIE_0_InfiniteJumper.InfiniteJumper (0.023730s)
[2017.11.06-21.34.58:965][450]LogInit: XAudio2 using 'Speakers (Realtek High Definition Audio)' : 2 channels at 48 kHz using 32 bits per sample (channel mask 0x3)
[2017.11.06-21.34.59:005][450]LogInit: FAudioDevice initialized.
[2017.11.06-21.34.59:050][450]LogLoad: Game class is 'SideScrollerGameMode_C'
[2017.11.06-21.34.59:055][450]LogWorld: Bringing World /Game/SideScrollerBP/Maps/UEDPIE_0_InfiniteJumper.InfiniteJumper up for play (max tick rate 0) at 2017.11.06-17.34.59
[2017.11.06-21.34.59:057][450]LogWorld: Bringing up level for play took: 0.005662
[2017.11.06-21.34.59:079][450]PIE: Play in editor start time for /Game/SideScrollerBP/Maps/UEDPIE_0_InfiniteJumper 0.247
[2017.11.06-21.34.59:079][450]LogBlueprintUserMessages: Late PlayInEditor Detection: Level '/Game/SideScrollerBP/Maps/InfiniteJumper.InfiniteJumper:PersistentLevel' has LevelScriptBlueprint '/Game/SideScrollerBP/Maps/InfiniteJumper.InfiniteJumper:PersistentLevel.InfiniteJumper' with GeneratedClass '/Game/SideScrollerBP/Maps/InfiniteJumper.InfiniteJumper_C' with ClassGeneratedBy '/Game/SideScrollerBP/Maps/InfiniteJumper.InfiniteJumper:PersistentLevel.InfiniteJumper'
[2017.11.06-21.35.29:969][798]LogBlueprintUserMessages: Early EndPlayMap Detection: Level '/Game/SideScrollerBP/Maps/InfiniteJumper.InfiniteJumper:PersistentLevel' has LevelScriptBlueprint '/Game/SideScrollerBP/Maps/InfiniteJumper.InfiniteJumper:PersistentLevel.InfiniteJumper' with GeneratedClass '/Game/SideScrollerBP/Maps/InfiniteJumper.InfiniteJumper_C' with ClassGeneratedBy '/Game/SideScrollerBP/Maps/InfiniteJumper.InfiniteJumper:PersistentLevel.InfiniteJumper'
[2017.11.06-21.35.30:034][798]LogBlueprintUserMessages: Late EndPlayMap Detection: Level '/Game/SideScrollerBP/Maps/InfiniteJumper.InfiniteJumper:PersistentLevel' has LevelScriptBlueprint '/Game/SideScrollerBP/Maps/InfiniteJumper.InfiniteJumper:PersistentLevel.InfiniteJumper' with GeneratedClass '/Game/SideScrollerBP/Maps/InfiniteJumper.InfiniteJumper_C' with ClassGeneratedBy '/Game/SideScrollerBP/Maps/InfiniteJumper.InfiniteJumper:PersistentLevel.InfiniteJumper'
[2017.11.06-21.35.32:021][897]LogTemp: Repeating last play command: Selected Viewport
[2017.11.06-21.35.32:038][897]LogBlueprintUserMessages: Early PlayInEditor Detection: Level '/Game/SideScrollerBP/Maps/InfiniteJumper.InfiniteJumper:PersistentLevel' has LevelScriptBlueprint '/Game/SideScrollerBP/Maps/InfiniteJumper.InfiniteJumper:PersistentLevel.InfiniteJumper' with GeneratedClass '/Game/SideScrollerBP/Maps/InfiniteJumper.InfiniteJumper_C' with ClassGeneratedBy '/Game/SideScrollerBP/Maps/InfiniteJumper.InfiniteJumper:PersistentLevel.InfiniteJumper'
[2017.11.06-21.35.32:039][897]LogPlayLevel: PlayLevel: No blueprints needed recompiling
[2017.11.06-21.35.32:039][897]PIE: New page: PIE session: InfiniteJumper (Nov 6, 2017, 1:35:32 PM)
[2017.11.06-21.35.32:039][897]LogPlayLevel: Creating play world package: /Game/SideScrollerBP/Maps/UEDPIE_0_InfiniteJumper
[2017.11.06-21.35.32:058][897]LogPlayLevel: PIE: StaticDuplicateObject took: (0.019051s)
[2017.11.06-21.35.32:059][897]LogAIModule: Creating AISystem for world InfiniteJumper
[2017.11.06-21.35.32:059][897]LogPlayLevel: PIE: World Init took: (0.001036s)
[2017.11.06-21.35.32:059][897]LogPlayLevel: PIE: Created PIE world by copying editor world from /Game/SideScrollerBP/Maps/InfiniteJumper.InfiniteJumper to /Game/SideScrollerBP/Maps/UEDPIE_0_InfiniteJumper.InfiniteJumper (0.020463s)
[2017.11.06-21.35.32:081][897]LogInit: XAudio2 using 'Speakers (Realtek High Definition Audio)' : 2 channels at 48 kHz using 32 bits per sample (channel mask 0x3)
[2017.11.06-21.35.32:115][897]LogInit: FAudioDevice initialized.
[2017.11.06-21.35.32:149][897]LogLoad: Game class is 'SideScrollerGameMode_C'
[2017.11.06-21.35.32:151][897]LogWorld: Bringing World /Game/SideScrollerBP/Maps/UEDPIE_0_InfiniteJumper.InfiniteJumper up for play (max tick rate 0) at 2017.11.06-17.35.32
[2017.11.06-21.35.32:152][897]LogWorld: Bringing up level for play took: 0.002588
[2017.11.06-21.35.32:168][897]PIE: Play in editor start time for /Game/SideScrollerBP/Maps/UEDPIE_0_InfiniteJumper -0.664
[2017.11.06-21.35.32:168][897]LogBlueprintUserMessages: Late PlayInEditor Detection: Level '/Game/SideScrollerBP/Maps/InfiniteJumper.InfiniteJumper:PersistentLevel' has LevelScriptBlueprint '/Game/SideScrollerBP/Maps/InfiniteJumper.InfiniteJumper:PersistentLevel.InfiniteJumper' with GeneratedClass '/Game/SideScrollerBP/Maps/InfiniteJumper.InfiniteJumper_C' with ClassGeneratedBy '/Game/SideScrollerBP/Maps/InfiniteJumper.InfiniteJumper:PersistentLevel.InfiniteJumper'
[2017.11.06-21.35.33:478][974]LogBlueprintUserMessages: Early EndPlayMap Detection: Level '/Game/SideScrollerBP/Maps/InfiniteJumper.InfiniteJumper:PersistentLevel' has LevelScriptBlueprint '/Game/SideScrollerBP/Maps/InfiniteJumper.InfiniteJumper:PersistentLevel.InfiniteJumper' with GeneratedClass '/Game/SideScrollerBP/Maps/InfiniteJumper.InfiniteJumper_C' with ClassGeneratedBy '/Game/SideScrollerBP/Maps/InfiniteJumper.InfiniteJumper:PersistentLevel.InfiniteJumper'
[2017.11.06-21.35.33:532][974]LogBlueprintUserMessages: Late EndPlayMap Detection: Level '/Game/SideScrollerBP/Maps/InfiniteJumper.InfiniteJumper:PersistentLevel' has LevelScriptBlueprint '/Game/SideScrollerBP/Maps/InfiniteJumper.InfiniteJumper:PersistentLevel.InfiniteJumper' with GeneratedClass '/Game/SideScrollerBP/Maps/InfiniteJumper.InfiniteJumper_C' with ClassGeneratedBy '/Game/SideScrollerBP/Maps/InfiniteJumper.InfiniteJumper:PersistentLevel.InfiniteJumper'
[2017.11.06-21.43.22:793][787]LogSavePackage: Save=750.18ms
[2017.11.06-21.43.22:793][787]LogSavePackage: Moving '../../../../../../Users/isma0/Desktop/InfiniteJumper4.17 - Master File/Saved/InfiniteJumper_Auto17797E3F248ABABEA509326BDD6FFFC63.tmp' to '../../../../../../Users/isma0/Desktop/InfiniteJumper4.17 - Master File/Saved/Autosaves/Game/SideScrollerBP/Maps/InfiniteJumper_Auto1.umap'
[2017.11.06-21.43.22:799][787]LogSavePackage: Display: Finished SavePackage ../../../../../../Users/isma0/Desktop/InfiniteJumper4.17 - Master File/Saved/Autosaves/Game/SideScrollerBP/Maps/InfiniteJumper_Auto1.umap
[2017.11.06-21.43.22:803][787]LogFileHelpers: Editor autosave (incl. sublevels) for '/Game/SideScrollerBP/Maps/InfiniteJumper' took 0.840
[2017.11.06-21.43.22:803][787]LogFileHelpers: Editor autosave (incl. sublevels) for all levels took 0.840
[2017.11.06-22.03.15:921][752]LogHttp: Warning: 0000021CD184C400: request failed, libcurl error: 6 (Couldn't resolve host name)
[2017.11.06-22.03.15:922][752]LogHttp: Warning: 0000021CD184C400: libcurl info message cache 0 (Found bundle for host datarouter.ol.epicgames.com: 0x21cc0d77fe8 [can pipeline])
[2017.11.06-22.03.15:922][752]LogHttp: Warning: 0000021CD184C400: libcurl info message cache 1 (Re-using existing connection! (#8) with host datarouter.ol.epicgames.com)
[2017.11.06-22.03.15:922][752]LogHttp: Warning: 0000021CD184C400: libcurl info message cache 2 (Connected to datarouter.ol.epicgames.com (34.235.58.47) port 443 (#8))
[2017.11.06-22.03.15:922][752]LogHttp: Warning: 0000021CD184C400: libcurl info message cache 3 (upload completely sent off: 363 out of 363 bytes)
[2017.11.06-22.03.15:922][752]LogHttp: Warning: 0000021CD184C400: libcurl info message cache 4 (SSL read: error:00000000:lib(0):func(0):reason(0), errno 10054)
[2017.11.06-22.03.15:922][752]LogHttp: Warning: 0000021CD184C400: libcurl info message cache 5 (Connection died, retrying a fresh connect)
[2017.11.06-22.03.15:922][752]LogHttp: Warning: 0000021CD184C400: libcurl info message cache 6 (Closing connection 8)
[2017.11.06-22.03.15:922][752]LogHttp: Warning: 0000021CD184C400: libcurl info message cache 7 (Issue another request to this URL: 'https://datarouter.ol.epicgames.com/datarouter/api/v1/public/data?SessionID=%7B36FB2D12-4D28-8619-1C22-18B376DD1F25%7D&AppID=UEEditor.Rocket.Release&AppVersion=4.17.2-3658906%2B%2B%2BUE4%2BRelease-4.17&UserID=2d21c60542ace5f752753183dc8f18c2%7Ce5af69ae52c34ec8bca2a7c038d1ea3c%7C8aa367c0-17d2-4038-b458-d3f575842514&AppEnvironment=datacollector-binary&UploadType=eteventstream')
[2017.11.06-22.03.15:922][752]LogHttp: Warning: 0000021CD184C400: libcurl info message cache 8 (Could not resolve host: datarouter.ol.epicgames.com)
[2017.11.06-22.03.15:922][752]LogHttp: Warning: 0000021CD184C400: libcurl info message cache 9 (Closing connection 9)
[2017.11.06-22.05.16:255][113]LogHttp: Warning: 0000021CD184D180: request failed, libcurl error: 6 (Couldn't resolve host name)
[2017.11.06-22.05.16:255][113]LogHttp: Warning: 0000021CD184D180: libcurl info message cache 0 (Could not resolve host: datarouter.ol.epicgames.com)
[2017.11.06-22.05.16:255][113]LogHttp: Warning: 0000021CD184D180: libcurl info message cache 1 (Closing connection 10)
[2017.11.06-22.07.16:883][474]LogHttp: Warning: 0000021CD184C700: request failed, libcurl error: 6 (Couldn't resolve host name)
[2017.11.06-22.07.16:883][474]LogHttp: Warning: 0000021CD184C700: libcurl info message cache 0 (Could not resolve host: datarouter.ol.epicgames.com)
[2017.11.06-22.07.16:883][474]LogHttp: Warning: 0000021CD184C700: libcurl info message cache 1 (Closing connection 11)
[2017.11.06-22.09.17:216][835]LogHttp: Warning: 0000021CD184E800: request failed, libcurl error: 6 (Couldn't resolve host name)
[2017.11.06-22.09.17:216][835]LogHttp: Warning: 0000021CD184E800: libcurl info message cache 0 (Could not resolve host: datarouter.ol.epicgames.com)
[2017.11.06-22.09.17:216][835]LogHttp: Warning: 0000021CD184E800: libcurl info message cache 1 (Closing connection 12)
[2017.11.06-22.11.17:549][196]LogHttp: Warning: 0000021CD184D180: request failed, libcurl error: 6 (Couldn't resolve host name)
[2017.11.06-22.11.17:550][196]LogHttp: Warning: 0000021CD184D180: libcurl info message cache 0 (Could not resolve host: datarouter.ol.epicgames.com)
[2017.11.06-22.11.17:550][196]LogHttp: Warning: 0000021CD184D180: libcurl info message cache 1 (Closing connection 13)
[2017.11.06-22.13.17:884][557]LogHttp: Warning: 0000021CD184DC00: request failed, libcurl error: 6 (Couldn't resolve host name)
[2017.11.06-22.13.17:884][557]LogHttp: Warning: 0000021CD184DC00: libcurl info message cache 0 (Could not resolve host: datarouter.ol.epicgames.com)
[2017.11.06-22.13.17:884][557]LogHttp: Warning: 0000021CD184DC00: libcurl info message cache 1 (Closing connection 14)
[2017.11.06-22.15.18:216][918]LogHttp: Warning: 0000021CD184D480: request failed, libcurl error: 6 (Couldn't resolve host name)
[2017.11.06-22.15.18:217][918]LogHttp: Warning: 0000021CD184D480: libcurl info message cache 0 (Could not resolve host: datarouter.ol.epicgames.com)
[2017.11.06-22.15.18:217][918]LogHttp: Warning: 0000021CD184D480: libcurl info message cache 1 (Closing connection 15)
[2017.11.06-22.17.18:551][279]LogHttp: Warning: 0000021CD184DC00: request failed, libcurl error: 6 (Couldn't resolve host name)
[2017.11.06-22.17.18:551][279]LogHttp: Warning: 0000021CD184DC00: libcurl info message cache 0 (Could not resolve host: datarouter.ol.epicgames.com)
[2017.11.06-22.17.18:551][279]LogHttp: Warning: 0000021CD184DC00: libcurl info message cache 1 (Closing connection 16)
[2017.11.06-22.19.18:884][640]LogHttp: Warning: 0000021CD184CA00: request failed, libcurl error: 6 (Couldn't resolve host name)
[2017.11.06-22.19.18:884][640]LogHttp: Warning: 0000021CD184CA00: libcurl info message cache 0 (Could not resolve host: datarouter.ol.epicgames.com)
[2017.11.06-22.19.18:884][640]LogHttp: Warning: 0000021CD184CA00: libcurl info message cache 1 (Closing connection 17)
[2017.11.06-22.21.19:224][  1]LogHttp: Warning: 0000021CD184E080: request failed, libcurl error: 6 (Couldn't resolve host name)
[2017.11.06-22.21.19:224][  1]LogHttp: Warning: 0000021CD184E080: libcurl info message cache 0 (Could not resolve host: datarouter.ol.epicgames.com)
[2017.11.06-22.21.19:224][  1]LogHttp: Warning: 0000021CD184E080: libcurl info message cache 1 (Closing connection 18)
[2017.11.06-22.23.19:252][401]LogHttp: Warning: 0000021CD184D180: request failed, libcurl error: 6 (Couldn't resolve host name)
[2017.11.06-22.23.19:252][401]LogHttp: Warning: 0000021CD184D180: libcurl info message cache 0 (Could not resolve host: datarouter.ol.epicgames.com)
[2017.11.06-22.23.19:252][401]LogHttp: Warning: 0000021CD184D180: libcurl info message cache 1 (Closing connection 19)
[2017.11.06-22.25.19:296][575]LogHttp: Warning: 0000021C871D6B00: request failed, libcurl error: 6 (Couldn't resolve host name)
[2017.11.06-22.25.19:296][575]LogHttp: Warning: 0000021C871D6B00: libcurl info message cache 0 (Could not resolve host: datarouter.ol.epicgames.com)
[2017.11.06-22.25.19:296][575]LogHttp: Warning: 0000021C871D6B00: libcurl info message cache 1 (Closing connection 20)
[2017.11.06-22.27.03:539][690]LogContentBrowser: Native class hierarchy updated for 'BlueprintGraph' in 0.0013 seconds. Added 113 classes and 0 folders.
[2017.11.06-22.27.04:742][690]LogSlate: Took 0.019544 seconds to synchronously load lazily loaded font '../../../Engine/Content/Editor/Slate/Fonts/Roboto-BoldCondensed.ttf' (158K)
[2017.11.06-22.27.19:339][541]LogHttp: Warning: 0000021D189D5D80: request failed, libcurl error: 6 (Couldn't resolve host name)
[2017.11.06-22.27.19:339][541]LogHttp: Warning: 0000021D189D5D80: libcurl info message cache 0 (Could not resolve host: datarouter.ol.epicgames.com)
[2017.11.06-22.27.19:339][541]LogHttp: Warning: 0000021D189D5D80: libcurl info message cache 1 (Closing connection 21)
[2017.11.06-22.29.08:836][ 12]LogSlate: Took 0.011878 seconds to synchronously load lazily loaded font '../../../Engine/Content/Editor/Slate/Fonts/Roboto-Italic.ttf' (157K)
[2017.11.06-22.29.19:388][624]LogHttp: Warning: 0000021D20984280: request failed, libcurl error: 6 (Couldn't resolve host name)
[2017.11.06-22.29.19:388][624]LogHttp: Warning: 0000021D20984280: libcurl info message cache 0 (Could not resolve host: datarouter.ol.epicgames.com)
[2017.11.06-22.29.19:388][624]LogHttp: Warning: 0000021D20984280: libcurl info message cache 1 (Closing connection 22)
[2017.11.06-22.31.19:434][814]LogHttp: Warning: 0000021D19A95F00: request failed, libcurl error: 6 (Couldn't resolve host name)
[2017.11.06-22.31.19:434][814]LogHttp: Warning: 0000021D19A95F00: libcurl info message cache 0 (Could not resolve host: datarouter.ol.epicgames.com)
[2017.11.06-22.31.19:434][814]LogHttp: Warning: 0000021D19A95F00: libcurl info message cache 1 (Closing connection 23)
[2017.11.06-22.33.19:473][ 16]LogHttp: Warning: 0000021D19A95F00: request failed, libcurl error: 6 (Couldn't resolve host name)
[2017.11.06-22.33.19:473][ 16]LogHttp: Warning: 0000021D19A95F00: libcurl info message cache 0 (Could not resolve host: datarouter.ol.epicgames.com)
[2017.11.06-22.33.19:473][ 16]LogHttp: Warning: 0000021D19A95F00: libcurl info message cache 1 (Closing connection 24)
[2017.11.06-22.35.19:535][219]LogHttp: Warning: 0000021D22AC0580: request failed, libcurl error: 6 (Couldn't resolve host name)
[2017.11.06-22.35.19:536][219]LogHttp: Warning: 0000021D22AC0580: libcurl info message cache 0 (Could not resolve host: datarouter.ol.epicgames.com)
[2017.11.06-22.35.19:536][219]LogHttp: Warning: 0000021D22AC0580: libcurl info message cache 1 (Closing connection 25)
[2017.11.06-22.37.19:580][421]LogHttp: Warning: 0000021D22AC0880: request failed, libcurl error: 6 (Couldn't resolve host name)
[2017.11.06-22.37.19:580][421]LogHttp: Warning: 0000021D22AC0880: libcurl info message cache 0 (Could not resolve host: datarouter.ol.epicgames.com)
[2017.11.06-22.37.19:580][421]LogHttp: Warning: 0000021D22AC0880: libcurl info message cache 1 (Closing connection 26)
[2017.11.06-22.39.19:624][623]LogHttp: Warning: 0000021D22AC1780: request failed, libcurl error: 6 (Couldn't resolve host name)
[2017.11.06-22.39.19:624][623]LogHttp: Warning: 0000021D22AC1780: libcurl info message cache 0 (Could not resolve host: datarouter.ol.epicgames.com)
[2017.11.06-22.39.19:624][623]LogHttp: Warning: 0000021D22AC1780: libcurl info message cache 1 (Closing connection 27)
[2017.11.06-22.41.19:667][825]LogHttp: Warning: 0000021D22AC1780: request failed, libcurl error: 6 (Couldn't resolve host name)
[2017.11.06-22.41.19:667][825]LogHttp: Warning: 0000021D22AC1780: libcurl info message cache 0 (Could not resolve host: datarouter.ol.epicgames.com)
[2017.11.06-22.41.19:667][825]LogHttp: Warning: 0000021D22AC1780: libcurl info message cache 1 (Closing connection 28)
[2017.11.06-22.43.19:696][ 26]LogHttp: Warning: 0000021D22AC1F00: request failed, libcurl error: 6 (Couldn't resolve host name)
[2017.11.06-22.43.19:696][ 26]LogHttp: Warning: 0000021D22AC1F00: libcurl info message cache 0 (Could not resolve host: datarouter.ol.epicgames.com)
[2017.11.06-22.43.19:696][ 26]LogHttp: Warning: 0000021D22AC1F00: libcurl info message cache 1 (Closing connection 29)
[2017.11.06-22.45.19:719][227]LogHttp: Warning: 0000021D22AC1F00: request failed, libcurl error: 6 (Couldn't resolve host name)
[2017.11.06-22.45.19:719][227]LogHttp: Warning: 0000021D22AC1F00: libcurl info message cache 0 (Could not resolve host: datarouter.ol.epicgames.com)
[2017.11.06-22.45.19:719][227]LogHttp: Warning: 0000021D22AC1F00: libcurl info message cache 1 (Closing connection 30)
[2017.11.06-22.47.19:745][157]LogHttp: Warning: 0000021D466D6800: request failed, libcurl error: 6 (Couldn't resolve host name)
[2017.11.06-22.47.19:745][157]LogHttp: Warning: 0000021D466D6800: libcurl info message cache 0 (Could not resolve host: datarouter.ol.epicgames.com)
[2017.11.06-22.47.19:745][157]LogHttp: Warning: 0000021D466D6800: libcurl info message cache 1 (Closing connection 31)
[2017.11.06-22.49.19:779][322]LogHttp: Warning: 0000021D5823F700: request failed, libcurl error: 6 (Couldn't resolve host name)
[2017.11.06-22.49.19:779][322]LogHttp: Warning: 0000021D5823F700: libcurl info message cache 0 (Could not resolve host: datarouter.ol.epicgames.com)
[2017.11.06-22.49.19:779][322]LogHttp: Warning: 0000021D5823F700: libcurl info message cache 1 (Closing connection 32)
[2017.11.06-22.51.19:826][484]LogHttp: Warning: 0000021D83A7E200: request failed, libcurl error: 6 (Couldn't resolve host name)
[2017.11.06-22.51.19:826][484]LogHttp: Warning: 0000021D83A7E200: libcurl info message cache 0 (Could not resolve host: datarouter.ol.epicgames.com)
[2017.11.06-22.51.19:826][484]LogHttp: Warning: 0000021D83A7E200: libcurl info message cache 1 (Closing connection 33)
[2017.11.06-22.53.19:867][339]LogHttp: Warning: 0000021DAD743A00: request failed, libcurl error: 6 (Couldn't resolve host name)
[2017.11.06-22.53.19:867][339]LogHttp: Warning: 0000021DAD743A00: libcurl info message cache 0 (Could not resolve host: datarouter.ol.epicgames.com)
[2017.11.06-22.53.19:867][339]LogHttp: Warning: 0000021DAD743A00: libcurl info message cache 1 (Closing connection 34)
[2017.11.06-22.55.19:892][645]LogHttp: Warning: 0000021DBE8FA380: request failed, libcurl error: 6 (Couldn't resolve host name)
[2017.11.06-22.55.19:892][645]LogHttp: Warning: 0000021DBE8FA380: libcurl info message cache 0 (Could not resolve host: datarouter.ol.epicgames.com)
[2017.11.06-22.55.19:892][645]LogHttp: Warning: 0000021DBE8FA380: libcurl info message cache 1 (Closing connection 35)
[2017.11.06-22.56.25:594][866]LogActorComponent: UnregisterComponent: (/Engine/Transient.EditorFloorComp) Not registered. Aborting.
[2017.11.06-22.56.26:870][926]LogActorComponent: UnregisterComponent: (/Engine/Transient.EditorFloorComp) Not registered. Aborting.
[2017.11.06-22.56.42:291][490]LogSavePackage: Save=767.24ms
[2017.11.06-22.56.42:291][490]LogSavePackage: Moving '../../../../../../Users/isma0/Desktop/InfiniteJumper4.17 - Master File/Saved/InfiniteJumperC26046D54248B5E9D9EF49AD2145DD07.tmp' to '../../../../../../Users/isma0/Desktop/InfiniteJumper4.17 - Master File/Content/SideScrollerBP/Maps/InfiniteJumper.umap'
[2017.11.06-22.56.42:337][490]LogSavePackage: Display: Finished SavePackage ../../../../../../Users/isma0/Desktop/InfiniteJumper4.17 - Master File/Content/SideScrollerBP/Maps/InfiniteJumper.umap
[2017.11.06-22.56.42:384][490]LogFileHelpers: Saving map 'InfiniteJumper' took 1.017
[2017.11.06-22.56.42:757][491]Cmd: QUIT_EDITOR
[2017.11.06-22.56.43:726][491]LogWindowsTextInputMethodSystem: Display: IME system now deactivated.
[2017.11.06-22.56.43:726][491]LogWindowsTextInputMethodSystem: Display: IME system now deactivated.
[2017.11.06-22.56.43:775][491]LogExit: Preparing to exit.
[2017.11.06-22.56.44:495][491]LogDirectoryWatcher: A directory notification for 'C:/Users/isma0/Desktop/InfiniteJumper4.17 - Master File/Content/' was aborted.
[2017.11.06-22.56.44:629][491]LogExit: Editor shut down
[2017.11.06-22.56.44:661][491]LogExit: Transaction tracking system shut down
[2017.11.06-22.56.44:907][491]LogDirectoryWatcher: A directory notification for '../../../Engine/Content/' was aborted.
[2017.11.06-22.56.44:907][491]LogDirectoryWatcher: A directory notification for '../../../../../../Users/isma0/Desktop/InfiniteJumper4.17 - Master File/Content/' was aborted.
[2017.11.06-22.56.44:907][491]LogDirectoryWatcher: A directory notification for '../../../Engine/Plugins/2D/Paper2D/Content/' was aborted.
[2017.11.06-22.56.44:908][491]LogDirectoryWatcher: A directory notification for '../../../Engine/Plugins/Runtime/Oculus/OculusVR/Content/' was aborted.
[2017.11.06-22.56.44:908][491]LogDirectoryWatcher: A directory notification for '../../../Engine/Plugins/Runtime/Steam/SteamVR/Content/' was aborted.
[2017.11.06-22.56.45:187][491]LogExit: Object subsystem successfully closed.
[2017.11.06-22.56.45:218][491]LogD3D11RHI: Shutdown
[2017.11.06-22.56.45:218][491]LogD3D11RHI: CleanupD3DDevice
[2017.11.06-22.56.45:349][491]LogD3D11RHI: ~FD3D11DynamicRHI
[2017.11.06-22.56.45:396][491]LogModuleManager: Shutting down and abandoning module BlueprintGraph (538)
[2017.11.06-22.56.45:396][491]LogModuleManager: Shutting down and abandoning module BlueprintProfiler (536)
[2017.11.06-22.56.45:396][491]LogModuleManager: Shutting down and abandoning module MovieSceneCapture (534)
[2017.11.06-22.56.45:396][491]LogModuleManager: Shutting down and abandoning module StaticMeshEditor (532)
[2017.11.06-22.56.45:396][491]LogModuleManager: Shutting down and abandoning module HierarchicalLODOutliner (530)
[2017.11.06-22.56.45:396][491]LogModuleManager: Shutting down and abandoning module SceneOutliner (528)
[2017.11.06-22.56.45:396][491]LogModuleManager: Shutting down and abandoning module AddContentDialog (526)
[2017.11.06-22.56.45:397][491]LogDirectoryWatcher: A directory notification for 'C:/Program Files/Epic Games/UE_4.17/FeaturePacks/' was aborted.
[2017.11.06-22.56.45:402][491]LogModuleManager: Shutting down and abandoning module WidgetCarousel (525)
[2017.11.06-22.56.45:403][491]LogModuleManager: Shutting down and abandoning module EditorWidgets (522)
[2017.11.06-22.56.45:403][491]LogModuleManager: Shutting down and abandoning module CollectionManager (520)
[2017.11.06-22.56.45:403][491]LogDirectoryWatcher: A directory notification for 'C:/Users/isma0/Desktop/InfiniteJumper4.17 - Master File/Content/Collections/' was aborted.
[2017.11.06-22.56.45:403][491]LogDirectoryWatcher: A directory notification for 'C:/Users/isma0/Desktop/InfiniteJumper4.17 - Master File/Content/Developers/isma0/Collections/' was aborted.
[2017.11.06-22.56.45:403][491]LogDirectoryWatcher: A directory notification for 'C:/Users/isma0/Desktop/InfiniteJumper4.17 - Master File/Saved/Collections/' was aborted.
[2017.11.06-22.56.45:403][491]LogModuleManager: Shutting down and abandoning module StatsViewer (518)
[2017.11.06-22.56.45:403][491]LogModuleManager: Shutting down and abandoning module FoliageEdit (516)
[2017.11.06-22.56.45:403][491]LogModuleManager: Shutting down and abandoning module LandscapeEditor (514)
[2017.11.06-22.56.45:403][491]LogModuleManager: Shutting down and abandoning module MeshPaintMode (512)
[2017.11.06-22.56.45:403][491]LogModuleManager: Shutting down and abandoning module SceneDepthPickerMode (510)
[2017.11.06-22.56.45:403][491]LogModuleManager: Shutting down and abandoning module ActorPickerMode (508)
[2017.11.06-22.56.45:403][491]LogModuleManager: Shutting down and abandoning module GeometryMode (506)
[2017.11.06-22.56.45:403][491]LogModuleManager: Shutting down and abandoning module TextureAlignMode (504)
[2017.11.06-22.56.45:403][491]LogModuleManager: Shutting down and abandoning module BspMode (502)
[2017.11.06-22.56.45:403][491]LogModuleManager: Shutting down and abandoning module PIEPreviewDeviceProfileSelector (500)
[2017.11.06-22.56.45:403][491]LogModuleManager: Shutting down and abandoning module HardwareSurvey (498)
[2017.11.06-22.56.45:403][491]LogModuleManager: Shutting down and abandoning module SequenceRecorderSections (496)
[2017.11.06-22.56.45:404][491]LogModuleManager: Shutting down and abandoning module AutomationWorker (494)
[2017.11.06-22.56.45:404][491]LogModuleManager: Shutting down and abandoning module MatineeToLevelSequence (492)
[2017.11.06-22.56.45:404][491]LogModuleManager: Shutting down and abandoning module LevelSequenceEditor (490)
[2017.11.06-22.56.45:404][491]LogModuleManager: Shutting down and abandoning module PlacementMode (489)
[2017.11.06-22.56.45:404][491]LogModuleManager: Shutting down and abandoning module WmfMediaFactory (486)
[2017.11.06-22.56.45:404][491]LogModuleManager: Shutting down and abandoning module WmfMediaEditor (484)
[2017.11.06-22.56.45:404][491]LogModuleManager: Shutting down and abandoning module AvfMediaFactory (482)
[2017.11.06-22.56.45:404][491]LogModuleManager: Shutting down and abandoning module AvfMediaEditor (480)
[2017.11.06-22.56.45:404][491]LogModuleManager: Shutting down and abandoning module AndroidMediaFactory (478)
[2017.11.06-22.56.45:404][491]LogModuleManager: Shutting down and abandoning module Media (477)
[2017.11.06-22.56.45:404][491]LogModuleManager: Shutting down and abandoning module AndroidMediaEditor (474)
[2017.11.06-22.56.45:404][491]LogModuleManager: Shutting down and abandoning module CharacterAI (472)
[2017.11.06-22.56.45:404][491]LogModuleManager: Shutting down and abandoning module AudioCapture (470)
[2017.11.06-22.56.45:404][491]LogModuleManager: Shutting down and abandoning module SequenceRecorder (469)
[2017.11.06-22.56.45:404][491]LogModuleManager: Shutting down and abandoning module SmartSnapping (466)
[2017.11.06-22.56.45:404][491]LogModuleManager: Shutting down and abandoning module SessionServices (464)
[2017.11.06-22.56.45:404][491]LogModuleManager: Shutting down and abandoning module ViewportSnapping (462)
[2017.11.06-22.56.45:404][491]LogModuleManager: Shutting down and abandoning module ViewportInteraction (460)
[2017.11.06-22.56.45:404][491]LogModuleManager: Shutting down and abandoning module ClothPainter (458)
[2017.11.06-22.56.45:404][491]LogModuleManager: Shutting down and abandoning module LogVisualizer (456)
[2017.11.06-22.56.45:406][491]LogModuleManager: Shutting down and abandoning module IntroTutorials (454)
[2017.11.06-22.56.45:406][491]LogModuleManager: Shutting down and abandoning module GameProjectGeneration (453)
[2017.11.06-22.56.45:406][491]LogModuleManager: Shutting down and abandoning module IOSPlatformEditor (450)
[2017.11.06-22.56.45:406][491]LogModuleManager: Shutting down and abandoning module HTML5PlatformEditor (448)
[2017.11.06-22.56.45:406][491]LogModuleManager: Shutting down and abandoning module AndroidPlatformEditor (446)
[2017.11.06-22.56.45:406][491]LogModuleManager: Shutting down and abandoning module AndroidDeviceDetection (445)
[2017.11.06-22.56.45:644][491]LogModuleManager: Shutting down and abandoning module WindowsPlatformEditor (442)
[2017.11.06-22.56.45:644][491]LogModuleManager: Shutting down and abandoning module IOSRuntimeSettings (440)
[2017.11.06-22.56.45:644][491]LogModuleManager: Shutting down and abandoning module AndroidRuntimeSettings (438)
[2017.11.06-22.56.45:644][491]LogModuleManager: Shutting down and abandoning module InputBindingEditor (436)
[2017.11.06-22.56.45:644][491]LogModuleManager: Shutting down and abandoning module MergeActors (434)
[2017.11.06-22.56.45:644][491]LogModuleManager: Shutting down and abandoning module SizeMap (432)
[2017.11.06-22.56.45:644][491]LogModuleManager: Shutting down and abandoning module TreeMap (430)
[2017.11.06-22.56.45:644][491]LogModuleManager: Shutting down and abandoning module ReferenceViewer (428)
[2017.11.06-22.56.45:644][491]LogModuleManager: Shutting down and abandoning module LocalizationDashboard (426)
[2017.11.06-22.56.45:644][491]LogModuleManager: Shutting down and abandoning module LocalizationService (425)
[2017.11.06-22.56.45:644][491]LogModuleManager: Shutting down and abandoning module HardwareTargeting (422)
[2017.11.06-22.56.45:645][491]LogModuleManager: Shutting down and abandoning module DeviceProfileEditor (420)
[2017.11.06-22.56.45:645][491]LogModuleManager: Shutting down and abandoning module UndoHistory (418)
[2017.11.06-22.56.45:645][491]LogModuleManager: Shutting down and abandoning module XmlParser (416)
[2017.11.06-22.56.45:645][491]LogModuleManager: Shutting down and abandoning module Blutility (414)
[2017.11.06-22.56.45:645][491]LogModuleManager: Shutting down and abandoning module ProjectSettingsViewer (412)
[2017.11.06-22.56.45:645][491]LogModuleManager: Shutting down and abandoning module ProjectTargetPlatformEditor (411)
[2017.11.06-22.56.45:645][491]LogModuleManager: Shutting down and abandoning module EditorSettingsViewer (408)
[2017.11.06-22.56.45:645][491]LogModuleManager: Shutting down and abandoning module SettingsEditor (406)
[2017.11.06-22.56.45:645][491]LogModuleManager: Shutting down and abandoning module ProjectLauncher (404)
[2017.11.06-22.56.45:646][491]LogModuleManager: Shutting down and abandoning module SessionFrontend (402)
[2017.11.06-22.56.45:646][491]LogModuleManager: Shutting down and abandoning module ProfilerClient (400)
[2017.11.06-22.56.45:646][491]LogModuleManager: Shutting down and abandoning module DeviceManager (398)
[2017.11.06-22.56.45:646][491]LogModuleManager: Shutting down and abandoning module TargetDeviceServices (397)
[2017.11.06-22.56.45:701][491]LogModuleManager: Shutting down and abandoning module AutomationController (394)
[2017.11.06-22.56.45:701][491]LogModuleManager: Shutting down and abandoning module AutomationWindow (392)
[2017.11.06-22.56.45:701][491]LogModuleManager: Shutting down and abandoning module Layers (390)
[2017.11.06-22.56.45:701][491]LogModuleManager: Shutting down and abandoning module ComponentVisualizers (388)
[2017.11.06-22.56.45:701][491]LogModuleManager: Shutting down and abandoning module DetailCustomizations (386)
[2017.11.06-22.56.45:701][491]LogModuleManager: Shutting down and abandoning module PackagesDialog (384)
[2017.11.06-22.56.45:701][491]LogModuleManager: Shutting down and abandoning module Persona (382)
[2017.11.06-22.56.45:701][491]LogModuleManager: Shutting down and abandoning module AdvancedPreviewScene (381)
[2017.11.06-22.56.45:701][491]LogModuleManager: Shutting down and abandoning module AnimGraph (379)
[2017.11.06-22.56.45:701][491]LogModuleManager: Shutting down and abandoning module Kismet (376)
[2017.11.06-22.56.45:708][491]LogModuleManager: Shutting down and abandoning module ClassViewer (374)
[2017.11.06-22.56.45:708][491]LogModuleManager: Shutting down and abandoning module Toolbox (372)
[2017.11.06-22.56.45:708][491]LogModuleManager: Shutting down and abandoning module ModuleUI (370)
[2017.11.06-22.56.45:708][491]LogModuleManager: Shutting down and abandoning module MovieSceneTools (368)
[2017.11.06-22.56.45:708][491]LogModuleManager: Shutting down and abandoning module OutputLog (366)
[2017.11.06-22.56.45:708][491]LogModuleManager: Shutting down and abandoning module GammaUI (364)
[2017.11.06-22.56.45:708][491]LogModuleManager: Shutting down and abandoning module Documentation (362)
[2017.11.06-22.56.45:708][491]LogModuleManager: Shutting down and abandoning module MovieSceneTracks (360)
[2017.11.06-22.56.45:708][491]LogModuleManager: Shutting down and abandoning module MovieScene (358)
[2017.11.06-22.56.45:708][491]LogModuleManager: Shutting down and abandoning module Niagara (356)
[2017.11.06-22.56.45:708][491]LogModuleManager: Shutting down and abandoning module NiagaraEditor (355)
[2017.11.06-22.56.45:708][491]LogModuleManager: Shutting down and abandoning module StreamingPauseRendering (352)
[2017.11.06-22.56.45:708][491]LogModuleManager: Shutting down and abandoning module LauncherPlatform (350)
[2017.11.06-22.56.45:708][491]LogModuleManager: Shutting down and abandoning module AnalyticsET (348)
[2017.11.06-22.56.45:708][491]LogModuleManager: Shutting down and abandoning module PortalServices (346)
[2017.11.06-22.56.45:708][491]LogModuleManager: Shutting down and abandoning module PortalRpc (344)
[2017.11.06-22.56.45:708][491]LogModuleManager: Shutting down and abandoning module MessagingRpc (342)
[2017.11.06-22.56.45:709][491]LogModuleManager: Shutting down and abandoning module AIModule (340)
[2017.11.06-22.56.45:709][491]LogModuleManager: Shutting down and abandoning module GameplayDebugger (339)
[2017.11.06-22.56.45:709][491]LogModuleManager: Shutting down and abandoning module AITestSuite (337)
[2017.11.06-22.56.45:709][491]LogModuleManager: Shutting down and abandoning module ProfilerService (334)
[2017.11.06-22.56.45:751][491]LogModuleManager: Shutting down and abandoning module TaskGraph (332)
[2017.11.06-22.56.45:751][491]LogModuleManager: Shutting down and abandoning module SteamVRController (330)
[2017.11.06-22.56.45:751][491]LogModuleManager: Shutting down and abandoning module ProceduralMeshComponentEditor (328)
[2017.11.06-22.56.45:751][491]LogModuleManager: Shutting down and abandoning module ProceduralMeshComponent (326)
[2017.11.06-22.56.45:751][491]LogModuleManager: Shutting down and abandoning module OculusInput (324)
[2017.11.06-22.56.45:751][491]LogModuleManager: Shutting down and abandoning module MobilePatchingUtils (322)
[2017.11.06-22.56.45:751][491]LogModuleManager: Shutting down and abandoning module CustomMeshComponent (320)
[2017.11.06-22.56.45:751][491]LogModuleManager: Shutting down and abandoning module CableComponent (318)
[2017.11.06-22.56.45:751][491]LogModuleManager: Shutting down and abandoning module ArchVisCharacter (316)
[2017.11.06-22.56.45:751][491]LogModuleManager: Shutting down and abandoning module AndroidPermission (314)
[2017.11.06-22.56.45:752][491]LogModuleManager: Shutting down and abandoning module MediaPlayerEditor (310)
[2017.11.06-22.56.45:752][491]LogModuleManager: Shutting down and abandoning module HTML5Networking (308)
[2017.11.06-22.56.45:752][491]LogModuleManager: Shutting down and abandoning module AlembicImporter (306)
[2017.11.06-22.56.45:752][491]LogModuleManager: Shutting down and abandoning module AlembicLibrary (305)
[2017.11.06-22.56.45:752][491]LogModuleManager: Shutting down and abandoning module GeometryCache (304)
[2017.11.06-22.56.45:752][491]LogModuleManager: Shutting down and abandoning module GeometryCacheEd (303)
[2017.11.06-22.56.45:752][491]LogModuleManager: Shutting down and abandoning module SpeedTreeImporter (298)
[2017.11.06-22.56.45:752][491]LogModuleManager: Shutting down and abandoning module PluginBrowser (296)
[2017.11.06-22.56.45:752][491]LogModuleManager: Shutting down and abandoning module MobileLauncherProfileWizard (294)
[2017.11.06-22.56.45:752][491]LogModuleManager: Shutting down and abandoning module VisualStudioSourceCodeAccess (292)
[2017.11.06-22.56.45:752][491]LogModuleManager: Shutting down and abandoning module DesktopPlatform (291)
[2017.11.06-22.56.45:752][491]LogModuleManager: Shutting down and abandoning module UObjectPlugin (288)
[2017.11.06-22.56.45:752][491]LogModuleManager: Shutting down and abandoning module SubversionSourceControl (286)
[2017.11.06-22.56.45:752][491]LogModuleManager: Shutting down and abandoning module PerforceSourceControl (284)
[2017.11.06-22.56.45:752][491]LogModuleManager: Shutting down and abandoning module GitSourceControl (282)
[2017.11.06-22.56.45:752][491]LogModuleManager: Shutting down and abandoning module SourceControl (281)
[2017.11.06-22.56.45:752][491]LogModuleManager: Shutting down and abandoning module LightPropagationVolumeEditor (278)
[2017.11.06-22.56.45:752][491]LogModuleManager: Shutting down and abandoning module PaperTiledImporter (276)
[2017.11.06-22.56.45:752][491]LogModuleManager: Shutting down and abandoning module PaperSpriteSheetImporter (274)
[2017.11.06-22.56.45:752][491]LogModuleManager: Shutting down and abandoning module Paper2DEditor (272)
[2017.11.06-22.56.45:752][491]LogModuleManager: Shutting down and abandoning module MeshPaint (271)
[2017.11.06-22.56.45:752][491]LogModuleManager: Shutting down and abandoning module LevelEditor (269)
[2017.11.06-22.56.45:753][491]LogModuleManager: Shutting down and abandoning module PixelInspectorModule (268)
[2017.11.06-22.56.45:753][491]LogModuleManager: Shutting down and abandoning module MainFrame (266)
[2017.11.06-22.56.45:753][491]LogModuleManager: Shutting down and abandoning module HotReload (265)
[2017.11.06-22.56.45:754][491]LogModuleManager: Shutting down and abandoning module RuntimePhysXCooking (260)
[2017.11.06-22.56.45:754][491]LogModuleManager: Shutting down and abandoning module PhysXVehiclesEditor (258)
[2017.11.06-22.56.45:754][491]LogModuleManager: Shutting down and abandoning module PhysXVehicles (256)
[2017.11.06-22.56.45:754][491]LogModuleManager: Shutting down and abandoning module OculusEditor (254)
[2017.11.06-22.56.45:754][491]LogModuleManager: Shutting down and abandoning module LocationServicesBPLibrary (252)
[2017.11.06-22.56.45:754][491]LogModuleManager: Shutting down and abandoning module ImmediatePhysicsEditor (250)
[2017.11.06-22.56.45:754][491]LogModuleManager: Shutting down and abandoning module ImmediatePhysics (248)
[2017.11.06-22.56.45:754][491]LogModuleManager: Shutting down and abandoning module UdpMessaging (246)
[2017.11.06-22.56.45:856][491]LogModuleManager: Shutting down and abandoning module TcpMessaging (244)
[2017.11.06-22.56.45:956][491]LogModuleManager: Shutting down and abandoning module GameplayTagsEditor (242)
[2017.11.06-22.56.45:956][491]LogModuleManager: Shutting down and abandoning module FacialAnimationEditor (240)
[2017.11.06-22.56.45:956][491]LogModuleManager: Shutting down and abandoning module FacialAnimation (238)
[2017.11.06-22.56.45:956][491]LogModuleManager: Shutting down and abandoning module AssetManagerEditor (236)
[2017.11.06-22.56.45:956][491]LogModuleManager: Shutting down and abandoning module GraphEditor (235)
[2017.11.06-22.56.45:956][491]LogModuleManager: Shutting down and abandoning module ContentBrowser (233)
[2017.11.06-22.56.45:958][491]LogModuleManager: Shutting down and abandoning module LightPropagationVolumeRuntime (230)
[2017.11.06-22.56.45:958][491]LogModuleManager: Shutting down and abandoning module Paper2D (228)
[2017.11.06-22.56.45:958][491]LogModuleManager: Shutting down and abandoning module WindowsMoviePlayer (226)
[2017.11.06-22.56.45:958][491]LogModuleManager: Shutting down and abandoning module WmfMedia (224)
[2017.11.06-22.56.45:960][491]LogModuleManager: Shutting down and abandoning module PacketHandler (222)
[2017.11.06-22.56.45:960][491]LogModuleManager: Shutting down and abandoning module ClothingSystemEditor (220)
[2017.11.06-22.56.45:960][491]LogModuleManager: Shutting down and abandoning module ClothingSystemRuntime (218)
[2017.11.06-22.56.45:960][491]LogModuleManager: Shutting down and abandoning module Overlay (216)
[2017.11.06-22.56.45:960][491]LogModuleManager: Shutting down and abandoning module OverlayEditor (215)
[2017.11.06-22.56.45:960][491]LogModuleManager: Shutting down and abandoning module MediaAssets (212)
[2017.11.06-22.56.45:960][491]LogModuleManager: Shutting down and abandoning module VREditor (210)
[2017.11.06-22.56.45:960][491]LogModuleManager: Shutting down and abandoning module StringTableEditor (208)
[2017.11.06-22.56.45:960][491]LogModuleManager: Shutting down and abandoning module GameplayTasksEditor (206)
[2017.11.06-22.56.45:960][491]LogModuleManager: Shutting down and abandoning module BehaviorTreeEditor (204)
[2017.11.06-22.56.45:960][491]LogModuleManager: Shutting down and abandoning module FunctionalTesting (202)
[2017.11.06-22.56.45:960][491]LogModuleManager: Shutting down and abandoning module CollisionAnalyzer (200)
[2017.11.06-22.56.45:960][491]LogModuleManager: Shutting down and abandoning module WorkspaceMenuStructure (199)
[2017.11.06-22.56.45:960][491]LogModuleManager: Shutting down and abandoning module UMG (196)
[2017.11.06-22.56.45:960][491]LogModuleManager: Shutting down and abandoning module UMGEditor (195)
[2017.11.06-22.56.45:960][491]LogModuleManager: Shutting down and abandoning module Sequencer (194)
[2017.11.06-22.56.45:960][491]LogModuleManager: Shutting down and abandoning module MessageLog (191)
[2017.11.06-22.56.45:960][491]LogModuleManager: Shutting down and abandoning module SlateReflector (186)
[2017.11.06-22.56.45:960][491]LogModuleManager: Shutting down and abandoning module Slate (184)
[2017.11.06-22.56.45:960][491]LogModuleManager: Shutting down and abandoning module EditorStyle (182)
[2017.11.06-22.56.45:964][491]LogModuleManager: Shutting down and abandoning module MRMesh (180)
[2017.11.06-22.56.45:964][491]LogModuleManager: Shutting down and abandoning module SourceCodeAccess (178)
[2017.11.06-22.56.45:964][491]LogModuleManager: Shutting down and abandoning module HeadMountedDisplay (176)
[2017.11.06-22.56.45:964][491]LogModuleManager: Shutting down and abandoning module XAudio2 (174)
[2017.11.06-22.56.45:964][491]LogModuleManager: Shutting down and abandoning module Networking (172)
[2017.11.06-22.56.45:964][491]LogModuleManager: Shutting down and abandoning module Core (168)
[2017.11.06-22.56.45:964][491]LogModuleManager: Shutting down and abandoning module KismetCompiler (164)
[2017.11.06-22.56.45:964][491]LogModuleManager: Shutting down and abandoning module LevelSequence (162)
[2017.11.06-22.56.45:964][491]LogModuleManager: Shutting down and abandoning module MeshUtilities (160)
[2017.11.06-22.56.45:964][491]LogModuleManager: Shutting down and abandoning module MeshMergeUtilities (159)
[2017.11.06-22.56.45:964][491]LogModuleManager: Shutting down and abandoning module MeshReductionInterface (158)
[2017.11.06-22.56.45:964][491]LogModuleManager: Shutting down and abandoning module SimplygonSwarm (157)
[2017.11.06-22.56.45:964][491]LogModuleManager: Shutting down and abandoning module SimplygonMeshReduction (155)
[2017.11.06-22.56.45:964][491]LogModuleManager: Shutting down and abandoning module QuadricMeshReduction (153)
[2017.11.06-22.56.45:964][491]LogModuleManager: Shutting down and abandoning module MaterialBaking (149)
[2017.11.06-22.56.45:964][491]LogModuleManager: Shutting down and abandoning module DirectoryWatcher (146)
[2017.11.06-22.56.45:970][491]LogModuleManager: Shutting down and abandoning module DerivedDataCache (144)
[2017.11.06-22.56.46:051][491]LogDerivedDataCache: Shutdown
[2017.11.06-22.56.46:051][491]LogModuleManager: Shutting down and abandoning module TargetPlatform (142)
[2017.11.06-22.56.46:051][491]LogModuleManager: Shutting down and abandoning module VulkanShaderFormat (141)
[2017.11.06-22.56.46:051][491]LogModuleManager: Shutting down and abandoning module ShaderFormatVectorVM (139)
[2017.11.06-22.56.46:052][491]LogModuleManager: Shutting down and abandoning module ShaderFormatOpenGL (137)
[2017.11.06-22.56.46:052][491]LogModuleManager: Shutting down and abandoning module ShaderFormatD3D (135)
[2017.11.06-22.56.46:052][491]LogModuleManager: Shutting down and abandoning module MetalShaderFormat (133)
[2017.11.06-22.56.46:052][491]LogModuleManager: Shutting down and abandoning module TextureFormatUncompressed (131)
[2017.11.06-22.56.46:052][491]LogModuleManager: Shutting down and abandoning module TextureFormatPVR (129)
[2017.11.06-22.56.46:052][491]LogModuleManager: Shutting down and abandoning module TextureFormatDXT (127)
[2017.11.06-22.56.46:052][491]LogModuleManager: Shutting down and abandoning module TextureFormatIntelISPCTexComp (125)
[2017.11.06-22.56.46:052][491]LogModuleManager: Shutting down and abandoning module TextureFormatASTC (123)
[2017.11.06-22.56.46:052][491]LogModuleManager: Shutting down and abandoning module ImageWrapper (122)
[2017.11.06-22.56.46:052][491]LogModuleManager: Shutting down and abandoning module TextureFormatAndroid (119)
[2017.11.06-22.56.46:052][491]LogModuleManager: Shutting down and abandoning module AudioFormatOpus (117)
[2017.11.06-22.56.46:052][491]LogModuleManager: Shutting down and abandoning module AudioFormatOgg (115)
[2017.11.06-22.56.46:052][491]LogModuleManager: Shutting down and abandoning module AudioFormatADPCM (113)
[2017.11.06-22.56.46:052][491]LogModuleManager: Shutting down and abandoning module LinuxTargetPlatform (111)
[2017.11.06-22.56.46:052][491]LogModuleManager: Shutting down and abandoning module LinuxServerTargetPlatform (109)
[2017.11.06-22.56.46:052][491]LogModuleManager: Shutting down and abandoning module LinuxNoEditorTargetPlatform (107)
[2017.11.06-22.56.46:052][491]LogModuleManager: Shutting down and abandoning module LinuxClientTargetPlatform (105)
[2017.11.06-22.56.46:052][491]LogModuleManager: Shutting down and abandoning module TVOSTargetPlatform (103)
[2017.11.06-22.56.46:052][491]LogModuleManager: Shutting down and abandoning module Messaging (101)
[2017.11.06-22.56.46:052][491]LogModuleManager: Shutting down and abandoning module IOSTargetPlatform (99)
[2017.11.06-22.56.46:052][491]LogModuleManager: Shutting down and abandoning module HTML5TargetPlatform (97)
[2017.11.06-22.56.46:052][491]LogModuleManager: Shutting down and abandoning module Android_PVRTCTargetPlatform (95)
[2017.11.06-22.56.46:052][491]LogModuleManager: Shutting down and abandoning module Android_MultiTargetPlatform (93)
[2017.11.06-22.56.46:052][491]LogModuleManager: Shutting down and abandoning module Android_ETC2TargetPlatform (91)
[2017.11.06-22.56.46:052][491]LogModuleManager: Shutting down and abandoning module Android_ETC1TargetPlatform (89)
[2017.11.06-22.56.46:053][491]LogModuleManager: Shutting down and abandoning module Android_DXTTargetPlatform (87)
[2017.11.06-22.56.46:053][491]LogModuleManager: Shutting down and abandoning module Android_ATCTargetPlatform (85)
[2017.11.06-22.56.46:053][491]LogModuleManager: Shutting down and abandoning module Android_ASTCTargetPlatform (83)
[2017.11.06-22.56.46:053][491]LogModuleManager: Shutting down and abandoning module AndroidTargetPlatform (81)
[2017.11.06-22.56.46:053][491]LogModuleManager: Shutting down and abandoning module WindowsTargetPlatform (79)
[2017.11.06-22.56.46:053][491]LogModuleManager: Shutting down and abandoning module WindowsServerTargetPlatform (77)
[2017.11.06-22.56.46:053][491]LogModuleManager: Shutting down and abandoning module WindowsNoEditorTargetPlatform (75)
[2017.11.06-22.56.46:053][491]LogModuleManager: Shutting down and abandoning module WindowsClientTargetPlatform (73)
[2017.11.06-22.56.46:053][491]LogModuleManager: Shutting down and abandoning module MacTargetPlatform (71)
[2017.11.06-22.56.46:053][491]LogModuleManager: Shutting down and abandoning module MacServerTargetPlatform (69)
[2017.11.06-22.56.46:053][491]LogModuleManager: Shutting down and abandoning module MacNoEditorTargetPlatform (67)
[2017.11.06-22.56.46:053][491]LogModuleManager: Shutting down and abandoning module MacClientTargetPlatform (65)
[2017.11.06-22.56.46:053][491]LogModuleManager: Shutting down and abandoning module AllDesktopTargetPlatform (63)
[2017.11.06-22.56.46:053][491]LogModuleManager: Shutting down and abandoning module InputCore (60)
[2017.11.06-22.56.46:053][491]LogModuleManager: Shutting down and abandoning module Settings (58)
[2017.11.06-22.56.46:053][491]LogModuleManager: Shutting down and abandoning module PhysXCooking (56)
[2017.11.06-22.56.46:053][491]LogModuleManager: Shutting down and abandoning module SteamVR (54)
[2017.11.06-22.56.46:053][491]LogModuleManager: Shutting down and abandoning module OculusHMD (52)
[2017.11.06-22.56.46:053][491]LogModuleManager: Shutting down and abandoning module ExampleDeviceProfileSelector (50)
[2017.11.06-22.56.46:053][491]LogModuleManager: Shutting down and abandoning module OnlineBlueprintSupport (48)
[2017.11.06-22.56.46:053][491]LogModuleManager: Shutting down and abandoning module OnlineSubsystem (44)
[2017.11.06-22.56.46:053][491]LogOnline: Display: Unloading online subsystem: NULL
[2017.11.06-22.56.46:053][491]LogModuleManager: Shutting down and abandoning module XMPP (43)
[2017.11.06-22.56.46:053][491]LogModuleManager: Shutting down and abandoning module HTTP (41)
[2017.11.06-22.56.46:053][491]LogHttp: Display: Http module shutting down, but needs to wait on 1 outstanding Http requests:
[2017.11.06-22.56.46:053][491]LogHttp: Display: 	verb=[POST] url=[https://datarouter.ol.epicgames.com/datarouter/api/v1/public/data?SessionID=%7B36FB2D12-4D28-8619-1C22-18B376DD1F25%7D&AppID=UEEditor.Rocket.Release&AppVersion=4.17.2-3658906%2B%2B%2BUE4%2BRelease-4.17&UserID=2d21c60542ace5f752753183dc8f18c2%7Ce5af69ae52c34ec8bca2a7c038d1ea3c%7C8aa367c0-17d2-4038-b458-d3f575842514&AppEnvironment=datacollector-binary&UploadType=eteventstream] status=Processing
[2017.11.06-22.56.46:053][491]LogHttp: Warning: 0000021DC4AFBE80: request failed, libcurl error: 6 (Couldn't resolve host name)
[2017.11.06-22.56.46:053][491]LogHttp: Warning: 0000021DC4AFBE80: libcurl info message cache 0 (Could not resolve host: datarouter.ol.epicgames.com)
[2017.11.06-22.56.46:053][491]LogHttp: Warning: 0000021DC4AFBE80: libcurl info message cache 1 (Closing connection 36)
[2017.11.06-22.56.46:062][491]LogModuleManager: Shutting down and abandoning module SSL (40)
[2017.11.06-22.56.46:064][491]LogModuleManager: Shutting down and abandoning module AnimationModifiers (36)
[2017.11.06-22.56.46:065][491]LogModuleManager: Shutting down and abandoning module PropertyEditor (35)
[2017.11.06-22.56.46:065][491]LogModuleManager: Shutting down and abandoning module AudioEditor (32)
[2017.11.06-22.56.46:065][491]LogModuleManager: Shutting down and abandoning module TextureCompressor (30)
[2017.11.06-22.56.46:065][491]LogModuleManager: Shutting down and abandoning module ShaderCore (28)
[2017.11.06-22.56.46:065][491]LogModuleManager: Shutting down and abandoning module Landscape (26)
[2017.11.06-22.56.46:065][491]LogModuleManager: Shutting down and abandoning module SlateRHIRenderer (24)
[2017.11.06-22.56.46:071][491]LogModuleManager: Shutting down and abandoning module OpenGLDrv (22)
[2017.11.06-22.56.46:071][491]LogModuleManager: Shutting down and abandoning module D3D11RHI (20)
[2017.11.06-22.56.46:071][491]LogModuleManager: Shutting down and abandoning module AnimGraphRuntime (18)
[2017.11.06-22.56.46:071][491]LogModuleManager: Shutting down and abandoning module Renderer (16)
[2017.11.06-22.56.46:071][491]LogModuleManager: Shutting down and abandoning module Engine (14)
[2017.11.06-22.56.46:071][491]LogModuleManager: Shutting down and abandoning module CoreUObject (12)
[2017.11.06-22.56.46:071][491]LogModuleManager: Shutting down and abandoning module NetworkFile (10)
[2017.11.06-22.56.46:071][491]LogModuleManager: Shutting down and abandoning module CookedIterativeFile (8)
[2017.11.06-22.56.46:071][491]LogModuleManager: Shutting down and abandoning module StreamingFile (6)
[2017.11.06-22.56.46:071][491]LogModuleManager: Shutting down and abandoning module SandboxFile (4)
[2017.11.06-22.56.46:071][491]LogModuleManager: Shutting down and abandoning module PakFile (2)
[2017.11.06-22.56.46:073][491]LogExit: Exiting.
[2017.11.06-22.56.46:089][491]Log file closed, 11/06/17 18:56:46
