Log file open, 10/14/17 09:39:35
LogWindows: LoadLibraryWithSearchPaths failed for file aqProf.dll. GetLastError=0
LogWindows: LoadLibraryWithSearchPaths failed for file VSPerf140.dll. GetLastError=0
LogWindows: LoadLibraryWithSearchPaths failed for file VtuneApi.dll. GetLastError=0
LogWindows: LoadLibraryWithSearchPaths failed for file VtuneApi32e.dll. GetLastError=0
LogInit: Display: Running engine for game: InfiniteJumper
LogPlatformFile: Not using cached read wrapper
LogInit: Display: RandInit(-1965407881) SRandInit(-1965407881).
LogTaskGraph: Started task graph with 5 named threads and 14 total threads with 3 sets of task threads.
LogStats: Stats thread started at 0.254201
LogD3D11RHI: Aftermath initialized
LogPluginManager: Mounting plugin Paper2D
LogPluginManager: Mounting plugin LightPropagationVolume
LogPluginManager: Mounting plugin CodeLiteSourceCodeAccess
LogPluginManager: Mounting plugin GitSourceControl
LogPluginManager: Mounting plugin KDevelopSourceCodeAccess
LogPluginManager: Mounting plugin NullSourceCodeAccess
LogPluginManager: Mounting plugin PerforceSourceControl
LogPluginManager: Mounting plugin SubversionSourceControl
LogPluginManager: Mounting plugin UObjectPlugin
LogPluginManager: Mounting plugin VisualStudioSourceCodeAccess
LogPluginManager: Mounting plugin XCodeSourceCodeAccess
LogPluginManager: Mounting plugin AssetManagerEditor
LogPluginManager: Mounting plugin AudioCapture
LogPluginManager: Mounting plugin FacialAnimation
LogPluginManager: Mounting plugin GameplayTagsEditor
LogPluginManager: Mounting plugin MobileLauncherProfileWizard
LogPluginManager: Mounting plugin PluginBrowser
LogPluginManager: Mounting plugin SpeedTreeImporter
LogPluginManager: Mounting plugin AlembicImporter
LogPluginManager: Mounting plugin CharacterAI
LogPluginManager: Mounting plugin HTML5Networking
LogPluginManager: Mounting plugin AndroidMedia
LogPluginManager: Mounting plugin AvfMedia
LogPluginManager: Mounting plugin MediaPlayerEditor
LogPluginManager: Mounting plugin WmfMedia
LogPluginManager: Mounting plugin TcpMessaging
LogPluginManager: Mounting plugin UdpMessaging
LogPluginManager: Mounting plugin LevelSequenceEditor
LogPluginManager: Mounting plugin MatineeToLevelSequence
LogPluginManager: Mounting plugin OnlineSubsystemGooglePlay
LogPluginManager: Mounting plugin OnlineSubsystemIOS
LogPluginManager: Mounting plugin OnlineSubsystem
LogPluginManager: Mounting plugin OnlineSubsystemNull
LogPluginManager: Mounting plugin OnlineSubsystemUtils
LogPluginManager: Mounting plugin AndroidDeviceProfileSelector
LogPluginManager: Mounting plugin AndroidMoviePlayer
LogPluginManager: Mounting plugin AndroidPermission
LogPluginManager: Mounting plugin AppleMoviePlayer
LogPluginManager: Mounting plugin ArchVisCharacter
LogPluginManager: Mounting plugin CableComponent
LogPluginManager: Mounting plugin CustomMeshComponent
LogPluginManager: Mounting plugin ExampleDeviceProfileSelector
LogPluginManager: Mounting plugin GoogleCloudMessaging
LogPluginManager: Mounting plugin ImmediatePhysics
LogPluginManager: Mounting plugin IOSDeviceProfileSelector
LogPluginManager: Mounting plugin LinuxDeviceProfileSelector
LogPluginManager: Mounting plugin LocationServicesBPLibrary
LogPluginManager: Mounting plugin MobilePatchingUtils
LogPluginManager: Mounting plugin OculusVR
LogPluginManager: Mounting plugin PhysXVehicles
LogPluginManager: Mounting plugin ProceduralMeshComponent
LogPluginManager: Mounting plugin RuntimePhysXCooking
LogPluginManager: Mounting plugin SteamVR
LogPluginManager: Mounting plugin WindowsMoviePlayer
LogInit: Using libcurl 7.47.1
LogInit:  - built for x86_64-pc-win32
LogInit:  - supports SSL with OpenSSL/1.0.2g
LogInit:  - supports HTTP deflate (compression) using libz 1.2.8
LogInit:  - other features:
LogInit:      CURL_VERSION_SSL
LogInit:      CURL_VERSION_LIBZ
LogInit:      CURL_VERSION_IPV6
LogInit:      CURL_VERSION_ASYNCHDNS
LogInit:      CURL_VERSION_LARGEFILE
LogInit:      CURL_VERSION_IDN
LogInit:  CurlRequestOptions (configurable via config and command line):
LogInit:  - bVerifyPeer = false  - Libcurl will NOT verify peer certificate
LogInit:  - bUseHttpProxy = false  - Libcurl will NOT use HTTP proxy
LogInit:  - bDontReuseConnections = false  - Libcurl will reuse connections
LogInit:  - CertBundlePath = nullptr  - Libcurl will use whatever was configured at build time.
LogInit: Build: ++UE4+Release-4.17-CL-3586342
LogInit: Engine Version: 4.17.1-3586342+++UE4+Release-4.17
LogInit: Compatible Engine Version: 4.17.0-3573198+++UE4+Release-4.17
LogInit: Net CL: 3573198
LogDevObjectVersion: Number of dev versions registered: 16
LogDevObjectVersion:   Dev-Blueprints (B0D832E4-1F89-4F0D-ACCF-7EB736FD4AA2): 10
LogDevObjectVersion:   Dev-Build (E1C64328-A22C-4D53-A36C-8E866417BD8C): 0
LogDevObjectVersion:   Dev-Core (375EC13C-06E4-48FB-B500-84F0262A717E): 2
LogDevObjectVersion:   Dev-Editor (E4B068ED-F494-42E9-A231-DA0B2E46BB41): 20
LogDevObjectVersion:   Dev-Framework (CFFC743F-43B0-4480-9391-14DF171D2073): 28
LogDevObjectVersion:   Dev-Mobile (B02B49B5-BB20-44E9-A304-32B752E40360): 0
LogDevObjectVersion:   Dev-Networking (A4E4105C-59A1-49B5-A7C5-40C4547EDFEE): 0
LogDevObjectVersion:   Dev-Online (39C831C9-5AE6-47DC-9A44-9C173E1C8E7C): 0
LogDevObjectVersion:   Dev-Physics (78F01B33-EBEA-4F98-B9B4-84EACCB95AA2): 0
LogDevObjectVersion:   Dev-Platform (6631380F-2D4D-43E0-8009-CF276956A95A): 0
LogDevObjectVersion:   Dev-Rendering (12F88B9F-8875-4AFC-A67C-D90C383ABD29): 19
LogDevObjectVersion:   Dev-Sequencer (7B5AE74C-D270-4C10-A958-57980B212A5A): 4
LogDevObjectVersion:   Dev-VR (D7296918-1DD6-4BDD-9DE2-64A83CC13884): 0
LogDevObjectVersion:   Dev-LoadTimes (C2A15278-BFE7-4AFE-6C17-90FF531DF755): 1
LogDevObjectVersion:   Private-Geometry (6EACA3D4-40EC-4CC1-B786-8BED09428FC5): 1
LogDevObjectVersion:   Dev-AnimPhys (29E575DD-E0A3-4627-9D10-D276232CDCEA): 7
LogInit: Compiled (64-bit): Aug 15 2017 02:05:26
LogInit: Compiled with Visual C++: 19.00.24215.01
LogInit: Build Configuration: Development
LogInit: Branch Name: ++UE4+Release-4.17
LogInit: Command line:  
LogInit: Base directory: C:/Program Files/Epic Games/UE_4.17/Engine/Binaries/Win64/
LogInit: Installed Engine Build: 1
LogInit: Presizing for max 8388607 objects, including 0 objects not considered by GC, pre-allocating 0 bytes for permanent pool.
LogInit: Object subsystem initialized
[2017.10.14-13.39.36:967][  0]LogInit: Selected Device Profile: [Windows]
[2017.10.14-13.39.36:967][  0]LogInit: Applying CVar settings loaded from the selected device profile: [Windows]
[2017.10.14-13.39.37:017][  0]LogInit: Computer: LAPTOP-FV6L4TLG
[2017.10.14-13.39.37:017][  0]LogInit: User: kreye
[2017.10.14-13.39.37:017][  0]LogInit: CPU Page size=4096, Cores=4
[2017.10.14-13.39.37:018][  0]LogInit: High frequency timer resolution =2.339363 MHz
[2017.10.14-13.39.37:018][  0]LogMemory: Memory total: Physical=11.5GB (12GB approx)
[2017.10.14-13.39.37:018][  0]LogMemory: Platform Memory Stats for Windows
[2017.10.14-13.39.37:018][  0]LogMemory: Process Physical Memory: 278.50 MB used, 278.50 MB peak
[2017.10.14-13.39.37:018][  0]LogMemory: Process Virtual Memory: 282.30 MB used, 282.30 MB peak
[2017.10.14-13.39.37:018][  0]LogMemory: Physical Memory: 3900.74 MB used,  7842.38 MB free, 11743.12 MB total
[2017.10.14-13.39.37:018][  0]LogMemory: Virtual Memory: 676.04 MB used,  7842.38 MB free, 134217728.00 MB total
[2017.10.14-13.39.37:502][  0]LogInit: Using OS detected language (en-US).
[2017.10.14-13.39.37:502][  0]LogInit: Using OS detected locale (en-US).
[2017.10.14-13.39.37:509][  0]LogTextLocalizationManager: No specific localization for 'en-US' exists, so the 'en' localization will be used.
[2017.10.14-13.39.50:186][  0]LogD3D11RHI: D3D11 adapters:
[2017.10.14-13.39.50:242][  0]LogD3D11RHI:    0. 'AMD Radeon(TM) R5 Graphics' (Feature Level 11_0)
[2017.10.14-13.39.50:242][  0]LogD3D11RHI:       499/0/5871 MB DedicatedVideo/DedicatedSystem/SharedSystem, Outputs:1, VendorId:0x1002
[2017.10.14-13.39.50:246][  0]LogD3D11RHI:    1. 'Microsoft Basic Render Driver' (Feature Level 11_0)
[2017.10.14-13.39.50:246][  0]LogD3D11RHI:       0/0/5871 MB DedicatedVideo/DedicatedSystem/SharedSystem, Outputs:0, VendorId:0x1414
[2017.10.14-13.39.50:246][  0]LogD3D11RHI: Chosen D3D11 Adapter: 0
[2017.10.14-13.39.50:275][  0]LogD3D11RHI: Creating new Direct3DDevice
[2017.10.14-13.39.50:275][  0]LogD3D11RHI:     GPU DeviceId: 0x9874 (for the marketing name, search the web for "GPU Device Id")
[2017.10.14-13.39.50:275][  0]LogWindows: EnumDisplayDevices:
[2017.10.14-13.39.50:276][  0]LogWindows:    0. 'AMD Radeon(TM) R5 Graphics' (P:1 D:1)
[2017.10.14-13.39.50:276][  0]LogWindows:    1. 'AMD Radeon(TM) R5 Graphics' (P:0 D:0)
[2017.10.14-13.39.50:277][  0]LogWindows:    2. 'AMD Radeon(TM) R5 Graphics' (P:0 D:0)
[2017.10.14-13.39.50:278][  0]LogWindows: DebugString: FoundDriverCount:3 
[2017.10.14-13.39.50:278][  0]LogD3D11RHI:     Adapter Name: AMD Radeon(TM) R5 Graphics
[2017.10.14-13.39.50:278][  0]LogD3D11RHI:   Driver Version: Crimson 16.6 (internal:16.300.2701.0, unified:16.300.2701.0)
[2017.10.14-13.39.50:278][  0]LogD3D11RHI:      Driver Date: 8-9-2016
[2017.10.14-13.39.50:278][  0]LogRHI: Texture pool is 349 MB (70% of 499 MB)
[2017.10.14-13.39.50:511][  0]LogD3D11RHI: Async texture creation enabled
[2017.10.14-13.39.51:240][  0]LogD3D11RHI: GPU Timing Frequency: 100.000000 (Debug: 2 1)
[2017.10.14-13.39.52:003][  0]LogShaderCompilers: Guid format shader working directory is 4 characters bigger than the processId version (F:/Unreal Projects/Capstone/InfiniteJumper/Intermediate/Shaders/WorkingDirectory/8020/).
[2017.10.14-13.39.52:004][  0]LogShaderCompilers: Cleaned the shader compiler working directory 'C:/Users/kreye/AppData/Local/Temp/UnrealShaderWorkingDir/00F72E1F45B77ED28BD96789380A3280/'.
[2017.10.14-13.39.52:173][  0]LogShaderCompilers: Display: Using Local Shader Compiler.
[2017.10.14-13.40.09:085][  0]LogTemp: Display: Loaded TP AllDesktopTargetPlatform
[2017.10.14-13.40.09:304][  0]LogTemp: Display: Loaded TP MacClientTargetPlatform
[2017.10.14-13.40.09:514][  0]LogTemp: Display: Loaded TP MacNoEditorTargetPlatform
[2017.10.14-13.40.09:773][  0]LogTemp: Display: Loaded TP MacServerTargetPlatform
[2017.10.14-13.40.10:215][  0]LogTemp: Display: Loaded TP MacTargetPlatform
[2017.10.14-13.40.10:441][  0]LogTemp: Display: Loaded TP WindowsClientTargetPlatform
[2017.10.14-13.40.10:658][  0]LogTemp: Display: Loaded TP WindowsNoEditorTargetPlatform
[2017.10.14-13.40.10:879][  0]LogTemp: Display: Loaded TP WindowsServerTargetPlatform
[2017.10.14-13.40.11:096][  0]LogTemp: Display: Loaded TP WindowsTargetPlatform
[2017.10.14-13.40.11:437][  0]LogTemp: Display: Loaded TP AndroidTargetPlatform
[2017.10.14-13.40.11:734][  0]LogTemp: Display: Loaded TP Android_ASTCTargetPlatform
[2017.10.14-13.40.11:997][  0]LogTemp: Display: Loaded TP Android_ATCTargetPlatform
[2017.10.14-13.40.12:460][  0]LogTemp: Display: Loaded TP Android_DXTTargetPlatform
[2017.10.14-13.40.12:848][  0]LogTemp: Display: Loaded TP Android_ETC1TargetPlatform
[2017.10.14-13.40.13:296][  0]LogTemp: Display: Loaded TP Android_ETC2TargetPlatform
[2017.10.14-13.40.14:533][  0]LogTemp: Display: Loaded TP Android_MultiTargetPlatform
[2017.10.14-13.40.14:534][  0]LogTemp: Display: Loaded TP Android_PVRTCTargetPlatform
[2017.10.14-13.40.15:084][  0]LogTemp: Display: Loaded TP HTML5TargetPlatform
[2017.10.14-13.40.16:190][  0]LogTemp: Display: Loaded TP IOSTargetPlatform
[2017.10.14-13.40.16:309][  0]LogTemp: Display: Loaded TP TVOSTargetPlatform
[2017.10.14-13.40.16:539][  0]LogTemp: Display: Loaded TP LinuxClientTargetPlatform
[2017.10.14-13.40.16:849][  0]LogTemp: Display: Loaded TP LinuxNoEditorTargetPlatform
[2017.10.14-13.40.17:125][  0]LogTemp: Display: Loaded TP LinuxServerTargetPlatform
[2017.10.14-13.40.17:431][  0]LogTemp: Display: Loaded TP LinuxTargetPlatform
[2017.10.14-13.40.17:431][  0]LogTargetPlatformManager: Display: Building Assets For Windows
[2017.10.14-13.40.22:790][  0]LogDerivedDataCache: Display: Max Cache Size: 512 MB
[2017.10.14-13.40.25:290][  0]LogDerivedDataCache: Loaded boot cache 2.48s 106MB C:/Users/kreye/AppData/Local/UnrealEngine/4.17/DerivedDataCache/Boot.ddc.
[2017.10.14-13.40.25:290][  0]LogDerivedDataCache: Display: Loaded Boot cache: C:/Users/kreye/AppData/Local/UnrealEngine/4.17/DerivedDataCache/Boot.ddc
[2017.10.14-13.40.25:290][  0]LogDerivedDataCache: FDerivedDataBackendGraph:  Pak pak cache file F:/Unreal Projects/Capstone/InfiniteJumper/DerivedDataCache/DDC.ddp not found, will not use a pak cache.
[2017.10.14-13.40.25:290][  0]LogDerivedDataCache: Unable to find inner node Pak for hierarchical cache Hierarchy.
[2017.10.14-13.40.25:290][  0]LogDerivedDataCache: FDerivedDataBackendGraph:  CompressedPak pak cache file F:/Unreal Projects/Capstone/InfiniteJumper/DerivedDataCache/Compressed.ddp not found, will not use a pak cache.
[2017.10.14-13.40.25:290][  0]LogDerivedDataCache: Unable to find inner node CompressedPak for hierarchical cache Hierarchy.
[2017.10.14-13.40.25:382][  0]LogDerivedDataCache: Display: Pak cache opened for reading ../../../Engine/DerivedDataCache/Compressed.ddp.
[2017.10.14-13.40.25:396][  0]LogDerivedDataCache: Using Local data cache path C:/Users/kreye/AppData/Local/UnrealEngine/Common/DerivedDataCache: Writable
[2017.10.14-13.40.25:511][  0]LogMaterial: Verifying Global Shaders for PCD3D_SM5
[2017.10.14-13.40.25:625][  0]LogSlate: Using Freetype 2.6.0
[2017.10.14-13.40.26:454][  0]LogSlate: SlateFontCache - WITH_FREETYPE: 1, WITH_HARFBUZZ: 1
[2017.10.14-13.40.26:462][  0]LogSlate: SlateFontCache - WITH_FREETYPE: 1, WITH_HARFBUZZ: 1
[2017.10.14-13.40.54:406][  0]LogAssetRegistry: FAssetRegistry took 0.6065 seconds to start up
[2017.10.14-13.41.03:406][  0]LogInit: Selected Device Profile: [Windows]
[2017.10.14-13.41.23:837][  0]LogContentStreaming: Texture pool size is 0.00 MB
[2017.10.14-13.41.31:390][  0]LogSimplygon: Simplygon DLL not present - disabling.
[2017.10.14-13.41.32:250][  0]LogMeshReduction: Using SimplygonSwarm for distributed automatic mesh merging
[2017.10.14-13.41.32:298][  0]LogMeshReduction: Using QuadricMeshReduction for automatic static mesh reduction
[2017.10.14-13.41.32:298][  0]LogMeshReduction: No automatic skeletal mesh reduction module available
[2017.10.14-13.41.32:299][  0]LogMeshReduction: No automatic mesh merging module available
[2017.10.14-13.41.32:299][  0]LogMeshMerging: No automatic mesh merging module available
[2017.10.14-13.41.47:161][  0]LogNetVersion: InfiniteJumper , NetCL: 3573198, EngineNetVer: 2, GameNetVer: 0 (Checksum: 2050453028)
[2017.10.14-13.41.54:016][  0]LogAssetRegistry: Error: Failed to open file for write F:/Unreal Projects/Capstone/InfiniteJumper/Intermediate/AssetRegistryCache/5a627529.bin
[2017.10.14-13.41.54:495][  0]LogPackageLocalizationCache: Processed 5 localized package path(s) for 2 prioritized culture(s) in 0.627042 seconds
[2017.10.14-13.41.54:522][  0]LogUObjectArray: 35825 objects as part of root set at end of initial load.
[2017.10.14-13.41.54:522][  0]LogUObjectAllocator: 7529112 out of 0 bytes used by permanent object pool.
[2017.10.14-13.41.54:522][  0]LogUObjectArray: CloseDisregardForGC: 0/0 objects in disregard for GC pool
[2017.10.14-13.41.54:838][  0]LogInit: WinSock: version 1.1 (2.2), MaxSocks=32767, MaxUdp=65467
[2017.10.14-13.43.06:194][  0]LogAssetRegistry: Error: Failed to open file for write F:/Unreal Projects/Capstone/InfiniteJumper/Intermediate/CachedAssetRegistry.bin
[2017.10.14-13.43.08:585][  0]LogTcpMessaging: Initializing TcpMessaging bridge
[2017.10.14-13.43.08:795][  0]LogUdpMessaging: Initializing bridge on interface 0.0.0.0:0 to multicast group 230.0.0.1:6666.
[2017.10.14-13.43.13:499][  0]LogMaterial: Uniform references updated for custom material expression Custom.
[2017.10.14-13.43.16:480][  0]SourceControl: Source control is disabled
[2017.10.14-13.43.16:480][  0]SourceControl: Source control is disabled
[2017.10.14-13.43.16:898][  0]SourceControl: Source control is disabled
[2017.10.14-13.43.17:215][  0]SourceControl: Source control is disabled
[2017.10.14-13.43.22:272][  0]LogAndroidPermission: UAndroidPermissionCallbackProxy::GetInstance
[2017.10.14-13.43.23:707][  0]LogOcInput: OculusInput pre-init called
[2017.10.14-13.43.25:479][  0]LogEngine: Initializing Engine...
[2017.10.14-13.43.25:556][  0]LogHMD: Failed to initialize OpenVR with code 110
[2017.10.14-13.43.26:576][  0]LogStats: UGameplayTagsManager::ConstructGameplayTagTree: Construct from data asset -  0.000 s
[2017.10.14-13.43.26:576][  0]LogStats: UGameplayTagsManager::ConstructGameplayTagTree: GameplayTagTreeChangedEvent.Broadcast -  0.000 s
[2017.10.14-13.43.27:654][  0]LogAIModule: Creating AISystem for world Untitled
[2017.10.14-13.43.27:795][  0]LogInit: XAudio2 using 'Speaker/Headphone (Realtek High Definition Audio)' : 2 channels at 48 kHz using 32 bits per sample (channel mask 0x3)
[2017.10.14-13.43.28:264][  0]LogInit: FAudioDevice initialized.
[2017.10.14-13.43.28:376][  0]LogDerivedDataCache: Error: Could not save memory cache C:/Users/kreye/AppData/Local/UnrealEngine/4.17/DerivedDataCache/Boot.ddc.
[2017.10.14-13.43.28:509][  0]LogInit: Texture streaming: Enabled
[2017.10.14-13.43.29:638][  0]LogEngineSessionManager: EngineSessionManager initialized
[2017.10.14-13.43.34:678][  0]LogInit: Transaction tracking system initialized
[2017.10.14-13.43.38:120][  0]BlueprintLog: New page: Editor Load
[2017.10.14-13.43.45:241][  0]LocalizationService: Localization service is disabled
[2017.10.14-13.43.49:640][  0]LogConsoleResponse: Display: 
[2017.10.14-13.43.52:917][  0]LogFileCache: Scanning file cache for directory 'F:/Unreal Projects/Capstone/InfiniteJumper/Content/' took 0.20s
[2017.10.14-13.43.52:917][  0]LogCook: Display: Max memory allowance for cook 16384mb min free memory 0mb
[2017.10.14-13.43.52:918][  0]LogCook: Display: Mobile HDR setting 1
[2017.10.14-13.43.53:066][  0]LogGameplayTags: Display: UGameplayTagsManager::DoneAddingNativeTags. DelegateIsBound: 0
[2017.10.14-13.44.02:774][  0]SourceControl: Source control is disabled
[2017.10.14-13.44.02:813][  0]Cmd: MAP LOAD FILE="F:/Unreal Projects/Capstone/InfiniteJumper/Content/SideScrollerBP/Maps/SideScrollerExampleMap.umap" TEMPLATE=0 SHOWPROGRESS=1 FEATURELEVEL=3
[2017.10.14-13.44.02:854][  0]LightingResults: New page: Lighting Build
[2017.10.14-13.44.03:441][  0]MapCheck: New page: Map Check
[2017.10.14-13.44.03:441][  0]LightingResults: New page: Lighting Build
[2017.10.14-13.44.08:508][  0]LogTexture: Display: Building textures: HQ_Lightmap1_2 (AutoDXT, 64X64)
[2017.10.14-13.44.08:508][  0]LogTexture: Display: Building textures: HQ_Lightmap1_1 (AutoDXT, 2048X2048)
[2017.10.14-13.44.11:797][  0]LogTexture: Display: Building textures: LQ_Lightmap_1_1 (DXT1, 2048X2048)
[2017.10.14-13.44.11:797][  0]LogTexture: Display: Building textures: SkyOcclusion1_1 (AutoDXT, 2048X1024)
[2017.10.14-13.44.12:216][  0]LogAIModule: Creating AISystem for world SideScrollerExampleMap
[2017.10.14-13.44.12:795][  0]LogEditorServer: Finished looking for orphan Actors (0.000 secs)
[2017.10.14-13.44.13:004][  0]Cmd: MAP CHECKDEP NOCLEARLOG
[2017.10.14-13.44.13:226][  0]MapCheck: Map check complete: 0 Error(s), 0 Warning(s), took 222.114ms to complete.
[2017.10.14-13.44.13:226][  0]LogFileHelpers: Loading map 'SideScrollerExampleMap' took 10.431
[2017.10.14-13.44.16:391][  0]LogCollectionManager: Loaded 0 collections in 0.004667 seconds
[2017.10.14-13.44.17:224][  0]LogFileCache: Scanning file cache for directory 'F:/Unreal Projects/Capstone/InfiniteJumper/Saved/Collections/' took 0.01s
[2017.10.14-13.44.17:224][  0]LogFileCache: Scanning file cache for directory 'F:/Unreal Projects/Capstone/InfiniteJumper/Content/Developers/kreye/Collections/' took 0.01s
[2017.10.14-13.44.17:224][  0]LogFileCache: Scanning file cache for directory 'F:/Unreal Projects/Capstone/InfiniteJumper/Content/Collections/' took 0.01s
[2017.10.14-13.44.17:224][  0]LogCollectionManager: Rebuilt the GUID cache for 0 collections in 0.000001 seconds
[2017.10.14-13.44.17:313][  0]LogContentBrowser: Native class hierarchy populated in 0.0391 seconds. Added 2386 classes and 500 folders.
[2017.10.14-13.44.17:701][  0]LogContentBrowser: Native class hierarchy updated for 'WidgetCarousel' in 0.0155 seconds. Added 0 classes and 0 folders.
[2017.10.14-13.44.20:116][  0]LogContentBrowser: Native class hierarchy updated for 'AddContentDialog' in 0.0020 seconds. Added 0 classes and 0 folders.
[2017.10.14-13.44.20:447][  0]LogContentBrowser: Native class hierarchy updated for 'SceneOutliner' in 0.0020 seconds. Added 1 classes and 2 folders.
[2017.10.14-13.44.21:517][  0]LogSlate: Took 0.085998 seconds to synchronously load lazily loaded font '../../../Engine/Content/Slate/Fonts/Roboto-Regular.ttf' (155K)
[2017.10.14-13.44.21:558][  0]LogSlate: Took 0.023212 seconds to synchronously load lazily loaded font '../../../Engine/Content/Slate/Fonts/Roboto-Bold.ttf' (160K)
[2017.10.14-13.44.21:615][  0]LogSlate: Took 0.018999 seconds to synchronously load lazily loaded font '../../../Engine/Content/Editor/Slate/Fonts/FontAwesome.ttf' (139K)
[2017.10.14-13.44.22:747][  0]LogRenderer: Reallocating scene render targets to support 1172x300 Format 10 NumSamples 1 (Frame:1).
[2017.10.14-13.44.25:903][  0]LogContentBrowser: Native class hierarchy updated for 'HierarchicalLODOutliner' in 0.0023 seconds. Added 1 classes and 2 folders.
[2017.10.14-13.44.25:903][  0]LogLoad: (Engine Initialization) Total time: 293.68 seconds
[2017.10.14-13.44.25:903][  0]LogLoad: (Engine Initialization) Total Blueprint compile time: 0.00 seconds
[2017.10.14-13.44.25:924][  0]LogExternalProfiler: No external profilers were discovered.  External profiling features will not be available.
[2017.10.14-13.44.26:322][  0]LogContentStreaming: Texture pool size now 1000 MB
[2017.10.14-13.44.26:520][  0]LogRenderer: Reallocating scene render targets to support 1172x316 Format 10 NumSamples 1 (Frame:2).
[2017.10.14-13.44.26:520][  0]LogSlate: Took 0.001429 seconds to synchronously load lazily loaded font '../../../Engine/Content/Slate/Fonts/Roboto-Light.ttf' (159K)
[2017.10.14-13.44.29:383][  7]LogAssetRegistry: Asset discovery search completed in 215.1151 seconds
[2017.10.14-13.44.29:389][  7]LogCollectionManager: Rebuilt the object cache for 0 collections in 0.000001 seconds (found 0 objects)
[2017.10.14-13.44.29:389][  7]LogCollectionManager: Fixed up redirectors for 0 collections in 0.000434 seconds (updated 0 objects)
[2017.10.14-13.44.29:919][  8]LogWindowsTextInputMethodSystem: Display: IME system now deactivated.
[2017.10.14-13.44.29:920][  8]LogWindowsTextInputMethodSystem: Display: IME system now deactivated.
[2017.10.14-13.44.30:365][  9]Cmd: QUIT_EDITOR
[2017.10.14-13.44.30:581][  9]LogExit: Preparing to exit.
[2017.10.14-13.44.31:390][  9]LogExit: Editor shut down
[2017.10.14-13.44.31:401][  9]LogExit: Transaction tracking system shut down
[2017.10.14-13.44.31:717][  9]LogDirectoryWatcher: A directory notification for '../../../Engine/Content/' was aborted.
[2017.10.14-13.44.31:717][  9]LogDirectoryWatcher: A directory notification for 'F:/Unreal Projects/Capstone/InfiniteJumper/Content/' was aborted.
[2017.10.14-13.44.31:717][  9]LogDirectoryWatcher: A directory notification for '../../../Engine/Plugins/2D/Paper2D/Content/' was aborted.
[2017.10.14-13.44.31:717][  9]LogDirectoryWatcher: A directory notification for '../../../Engine/Plugins/Runtime/Oculus/OculusVR/Content/' was aborted.
[2017.10.14-13.44.31:717][  9]LogDirectoryWatcher: A directory notification for '../../../Engine/Plugins/Runtime/Steam/SteamVR/Content/' was aborted.
[2017.10.14-13.44.32:336][  9]LogExit: Object subsystem successfully closed.
[2017.10.14-13.44.32:439][  9]LogD3D11RHI: Shutdown
[2017.10.14-13.44.32:452][  9]LogD3D11RHI: CleanupD3DDevice
[2017.10.14-13.44.32:458][  9]LogD3D11RHI: ~FD3D11DynamicRHI
[2017.10.14-13.44.34:456][  9]LogModuleManager: Shutting down and abandoning module HierarchicalLODOutliner (530)
[2017.10.14-13.44.34:456][  9]LogModuleManager: Shutting down and abandoning module SceneOutliner (528)
[2017.10.14-13.44.34:457][  9]LogModuleManager: Shutting down and abandoning module AddContentDialog (526)
[2017.10.14-13.44.34:457][  9]LogDirectoryWatcher: A directory notification for 'C:/Program Files/Epic Games/UE_4.17/FeaturePacks/' was aborted.
[2017.10.14-13.44.34:461][  9]LogModuleManager: Shutting down and abandoning module WidgetCarousel (525)
[2017.10.14-13.44.34:462][  9]LogModuleManager: Shutting down and abandoning module EditorWidgets (522)
[2017.10.14-13.44.34:462][  9]LogModuleManager: Shutting down and abandoning module CollectionManager (520)
[2017.10.14-13.44.34:462][  9]LogDirectoryWatcher: A directory notification for 'F:/Unreal Projects/Capstone/InfiniteJumper/Content/Collections/' was aborted.
[2017.10.14-13.44.34:463][  9]LogDirectoryWatcher: A directory notification for 'F:/Unreal Projects/Capstone/InfiniteJumper/Content/Developers/kreye/Collections/' was aborted.
[2017.10.14-13.44.34:463][  9]LogDirectoryWatcher: A directory notification for 'F:/Unreal Projects/Capstone/InfiniteJumper/Saved/Collections/' was aborted.
[2017.10.14-13.44.34:463][  9]LogModuleManager: Shutting down and abandoning module StatsViewer (518)
[2017.10.14-13.44.34:463][  9]LogModuleManager: Shutting down and abandoning module FoliageEdit (516)
[2017.10.14-13.44.34:464][  9]LogModuleManager: Shutting down and abandoning module LandscapeEditor (514)
[2017.10.14-13.44.34:484][  9]LogModuleManager: Shutting down and abandoning module MeshPaintMode (512)
[2017.10.14-13.44.34:484][  9]LogModuleManager: Shutting down and abandoning module SceneDepthPickerMode (510)
[2017.10.14-13.44.34:485][  9]LogModuleManager: Shutting down and abandoning module ActorPickerMode (508)
[2017.10.14-13.44.34:485][  9]LogModuleManager: Shutting down and abandoning module GeometryMode (506)
[2017.10.14-13.44.34:485][  9]LogModuleManager: Shutting down and abandoning module TextureAlignMode (504)
[2017.10.14-13.44.34:485][  9]LogModuleManager: Shutting down and abandoning module BspMode (502)
[2017.10.14-13.44.34:485][  9]LogModuleManager: Shutting down and abandoning module PIEPreviewDeviceProfileSelector (500)
[2017.10.14-13.44.34:485][  9]LogModuleManager: Shutting down and abandoning module HardwareSurvey (498)
[2017.10.14-13.44.34:485][  9]LogModuleManager: Shutting down and abandoning module SequenceRecorderSections (496)
[2017.10.14-13.44.34:485][  9]LogModuleManager: Shutting down and abandoning module AutomationWorker (494)
[2017.10.14-13.44.34:485][  9]LogModuleManager: Shutting down and abandoning module MatineeToLevelSequence (492)
[2017.10.14-13.44.34:485][  9]LogModuleManager: Shutting down and abandoning module LevelSequenceEditor (490)
[2017.10.14-13.44.34:505][  9]LogModuleManager: Shutting down and abandoning module PlacementMode (489)
[2017.10.14-13.44.34:506][  9]LogModuleManager: Shutting down and abandoning module WmfMediaFactory (486)
[2017.10.14-13.44.34:506][  9]LogModuleManager: Shutting down and abandoning module WmfMediaEditor (484)
[2017.10.14-13.44.34:506][  9]LogModuleManager: Shutting down and abandoning module AvfMediaFactory (482)
[2017.10.14-13.44.34:506][  9]LogModuleManager: Shutting down and abandoning module AvfMediaEditor (480)
[2017.10.14-13.44.34:506][  9]LogModuleManager: Shutting down and abandoning module AndroidMediaFactory (478)
[2017.10.14-13.44.34:506][  9]LogModuleManager: Shutting down and abandoning module Media (477)
[2017.10.14-13.44.34:506][  9]LogModuleManager: Shutting down and abandoning module AndroidMediaEditor (474)
[2017.10.14-13.44.34:507][  9]LogModuleManager: Shutting down and abandoning module CharacterAI (472)
[2017.10.14-13.44.34:507][  9]LogModuleManager: Shutting down and abandoning module AudioCapture (470)
[2017.10.14-13.44.34:507][  9]LogModuleManager: Shutting down and abandoning module SequenceRecorder (469)
[2017.10.14-13.44.34:507][  9]LogModuleManager: Shutting down and abandoning module SmartSnapping (466)
[2017.10.14-13.44.34:507][  9]LogModuleManager: Shutting down and abandoning module SessionServices (464)
[2017.10.14-13.44.34:507][  9]LogModuleManager: Shutting down and abandoning module ViewportSnapping (462)
[2017.10.14-13.44.34:507][  9]LogModuleManager: Shutting down and abandoning module ViewportInteraction (460)
[2017.10.14-13.44.34:507][  9]LogModuleManager: Shutting down and abandoning module ClothPainter (458)
[2017.10.14-13.44.34:526][  9]LogModuleManager: Shutting down and abandoning module LogVisualizer (456)
[2017.10.14-13.44.34:526][  9]LogModuleManager: Shutting down and abandoning module IntroTutorials (454)
[2017.10.14-13.44.34:527][  9]LogModuleManager: Shutting down and abandoning module GameProjectGeneration (453)
[2017.10.14-13.44.34:579][  9]LogModuleManager: Shutting down and abandoning module IOSPlatformEditor (450)
[2017.10.14-13.44.34:580][  9]LogModuleManager: Shutting down and abandoning module HTML5PlatformEditor (448)
[2017.10.14-13.44.34:580][  9]LogModuleManager: Shutting down and abandoning module AndroidPlatformEditor (446)
[2017.10.14-13.44.34:580][  9]LogModuleManager: Shutting down and abandoning module AndroidDeviceDetection (445)
[2017.10.14-13.44.34:710][  9]LogModuleManager: Shutting down and abandoning module WindowsPlatformEditor (442)
[2017.10.14-13.44.34:710][  9]LogModuleManager: Shutting down and abandoning module IOSRuntimeSettings (440)
[2017.10.14-13.44.34:711][  9]LogModuleManager: Shutting down and abandoning module AndroidRuntimeSettings (438)
[2017.10.14-13.44.34:711][  9]LogModuleManager: Shutting down and abandoning module InputBindingEditor (436)
[2017.10.14-13.44.34:731][  9]LogModuleManager: Shutting down and abandoning module MergeActors (434)
[2017.10.14-13.44.34:752][  9]LogModuleManager: Shutting down and abandoning module SizeMap (432)
[2017.10.14-13.44.34:752][  9]LogModuleManager: Shutting down and abandoning module TreeMap (430)
[2017.10.14-13.44.34:753][  9]LogModuleManager: Shutting down and abandoning module ReferenceViewer (428)
[2017.10.14-13.44.34:753][  9]LogModuleManager: Shutting down and abandoning module LocalizationDashboard (426)
[2017.10.14-13.44.34:762][  9]LogModuleManager: Shutting down and abandoning module LocalizationService (425)
[2017.10.14-13.44.34:762][  9]LogModuleManager: Shutting down and abandoning module HardwareTargeting (422)
[2017.10.14-13.44.34:762][  9]LogModuleManager: Shutting down and abandoning module DeviceProfileEditor (420)
[2017.10.14-13.44.34:762][  9]LogModuleManager: Shutting down and abandoning module UndoHistory (418)
[2017.10.14-13.44.34:762][  9]LogModuleManager: Shutting down and abandoning module XmlParser (416)
[2017.10.14-13.44.34:762][  9]LogModuleManager: Shutting down and abandoning module Blutility (414)
[2017.10.14-13.44.34:762][  9]LogModuleManager: Shutting down and abandoning module ProjectSettingsViewer (412)
[2017.10.14-13.44.34:763][  9]LogModuleManager: Shutting down and abandoning module ProjectTargetPlatformEditor (411)
[2017.10.14-13.44.34:763][  9]LogModuleManager: Shutting down and abandoning module EditorSettingsViewer (408)
[2017.10.14-13.44.34:763][  9]LogModuleManager: Shutting down and abandoning module SettingsEditor (406)
[2017.10.14-13.44.34:782][  9]LogModuleManager: Shutting down and abandoning module ProjectLauncher (404)
[2017.10.14-13.44.34:804][  9]LogModuleManager: Shutting down and abandoning module SessionFrontend (402)
[2017.10.14-13.44.34:804][  9]LogModuleManager: Shutting down and abandoning module ProfilerClient (400)
[2017.10.14-13.44.34:829][  9]LogModuleManager: Shutting down and abandoning module DeviceManager (398)
[2017.10.14-13.44.34:829][  9]LogModuleManager: Shutting down and abandoning module TargetDeviceServices (397)
[2017.10.14-13.44.34:905][  9]LogModuleManager: Shutting down and abandoning module AutomationController (394)
[2017.10.14-13.44.34:905][  9]LogModuleManager: Shutting down and abandoning module AutomationWindow (392)
[2017.10.14-13.44.34:957][  9]LogModuleManager: Shutting down and abandoning module Layers (390)
[2017.10.14-13.44.35:007][  9]LogModuleManager: Shutting down and abandoning module ComponentVisualizers (388)
[2017.10.14-13.44.35:008][  9]LogModuleManager: Shutting down and abandoning module DetailCustomizations (386)
[2017.10.14-13.44.35:026][  9]LogModuleManager: Shutting down and abandoning module PackagesDialog (384)
[2017.10.14-13.44.35:035][  9]LogModuleManager: Shutting down and abandoning module Persona (382)
[2017.10.14-13.44.35:060][  9]LogModuleManager: Shutting down and abandoning module AdvancedPreviewScene (381)
[2017.10.14-13.44.35:060][  9]LogModuleManager: Shutting down and abandoning module AnimGraph (379)
[2017.10.14-13.44.35:060][  9]LogModuleManager: Shutting down and abandoning module Kismet (376)
[2017.10.14-13.44.35:066][  9]LogModuleManager: Shutting down and abandoning module ClassViewer (374)
[2017.10.14-13.44.35:067][  9]LogModuleManager: Shutting down and abandoning module Toolbox (372)
[2017.10.14-13.44.35:067][  9]LogModuleManager: Shutting down and abandoning module ModuleUI (370)
[2017.10.14-13.44.35:084][  9]LogModuleManager: Shutting down and abandoning module MovieSceneTools (368)
[2017.10.14-13.44.35:105][  9]LogModuleManager: Shutting down and abandoning module OutputLog (366)
[2017.10.14-13.44.35:105][  9]LogModuleManager: Shutting down and abandoning module GammaUI (364)
[2017.10.14-13.44.35:114][  9]LogModuleManager: Shutting down and abandoning module Documentation (362)
[2017.10.14-13.44.35:115][  9]LogModuleManager: Shutting down and abandoning module MovieSceneTracks (360)
[2017.10.14-13.44.35:115][  9]LogModuleManager: Shutting down and abandoning module MovieScene (358)
[2017.10.14-13.44.35:116][  9]LogModuleManager: Shutting down and abandoning module Niagara (356)
[2017.10.14-13.44.35:116][  9]LogModuleManager: Shutting down and abandoning module NiagaraEditor (355)
[2017.10.14-13.44.35:129][  9]LogModuleManager: Shutting down and abandoning module StreamingPauseRendering (352)
[2017.10.14-13.44.35:130][  9]LogModuleManager: Shutting down and abandoning module LauncherPlatform (350)
[2017.10.14-13.44.35:130][  9]LogModuleManager: Shutting down and abandoning module AnalyticsET (348)
[2017.10.14-13.44.35:130][  9]LogModuleManager: Shutting down and abandoning module PortalServices (346)
[2017.10.14-13.44.35:130][  9]LogModuleManager: Shutting down and abandoning module PortalRpc (344)
[2017.10.14-13.44.35:130][  9]LogModuleManager: Shutting down and abandoning module MessagingRpc (342)
[2017.10.14-13.44.35:130][  9]LogModuleManager: Shutting down and abandoning module AIModule (340)
[2017.10.14-13.44.35:130][  9]LogModuleManager: Shutting down and abandoning module GameplayDebugger (339)
[2017.10.14-13.44.35:130][  9]LogModuleManager: Shutting down and abandoning module AITestSuite (337)
[2017.10.14-13.44.35:131][  9]LogModuleManager: Shutting down and abandoning module ProfilerService (334)
[2017.10.14-13.44.35:217][  9]LogModuleManager: Shutting down and abandoning module TaskGraph (332)
[2017.10.14-13.44.35:229][  9]LogModuleManager: Shutting down and abandoning module SteamVRController (330)
[2017.10.14-13.44.35:229][  9]LogModuleManager: Shutting down and abandoning module ProceduralMeshComponentEditor (328)
[2017.10.14-13.44.35:229][  9]LogModuleManager: Shutting down and abandoning module ProceduralMeshComponent (326)
[2017.10.14-13.44.35:229][  9]LogModuleManager: Shutting down and abandoning module OculusInput (324)
[2017.10.14-13.44.35:229][  9]LogModuleManager: Shutting down and abandoning module MobilePatchingUtils (322)
[2017.10.14-13.44.35:229][  9]LogModuleManager: Shutting down and abandoning module CustomMeshComponent (320)
[2017.10.14-13.44.35:229][  9]LogModuleManager: Shutting down and abandoning module CableComponent (318)
[2017.10.14-13.44.35:230][  9]LogModuleManager: Shutting down and abandoning module ArchVisCharacter (316)
[2017.10.14-13.44.35:230][  9]LogModuleManager: Shutting down and abandoning module AndroidPermission (314)
[2017.10.14-13.44.35:231][  9]LogModuleManager: Shutting down and abandoning module MediaPlayerEditor (310)
[2017.10.14-13.44.35:248][  9]LogModuleManager: Shutting down and abandoning module HTML5Networking (308)
[2017.10.14-13.44.35:248][  9]LogModuleManager: Shutting down and abandoning module AlembicImporter (306)
[2017.10.14-13.44.35:262][  9]LogModuleManager: Shutting down and abandoning module AlembicLibrary (305)
[2017.10.14-13.44.35:262][  9]LogModuleManager: Shutting down and abandoning module GeometryCache (304)
[2017.10.14-13.44.35:263][  9]LogModuleManager: Shutting down and abandoning module GeometryCacheEd (303)
[2017.10.14-13.44.35:263][  9]LogModuleManager: Shutting down and abandoning module SpeedTreeImporter (298)
[2017.10.14-13.44.35:263][  9]LogModuleManager: Shutting down and abandoning module PluginBrowser (296)
[2017.10.14-13.44.35:278][  9]LogModuleManager: Shutting down and abandoning module MobileLauncherProfileWizard (294)
[2017.10.14-13.44.35:302][  9]LogModuleManager: Shutting down and abandoning module VisualStudioSourceCodeAccess (292)
[2017.10.14-13.44.35:303][  9]LogModuleManager: Shutting down and abandoning module DesktopPlatform (291)
[2017.10.14-13.44.35:303][  9]LogModuleManager: Shutting down and abandoning module UObjectPlugin (288)
[2017.10.14-13.44.35:303][  9]LogModuleManager: Shutting down and abandoning module SubversionSourceControl (286)
[2017.10.14-13.44.35:303][  9]LogModuleManager: Shutting down and abandoning module PerforceSourceControl (284)
[2017.10.14-13.44.35:303][  9]LogModuleManager: Shutting down and abandoning module GitSourceControl (282)
[2017.10.14-13.44.35:303][  9]LogModuleManager: Shutting down and abandoning module SourceControl (281)
[2017.10.14-13.44.35:316][  9]LogModuleManager: Shutting down and abandoning module LightPropagationVolumeEditor (278)
[2017.10.14-13.44.35:316][  9]LogModuleManager: Shutting down and abandoning module PaperTiledImporter (276)
[2017.10.14-13.44.35:316][  9]LogModuleManager: Shutting down and abandoning module PaperSpriteSheetImporter (274)
[2017.10.14-13.44.35:316][  9]LogModuleManager: Shutting down and abandoning module Paper2DEditor (272)
[2017.10.14-13.44.35:317][  9]LogModuleManager: Shutting down and abandoning module MeshPaint (271)
[2017.10.14-13.44.35:317][  9]LogModuleManager: Shutting down and abandoning module LevelEditor (269)
[2017.10.14-13.44.35:320][  9]LogModuleManager: Shutting down and abandoning module PixelInspectorModule (268)
[2017.10.14-13.44.35:322][  9]LogModuleManager: Shutting down and abandoning module MainFrame (266)
[2017.10.14-13.44.35:323][  9]LogModuleManager: Shutting down and abandoning module HotReload (265)
[2017.10.14-13.44.35:328][  9]LogModuleManager: Shutting down and abandoning module RuntimePhysXCooking (260)
[2017.10.14-13.44.35:328][  9]LogModuleManager: Shutting down and abandoning module PhysXVehiclesEditor (258)
[2017.10.14-13.44.35:329][  9]LogModuleManager: Shutting down and abandoning module PhysXVehicles (256)
[2017.10.14-13.44.35:329][  9]LogModuleManager: Shutting down and abandoning module OculusEditor (254)
[2017.10.14-13.44.35:329][  9]LogModuleManager: Shutting down and abandoning module LocationServicesBPLibrary (252)
[2017.10.14-13.44.35:329][  9]LogModuleManager: Shutting down and abandoning module ImmediatePhysicsEditor (250)
[2017.10.14-13.44.35:329][  9]LogModuleManager: Shutting down and abandoning module ImmediatePhysics (248)
[2017.10.14-13.44.35:329][  9]LogModuleManager: Shutting down and abandoning module UdpMessaging (246)
[2017.10.14-13.44.35:430][  9]LogModuleManager: Shutting down and abandoning module TcpMessaging (244)
[2017.10.14-13.44.35:531][  9]LogModuleManager: Shutting down and abandoning module GameplayTagsEditor (242)
[2017.10.14-13.44.35:549][  9]LogModuleManager: Shutting down and abandoning module FacialAnimationEditor (240)
[2017.10.14-13.44.35:549][  9]LogModuleManager: Shutting down and abandoning module FacialAnimation (238)
[2017.10.14-13.44.35:549][  9]LogModuleManager: Shutting down and abandoning module AssetManagerEditor (236)
[2017.10.14-13.44.35:549][  9]LogModuleManager: Shutting down and abandoning module GraphEditor (235)
[2017.10.14-13.44.35:584][  9]LogModuleManager: Shutting down and abandoning module ContentBrowser (233)
[2017.10.14-13.44.35:588][  9]LogModuleManager: Shutting down and abandoning module LightPropagationVolumeRuntime (230)
[2017.10.14-13.44.35:588][  9]LogModuleManager: Shutting down and abandoning module Paper2D (228)
[2017.10.14-13.44.35:588][  9]LogModuleManager: Shutting down and abandoning module WindowsMoviePlayer (226)
[2017.10.14-13.44.35:589][  9]LogModuleManager: Shutting down and abandoning module WmfMedia (224)
[2017.10.14-13.44.35:590][  9]LogModuleManager: Shutting down and abandoning module PacketHandler (222)
[2017.10.14-13.44.35:590][  9]LogModuleManager: Shutting down and abandoning module ClothingSystemEditor (220)
[2017.10.14-13.44.35:591][  9]LogModuleManager: Shutting down and abandoning module ClothingSystemRuntime (218)
[2017.10.14-13.44.35:650][  9]LogModuleManager: Shutting down and abandoning module Overlay (216)
[2017.10.14-13.44.35:650][  9]LogModuleManager: Shutting down and abandoning module OverlayEditor (215)
[2017.10.14-13.44.35:650][  9]LogModuleManager: Shutting down and abandoning module MediaAssets (212)
[2017.10.14-13.44.35:650][  9]LogModuleManager: Shutting down and abandoning module VREditor (210)
[2017.10.14-13.44.35:668][  9]LogModuleManager: Shutting down and abandoning module StringTableEditor (208)
[2017.10.14-13.44.35:669][  9]LogModuleManager: Shutting down and abandoning module GameplayTasksEditor (206)
[2017.10.14-13.44.35:669][  9]LogModuleManager: Shutting down and abandoning module BehaviorTreeEditor (204)
[2017.10.14-13.44.35:693][  9]LogModuleManager: Shutting down and abandoning module FunctionalTesting (202)
[2017.10.14-13.44.35:694][  9]LogModuleManager: Shutting down and abandoning module CollisionAnalyzer (200)
[2017.10.14-13.44.35:694][  9]LogModuleManager: Shutting down and abandoning module WorkspaceMenuStructure (199)
[2017.10.14-13.44.35:694][  9]LogModuleManager: Shutting down and abandoning module UMG (196)
[2017.10.14-13.44.35:704][  9]LogModuleManager: Shutting down and abandoning module UMGEditor (195)
[2017.10.14-13.44.35:719][  9]LogModuleManager: Shutting down and abandoning module Sequencer (194)
[2017.10.14-13.44.35:740][  9]LogModuleManager: Shutting down and abandoning module MessageLog (191)
[2017.10.14-13.44.35:740][  9]LogModuleManager: Shutting down and abandoning module SlateReflector (186)
[2017.10.14-13.44.35:757][  9]LogModuleManager: Shutting down and abandoning module Slate (184)
[2017.10.14-13.44.35:757][  9]LogModuleManager: Shutting down and abandoning module EditorStyle (182)
[2017.10.14-13.44.35:773][  9]LogModuleManager: Shutting down and abandoning module MRMesh (180)
[2017.10.14-13.44.35:773][  9]LogModuleManager: Shutting down and abandoning module SourceCodeAccess (178)
[2017.10.14-13.44.35:773][  9]LogModuleManager: Shutting down and abandoning module HeadMountedDisplay (176)
[2017.10.14-13.44.35:773][  9]LogModuleManager: Shutting down and abandoning module XAudio2 (174)
[2017.10.14-13.44.35:773][  9]LogModuleManager: Shutting down and abandoning module Networking (172)
[2017.10.14-13.44.35:773][  9]LogModuleManager: Shutting down and abandoning module Core (168)
[2017.10.14-13.44.35:773][  9]LogModuleManager: Shutting down and abandoning module KismetCompiler (164)
[2017.10.14-13.44.35:773][  9]LogModuleManager: Shutting down and abandoning module LevelSequence (162)
[2017.10.14-13.44.35:773][  9]LogModuleManager: Shutting down and abandoning module MeshUtilities (160)
[2017.10.14-13.44.35:790][  9]LogModuleManager: Shutting down and abandoning module MeshMergeUtilities (159)
[2017.10.14-13.44.35:797][  9]LogModuleManager: Shutting down and abandoning module MeshReductionInterface (158)
[2017.10.14-13.44.35:797][  9]LogModuleManager: Shutting down and abandoning module SimplygonSwarm (157)
[2017.10.14-13.44.35:812][  9]LogModuleManager: Shutting down and abandoning module SimplygonMeshReduction (155)
[2017.10.14-13.44.35:812][  9]LogModuleManager: Shutting down and abandoning module QuadricMeshReduction (153)
[2017.10.14-13.44.35:812][  9]LogModuleManager: Shutting down and abandoning module MaterialBaking (149)
[2017.10.14-13.44.35:812][  9]LogModuleManager: Shutting down and abandoning module DirectoryWatcher (146)
[2017.10.14-13.44.35:815][  9]LogModuleManager: Shutting down and abandoning module DerivedDataCache (144)
[2017.10.14-13.44.35:834][  9]LogDerivedDataCache: Shutdown
[2017.10.14-13.44.35:834][  9]LogModuleManager: Shutting down and abandoning module TargetPlatform (142)
[2017.10.14-13.44.35:835][  9]LogModuleManager: Shutting down and abandoning module VulkanShaderFormat (141)
[2017.10.14-13.44.35:835][  9]LogModuleManager: Shutting down and abandoning module ShaderFormatVectorVM (139)
[2017.10.14-13.44.35:846][  9]LogModuleManager: Shutting down and abandoning module ShaderFormatOpenGL (137)
[2017.10.14-13.44.35:858][  9]LogModuleManager: Shutting down and abandoning module ShaderFormatD3D (135)
[2017.10.14-13.44.35:858][  9]LogModuleManager: Shutting down and abandoning module MetalShaderFormat (133)
[2017.10.14-13.44.35:872][  9]LogModuleManager: Shutting down and abandoning module TextureFormatUncompressed (131)
[2017.10.14-13.44.35:872][  9]LogModuleManager: Shutting down and abandoning module TextureFormatPVR (129)
[2017.10.14-13.44.35:872][  9]LogModuleManager: Shutting down and abandoning module TextureFormatDXT (127)
[2017.10.14-13.44.35:872][  9]LogModuleManager: Shutting down and abandoning module TextureFormatIntelISPCTexComp (125)
[2017.10.14-13.44.35:872][  9]LogModuleManager: Shutting down and abandoning module TextureFormatASTC (123)
[2017.10.14-13.44.35:872][  9]LogModuleManager: Shutting down and abandoning module ImageWrapper (122)
[2017.10.14-13.44.35:872][  9]LogModuleManager: Shutting down and abandoning module TextureFormatAndroid (119)
[2017.10.14-13.44.35:872][  9]LogModuleManager: Shutting down and abandoning module AudioFormatOpus (117)
[2017.10.14-13.44.35:873][  9]LogModuleManager: Shutting down and abandoning module AudioFormatOgg (115)
[2017.10.14-13.44.35:873][  9]LogModuleManager: Shutting down and abandoning module AudioFormatADPCM (113)
[2017.10.14-13.44.35:873][  9]LogModuleManager: Shutting down and abandoning module LinuxTargetPlatform (111)
[2017.10.14-13.44.35:873][  9]LogModuleManager: Shutting down and abandoning module LinuxServerTargetPlatform (109)
[2017.10.14-13.44.35:873][  9]LogModuleManager: Shutting down and abandoning module LinuxNoEditorTargetPlatform (107)
[2017.10.14-13.44.35:873][  9]LogModuleManager: Shutting down and abandoning module LinuxClientTargetPlatform (105)
[2017.10.14-13.44.35:873][  9]LogModuleManager: Shutting down and abandoning module TVOSTargetPlatform (103)
[2017.10.14-13.44.35:873][  9]LogModuleManager: Shutting down and abandoning module Messaging (101)
[2017.10.14-13.44.35:873][  9]LogModuleManager: Shutting down and abandoning module IOSTargetPlatform (99)
[2017.10.14-13.44.35:873][  9]LogModuleManager: Shutting down and abandoning module HTML5TargetPlatform (97)
[2017.10.14-13.44.35:873][  9]LogModuleManager: Shutting down and abandoning module Android_PVRTCTargetPlatform (95)
[2017.10.14-13.44.35:873][  9]LogModuleManager: Shutting down and abandoning module Android_MultiTargetPlatform (93)
[2017.10.14-13.44.35:873][  9]LogModuleManager: Shutting down and abandoning module Android_ETC2TargetPlatform (91)
[2017.10.14-13.44.35:873][  9]LogModuleManager: Shutting down and abandoning module Android_ETC1TargetPlatform (89)
[2017.10.14-13.44.35:873][  9]LogModuleManager: Shutting down and abandoning module Android_DXTTargetPlatform (87)
[2017.10.14-13.44.35:873][  9]LogModuleManager: Shutting down and abandoning module Android_ATCTargetPlatform (85)
[2017.10.14-13.44.35:873][  9]LogModuleManager: Shutting down and abandoning module Android_ASTCTargetPlatform (83)
[2017.10.14-13.44.35:873][  9]LogModuleManager: Shutting down and abandoning module AndroidTargetPlatform (81)
[2017.10.14-13.44.35:873][  9]LogModuleManager: Shutting down and abandoning module WindowsTargetPlatform (79)
[2017.10.14-13.44.35:873][  9]LogModuleManager: Shutting down and abandoning module WindowsServerTargetPlatform (77)
[2017.10.14-13.44.35:873][  9]LogModuleManager: Shutting down and abandoning module WindowsNoEditorTargetPlatform (75)
[2017.10.14-13.44.35:873][  9]LogModuleManager: Shutting down and abandoning module WindowsClientTargetPlatform (73)
[2017.10.14-13.44.35:873][  9]LogModuleManager: Shutting down and abandoning module MacTargetPlatform (71)
[2017.10.14-13.44.35:873][  9]LogModuleManager: Shutting down and abandoning module MacServerTargetPlatform (69)
[2017.10.14-13.44.35:873][  9]LogModuleManager: Shutting down and abandoning module MacNoEditorTargetPlatform (67)
[2017.10.14-13.44.35:873][  9]LogModuleManager: Shutting down and abandoning module MacClientTargetPlatform (65)
[2017.10.14-13.44.35:873][  9]LogModuleManager: Shutting down and abandoning module AllDesktopTargetPlatform (63)
[2017.10.14-13.44.35:873][  9]LogModuleManager: Shutting down and abandoning module InputCore (60)
[2017.10.14-13.44.35:873][  9]LogModuleManager: Shutting down and abandoning module Settings (58)
[2017.10.14-13.44.35:874][  9]LogModuleManager: Shutting down and abandoning module PhysXCooking (56)
[2017.10.14-13.44.35:874][  9]LogModuleManager: Shutting down and abandoning module SteamVR (54)
[2017.10.14-13.44.35:874][  9]LogModuleManager: Shutting down and abandoning module OculusHMD (52)
[2017.10.14-13.44.35:874][  9]LogModuleManager: Shutting down and abandoning module ExampleDeviceProfileSelector (50)
[2017.10.14-13.44.35:874][  9]LogModuleManager: Shutting down and abandoning module OnlineBlueprintSupport (48)
[2017.10.14-13.44.35:874][  9]LogModuleManager: Shutting down and abandoning module OnlineSubsystem (44)
[2017.10.14-13.44.35:874][  9]LogOnline: Display: Unloading online subsystem: NULL
[2017.10.14-13.44.35:902][  9]LogModuleManager: Shutting down and abandoning module XMPP (43)
[2017.10.14-13.44.35:911][  9]LogModuleManager: Shutting down and abandoning module HTTP (41)
[2017.10.14-13.44.35:912][  9]LogHttp: Display: Http module shutting down, but needs to wait on 1 outstanding Http requests:
[2017.10.14-13.44.35:912][  9]LogHttp: Display: 	verb=[POST] url=[https://datarouter.ol.epicgames.com/datarouter/api/v1/public/data?SessionID=%7B378552DB-4368-FBA2-24A5-7EB497316B3C%7D&AppID=UEEditor.Rocket.Release&AppVersion=4.17.1-3586342%2B%2B%2BUE4%2BRelease-4.17&UserID=3691cf284ca1f1681c3051979cb06f41%7C88057b4134714c0f98d798880975d3e9%7C75c10d2f-5615-4ca6-9c94-8a26968e32be&AppEnvironment=datacollector-binary&UploadType=eteventstream] status=Processing
[2017.10.14-13.44.35:912][  9]LogHttp: Display: Sleeping 0.5s to wait for 1 outstanding Http requests.
[2017.10.14-13.44.36:412][  9]LogHttp: Display: Sleeping 0.5s to wait for 1 outstanding Http requests.
[2017.10.14-13.44.36:913][  9]LogHttp: Display: Sleeping 0.5s to wait for 1 outstanding Http requests.
[2017.10.14-13.44.37:414][  9]LogHttp: Display: Sleeping 0.5s to wait for 1 outstanding Http requests.
[2017.10.14-13.44.37:914][  9]LogHttp: Display: Sleeping 0.5s to wait for 1 outstanding Http requests.
[2017.10.14-13.44.38:418][  9]LogHttp: Display: Sleeping 0.5s to wait for 1 outstanding Http requests.
[2017.10.14-13.44.38:918][  9]LogHttp: Display: Sleeping 0.5s to wait for 1 outstanding Http requests.
[2017.10.14-13.44.39:419][  9]LogHttp: Display: Sleeping 0.5s to wait for 1 outstanding Http requests.
[2017.10.14-13.44.39:920][  9]LogHttp: Display: Sleeping 0.5s to wait for 1 outstanding Http requests.
[2017.10.14-13.44.40:420][  9]LogHttp: Display: Sleeping 0.5s to wait for 1 outstanding Http requests.
[2017.10.14-13.44.40:924][  9]LogHttp: Display: Sleeping 0.5s to wait for 1 outstanding Http requests.
[2017.10.14-13.44.41:428][  9]LogHttp: Display: Sleeping 0.5s to wait for 1 outstanding Http requests.
[2017.10.14-13.44.41:928][  9]LogHttp: Display: Sleeping 0.5s to wait for 1 outstanding Http requests.
[2017.10.14-13.44.42:429][  9]LogHttp: Display: Sleeping 0.5s to wait for 1 outstanding Http requests.
[2017.10.14-13.44.42:934][  9]LogHttp: Display: Sleeping 0.5s to wait for 1 outstanding Http requests.
[2017.10.14-13.44.43:435][  9]LogHttp: Display: Sleeping 0.5s to wait for 1 outstanding Http requests.
[2017.10.14-13.44.43:939][  9]LogHttp: Display: Sleeping 0.5s to wait for 1 outstanding Http requests.
[2017.10.14-13.44.44:447][  9]LogHttp: Display: Sleeping 0.5s to wait for 1 outstanding Http requests.
[2017.10.14-13.44.44:948][  9]LogHttp: Display: Sleeping 0.5s to wait for 1 outstanding Http requests.
[2017.10.14-13.44.45:449][  9]LogHttp: Display: Sleeping 0.5s to wait for 1 outstanding Http requests.
[2017.10.14-13.44.45:953][  9]LogHttp: Display: Sleeping 0.5s to wait for 1 outstanding Http requests.
[2017.10.14-13.44.46:453][  9]LogHttp: Display: Sleeping 0.5s to wait for 1 outstanding Http requests.
[2017.10.14-13.44.46:957][  9]LogHttp: Display: Sleeping 0.5s to wait for 1 outstanding Http requests.
[2017.10.14-13.44.47:460][  9]LogHttp: Display: Sleeping 0.5s to wait for 1 outstanding Http requests.
[2017.10.14-13.44.47:967][  9]LogHttp: Display: Sleeping 0.5s to wait for 1 outstanding Http requests.
[2017.10.14-13.44.48:475][  9]LogHttp: Display: Sleeping 0.5s to wait for 1 outstanding Http requests.
[2017.10.14-13.44.48:978][  9]LogHttp: Display: Sleeping 0.5s to wait for 1 outstanding Http requests.
[2017.10.14-13.44.49:556][  9]LogHttp: Display: Sleeping 0.5s to wait for 1 outstanding Http requests.
[2017.10.14-13.44.50:057][  9]LogHttp: Display: Sleeping 0.5s to wait for 1 outstanding Http requests.
[2017.10.14-13.44.50:558][  9]LogHttp: Display: Sleeping 0.5s to wait for 1 outstanding Http requests.
[2017.10.14-13.44.51:096][  9]LogModuleManager: Shutting down and abandoning module SSL (40)
[2017.10.14-13.44.51:103][  9]LogModuleManager: Shutting down and abandoning module AnimationModifiers (36)
[2017.10.14-13.44.51:103][  9]LogModuleManager: Shutting down and abandoning module PropertyEditor (35)
[2017.10.14-13.44.51:103][  9]LogModuleManager: Shutting down and abandoning module AudioEditor (32)
[2017.10.14-13.44.51:107][  9]LogModuleManager: Shutting down and abandoning module TextureCompressor (30)
[2017.10.14-13.44.51:107][  9]LogModuleManager: Shutting down and abandoning module ShaderCore (28)
[2017.10.14-13.44.51:107][  9]LogModuleManager: Shutting down and abandoning module Landscape (26)
[2017.10.14-13.44.51:107][  9]LogModuleManager: Shutting down and abandoning module SlateRHIRenderer (24)
[2017.10.14-13.44.51:125][  9]LogModuleManager: Shutting down and abandoning module OpenGLDrv (22)
[2017.10.14-13.44.51:136][  9]LogModuleManager: Shutting down and abandoning module D3D11RHI (20)
[2017.10.14-13.44.51:136][  9]LogModuleManager: Shutting down and abandoning module AnimGraphRuntime (18)
[2017.10.14-13.44.51:136][  9]LogModuleManager: Shutting down and abandoning module Renderer (16)
[2017.10.14-13.44.51:136][  9]LogModuleManager: Shutting down and abandoning module Engine (14)
[2017.10.14-13.44.51:136][  9]LogModuleManager: Shutting down and abandoning module CoreUObject (12)
[2017.10.14-13.44.51:136][  9]LogModuleManager: Shutting down and abandoning module NetworkFile (10)
[2017.10.14-13.44.51:136][  9]LogModuleManager: Shutting down and abandoning module CookedIterativeFile (8)
[2017.10.14-13.44.51:136][  9]LogModuleManager: Shutting down and abandoning module StreamingFile (6)
[2017.10.14-13.44.51:137][  9]LogModuleManager: Shutting down and abandoning module SandboxFile (4)
[2017.10.14-13.44.51:137][  9]LogModuleManager: Shutting down and abandoning module PakFile (2)
[2017.10.14-13.44.51:163][  9]LogExit: Exiting.
[2017.10.14-13.44.51:260][  9]Log file closed, 10/14/17 09:44:51
