Log file open, 11/28/17 17:10:54
LogWindows: LoadLibraryWithSearchPaths failed for file aqProf.dll. GetLastError=0
LogWindows: LoadLibraryWithSearchPaths failed for file VSPerf140.dll. GetLastError=0
LogWindows: LoadLibraryWithSearchPaths failed for file VtuneApi.dll. GetLastError=0
LogWindows: LoadLibraryWithSearchPaths failed for file VtuneApi32e.dll. GetLastError=0
LogInit: Display: Running engine for game: InfiniteJumperMF
LogPlatformFile: Not using cached read wrapper
LogInit: Display: RandInit(1670624914) SRandInit(1670624914).
LogTaskGraph: Started task graph with 5 named threads and 8 total threads with 3 sets of task threads.
LogStats: Stats thread started at 0.130295
LogD3D11RHI: Aftermath initialized
LogPluginManager: Mounting plugin Paper2D
LogPluginManager: Mounting plugin LightPropagationVolume
LogPluginManager: Mounting plugin CodeLiteSourceCodeAccess
LogPluginManager: Mounting plugin GitSourceControl
LogPluginManager: Mounting plugin KDevelopSourceCodeAccess
LogPluginManager: Mounting plugin NullSourceCodeAccess
LogPluginManager: Mounting plugin PerforceSourceControl
LogPluginManager: Mounting plugin SubversionSourceControl
LogPluginManager: Mounting plugin UObjectPlugin
LogPluginManager: Mounting plugin VisualStudioSourceCodeAccess
LogPluginManager: Mounting plugin XCodeSourceCodeAccess
LogPluginManager: Mounting plugin AssetManagerEditor
LogPluginManager: Mounting plugin AudioCapture
LogPluginManager: Mounting plugin FacialAnimation
LogPluginManager: Mounting plugin GameplayTagsEditor
LogPluginManager: Mounting plugin MobileLauncherProfileWizard
LogPluginManager: Mounting plugin PluginBrowser
LogPluginManager: Mounting plugin SpeedTreeImporter
LogPluginManager: Mounting plugin AlembicImporter
LogPluginManager: Mounting plugin CharacterAI
LogPluginManager: Mounting plugin HTML5Networking
LogPluginManager: Mounting plugin AndroidMedia
LogPluginManager: Mounting plugin AvfMedia
LogPluginManager: Mounting plugin MediaPlayerEditor
LogPluginManager: Mounting plugin WmfMedia
LogPluginManager: Mounting plugin TcpMessaging
LogPluginManager: Mounting plugin UdpMessaging
LogPluginManager: Mounting plugin LevelSequenceEditor
LogPluginManager: Mounting plugin MatineeToLevelSequence
LogPluginManager: Mounting plugin OnlineSubsystemGooglePlay
LogPluginManager: Mounting plugin OnlineSubsystemIOS
LogPluginManager: Mounting plugin OnlineSubsystem
LogPluginManager: Mounting plugin OnlineSubsystemNull
LogPluginManager: Mounting plugin OnlineSubsystemUtils
LogPluginManager: Mounting plugin AndroidDeviceProfileSelector
LogPluginManager: Mounting plugin AndroidMoviePlayer
LogPluginManager: Mounting plugin AndroidPermission
LogPluginManager: Mounting plugin AppleMoviePlayer
LogPluginManager: Mounting plugin ArchVisCharacter
LogPluginManager: Mounting plugin CableComponent
LogPluginManager: Mounting plugin CustomMeshComponent
LogPluginManager: Mounting plugin ExampleDeviceProfileSelector
LogPluginManager: Mounting plugin GoogleCloudMessaging
LogPluginManager: Mounting plugin ImmediatePhysics
LogPluginManager: Mounting plugin IOSDeviceProfileSelector
LogPluginManager: Mounting plugin LinuxDeviceProfileSelector
LogPluginManager: Mounting plugin LocationServicesBPLibrary
LogPluginManager: Mounting plugin MobilePatchingUtils
LogPluginManager: Mounting plugin OculusVR
LogPluginManager: Mounting plugin PhysXVehicles
LogPluginManager: Mounting plugin ProceduralMeshComponent
LogPluginManager: Mounting plugin RuntimePhysXCooking
LogPluginManager: Mounting plugin SteamVR
LogPluginManager: Mounting plugin WindowsMoviePlayer
LogInit: Using libcurl 7.47.1
LogInit:  - built for x86_64-pc-win32
LogInit:  - supports SSL with OpenSSL/1.0.2g
LogInit:  - supports HTTP deflate (compression) using libz 1.2.8
LogInit:  - other features:
LogInit:      CURL_VERSION_SSL
LogInit:      CURL_VERSION_LIBZ
LogInit:      CURL_VERSION_IPV6
LogInit:      CURL_VERSION_ASYNCHDNS
LogInit:      CURL_VERSION_LARGEFILE
LogInit:      CURL_VERSION_IDN
LogInit:  CurlRequestOptions (configurable via config and command line):
LogInit:  - bVerifyPeer = false  - Libcurl will NOT verify peer certificate
LogInit:  - bUseHttpProxy = false  - Libcurl will NOT use HTTP proxy
LogInit:  - bDontReuseConnections = false  - Libcurl will reuse connections
LogInit:  - CertBundlePath = nullptr  - Libcurl will use whatever was configured at build time.
LogInit: Build: ++UE4+Release-4.17-CL-3586342
LogInit: Engine Version: 4.17.1-3586342+++UE4+Release-4.17
LogInit: Compatible Engine Version: 4.17.0-3573198+++UE4+Release-4.17
LogInit: Net CL: 3573198
LogDevObjectVersion: Number of dev versions registered: 16
LogDevObjectVersion:   Dev-Blueprints (B0D832E4-1F89-4F0D-ACCF-7EB736FD4AA2): 10
LogDevObjectVersion:   Dev-Build (E1C64328-A22C-4D53-A36C-8E866417BD8C): 0
LogDevObjectVersion:   Dev-Core (375EC13C-06E4-48FB-B500-84F0262A717E): 2
LogDevObjectVersion:   Dev-Editor (E4B068ED-F494-42E9-A231-DA0B2E46BB41): 20
LogDevObjectVersion:   Dev-Framework (CFFC743F-43B0-4480-9391-14DF171D2073): 28
LogDevObjectVersion:   Dev-Mobile (B02B49B5-BB20-44E9-A304-32B752E40360): 0
LogDevObjectVersion:   Dev-Networking (A4E4105C-59A1-49B5-A7C5-40C4547EDFEE): 0
LogDevObjectVersion:   Dev-Online (39C831C9-5AE6-47DC-9A44-9C173E1C8E7C): 0
LogDevObjectVersion:   Dev-Physics (78F01B33-EBEA-4F98-B9B4-84EACCB95AA2): 0
LogDevObjectVersion:   Dev-Platform (6631380F-2D4D-43E0-8009-CF276956A95A): 0
LogDevObjectVersion:   Dev-Rendering (12F88B9F-8875-4AFC-A67C-D90C383ABD29): 19
LogDevObjectVersion:   Dev-Sequencer (7B5AE74C-D270-4C10-A958-57980B212A5A): 4
LogDevObjectVersion:   Dev-VR (D7296918-1DD6-4BDD-9DE2-64A83CC13884): 0
LogDevObjectVersion:   Dev-LoadTimes (C2A15278-BFE7-4AFE-6C17-90FF531DF755): 1
LogDevObjectVersion:   Private-Geometry (6EACA3D4-40EC-4CC1-B786-8BED09428FC5): 1
LogDevObjectVersion:   Dev-AnimPhys (29E575DD-E0A3-4627-9D10-D276232CDCEA): 7
LogInit: Compiled (64-bit): Aug 15 2017 02:05:26
LogInit: Compiled with Visual C++: 19.00.24215.01
LogInit: Build Configuration: Development
LogInit: Branch Name: ++UE4+Release-4.17
LogInit: Command line:  
LogInit: Base directory: C:/Program Files/Epic Games/UE_4.17/Engine/Binaries/Win64/
LogInit: Installed Engine Build: 1
LogInit: Presizing for max 8388607 objects, including 0 objects not considered by GC, pre-allocating 0 bytes for permanent pool.
LogInit: Object subsystem initialized
[2017.11.28-21.10.55:411][  0]LogInit: Selected Device Profile: [Windows]
[2017.11.28-21.10.55:411][  0]LogInit: Applying CVar settings loaded from the selected device profile: [Windows]
[2017.11.28-21.10.55:451][  0]LogInit: Computer: PANCHO-SUPERFIC
[2017.11.28-21.10.55:451][  0]LogInit: User: narej
[2017.11.28-21.10.55:451][  0]LogInit: CPU Page size=4096, Cores=2
[2017.11.28-21.10.55:451][  0]LogInit: High frequency timer resolution =2.742186 MHz
[2017.11.28-21.10.55:451][  0]LogMemory: Memory total: Physical=15.9GB (16GB approx)
[2017.11.28-21.10.55:452][  0]LogMemory: Platform Memory Stats for Windows
[2017.11.28-21.10.55:452][  0]LogMemory: Process Physical Memory: 277.63 MB used, 277.63 MB peak
[2017.11.28-21.10.55:452][  0]LogMemory: Process Virtual Memory: 275.78 MB used, 275.78 MB peak
[2017.11.28-21.10.55:452][  0]LogMemory: Physical Memory: 4276.85 MB used,  12033.27 MB free, 16310.11 MB total
[2017.11.28-21.10.55:452][  0]LogMemory: Virtual Memory: 700.04 MB used,  12033.27 MB free, 134217728.00 MB total
[2017.11.28-21.10.55:888][  0]LogInit: Using OS detected language (en-US).
[2017.11.28-21.10.55:888][  0]LogInit: Using OS detected locale (en-US).
[2017.11.28-21.10.55:955][  0]LogTextLocalizationManager: No specific localization for 'en-US' exists, so the 'en' localization will be used.
[2017.11.28-21.10.59:451][  0]LogD3D11RHI: D3D11 adapters:
[2017.11.28-21.10.59:501][  0]LogD3D11RHI:    0. 'NVIDIA GeForce GTX 965M' (Feature Level 11_0)
[2017.11.28-21.10.59:501][  0]LogD3D11RHI:       2018/0/8155 MB DedicatedVideo/DedicatedSystem/SharedSystem, Outputs:1, VendorId:0x10de
[2017.11.28-21.10.59:509][  0]LogD3D11RHI:    1. 'Intel(R) HD Graphics 520' (Feature Level 11_0)
[2017.11.28-21.10.59:509][  0]LogD3D11RHI:       128/0/8155 MB DedicatedVideo/DedicatedSystem/SharedSystem, Outputs:0, VendorId:0x8086
[2017.11.28-21.10.59:512][  0]LogD3D11RHI:    2. 'Microsoft Basic Render Driver' (Feature Level 11_0)
[2017.11.28-21.10.59:512][  0]LogD3D11RHI:       0/0/8155 MB DedicatedVideo/DedicatedSystem/SharedSystem, Outputs:0, VendorId:0x1414
[2017.11.28-21.10.59:512][  0]LogD3D11RHI: Chosen D3D11 Adapter: 0
[2017.11.28-21.10.59:521][  0]LogD3D11RHI: Creating new Direct3DDevice
[2017.11.28-21.10.59:521][  0]LogD3D11RHI:     GPU DeviceId: 0x1427 (for the marketing name, search the web for "GPU Device Id")
[2017.11.28-21.10.59:521][  0]LogWindows: EnumDisplayDevices:
[2017.11.28-21.10.59:521][  0]LogWindows:    0. 'Intel(R) HD Graphics 520' (P:1 D:1)
[2017.11.28-21.10.59:521][  0]LogWindows:    1. 'Intel(R) HD Graphics 520' (P:0 D:0)
[2017.11.28-21.10.59:521][  0]LogWindows:    2. 'Intel(R) HD Graphics 520' (P:0 D:0)
[2017.11.28-21.10.59:521][  0]LogWindows: DebugString: GetVideoDriverDetailsInvalid PrimaryIsNotTheChoosenAdapter GetVideoDriverDetailsInvalid PrimaryIsNotTheChoosenAdapter GetVideoDriverDetailsInvalid PrimaryIsNotTheChoosenAdapter FoundDriverCount:0 
[2017.11.28-21.10.59:521][  0]LogD3D11RHI:     Adapter Name: NVIDIA GeForce GTX 965M
[2017.11.28-21.10.59:521][  0]LogD3D11RHI:   Driver Version: Unknown (internal:Unknown, unified:Unknown)
[2017.11.28-21.10.59:521][  0]LogD3D11RHI:      Driver Date: Unknown
[2017.11.28-21.10.59:521][  0]LogRHI: Texture pool is 1361 MB (70% of 1945 MB)
[2017.11.28-21.10.59:545][  0]LogD3D11RHI: Async texture creation enabled
[2017.11.28-21.10.59:578][  0]LogD3D11RHI: GPU Timing Frequency: 1000.000000 (Debug: 2 1)
[2017.11.28-21.10.59:588][  0]LogShaderCompilers: Guid format shader working directory is -49 characters bigger than the processId version (../../../../../../Users/narej/OneDrive/Documents/Unreal Projects/InfiniteJumper - MF/JuegoRise/Intermediate/Shaders/WorkingDirectory/14208/).
[2017.11.28-21.10.59:589][  0]LogShaderCompilers: Cleaned the shader compiler working directory 'C:/Users/narej/AppData/Local/Temp/UnrealShaderWorkingDir/FC966F2B45AC8D2073AB0BACAEFA2F57/'.
[2017.11.28-21.10.59:589][  0]LogShaderCompilers: Display: Using Local Shader Compiler.
[2017.11.28-21.11.02:016][  0]LogTemp: Display: Loaded TP AllDesktopTargetPlatform
[2017.11.28-21.11.02:077][  0]LogTemp: Display: Loaded TP MacClientTargetPlatform
[2017.11.28-21.11.02:135][  0]LogTemp: Display: Loaded TP MacNoEditorTargetPlatform
[2017.11.28-21.11.02:187][  0]LogTemp: Display: Loaded TP MacServerTargetPlatform
[2017.11.28-21.11.02:250][  0]LogTemp: Display: Loaded TP MacTargetPlatform
[2017.11.28-21.11.02:303][  0]LogTemp: Display: Loaded TP WindowsClientTargetPlatform
[2017.11.28-21.11.02:356][  0]LogTemp: Display: Loaded TP WindowsNoEditorTargetPlatform
[2017.11.28-21.11.02:408][  0]LogTemp: Display: Loaded TP WindowsServerTargetPlatform
[2017.11.28-21.11.02:459][  0]LogTemp: Display: Loaded TP WindowsTargetPlatform
[2017.11.28-21.11.02:515][  0]LogTemp: Display: Loaded TP AndroidTargetPlatform
[2017.11.28-21.11.02:567][  0]LogTemp: Display: Loaded TP Android_ASTCTargetPlatform
[2017.11.28-21.11.02:620][  0]LogTemp: Display: Loaded TP Android_ATCTargetPlatform
[2017.11.28-21.11.02:677][  0]LogTemp: Display: Loaded TP Android_DXTTargetPlatform
[2017.11.28-21.11.02:732][  0]LogTemp: Display: Loaded TP Android_ETC1TargetPlatform
[2017.11.28-21.11.02:785][  0]LogTemp: Display: Loaded TP Android_ETC2TargetPlatform
[2017.11.28-21.11.02:891][  0]LogTemp: Display: Loaded TP Android_MultiTargetPlatform
[2017.11.28-21.11.02:891][  0]LogTemp: Display: Loaded TP Android_PVRTCTargetPlatform
[2017.11.28-21.11.02:936][  0]LogTemp: Display: Loaded TP HTML5TargetPlatform
[2017.11.28-21.11.03:047][  0]LogTemp: Display: Loaded TP IOSTargetPlatform
[2017.11.28-21.11.03:079][  0]LogTemp: Display: Loaded TP TVOSTargetPlatform
[2017.11.28-21.11.03:132][  0]LogTemp: Display: Loaded TP LinuxClientTargetPlatform
[2017.11.28-21.11.03:188][  0]LogTemp: Display: Loaded TP LinuxNoEditorTargetPlatform
[2017.11.28-21.11.03:241][  0]LogTemp: Display: Loaded TP LinuxServerTargetPlatform
[2017.11.28-21.11.03:300][  0]LogTemp: Display: Loaded TP LinuxTargetPlatform
[2017.11.28-21.11.03:300][  0]LogTargetPlatformManager: Display: Building Assets For Windows
[2017.11.28-21.11.03:952][  0]LogDerivedDataCache: Display: Max Cache Size: 512 MB
[2017.11.28-21.11.04:341][  0]LogDerivedDataCache: Loaded boot cache 0.39s 93MB C:/Users/narej/AppData/Local/UnrealEngine/4.17/DerivedDataCache/Boot.ddc.
[2017.11.28-21.11.04:341][  0]LogDerivedDataCache: Display: Loaded Boot cache: C:/Users/narej/AppData/Local/UnrealEngine/4.17/DerivedDataCache/Boot.ddc
[2017.11.28-21.11.04:341][  0]LogDerivedDataCache: FDerivedDataBackendGraph:  Pak pak cache file ../../../../../../Users/narej/OneDrive/Documents/Unreal Projects/InfiniteJumper - MF/JuegoRise/DerivedDataCache/DDC.ddp not found, will not use a pak cache.
[2017.11.28-21.11.04:342][  0]LogDerivedDataCache: Unable to find inner node Pak for hierarchical cache Hierarchy.
[2017.11.28-21.11.04:342][  0]LogDerivedDataCache: FDerivedDataBackendGraph:  CompressedPak pak cache file ../../../../../../Users/narej/OneDrive/Documents/Unreal Projects/InfiniteJumper - MF/JuegoRise/DerivedDataCache/Compressed.ddp not found, will not use a pak cache.
[2017.11.28-21.11.04:342][  0]LogDerivedDataCache: Unable to find inner node CompressedPak for hierarchical cache Hierarchy.
[2017.11.28-21.11.04:371][  0]LogDerivedDataCache: Display: Pak cache opened for reading ../../../Engine/DerivedDataCache/Compressed.ddp.
[2017.11.28-21.11.04:383][  0]LogDerivedDataCache: Using Local data cache path C:/Users/narej/AppData/Local/UnrealEngine/Common/DerivedDataCache: Writable
[2017.11.28-21.11.04:399][  0]LogMaterial: Verifying Global Shaders for PCD3D_SM5
[2017.11.28-21.11.04:406][  0]LogSlate: Using Freetype 2.6.0
[2017.11.28-21.11.04:428][  0]LogSlate: SlateFontCache - WITH_FREETYPE: 1, WITH_HARFBUZZ: 1
[2017.11.28-21.11.04:428][  0]LogSlate: SlateFontCache - WITH_FREETYPE: 1, WITH_HARFBUZZ: 1
[2017.11.28-21.11.05:392][  0]LogAssetRegistry: FAssetRegistry took 0.0296 seconds to start up
[2017.11.28-21.11.05:579][  0]LogInit: Selected Device Profile: [Windows]
[2017.11.28-21.11.06:062][  0]LogContentStreaming: Texture pool size is 0.00 MB
[2017.11.28-21.11.06:478][  0]LogSimplygon: Simplygon DLL not present - disabling.
[2017.11.28-21.11.06:524][  0]LogMeshReduction: Using SimplygonSwarm for distributed automatic mesh merging
[2017.11.28-21.11.06:526][  0]LogMeshReduction: Using QuadricMeshReduction for automatic static mesh reduction
[2017.11.28-21.11.06:526][  0]LogMeshReduction: No automatic skeletal mesh reduction module available
[2017.11.28-21.11.06:526][  0]LogMeshReduction: No automatic mesh merging module available
[2017.11.28-21.11.06:526][  0]LogMeshMerging: No automatic mesh merging module available
[2017.11.28-21.11.07:461][  0]LogNetVersion: InfiniteJumperMF , NetCL: 3573198, EngineNetVer: 2, GameNetVer: 0 (Checksum: 767604215)
[2017.11.28-21.11.08:087][  0]LogPackageLocalizationCache: Processed 5 localized package path(s) for 2 prioritized culture(s) in 0.083875 seconds
[2017.11.28-21.11.08:095][  0]LogUObjectArray: 35825 objects as part of root set at end of initial load.
[2017.11.28-21.11.08:095][  0]LogUObjectAllocator: 7529112 out of 0 bytes used by permanent object pool.
[2017.11.28-21.11.08:095][  0]LogUObjectArray: CloseDisregardForGC: 0/0 objects in disregard for GC pool
[2017.11.28-21.11.08:166][  0]LogInit: WinSock: version 1.1 (2.2), MaxSocks=32767, MaxUdp=65467
[2017.11.28-21.11.14:447][  0]LogTcpMessaging: Initializing TcpMessaging bridge
[2017.11.28-21.11.14:507][  0]LogUdpMessaging: Initializing bridge on interface 0.0.0.0:0 to multicast group 230.0.0.1:6666.
[2017.11.28-21.11.15:596][  0]LogMaterial: Uniform references updated for custom material expression Custom.
[2017.11.28-21.11.16:181][  0]SourceControl: Source control is disabled
[2017.11.28-21.11.16:181][  0]SourceControl: Source control is disabled
[2017.11.28-21.11.16:242][  0]SourceControl: Source control is disabled
[2017.11.28-21.11.16:294][  0]SourceControl: Source control is disabled
[2017.11.28-21.11.17:010][  0]LogAndroidPermission: UAndroidPermissionCallbackProxy::GetInstance
[2017.11.28-21.11.17:289][  0]LogOcInput: OculusInput pre-init called
[2017.11.28-21.11.17:630][  0]LogEngine: Initializing Engine...
[2017.11.28-21.11.17:633][  0]LogHMD: Failed to initialize OpenVR with code 110
[2017.11.28-21.11.18:081][  0]LogStats: UGameplayTagsManager::ConstructGameplayTagTree: Construct from data asset -  0.000 s
[2017.11.28-21.11.18:082][  0]LogStats: UGameplayTagsManager::ConstructGameplayTagTree: GameplayTagTreeChangedEvent.Broadcast -  0.000 s
[2017.11.28-21.11.18:240][  0]LogAIModule: Creating AISystem for world Untitled
[2017.11.28-21.11.18:253][  0]LogInit: XAudio2 using 'Speakers (Realtek High Definition Audio(SST))' : 2 channels at 48 kHz using 32 bits per sample (channel mask 0x3)
[2017.11.28-21.11.18:450][  0]LogInit: FAudioDevice initialized.
[2017.11.28-21.11.18:535][  0]LogDerivedDataCache: Saved boot cache 0.09s 93MB C:/Users/narej/AppData/Local/UnrealEngine/4.17/DerivedDataCache/Boot.ddc.
[2017.11.28-21.11.18:549][  0]LogInit: Texture streaming: Enabled
[2017.11.28-21.11.18:689][  0]LogEngineSessionManager: EngineSessionManager initialized
[2017.11.28-21.11.18:973][  0]LogInit: Transaction tracking system initialized
[2017.11.28-21.11.19:347][  0]BlueprintLog: New page: Editor Load
[2017.11.28-21.11.20:466][  0]LocalizationService: Localization service is disabled
[2017.11.28-21.11.21:329][  0]LogConsoleResponse: Display: 
[2017.11.28-21.11.21:851][  0]LogCook: Display: Max memory allowance for cook 16384mb min free memory 0mb
[2017.11.28-21.11.21:851][  0]LogCook: Display: Mobile HDR setting 1
[2017.11.28-21.11.21:853][  0]LogGameplayTags: Display: UGameplayTagsManager::DoneAddingNativeTags. DelegateIsBound: 0
[2017.11.28-21.11.22:481][  0]LogFileCache: Scanning file cache for directory 'C:/Users/narej/OneDrive/Documents/Unreal Projects/InfiniteJumper - MF/JuegoRise/Content/' took 0.02s
[2017.11.28-21.11.23:189][  0]SourceControl: Source control is disabled
[2017.11.28-21.11.23:190][  0]Cmd: MAP LOAD FILE="../../../../../../Users/narej/OneDrive/Documents/Unreal Projects/InfiniteJumper - MF/JuegoRise/Content/SideScrollerBP/Maps/InfiniteJumper.umap" TEMPLATE=0 SHOWPROGRESS=1 FEATURELEVEL=3
[2017.11.28-21.11.23:191][  0]LightingResults: New page: Lighting Build
[2017.11.28-21.11.23:240][  0]MapCheck: New page: Map Check
[2017.11.28-21.11.23:240][  0]LightingResults: New page: Lighting Build
[2017.11.28-21.11.23:742][  0]LogLinker: Warning: Can't find file '/Game/StarterContent/Props/Materials/M_Rock'
[2017.11.28-21.11.23:743][  0]LogLinker: Warning: Can't find file for asset '/Game/StarterContent/Props/Materials/M_Rock' while loading ../../../../../../Users/narej/OneDrive/Documents/Unreal Projects/InfiniteJumper - MF/JuegoRise/Content/SideScrollerBP/3DModels/Rise_Floor_M.uasset.
[2017.11.28-21.11.23:743][  0]LoadErrors: Error: /Game/SideScrollerBP/3DModels/Rise_Floor_M : Can't find file for asset. /Game/StarterContent/Props/Materials/M_Rock
[2017.11.28-21.11.23:743][  0]LogLinker: Warning: Can't find file '/Game/StarterContent/Props/Materials/M_Rock'
[2017.11.28-21.11.23:744][  0]LogLinker: Warning: Can't find file for asset '/Game/StarterContent/Props/Materials/M_Rock' while loading ../../../../../../Users/narej/OneDrive/Documents/Unreal Projects/InfiniteJumper - MF/JuegoRise/Content/SideScrollerBP/3DModels/Rise_Floor_M.uasset.
[2017.11.28-21.11.23:744][  0]LoadErrors: Error: /Game/SideScrollerBP/3DModels/Rise_Floor_M : Can't find file for asset. /Game/StarterContent/Props/Materials/M_Rock
[2017.11.28-21.11.23:903][  0]LogBlueprint: Warning: [HighScoreSaveSlot] 'UserIndex' variable not found. Base class was probably changed.
[2017.11.28-21.11.25:024][  0]LogLinker: Warning: Can't find file '/Game/StarterContent/Props/Materials/M_Rock'
[2017.11.28-21.11.25:024][  0]LoadErrors: Failed to load /Game/StarterContent/Props/Materials/M_Rock.M_Rock Referenced by Rise_Floor_M
[2017.11.28-21.11.25:024][  0]LogLinker: Warning: Can't find file for asset '/Game/StarterContent/Props/Materials/M_Rock' while loading NULL.
[2017.11.28-21.11.25:024][  0]LoadErrors: Failed to load /Game/StarterContent/Props/Materials/M_Rock.M_Rock Referenced by Rise_Floor_M
[2017.11.28-21.11.25:024][  0]LogLinker: Warning: Can't find file '/Game/StarterContent/Props/Materials/M_Rock'
[2017.11.28-21.11.25:025][  0]LoadErrors: Failed to load /Game/StarterContent/Props/Materials/M_Rock.M_Rock Referenced by Rise_Floor_M
[2017.11.28-21.11.25:025][  0]LogLinker: Warning: Can't find file for asset '/Game/StarterContent/Props/Materials/M_Rock' while loading NULL.
[2017.11.28-21.11.25:025][  0]LoadErrors: Failed to load /Game/StarterContent/Props/Materials/M_Rock.M_Rock Referenced by Rise_Floor_M
[2017.11.28-21.11.25:561][  0]LogAIModule: Creating AISystem for world InfiniteJumper
[2017.11.28-21.11.25:587][  0]LogEditorServer: Finished looking for orphan Actors (0.000 secs)
[2017.11.28-21.11.25:710][  0]Cmd: MAP CHECKDEP NOCLEARLOG
[2017.11.28-21.11.25:782][  0]MapCheck: Map check complete: 0 Error(s), 0 Warning(s), took 71.31ms to complete.
[2017.11.28-21.11.25:782][  0]LogFileHelpers: Loading map 'InfiniteJumper' took 2.592
[2017.11.28-21.11.26:036][  0]LogCollectionManager: Loaded 0 collections in 0.003028 seconds
[2017.11.28-21.11.26:143][  0]LogFileCache: Scanning file cache for directory 'C:/Users/narej/OneDrive/Documents/Unreal Projects/InfiniteJumper - MF/JuegoRise/Saved/Collections/' took 0.01s
[2017.11.28-21.11.26:143][  0]LogFileCache: Scanning file cache for directory 'C:/Users/narej/OneDrive/Documents/Unreal Projects/InfiniteJumper - MF/JuegoRise/Content/Developers/narej/Collections/' took 0.01s
[2017.11.28-21.11.26:143][  0]LogFileCache: Scanning file cache for directory 'C:/Users/narej/OneDrive/Documents/Unreal Projects/InfiniteJumper - MF/JuegoRise/Content/Collections/' took 0.01s
[2017.11.28-21.11.26:143][  0]LogCollectionManager: Rebuilt the GUID cache for 0 collections in 0.000001 seconds
[2017.11.28-21.11.26:156][  0]LogContentBrowser: Native class hierarchy populated in 0.0116 seconds. Added 2386 classes and 500 folders.
[2017.11.28-21.11.26:238][  0]LogContentBrowser: Native class hierarchy updated for 'WidgetCarousel' in 0.0008 seconds. Added 0 classes and 0 folders.
[2017.11.28-21.11.26:674][  0]LogContentBrowser: Native class hierarchy updated for 'AddContentDialog' in 0.0007 seconds. Added 0 classes and 0 folders.
[2017.11.28-21.11.26:731][  0]LogContentBrowser: Native class hierarchy updated for 'SceneOutliner' in 0.0007 seconds. Added 1 classes and 2 folders.
[2017.11.28-21.11.26:893][  0]LogSlate: Took 0.006199 seconds to synchronously load lazily loaded font '../../../Engine/Content/Slate/Fonts/Roboto-Regular.ttf' (155K)
[2017.11.28-21.11.26:902][  0]LogSlate: Took 0.006248 seconds to synchronously load lazily loaded font '../../../Engine/Content/Slate/Fonts/Roboto-Bold.ttf' (160K)
[2017.11.28-21.11.26:913][  0]LogSlate: Took 0.005199 seconds to synchronously load lazily loaded font '../../../Engine/Content/Editor/Slate/Fonts/FontAwesome.ttf' (139K)
[2017.11.28-21.11.27:097][  0]LogRenderer: Reallocating scene render targets to support 888x556 Format 10 NumSamples 1 (Frame:1).
[2017.11.28-21.11.27:330][  0]LogContentBrowser: Native class hierarchy updated for 'HierarchicalLODOutliner' in 0.0007 seconds. Added 1 classes and 2 folders.
[2017.11.28-21.11.27:331][  0]LogLoad: (Engine Initialization) Total time: 34.83 seconds
[2017.11.28-21.11.27:331][  0]LogLoad: (Engine Initialization) Total Blueprint compile time: 0.00 seconds
[2017.11.28-21.11.27:331][  0]LogExternalProfiler: No external profilers were discovered.  External profiling features will not be available.
[2017.11.28-21.11.27:382][  0]LogContentStreaming: Texture pool size now 1000 MB
[2017.11.28-21.11.27:398][  1]LogFileCache: Retrieving MD5 hashes for directory 'C:/Users/narej/OneDrive/Documents/Unreal Projects/InfiniteJumper - MF/JuegoRise/Content/' took 0.04s
[2017.11.28-21.11.27:410][  1]LogAssetRegistry: Asset discovery search completed in 22.0405 seconds
[2017.11.28-21.11.27:412][  1]LogCollectionManager: Rebuilt the object cache for 0 collections in 0.000001 seconds (found 0 objects)
[2017.11.28-21.11.27:412][  1]LogCollectionManager: Fixed up redirectors for 0 collections in 0.000054 seconds (updated 0 objects)
[2017.11.28-21.15.28:779][472]LogSlate: Took 0.006438 seconds to synchronously load lazily loaded font '../../../Engine/Content/Slate/Fonts/Roboto-Light.ttf' (159K)
[2017.11.28-21.16.11:298][918]LogSlate: Took 0.000304 seconds to synchronously load lazily loaded font '../../../Engine/Content/Slate/Fonts/Roboto-Light.ttf' (159K)
[2017.11.28-21.16.11:867][918]LogContentBrowser: Native class hierarchy updated for 'BlueprintGraph' in 0.0010 seconds. Added 113 classes and 0 folders.
[2017.11.28-21.16.12:600][918]LogSlate: Took 0.000172 seconds to synchronously load lazily loaded font '../../../Engine/Content/Slate/Fonts/Roboto-Regular.ttf' (155K)
[2017.11.28-21.16.12:717][918]LogSlate: Took 0.005944 seconds to synchronously load lazily loaded font '../../../Engine/Content/Editor/Slate/Fonts/Roboto-BoldCondensed.ttf' (158K)
[2017.11.28-21.16.12:917][919]LogSlate: Took 0.005235 seconds to synchronously load lazily loaded font '../../../Engine/Content/Editor/Slate/Fonts/Roboto-Italic.ttf' (157K)
[2017.11.28-21.24.10:079][756]BlueprintLog: New page: Compile Floor
[2017.11.28-21.24.11:345][776]LogSavePackage: Save=65.38ms
[2017.11.28-21.24.11:345][776]LogSavePackage: Moving '../../../../../../Users/narej/OneDrive/Documents/Unreal Projects/InfiniteJumper - MF/JuegoRise/Saved/Floor54A398994B7273A73F7DCEAC9EC40AE0.tmp' to '../../../../../../Users/narej/OneDrive/Documents/Unreal Projects/InfiniteJumper - MF/JuegoRise/Content/SideScrollerBP/Blueprints/LvlGenrating/Floor.uasset'
[2017.11.28-21.24.11:350][776]LogSavePackage: Display: Finished SavePackage ../../../../../../Users/narej/OneDrive/Documents/Unreal Projects/InfiniteJumper - MF/JuegoRise/Content/SideScrollerBP/Blueprints/LvlGenrating/Floor.uasset
[2017.11.28-21.24.38:080][918]LogRenderer: Reallocating scene render targets to support 944x748 Format 10 NumSamples 1 (Frame:1).
[2017.11.28-21.29.36:272][717]BlueprintLog: New page: Compile Pillar
[2017.11.28-21.29.37:390][761]LogSavePackage: Save=27.13ms
[2017.11.28-21.29.37:390][761]LogSavePackage: Moving '../../../../../../Users/narej/OneDrive/Documents/Unreal Projects/InfiniteJumper - MF/JuegoRise/Saved/Pillar1D9C716E46A1080FB324C8A3C16F73B0.tmp' to '../../../../../../Users/narej/OneDrive/Documents/Unreal Projects/InfiniteJumper - MF/JuegoRise/Content/SideScrollerBP/Blueprints/LvlGenrating/Pillar.uasset'
[2017.11.28-21.29.37:396][761]LogSavePackage: Display: Finished SavePackage ../../../../../../Users/narej/OneDrive/Documents/Unreal Projects/InfiniteJumper - MF/JuegoRise/Content/SideScrollerBP/Blueprints/LvlGenrating/Pillar.uasset
[2017.11.28-21.31.35:815][655]LogSlate: Took 0.000210 seconds to synchronously load lazily loaded font '../../../Engine/Content/Slate/Fonts/Roboto-Light.ttf' (159K)
[2017.11.28-21.31.44:875][979]LogFileHelpers: Editor autosave (incl. sublevels) for '/Game/SideScrollerBP/Maps/InfiniteJumper' took 0.028
[2017.11.28-21.31.44:878][979]OBJ SavePackage: Generating thumbnails for [1] asset(s) in package [/Game/SideScrollerBP/Blueprints/LvlGenrating/Pillar] ([1] browsable assets)...
[2017.11.28-21.31.44:894][979]OBJ SavePackage:     Rendered thumbnail for [Blueprint /Game/SideScrollerBP/Blueprints/LvlGenrating/Pillar.Pillar]
[2017.11.28-21.31.44:894][979]OBJ SavePackage: Finished generating thumbnails for package [/Game/SideScrollerBP/Blueprints/LvlGenrating/Pillar]
[2017.11.28-21.31.44:925][979]LogSavePackage: Save=24.93ms
[2017.11.28-21.31.44:925][979]LogSavePackage: Moving '../../../../../../Users/narej/OneDrive/Documents/Unreal Projects/InfiniteJumper - MF/JuegoRise/Saved/Pillar_Auto1DF1800944E85D8D0991C77BF00EF5632.tmp' to '../../../../../../Users/narej/OneDrive/Documents/Unreal Projects/InfiniteJumper - MF/JuegoRise/Saved/Autosaves/Game/SideScrollerBP/Blueprints/LvlGenrating/Pillar_Auto1.uasset'
[2017.11.28-21.31.44:927][979]LogSavePackage: Display: Finished SavePackage ../../../../../../Users/narej/OneDrive/Documents/Unreal Projects/InfiniteJumper - MF/JuegoRise/Saved/Autosaves/Game/SideScrollerBP/Blueprints/LvlGenrating/Pillar_Auto1.uasset
[2017.11.28-21.31.44:927][979]LogFileHelpers: Auto-saving content packages took 0.051
[2017.11.28-21.37.00:258][  3]BlueprintLog: New page: Compile Pillar
[2017.11.28-21.37.01:055][ 27]LogSavePackage: Save=25.91ms
[2017.11.28-21.37.01:056][ 27]LogSavePackage: Moving '../../../../../../Users/narej/OneDrive/Documents/Unreal Projects/InfiniteJumper - MF/JuegoRise/Saved/PillarFDEC6348425175EDE7E17BBBDF19A2D2.tmp' to '../../../../../../Users/narej/OneDrive/Documents/Unreal Projects/InfiniteJumper - MF/JuegoRise/Content/SideScrollerBP/Blueprints/LvlGenrating/Pillar.uasset'
[2017.11.28-21.37.01:061][ 27]LogSavePackage: Display: Finished SavePackage ../../../../../../Users/narej/OneDrive/Documents/Unreal Projects/InfiniteJumper - MF/JuegoRise/Content/SideScrollerBP/Blueprints/LvlGenrating/Pillar.uasset
[2017.11.28-21.43.41:853][ 22]LogFileHelpers: Editor autosave (incl. sublevels) for '/Game/SideScrollerBP/Maps/InfiniteJumper' took 0.029
[2017.11.28-21.43.41:855][ 22]OBJ SavePackage: Generating thumbnails for [1] asset(s) in package [/Game/SideScrollerBP/Blueprints/LvlGenrating/BP_Level] ([1] browsable assets)...
[2017.11.28-21.43.41:871][ 22]OBJ SavePackage:     Rendered thumbnail for [Blueprint /Game/SideScrollerBP/Blueprints/LvlGenrating/BP_Level.BP_Level]
[2017.11.28-21.43.41:871][ 22]OBJ SavePackage: Finished generating thumbnails for package [/Game/SideScrollerBP/Blueprints/LvlGenrating/BP_Level]
[2017.11.28-21.43.42:059][ 22]LogSavePackage: Save=173.83ms
[2017.11.28-21.43.42:060][ 22]LogSavePackage: Moving '../../../../../../Users/narej/OneDrive/Documents/Unreal Projects/InfiniteJumper - MF/JuegoRise/Saved/BP_Level_Auto2440A6509470D1EC759CFAD851E69AC09.tmp' to '../../../../../../Users/narej/OneDrive/Documents/Unreal Projects/InfiniteJumper - MF/JuegoRise/Saved/Autosaves/Game/SideScrollerBP/Blueprints/LvlGenrating/BP_Level_Auto2.uasset'
[2017.11.28-21.43.42:062][ 22]LogSavePackage: Display: Finished SavePackage ../../../../../../Users/narej/OneDrive/Documents/Unreal Projects/InfiniteJumper - MF/JuegoRise/Saved/Autosaves/Game/SideScrollerBP/Blueprints/LvlGenrating/BP_Level_Auto2.uasset
[2017.11.28-21.43.42:063][ 22]LogFileHelpers: Auto-saving content packages took 0.209
[2017.11.28-21.48.34:669][  9]LogEditorTransaction: Undo Modify Component(s)
[2017.11.28-21.48.55:620][252]BlueprintLog: New page: Compile Floor
[2017.11.28-21.48.56:690][277]LogSavePackage: Save=62.74ms
[2017.11.28-21.48.56:690][277]LogSavePackage: Moving '../../../../../../Users/narej/OneDrive/Documents/Unreal Projects/InfiniteJumper - MF/JuegoRise/Saved/Floor4521741C43B82DF6BD2A12ACE58FB668.tmp' to '../../../../../../Users/narej/OneDrive/Documents/Unreal Projects/InfiniteJumper - MF/JuegoRise/Content/SideScrollerBP/Blueprints/LvlGenrating/Floor.uasset'
[2017.11.28-21.48.56:693][277]LogSavePackage: Display: Finished SavePackage ../../../../../../Users/narej/OneDrive/Documents/Unreal Projects/InfiniteJumper - MF/JuegoRise/Content/SideScrollerBP/Blueprints/LvlGenrating/Floor.uasset
[2017.11.28-21.53.14:294][669]BlueprintLog: New page: Compile BP_EmptyFloorCollision
[2017.11.28-21.53.15:261][710]LogSavePackage: Save=18.89ms
[2017.11.28-21.53.15:261][710]LogSavePackage: Moving '../../../../../../Users/narej/OneDrive/Documents/Unreal Projects/InfiniteJumper - MF/JuegoRise/Saved/BP_EmptyFloorCollision9FAFE5844F2053F414101E880E340DD8.tmp' to '../../../../../../Users/narej/OneDrive/Documents/Unreal Projects/InfiniteJumper - MF/JuegoRise/Content/SideScrollerBP/Blueprints/LvlGenrating/BP_EmptyFloorCollision.uasset'
[2017.11.28-21.53.15:266][710]LogSavePackage: Display: Finished SavePackage ../../../../../../Users/narej/OneDrive/Documents/Unreal Projects/InfiniteJumper - MF/JuegoRise/Content/SideScrollerBP/Blueprints/LvlGenrating/BP_EmptyFloorCollision.uasset
[2017.11.28-21.53.25:585][326]BlueprintLog: New page: Compile BP_EmptyFloorCollision
[2017.11.28-21.53.26:892][387]LogSavePackage: Save=17.05ms
[2017.11.28-21.53.26:892][387]LogSavePackage: Moving '../../../../../../Users/narej/OneDrive/Documents/Unreal Projects/InfiniteJumper - MF/JuegoRise/Saved/BP_EmptyFloorCollision332A05FD44A0F2444EC38AB28603B140.tmp' to '../../../../../../Users/narej/OneDrive/Documents/Unreal Projects/InfiniteJumper - MF/JuegoRise/Content/SideScrollerBP/Blueprints/LvlGenrating/BP_EmptyFloorCollision.uasset'
[2017.11.28-21.53.26:896][387]LogSavePackage: Display: Finished SavePackage ../../../../../../Users/narej/OneDrive/Documents/Unreal Projects/InfiniteJumper - MF/JuegoRise/Content/SideScrollerBP/Blueprints/LvlGenrating/BP_EmptyFloorCollision.uasset
[2017.11.28-21.53.46:772][569]BlueprintLog: New page: Compile BP_EmptyFloorCollision
[2017.11.28-21.53.48:212][639]LogSavePackage: Save=15.83ms
[2017.11.28-21.53.48:212][639]LogSavePackage: Moving '../../../../../../Users/narej/OneDrive/Documents/Unreal Projects/InfiniteJumper - MF/JuegoRise/Saved/BP_EmptyFloorCollision98F9138149A2386B5C8919A1EDBA3532.tmp' to '../../../../../../Users/narej/OneDrive/Documents/Unreal Projects/InfiniteJumper - MF/JuegoRise/Content/SideScrollerBP/Blueprints/LvlGenrating/BP_EmptyFloorCollision.uasset'
[2017.11.28-21.53.48:219][639]LogSavePackage: Display: Finished SavePackage ../../../../../../Users/narej/OneDrive/Documents/Unreal Projects/InfiniteJumper - MF/JuegoRise/Content/SideScrollerBP/Blueprints/LvlGenrating/BP_EmptyFloorCollision.uasset
[2017.11.28-21.54.39:762][684]LogSlate: Warning: Prevented a slow task dialog from being summoned while a context menu was open
[2017.11.28-21.55.39:864][739]BlueprintLog: New page: Compile BP_Level
[2017.11.28-21.55.41:140][771]LogSavePackage: Save=180.10ms
[2017.11.28-21.55.41:140][771]LogSavePackage: Moving '../../../../../../Users/narej/OneDrive/Documents/Unreal Projects/InfiniteJumper - MF/JuegoRise/Saved/BP_Level508D3F76489CBECAEFE239B0831B8961.tmp' to '../../../../../../Users/narej/OneDrive/Documents/Unreal Projects/InfiniteJumper - MF/JuegoRise/Content/SideScrollerBP/Blueprints/LvlGenrating/BP_Level.uasset'
[2017.11.28-21.55.41:146][771]LogSavePackage: Display: Finished SavePackage ../../../../../../Users/narej/OneDrive/Documents/Unreal Projects/InfiniteJumper - MF/JuegoRise/Content/SideScrollerBP/Blueprints/LvlGenrating/BP_Level.uasset
[2017.11.28-21.56.38:043][128]BlueprintLog: New page: Compile Pillar
[2017.11.28-21.56.38:047][128]LogBlueprint: Warning: [Compiler Pillar] 'BP Empty Floor Collision' does not inherit from 'Primitive Component' ( Cast To BP_EmptyFloorCollision  would always fail).
[2017.11.28-21.56.38:336][128]LogBlueprint: Warning: [Compiler Pillar] [2745.84] Compile of Pillar successful, but with 1 Warning(s) [in 292 ms] (/Game/SideScrollerBP/Blueprints/LvlGenrating/Pillar.Pillar)
[2017.11.28-21.56.38:948][160]LogSavePackage: Save=30.22ms
[2017.11.28-21.56.38:948][160]LogSavePackage: Moving '../../../../../../Users/narej/OneDrive/Documents/Unreal Projects/InfiniteJumper - MF/JuegoRise/Saved/PillarF401A0494A0017FC4670CA868FF0C676.tmp' to '../../../../../../Users/narej/OneDrive/Documents/Unreal Projects/InfiniteJumper - MF/JuegoRise/Content/SideScrollerBP/Blueprints/LvlGenrating/Pillar.uasset'
[2017.11.28-21.56.38:953][160]LogSavePackage: Display: Finished SavePackage ../../../../../../Users/narej/OneDrive/Documents/Unreal Projects/InfiniteJumper - MF/JuegoRise/Content/SideScrollerBP/Blueprints/LvlGenrating/Pillar.uasset
[2017.11.28-21.57.17:831][970]BlueprintLog: New page: Compile Pillar
[2017.11.28-21.57.21:477][167]LogSavePackage: Save=29.57ms
[2017.11.28-21.57.21:477][167]LogSavePackage: Moving '../../../../../../Users/narej/OneDrive/Documents/Unreal Projects/InfiniteJumper - MF/JuegoRise/Saved/PillarB2168C23495D38CD8BB450A5005C8ED2.tmp' to '../../../../../../Users/narej/OneDrive/Documents/Unreal Projects/InfiniteJumper - MF/JuegoRise/Content/SideScrollerBP/Blueprints/LvlGenrating/Pillar.uasset'
[2017.11.28-21.57.21:481][167]LogSavePackage: Display: Finished SavePackage ../../../../../../Users/narej/OneDrive/Documents/Unreal Projects/InfiniteJumper - MF/JuegoRise/Content/SideScrollerBP/Blueprints/LvlGenrating/Pillar.uasset
[2017.11.28-21.58.30:099][267]LogSavePackage: Save=52.80ms
[2017.11.28-21.58.30:099][267]LogSavePackage: Moving '../../../../../../Users/narej/OneDrive/Documents/Unreal Projects/InfiniteJumper - MF/JuegoRise/Saved/Floor00B4DDB84FF5B971FD237B9B2126438A.tmp' to '../../../../../../Users/narej/OneDrive/Documents/Unreal Projects/InfiniteJumper - MF/JuegoRise/Content/SideScrollerBP/Blueprints/LvlGenrating/Floor.uasset'
[2017.11.28-21.58.30:100][267]LogSavePackage: Display: Finished SavePackage ../../../../../../Users/narej/OneDrive/Documents/Unreal Projects/InfiniteJumper - MF/JuegoRise/Content/SideScrollerBP/Blueprints/LvlGenrating/Floor.uasset
[2017.11.28-21.58.34:186][512]LogTemp: Repeating last play command: Selected Viewport
[2017.11.28-21.58.34:260][512]LogBlueprintUserMessages: Early PlayInEditor Detection: Level '/Game/SideScrollerBP/Maps/InfiniteJumper.InfiniteJumper:PersistentLevel' has LevelScriptBlueprint '/Game/SideScrollerBP/Maps/InfiniteJumper.InfiniteJumper:PersistentLevel.InfiniteJumper' with GeneratedClass '/Game/SideScrollerBP/Maps/InfiniteJumper.InfiniteJumper_C' with ClassGeneratedBy '/Game/SideScrollerBP/Maps/InfiniteJumper.InfiniteJumper:PersistentLevel.InfiniteJumper'
[2017.11.28-21.58.34:261][512]LogPlayLevel: PlayLevel: No blueprints needed recompiling
[2017.11.28-21.58.34:262][512]PIE: New page: PIE session: InfiniteJumper (Nov 28, 2017, 1:58:34 PM)
[2017.11.28-21.58.34:262][512]LogPlayLevel: Creating play world package: /Game/SideScrollerBP/Maps/UEDPIE_0_InfiniteJumper
[2017.11.28-21.58.34:280][512]LogPlayLevel: PIE: StaticDuplicateObject took: (0.017398s)
[2017.11.28-21.58.34:281][512]LogAIModule: Creating AISystem for world InfiniteJumper
[2017.11.28-21.58.34:281][512]LogPlayLevel: PIE: World Init took: (0.001319s)
[2017.11.28-21.58.34:282][512]LogPlayLevel: PIE: Created PIE world by copying editor world from /Game/SideScrollerBP/Maps/InfiniteJumper.InfiniteJumper to /Game/SideScrollerBP/Maps/UEDPIE_0_InfiniteJumper.InfiniteJumper (0.019338s)
[2017.11.28-21.58.34:311][512]LogInit: XAudio2 using 'Speakers (Realtek High Definition Audio(SST))' : 2 channels at 48 kHz using 32 bits per sample (channel mask 0x3)
[2017.11.28-21.58.34:322][512]LogInit: FAudioDevice initialized.
[2017.11.28-21.58.34:396][512]LogLoad: Game class is 'SideScrollerGameMode_C'
[2017.11.28-21.58.34:405][512]LogWorld: Bringing World /Game/SideScrollerBP/Maps/UEDPIE_0_InfiniteJumper.InfiniteJumper up for play (max tick rate 60) at 2017.11.28-17.58.34
[2017.11.28-21.58.34:408][512]LogWorld: Bringing up level for play took: 0.007512
[2017.11.28-21.58.34:464][512]LogContentBrowser: Native class hierarchy updated for 'MovieSceneCapture' in 0.0007 seconds. Added 11 classes and 0 folders.
[2017.11.28-21.58.34:516][512]PIE: Play in editor start time for /Game/SideScrollerBP/Maps/UEDPIE_0_InfiniteJumper -0.482
[2017.11.28-21.58.34:517][512]LogBlueprintUserMessages: Late PlayInEditor Detection: Level '/Game/SideScrollerBP/Maps/InfiniteJumper.InfiniteJumper:PersistentLevel' has LevelScriptBlueprint '/Game/SideScrollerBP/Maps/InfiniteJumper.InfiniteJumper:PersistentLevel.InfiniteJumper' with GeneratedClass '/Game/SideScrollerBP/Maps/InfiniteJumper.InfiniteJumper_C' with ClassGeneratedBy '/Game/SideScrollerBP/Maps/InfiniteJumper.InfiniteJumper:PersistentLevel.InfiniteJumper'
[2017.11.28-21.58.34:557][512]LogRenderer: Reallocating scene render targets to support 1292x756 Format 10 NumSamples 1 (Frame:1).
[2017.11.28-22.00.46:367][389]LogNet: Browse: /Game/SideScrollerBP/Maps/InfiniteJumper
[2017.11.28-22.00.46:367][389]LogLoad: LoadMap: /Game/SideScrollerBP/Maps/InfiniteJumper
[2017.11.28-22.00.46:407][389]Cmd: MEM
[2017.11.28-22.00.46:433][389]LogMemory: Platform Memory Stats for Windows
[2017.11.28-22.00.46:433][389]LogMemory: Process Physical Memory: 1950.39 MB used, 1972.95 MB peak
[2017.11.28-22.00.46:433][389]LogMemory: Process Virtual Memory: 3170.11 MB used, 3378.92 MB peak
[2017.11.28-22.00.46:433][389]LogMemory: Physical Memory: 5742.96 MB used,  10567.15 MB free, 16310.11 MB total
[2017.11.28-22.00.46:433][389]LogMemory: Virtual Memory: 4202.15 MB used,  10567.15 MB free, 134217728.00 MB total
[2017.11.28-22.00.46:433][389]LogMemory: 
[2017.11.28-22.00.46:433][389]Allocator Stats for TBB: (not implemented)
[2017.11.28-22.00.46:433][389]LogPlayLevel: Creating play world package: /Game/SideScrollerBP/Maps/UEDPIE_0_InfiniteJumper
[2017.11.28-22.00.46:450][389]LogPlayLevel: PIE: StaticDuplicateObject took: (0.016447s)
[2017.11.28-22.00.46:451][389]LogAIModule: Creating AISystem for world InfiniteJumper
[2017.11.28-22.00.46:451][389]LogPlayLevel: PIE: World Init took: (0.001374s)
[2017.11.28-22.00.46:451][389]LogPlayLevel: PIE: Created PIE world by copying editor world from /Game/SideScrollerBP/Maps/InfiniteJumper.InfiniteJumper to /Game/SideScrollerBP/Maps/UEDPIE_0_InfiniteJumper.InfiniteJumper (0.018231s)
[2017.11.28-22.00.46:451][389]LogLoad: Game class is 'SideScrollerGameMode_C'
[2017.11.28-22.00.46:470][389]LogWorld: Bringing World /Game/SideScrollerBP/Maps/UEDPIE_0_InfiniteJumper.InfiniteJumper up for play (max tick rate 60) at 2017.11.28-18.00.46
[2017.11.28-22.00.46:472][389]LogWorld: Bringing up level for play took: 0.019401
[2017.11.28-22.00.46:499][389]LogLoad: Took 0.131144 seconds to LoadMap(/Game/SideScrollerBP/Maps/UEDPIE_0_InfiniteJumper)
[2017.11.28-22.00.47:898][472]LogBlueprintUserMessages: Early EndPlayMap Detection: Level '/Game/SideScrollerBP/Maps/InfiniteJumper.InfiniteJumper:PersistentLevel' has LevelScriptBlueprint '/Game/SideScrollerBP/Maps/InfiniteJumper.InfiniteJumper:PersistentLevel.InfiniteJumper' with GeneratedClass '/Game/SideScrollerBP/Maps/InfiniteJumper.InfiniteJumper_C' with ClassGeneratedBy '/Game/SideScrollerBP/Maps/InfiniteJumper.InfiniteJumper:PersistentLevel.InfiniteJumper'
[2017.11.28-22.00.47:959][472]LogBlueprintUserMessages: Late EndPlayMap Detection: Level '/Game/SideScrollerBP/Maps/InfiniteJumper.InfiniteJumper:PersistentLevel' has LevelScriptBlueprint '/Game/SideScrollerBP/Maps/InfiniteJumper.InfiniteJumper:PersistentLevel.InfiniteJumper' with GeneratedClass '/Game/SideScrollerBP/Maps/InfiniteJumper.InfiniteJumper_C' with ClassGeneratedBy '/Game/SideScrollerBP/Maps/InfiniteJumper.InfiniteJumper:PersistentLevel.InfiniteJumper'
[2017.11.28-22.00.55:448][900]LogSavePackage: Save=168.29ms
[2017.11.28-22.00.55:448][900]LogSavePackage: Moving '../../../../../../Users/narej/OneDrive/Documents/Unreal Projects/InfiniteJumper - MF/JuegoRise/Saved/BP_LevelF93FCF0F4151B95BBC7C6D80A8A5E8A9.tmp' to '../../../../../../Users/narej/OneDrive/Documents/Unreal Projects/InfiniteJumper - MF/JuegoRise/Content/SideScrollerBP/Blueprints/LvlGenrating/BP_Level.uasset'
[2017.11.28-22.00.55:450][900]LogSavePackage: Display: Finished SavePackage ../../../../../../Users/narej/OneDrive/Documents/Unreal Projects/InfiniteJumper - MF/JuegoRise/Content/SideScrollerBP/Blueprints/LvlGenrating/BP_Level.uasset
[2017.11.28-22.00.58:037][ 11]LogSavePackage: Save=616.35ms
[2017.11.28-22.00.58:037][ 11]LogSavePackage: Moving '../../../../../../Users/narej/OneDrive/Documents/Unreal Projects/InfiniteJumper - MF/JuegoRise/Saved/InfiniteJumperA36CF98945C37FC74BDA9D956C5DEF22.tmp' to '../../../../../../Users/narej/OneDrive/Documents/Unreal Projects/InfiniteJumper - MF/JuegoRise/Content/SideScrollerBP/Maps/InfiniteJumper.umap'
[2017.11.28-22.00.58:040][ 11]LogSavePackage: Display: Finished SavePackage ../../../../../../Users/narej/OneDrive/Documents/Unreal Projects/InfiniteJumper - MF/JuegoRise/Content/SideScrollerBP/Maps/InfiniteJumper.umap
[2017.11.28-22.01.01:173][188]LogActorComponent: UnregisterComponent: (/Engine/Transient.EditorFloorComp) Not registered. Aborting.
[2017.11.28-22.01.01:258][188]LogActorComponent: UnregisterComponent: (/Engine/Transient.EditorFloorComp) Not registered. Aborting.
[2017.11.28-22.01.01:328][188]LogActorComponent: UnregisterComponent: (/Engine/Transient.EditorFloorComp) Not registered. Aborting.
[2017.11.28-22.01.01:636][189]Cmd: QUIT_EDITOR
[2017.11.28-22.01.02:185][189]LogWindowsTextInputMethodSystem: Display: IME system now deactivated.
[2017.11.28-22.01.02:188][189]LogWindowsTextInputMethodSystem: Display: IME system now deactivated.
[2017.11.28-22.01.02:217][189]LogExit: Preparing to exit.
[2017.11.28-22.01.02:578][189]LogDirectoryWatcher: A directory notification for 'C:/Users/narej/OneDrive/Documents/Unreal Projects/InfiniteJumper - MF/JuegoRise/Content/' was aborted.
[2017.11.28-22.01.02:627][189]LogExit: Editor shut down
[2017.11.28-22.01.02:636][189]LogExit: Transaction tracking system shut down
[2017.11.28-22.01.02:797][189]LogDirectoryWatcher: A directory notification for '../../../Engine/Content/' was aborted.
[2017.11.28-22.01.02:797][189]LogDirectoryWatcher: A directory notification for '../../../../../../Users/narej/OneDrive/Documents/Unreal Projects/InfiniteJumper - MF/JuegoRise/Content/' was aborted.
[2017.11.28-22.01.02:797][189]LogDirectoryWatcher: A directory notification for '../../../Engine/Plugins/2D/Paper2D/Content/' was aborted.
[2017.11.28-22.01.02:797][189]LogDirectoryWatcher: A directory notification for '../../../Engine/Plugins/Runtime/Oculus/OculusVR/Content/' was aborted.
[2017.11.28-22.01.02:797][189]LogDirectoryWatcher: A directory notification for '../../../Engine/Plugins/Runtime/Steam/SteamVR/Content/' was aborted.
[2017.11.28-22.01.02:907][189]LogExit: Object subsystem successfully closed.
[2017.11.28-22.01.02:926][189]LogD3D11RHI: Shutdown
[2017.11.28-22.01.02:927][189]LogD3D11RHI: CleanupD3DDevice
[2017.11.28-22.01.03:055][189]LogD3D11RHI: ~FD3D11DynamicRHI
[2017.11.28-22.01.03:080][189]LogModuleManager: Shutting down and abandoning module MovieSceneCapture (536)
[2017.11.28-22.01.03:080][189]LogModuleManager: Shutting down and abandoning module BlueprintGraph (534)
[2017.11.28-22.01.03:080][189]LogModuleManager: Shutting down and abandoning module BlueprintProfiler (532)
[2017.11.28-22.01.03:080][189]LogModuleManager: Shutting down and abandoning module HierarchicalLODOutliner (530)
[2017.11.28-22.01.03:080][189]LogModuleManager: Shutting down and abandoning module SceneOutliner (528)
[2017.11.28-22.01.03:080][189]LogModuleManager: Shutting down and abandoning module AddContentDialog (526)
[2017.11.28-22.01.03:081][189]LogDirectoryWatcher: A directory notification for 'C:/Program Files/Epic Games/UE_4.17/FeaturePacks/' was aborted.
[2017.11.28-22.01.03:082][189]LogModuleManager: Shutting down and abandoning module WidgetCarousel (525)
[2017.11.28-22.01.03:082][189]LogModuleManager: Shutting down and abandoning module EditorWidgets (522)
[2017.11.28-22.01.03:082][189]LogModuleManager: Shutting down and abandoning module CollectionManager (520)
[2017.11.28-22.01.03:082][189]LogDirectoryWatcher: A directory notification for 'C:/Users/narej/OneDrive/Documents/Unreal Projects/InfiniteJumper - MF/JuegoRise/Content/Collections/' was aborted.
[2017.11.28-22.01.03:082][189]LogDirectoryWatcher: A directory notification for 'C:/Users/narej/OneDrive/Documents/Unreal Projects/InfiniteJumper - MF/JuegoRise/Content/Developers/narej/Collections/' was aborted.
[2017.11.28-22.01.03:082][189]LogDirectoryWatcher: A directory notification for 'C:/Users/narej/OneDrive/Documents/Unreal Projects/InfiniteJumper - MF/JuegoRise/Saved/Collections/' was aborted.
[2017.11.28-22.01.03:082][189]LogModuleManager: Shutting down and abandoning module StatsViewer (518)
[2017.11.28-22.01.03:082][189]LogModuleManager: Shutting down and abandoning module FoliageEdit (516)
[2017.11.28-22.01.03:082][189]LogModuleManager: Shutting down and abandoning module LandscapeEditor (514)
[2017.11.28-22.01.03:083][189]LogModuleManager: Shutting down and abandoning module MeshPaintMode (512)
[2017.11.28-22.01.03:083][189]LogModuleManager: Shutting down and abandoning module SceneDepthPickerMode (510)
[2017.11.28-22.01.03:083][189]LogModuleManager: Shutting down and abandoning module ActorPickerMode (508)
[2017.11.28-22.01.03:083][189]LogModuleManager: Shutting down and abandoning module GeometryMode (506)
[2017.11.28-22.01.03:083][189]LogModuleManager: Shutting down and abandoning module TextureAlignMode (504)
[2017.11.28-22.01.03:083][189]LogModuleManager: Shutting down and abandoning module BspMode (502)
[2017.11.28-22.01.03:083][189]LogModuleManager: Shutting down and abandoning module PIEPreviewDeviceProfileSelector (500)
[2017.11.28-22.01.03:083][189]LogModuleManager: Shutting down and abandoning module HardwareSurvey (498)
[2017.11.28-22.01.03:083][189]LogModuleManager: Shutting down and abandoning module SequenceRecorderSections (496)
[2017.11.28-22.01.03:083][189]LogModuleManager: Shutting down and abandoning module AutomationWorker (494)
[2017.11.28-22.01.03:083][189]LogModuleManager: Shutting down and abandoning module MatineeToLevelSequence (492)
[2017.11.28-22.01.03:083][189]LogModuleManager: Shutting down and abandoning module LevelSequenceEditor (490)
[2017.11.28-22.01.03:085][189]LogModuleManager: Shutting down and abandoning module PlacementMode (489)
[2017.11.28-22.01.03:085][189]LogModuleManager: Shutting down and abandoning module WmfMediaFactory (486)
[2017.11.28-22.01.03:085][189]LogModuleManager: Shutting down and abandoning module WmfMediaEditor (484)
[2017.11.28-22.01.03:085][189]LogModuleManager: Shutting down and abandoning module AvfMediaFactory (482)
[2017.11.28-22.01.03:085][189]LogModuleManager: Shutting down and abandoning module AvfMediaEditor (480)
[2017.11.28-22.01.03:085][189]LogModuleManager: Shutting down and abandoning module AndroidMediaFactory (478)
[2017.11.28-22.01.03:085][189]LogModuleManager: Shutting down and abandoning module Media (477)
[2017.11.28-22.01.03:085][189]LogModuleManager: Shutting down and abandoning module AndroidMediaEditor (474)
[2017.11.28-22.01.03:085][189]LogModuleManager: Shutting down and abandoning module CharacterAI (472)
[2017.11.28-22.01.03:085][189]LogModuleManager: Shutting down and abandoning module AudioCapture (470)
[2017.11.28-22.01.03:085][189]LogModuleManager: Shutting down and abandoning module SequenceRecorder (469)
[2017.11.28-22.01.03:085][189]LogModuleManager: Shutting down and abandoning module SmartSnapping (466)
[2017.11.28-22.01.03:085][189]LogModuleManager: Shutting down and abandoning module SessionServices (464)
[2017.11.28-22.01.03:085][189]LogModuleManager: Shutting down and abandoning module ViewportSnapping (462)
[2017.11.28-22.01.03:085][189]LogModuleManager: Shutting down and abandoning module ViewportInteraction (460)
[2017.11.28-22.01.03:085][189]LogModuleManager: Shutting down and abandoning module ClothPainter (458)
[2017.11.28-22.01.03:085][189]LogModuleManager: Shutting down and abandoning module LogVisualizer (456)
[2017.11.28-22.01.03:085][189]LogModuleManager: Shutting down and abandoning module IntroTutorials (454)
[2017.11.28-22.01.03:086][189]LogModuleManager: Shutting down and abandoning module GameProjectGeneration (453)
[2017.11.28-22.01.03:087][189]LogModuleManager: Shutting down and abandoning module IOSPlatformEditor (450)
[2017.11.28-22.01.03:087][189]LogModuleManager: Shutting down and abandoning module HTML5PlatformEditor (448)
[2017.11.28-22.01.03:087][189]LogModuleManager: Shutting down and abandoning module AndroidPlatformEditor (446)
[2017.11.28-22.01.03:087][189]LogModuleManager: Shutting down and abandoning module AndroidDeviceDetection (445)
[2017.11.28-22.01.03:912][189]LogModuleManager: Shutting down and abandoning module WindowsPlatformEditor (442)
[2017.11.28-22.01.03:912][189]LogModuleManager: Shutting down and abandoning module IOSRuntimeSettings (440)
[2017.11.28-22.01.03:912][189]LogModuleManager: Shutting down and abandoning module AndroidRuntimeSettings (438)
[2017.11.28-22.01.03:912][189]LogModuleManager: Shutting down and abandoning module InputBindingEditor (436)
[2017.11.28-22.01.03:913][189]LogModuleManager: Shutting down and abandoning module MergeActors (434)
[2017.11.28-22.01.03:914][189]LogModuleManager: Shutting down and abandoning module SizeMap (432)
[2017.11.28-22.01.03:914][189]LogModuleManager: Shutting down and abandoning module TreeMap (430)
[2017.11.28-22.01.03:914][189]LogModuleManager: Shutting down and abandoning module ReferenceViewer (428)
[2017.11.28-22.01.03:914][189]LogModuleManager: Shutting down and abandoning module LocalizationDashboard (426)
[2017.11.28-22.01.03:914][189]LogModuleManager: Shutting down and abandoning module LocalizationService (425)
[2017.11.28-22.01.03:914][189]LogModuleManager: Shutting down and abandoning module HardwareTargeting (422)
[2017.11.28-22.01.03:914][189]LogModuleManager: Shutting down and abandoning module DeviceProfileEditor (420)
[2017.11.28-22.01.03:914][189]LogModuleManager: Shutting down and abandoning module UndoHistory (418)
[2017.11.28-22.01.03:914][189]LogModuleManager: Shutting down and abandoning module XmlParser (416)
[2017.11.28-22.01.03:914][189]LogModuleManager: Shutting down and abandoning module Blutility (414)
[2017.11.28-22.01.03:914][189]LogModuleManager: Shutting down and abandoning module ProjectSettingsViewer (412)
[2017.11.28-22.01.03:914][189]LogModuleManager: Shutting down and abandoning module ProjectTargetPlatformEditor (411)
[2017.11.28-22.01.03:914][189]LogModuleManager: Shutting down and abandoning module EditorSettingsViewer (408)
[2017.11.28-22.01.03:915][189]LogModuleManager: Shutting down and abandoning module SettingsEditor (406)
[2017.11.28-22.01.03:915][189]LogModuleManager: Shutting down and abandoning module ProjectLauncher (404)
[2017.11.28-22.01.03:915][189]LogModuleManager: Shutting down and abandoning module SessionFrontend (402)
[2017.11.28-22.01.03:915][189]LogModuleManager: Shutting down and abandoning module ProfilerClient (400)
[2017.11.28-22.01.03:915][189]LogModuleManager: Shutting down and abandoning module DeviceManager (398)
[2017.11.28-22.01.03:915][189]LogModuleManager: Shutting down and abandoning module TargetDeviceServices (397)
[2017.11.28-22.01.03:980][189]LogModuleManager: Shutting down and abandoning module AutomationController (394)
[2017.11.28-22.01.03:980][189]LogModuleManager: Shutting down and abandoning module AutomationWindow (392)
[2017.11.28-22.01.03:981][189]LogModuleManager: Shutting down and abandoning module Layers (390)
[2017.11.28-22.01.03:982][189]LogModuleManager: Shutting down and abandoning module ComponentVisualizers (388)
[2017.11.28-22.01.03:982][189]LogModuleManager: Shutting down and abandoning module DetailCustomizations (386)
[2017.11.28-22.01.03:982][189]LogModuleManager: Shutting down and abandoning module PackagesDialog (384)
[2017.11.28-22.01.03:982][189]LogModuleManager: Shutting down and abandoning module Persona (382)
[2017.11.28-22.01.03:983][189]LogModuleManager: Shutting down and abandoning module AdvancedPreviewScene (381)
[2017.11.28-22.01.03:983][189]LogModuleManager: Shutting down and abandoning module AnimGraph (379)
[2017.11.28-22.01.03:983][189]LogModuleManager: Shutting down and abandoning module Kismet (376)
[2017.11.28-22.01.03:992][189]LogModuleManager: Shutting down and abandoning module ClassViewer (374)
[2017.11.28-22.01.03:994][189]LogModuleManager: Shutting down and abandoning module Toolbox (372)
[2017.11.28-22.01.03:995][189]LogModuleManager: Shutting down and abandoning module ModuleUI (370)
[2017.11.28-22.01.03:995][189]LogModuleManager: Shutting down and abandoning module MovieSceneTools (368)
[2017.11.28-22.01.03:996][189]LogModuleManager: Shutting down and abandoning module OutputLog (366)
[2017.11.28-22.01.03:996][189]LogModuleManager: Shutting down and abandoning module GammaUI (364)
[2017.11.28-22.01.03:996][189]LogModuleManager: Shutting down and abandoning module Documentation (362)
[2017.11.28-22.01.03:997][189]LogModuleManager: Shutting down and abandoning module MovieSceneTracks (360)
[2017.11.28-22.01.03:997][189]LogModuleManager: Shutting down and abandoning module MovieScene (358)
[2017.11.28-22.01.03:997][189]LogModuleManager: Shutting down and abandoning module Niagara (356)
[2017.11.28-22.01.03:997][189]LogModuleManager: Shutting down and abandoning module NiagaraEditor (355)
[2017.11.28-22.01.03:997][189]LogModuleManager: Shutting down and abandoning module StreamingPauseRendering (352)
[2017.11.28-22.01.03:997][189]LogModuleManager: Shutting down and abandoning module LauncherPlatform (350)
[2017.11.28-22.01.03:997][189]LogModuleManager: Shutting down and abandoning module AnalyticsET (348)
[2017.11.28-22.01.03:997][189]LogModuleManager: Shutting down and abandoning module PortalServices (346)
[2017.11.28-22.01.03:997][189]LogModuleManager: Shutting down and abandoning module PortalRpc (344)
[2017.11.28-22.01.03:997][189]LogModuleManager: Shutting down and abandoning module MessagingRpc (342)
[2017.11.28-22.01.03:997][189]LogModuleManager: Shutting down and abandoning module AIModule (340)
[2017.11.28-22.01.03:997][189]LogModuleManager: Shutting down and abandoning module GameplayDebugger (339)
[2017.11.28-22.01.03:997][189]LogModuleManager: Shutting down and abandoning module AITestSuite (337)
[2017.11.28-22.01.03:997][189]LogModuleManager: Shutting down and abandoning module ProfilerService (334)
[2017.11.28-22.01.04:117][189]LogModuleManager: Shutting down and abandoning module TaskGraph (332)
[2017.11.28-22.01.04:118][189]LogModuleManager: Shutting down and abandoning module SteamVRController (330)
[2017.11.28-22.01.04:118][189]LogModuleManager: Shutting down and abandoning module ProceduralMeshComponentEditor (328)
[2017.11.28-22.01.04:119][189]LogModuleManager: Shutting down and abandoning module ProceduralMeshComponent (326)
[2017.11.28-22.01.04:119][189]LogModuleManager: Shutting down and abandoning module OculusInput (324)
[2017.11.28-22.01.04:119][189]LogModuleManager: Shutting down and abandoning module MobilePatchingUtils (322)
[2017.11.28-22.01.04:119][189]LogModuleManager: Shutting down and abandoning module CustomMeshComponent (320)
[2017.11.28-22.01.04:119][189]LogModuleManager: Shutting down and abandoning module CableComponent (318)
[2017.11.28-22.01.04:119][189]LogModuleManager: Shutting down and abandoning module ArchVisCharacter (316)
[2017.11.28-22.01.04:119][189]LogModuleManager: Shutting down and abandoning module AndroidPermission (314)
[2017.11.28-22.01.04:119][189]LogModuleManager: Shutting down and abandoning module MediaPlayerEditor (310)
[2017.11.28-22.01.04:119][189]LogModuleManager: Shutting down and abandoning module HTML5Networking (308)
[2017.11.28-22.01.04:119][189]LogModuleManager: Shutting down and abandoning module AlembicImporter (306)
[2017.11.28-22.01.04:120][189]LogModuleManager: Shutting down and abandoning module AlembicLibrary (305)
[2017.11.28-22.01.04:120][189]LogModuleManager: Shutting down and abandoning module GeometryCache (304)
[2017.11.28-22.01.04:120][189]LogModuleManager: Shutting down and abandoning module GeometryCacheEd (303)
[2017.11.28-22.01.04:120][189]LogModuleManager: Shutting down and abandoning module SpeedTreeImporter (298)
[2017.11.28-22.01.04:120][189]LogModuleManager: Shutting down and abandoning module PluginBrowser (296)
[2017.11.28-22.01.04:120][189]LogModuleManager: Shutting down and abandoning module MobileLauncherProfileWizard (294)
[2017.11.28-22.01.04:121][189]LogModuleManager: Shutting down and abandoning module VisualStudioSourceCodeAccess (292)
[2017.11.28-22.01.04:121][189]LogModuleManager: Shutting down and abandoning module DesktopPlatform (291)
[2017.11.28-22.01.04:121][189]LogModuleManager: Shutting down and abandoning module UObjectPlugin (288)
[2017.11.28-22.01.04:121][189]LogModuleManager: Shutting down and abandoning module SubversionSourceControl (286)
[2017.11.28-22.01.04:121][189]LogModuleManager: Shutting down and abandoning module PerforceSourceControl (284)
[2017.11.28-22.01.04:121][189]LogModuleManager: Shutting down and abandoning module GitSourceControl (282)
[2017.11.28-22.01.04:121][189]LogModuleManager: Shutting down and abandoning module SourceControl (281)
[2017.11.28-22.01.04:121][189]LogModuleManager: Shutting down and abandoning module LightPropagationVolumeEditor (278)
[2017.11.28-22.01.04:121][189]LogModuleManager: Shutting down and abandoning module PaperTiledImporter (276)
[2017.11.28-22.01.04:121][189]LogModuleManager: Shutting down and abandoning module PaperSpriteSheetImporter (274)
[2017.11.28-22.01.04:121][189]LogModuleManager: Shutting down and abandoning module Paper2DEditor (272)
[2017.11.28-22.01.04:121][189]LogModuleManager: Shutting down and abandoning module MeshPaint (271)
[2017.11.28-22.01.04:121][189]LogModuleManager: Shutting down and abandoning module LevelEditor (269)
[2017.11.28-22.01.04:122][189]LogModuleManager: Shutting down and abandoning module PixelInspectorModule (268)
[2017.11.28-22.01.04:122][189]LogModuleManager: Shutting down and abandoning module MainFrame (266)
[2017.11.28-22.01.04:122][189]LogModuleManager: Shutting down and abandoning module HotReload (265)
[2017.11.28-22.01.04:123][189]LogModuleManager: Shutting down and abandoning module RuntimePhysXCooking (260)
[2017.11.28-22.01.04:123][189]LogModuleManager: Shutting down and abandoning module PhysXVehiclesEditor (258)
[2017.11.28-22.01.04:123][189]LogModuleManager: Shutting down and abandoning module PhysXVehicles (256)
[2017.11.28-22.01.04:123][189]LogModuleManager: Shutting down and abandoning module OculusEditor (254)
[2017.11.28-22.01.04:123][189]LogModuleManager: Shutting down and abandoning module LocationServicesBPLibrary (252)
[2017.11.28-22.01.04:123][189]LogModuleManager: Shutting down and abandoning module ImmediatePhysicsEditor (250)
[2017.11.28-22.01.04:123][189]LogModuleManager: Shutting down and abandoning module ImmediatePhysics (248)
[2017.11.28-22.01.04:123][189]LogModuleManager: Shutting down and abandoning module UdpMessaging (246)
[2017.11.28-22.01.04:223][189]LogModuleManager: Shutting down and abandoning module TcpMessaging (244)
[2017.11.28-22.01.04:324][189]LogModuleManager: Shutting down and abandoning module GameplayTagsEditor (242)
[2017.11.28-22.01.04:558][189]LogModuleManager: Shutting down and abandoning module FacialAnimationEditor (240)
[2017.11.28-22.01.04:558][189]LogModuleManager: Shutting down and abandoning module FacialAnimation (238)
[2017.11.28-22.01.04:558][189]LogModuleManager: Shutting down and abandoning module AssetManagerEditor (236)
[2017.11.28-22.01.04:558][189]LogModuleManager: Shutting down and abandoning module GraphEditor (235)
[2017.11.28-22.01.04:558][189]LogModuleManager: Shutting down and abandoning module ContentBrowser (233)
[2017.11.28-22.01.04:560][189]LogModuleManager: Shutting down and abandoning module LightPropagationVolumeRuntime (230)
[2017.11.28-22.01.04:560][189]LogModuleManager: Shutting down and abandoning module Paper2D (228)
[2017.11.28-22.01.04:560][189]LogModuleManager: Shutting down and abandoning module WindowsMoviePlayer (226)
[2017.11.28-22.01.04:560][189]LogModuleManager: Shutting down and abandoning module WmfMedia (224)
[2017.11.28-22.01.04:564][189]LogModuleManager: Shutting down and abandoning module PacketHandler (222)
[2017.11.28-22.01.04:564][189]LogModuleManager: Shutting down and abandoning module ClothingSystemEditor (220)
[2017.11.28-22.01.04:564][189]LogModuleManager: Shutting down and abandoning module ClothingSystemRuntime (218)
[2017.11.28-22.01.04:565][189]LogModuleManager: Shutting down and abandoning module Overlay (216)
[2017.11.28-22.01.04:565][189]LogModuleManager: Shutting down and abandoning module OverlayEditor (215)
[2017.11.28-22.01.04:565][189]LogModuleManager: Shutting down and abandoning module MediaAssets (212)
[2017.11.28-22.01.04:565][189]LogModuleManager: Shutting down and abandoning module VREditor (210)
[2017.11.28-22.01.04:565][189]LogModuleManager: Shutting down and abandoning module StringTableEditor (208)
[2017.11.28-22.01.04:565][189]LogModuleManager: Shutting down and abandoning module GameplayTasksEditor (206)
[2017.11.28-22.01.04:565][189]LogModuleManager: Shutting down and abandoning module BehaviorTreeEditor (204)
[2017.11.28-22.01.04:567][189]LogModuleManager: Shutting down and abandoning module FunctionalTesting (202)
[2017.11.28-22.01.04:567][189]LogModuleManager: Shutting down and abandoning module CollisionAnalyzer (200)
[2017.11.28-22.01.04:567][189]LogModuleManager: Shutting down and abandoning module WorkspaceMenuStructure (199)
[2017.11.28-22.01.04:567][189]LogModuleManager: Shutting down and abandoning module UMG (196)
[2017.11.28-22.01.04:567][189]LogModuleManager: Shutting down and abandoning module UMGEditor (195)
[2017.11.28-22.01.04:567][189]LogModuleManager: Shutting down and abandoning module Sequencer (194)
[2017.11.28-22.01.04:569][189]LogModuleManager: Shutting down and abandoning module MessageLog (191)
[2017.11.28-22.01.04:569][189]LogModuleManager: Shutting down and abandoning module SlateReflector (186)
[2017.11.28-22.01.04:570][189]LogModuleManager: Shutting down and abandoning module Slate (184)
[2017.11.28-22.01.04:570][189]LogModuleManager: Shutting down and abandoning module EditorStyle (182)
[2017.11.28-22.01.04:574][189]LogModuleManager: Shutting down and abandoning module MRMesh (180)
[2017.11.28-22.01.04:574][189]LogModuleManager: Shutting down and abandoning module SourceCodeAccess (178)
[2017.11.28-22.01.04:575][189]LogModuleManager: Shutting down and abandoning module HeadMountedDisplay (176)
[2017.11.28-22.01.04:575][189]LogModuleManager: Shutting down and abandoning module XAudio2 (174)
[2017.11.28-22.01.04:575][189]LogModuleManager: Shutting down and abandoning module Networking (172)
[2017.11.28-22.01.04:575][189]LogModuleManager: Shutting down and abandoning module Core (168)
[2017.11.28-22.01.04:575][189]LogModuleManager: Shutting down and abandoning module KismetCompiler (164)
[2017.11.28-22.01.04:575][189]LogModuleManager: Shutting down and abandoning module LevelSequence (162)
[2017.11.28-22.01.04:575][189]LogModuleManager: Shutting down and abandoning module MeshUtilities (160)
[2017.11.28-22.01.04:575][189]LogModuleManager: Shutting down and abandoning module MeshMergeUtilities (159)
[2017.11.28-22.01.04:576][189]LogModuleManager: Shutting down and abandoning module MeshReductionInterface (158)
[2017.11.28-22.01.04:576][189]LogModuleManager: Shutting down and abandoning module SimplygonSwarm (157)
[2017.11.28-22.01.04:576][189]LogModuleManager: Shutting down and abandoning module SimplygonMeshReduction (155)
[2017.11.28-22.01.04:576][189]LogModuleManager: Shutting down and abandoning module QuadricMeshReduction (153)
[2017.11.28-22.01.04:577][189]LogModuleManager: Shutting down and abandoning module MaterialBaking (149)
[2017.11.28-22.01.04:577][189]LogModuleManager: Shutting down and abandoning module DirectoryWatcher (146)
[2017.11.28-22.01.04:578][189]LogModuleManager: Shutting down and abandoning module DerivedDataCache (144)
[2017.11.28-22.01.04:653][189]LogDerivedDataCache: Shutdown
[2017.11.28-22.01.04:653][189]LogModuleManager: Shutting down and abandoning module TargetPlatform (142)
[2017.11.28-22.01.04:653][189]LogModuleManager: Shutting down and abandoning module VulkanShaderFormat (141)
[2017.11.28-22.01.04:653][189]LogModuleManager: Shutting down and abandoning module ShaderFormatVectorVM (139)
[2017.11.28-22.01.04:655][189]LogModuleManager: Shutting down and abandoning module ShaderFormatOpenGL (137)
[2017.11.28-22.01.04:656][189]LogModuleManager: Shutting down and abandoning module ShaderFormatD3D (135)
[2017.11.28-22.01.04:656][189]LogModuleManager: Shutting down and abandoning module MetalShaderFormat (133)
[2017.11.28-22.01.04:656][189]LogModuleManager: Shutting down and abandoning module TextureFormatUncompressed (131)
[2017.11.28-22.01.04:656][189]LogModuleManager: Shutting down and abandoning module TextureFormatPVR (129)
[2017.11.28-22.01.04:656][189]LogModuleManager: Shutting down and abandoning module TextureFormatDXT (127)
[2017.11.28-22.01.04:656][189]LogModuleManager: Shutting down and abandoning module TextureFormatIntelISPCTexComp (125)
[2017.11.28-22.01.04:656][189]LogModuleManager: Shutting down and abandoning module TextureFormatASTC (123)
[2017.11.28-22.01.04:656][189]LogModuleManager: Shutting down and abandoning module ImageWrapper (122)
[2017.11.28-22.01.04:656][189]LogModuleManager: Shutting down and abandoning module TextureFormatAndroid (119)
[2017.11.28-22.01.04:656][189]LogModuleManager: Shutting down and abandoning module AudioFormatOpus (117)
[2017.11.28-22.01.04:656][189]LogModuleManager: Shutting down and abandoning module AudioFormatOgg (115)
[2017.11.28-22.01.04:656][189]LogModuleManager: Shutting down and abandoning module AudioFormatADPCM (113)
[2017.11.28-22.01.04:656][189]LogModuleManager: Shutting down and abandoning module LinuxTargetPlatform (111)
[2017.11.28-22.01.04:656][189]LogModuleManager: Shutting down and abandoning module LinuxServerTargetPlatform (109)
[2017.11.28-22.01.04:656][189]LogModuleManager: Shutting down and abandoning module LinuxNoEditorTargetPlatform (107)
[2017.11.28-22.01.04:656][189]LogModuleManager: Shutting down and abandoning module LinuxClientTargetPlatform (105)
[2017.11.28-22.01.04:656][189]LogModuleManager: Shutting down and abandoning module TVOSTargetPlatform (103)
[2017.11.28-22.01.04:656][189]LogModuleManager: Shutting down and abandoning module Messaging (101)
[2017.11.28-22.01.04:656][189]LogModuleManager: Shutting down and abandoning module IOSTargetPlatform (99)
[2017.11.28-22.01.04:656][189]LogModuleManager: Shutting down and abandoning module HTML5TargetPlatform (97)
[2017.11.28-22.01.04:656][189]LogModuleManager: Shutting down and abandoning module Android_PVRTCTargetPlatform (95)
[2017.11.28-22.01.04:656][189]LogModuleManager: Shutting down and abandoning module Android_MultiTargetPlatform (93)
[2017.11.28-22.01.04:656][189]LogModuleManager: Shutting down and abandoning module Android_ETC2TargetPlatform (91)
[2017.11.28-22.01.04:656][189]LogModuleManager: Shutting down and abandoning module Android_ETC1TargetPlatform (89)
[2017.11.28-22.01.04:656][189]LogModuleManager: Shutting down and abandoning module Android_DXTTargetPlatform (87)
[2017.11.28-22.01.04:656][189]LogModuleManager: Shutting down and abandoning module Android_ATCTargetPlatform (85)
[2017.11.28-22.01.04:656][189]LogModuleManager: Shutting down and abandoning module Android_ASTCTargetPlatform (83)
[2017.11.28-22.01.04:656][189]LogModuleManager: Shutting down and abandoning module AndroidTargetPlatform (81)
[2017.11.28-22.01.04:656][189]LogModuleManager: Shutting down and abandoning module WindowsTargetPlatform (79)
[2017.11.28-22.01.04:656][189]LogModuleManager: Shutting down and abandoning module WindowsServerTargetPlatform (77)
[2017.11.28-22.01.04:656][189]LogModuleManager: Shutting down and abandoning module WindowsNoEditorTargetPlatform (75)
[2017.11.28-22.01.04:657][189]LogModuleManager: Shutting down and abandoning module WindowsClientTargetPlatform (73)
[2017.11.28-22.01.04:657][189]LogModuleManager: Shutting down and abandoning module MacTargetPlatform (71)
[2017.11.28-22.01.04:657][189]LogModuleManager: Shutting down and abandoning module MacServerTargetPlatform (69)
[2017.11.28-22.01.04:657][189]LogModuleManager: Shutting down and abandoning module MacNoEditorTargetPlatform (67)
[2017.11.28-22.01.04:657][189]LogModuleManager: Shutting down and abandoning module MacClientTargetPlatform (65)
[2017.11.28-22.01.04:657][189]LogModuleManager: Shutting down and abandoning module AllDesktopTargetPlatform (63)
[2017.11.28-22.01.04:657][189]LogModuleManager: Shutting down and abandoning module InputCore (60)
[2017.11.28-22.01.04:657][189]LogModuleManager: Shutting down and abandoning module Settings (58)
[2017.11.28-22.01.04:657][189]LogModuleManager: Shutting down and abandoning module PhysXCooking (56)
[2017.11.28-22.01.04:657][189]LogModuleManager: Shutting down and abandoning module SteamVR (54)
[2017.11.28-22.01.04:657][189]LogModuleManager: Shutting down and abandoning module OculusHMD (52)
[2017.11.28-22.01.04:657][189]LogModuleManager: Shutting down and abandoning module ExampleDeviceProfileSelector (50)
[2017.11.28-22.01.04:657][189]LogModuleManager: Shutting down and abandoning module OnlineBlueprintSupport (48)
[2017.11.28-22.01.04:657][189]LogModuleManager: Shutting down and abandoning module OnlineSubsystem (44)
[2017.11.28-22.01.04:657][189]LogOnline: Display: Unloading online subsystem: NULL
[2017.11.28-22.01.04:658][189]LogModuleManager: Shutting down and abandoning module XMPP (43)
[2017.11.28-22.01.04:658][189]LogModuleManager: Shutting down and abandoning module HTTP (41)
[2017.11.28-22.01.04:658][189]LogHttp: Display: Http module shutting down, but needs to wait on 1 outstanding Http requests:
[2017.11.28-22.01.04:658][189]LogHttp: Display: 	verb=[POST] url=[https://datarouter.ol.epicgames.com/datarouter/api/v1/public/data?SessionID=%7B1F840BBC-4A99-6492-19F0-CB8C639F4BB8%7D&AppID=UEEditor.Rocket.Release&AppVersion=4.17.1-3586342%2B%2B%2BUE4%2BRelease-4.17&UserID=b4a56ccb4dd6a24af49d89b199176ed0%7Cb348e3d6c98e4c6dba02336e4421d195%7Ced544f30-38c3-4c9c-bc9e-415ad5e7794b&AppEnvironment=datacollector-binary&UploadType=eteventstream] status=Processing
[2017.11.28-22.01.04:672][189]LogModuleManager: Shutting down and abandoning module SSL (40)
[2017.11.28-22.01.04:674][189]LogModuleManager: Shutting down and abandoning module AnimationModifiers (36)
[2017.11.28-22.01.04:674][189]LogModuleManager: Shutting down and abandoning module PropertyEditor (35)
[2017.11.28-22.01.04:674][189]LogModuleManager: Shutting down and abandoning module AudioEditor (32)
[2017.11.28-22.01.04:674][189]LogModuleManager: Shutting down and abandoning module TextureCompressor (30)
[2017.11.28-22.01.04:675][189]LogModuleManager: Shutting down and abandoning module ShaderCore (28)
[2017.11.28-22.01.04:675][189]LogModuleManager: Shutting down and abandoning module Landscape (26)
[2017.11.28-22.01.04:675][189]LogModuleManager: Shutting down and abandoning module SlateRHIRenderer (24)
[2017.11.28-22.01.04:677][189]LogModuleManager: Shutting down and abandoning module OpenGLDrv (22)
[2017.11.28-22.01.04:677][189]LogModuleManager: Shutting down and abandoning module D3D11RHI (20)
[2017.11.28-22.01.04:677][189]LogModuleManager: Shutting down and abandoning module AnimGraphRuntime (18)
[2017.11.28-22.01.04:677][189]LogModuleManager: Shutting down and abandoning module Renderer (16)
[2017.11.28-22.01.04:677][189]LogModuleManager: Shutting down and abandoning module Engine (14)
[2017.11.28-22.01.04:677][189]LogModuleManager: Shutting down and abandoning module CoreUObject (12)
[2017.11.28-22.01.04:678][189]LogModuleManager: Shutting down and abandoning module NetworkFile (10)
[2017.11.28-22.01.04:678][189]LogModuleManager: Shutting down and abandoning module CookedIterativeFile (8)
[2017.11.28-22.01.04:678][189]LogModuleManager: Shutting down and abandoning module StreamingFile (6)
[2017.11.28-22.01.04:678][189]LogModuleManager: Shutting down and abandoning module SandboxFile (4)
[2017.11.28-22.01.04:678][189]LogModuleManager: Shutting down and abandoning module PakFile (2)
[2017.11.28-22.01.04:680][189]LogExit: Exiting.
[2017.11.28-22.01.04:701][189]Log file closed, 11/28/17 18:01:04
