Log file open, 11/11/17 08:32:06
LogWindows: LoadLibraryWithSearchPaths failed for file aqProf.dll. GetLastError=0
LogWindows: LoadLibraryWithSearchPaths failed for file VSPerf140.dll. GetLastError=0
LogWindows: LoadLibraryWithSearchPaths failed for file VtuneApi.dll. GetLastError=0
LogWindows: LoadLibraryWithSearchPaths failed for file VtuneApi32e.dll. GetLastError=0
LogInit: Display: Running engine for game: InfiniteJumperMF
LogPlatformFile: Not using cached read wrapper
LogInit: Display: RandInit(762260477) SRandInit(762260477).
LogTaskGraph: Started task graph with 5 named threads and 14 total threads with 3 sets of task threads.
LogStats: Stats thread started at 0.227094
LogD3D11RHI: Aftermath initialized
LogPluginManager: Mounting plugin Paper2D
LogPluginManager: Mounting plugin LightPropagationVolume
LogPluginManager: Mounting plugin CodeLiteSourceCodeAccess
LogPluginManager: Mounting plugin GitSourceControl
LogPluginManager: Mounting plugin KDevelopSourceCodeAccess
LogPluginManager: Mounting plugin NullSourceCodeAccess
LogPluginManager: Mounting plugin PerforceSourceControl
LogPluginManager: Mounting plugin SubversionSourceControl
LogPluginManager: Mounting plugin UObjectPlugin
LogPluginManager: Mounting plugin VisualStudioSourceCodeAccess
LogPluginManager: Mounting plugin XCodeSourceCodeAccess
LogPluginManager: Mounting plugin AssetManagerEditor
LogPluginManager: Mounting plugin AudioCapture
LogPluginManager: Mounting plugin FacialAnimation
LogPluginManager: Mounting plugin GameplayTagsEditor
LogPluginManager: Mounting plugin MobileLauncherProfileWizard
LogPluginManager: Mounting plugin PluginBrowser
LogPluginManager: Mounting plugin SpeedTreeImporter
LogPluginManager: Mounting plugin AlembicImporter
LogPluginManager: Mounting plugin CharacterAI
LogPluginManager: Mounting plugin HTML5Networking
LogPluginManager: Mounting plugin AndroidMedia
LogPluginManager: Mounting plugin AvfMedia
LogPluginManager: Mounting plugin MediaPlayerEditor
LogPluginManager: Mounting plugin WmfMedia
LogPluginManager: Mounting plugin TcpMessaging
LogPluginManager: Mounting plugin UdpMessaging
LogPluginManager: Mounting plugin LevelSequenceEditor
LogPluginManager: Mounting plugin MatineeToLevelSequence
LogPluginManager: Mounting plugin OnlineSubsystemGooglePlay
LogPluginManager: Mounting plugin OnlineSubsystemIOS
LogPluginManager: Mounting plugin OnlineSubsystem
LogPluginManager: Mounting plugin OnlineSubsystemNull
LogPluginManager: Mounting plugin OnlineSubsystemUtils
LogPluginManager: Mounting plugin AndroidDeviceProfileSelector
LogPluginManager: Mounting plugin AndroidMoviePlayer
LogPluginManager: Mounting plugin AndroidPermission
LogPluginManager: Mounting plugin AppleMoviePlayer
LogPluginManager: Mounting plugin ArchVisCharacter
LogPluginManager: Mounting plugin CableComponent
LogPluginManager: Mounting plugin CustomMeshComponent
LogPluginManager: Mounting plugin ExampleDeviceProfileSelector
LogPluginManager: Mounting plugin GoogleCloudMessaging
LogPluginManager: Mounting plugin ImmediatePhysics
LogPluginManager: Mounting plugin IOSDeviceProfileSelector
LogPluginManager: Mounting plugin LinuxDeviceProfileSelector
LogPluginManager: Mounting plugin LocationServicesBPLibrary
LogPluginManager: Mounting plugin MobilePatchingUtils
LogPluginManager: Mounting plugin OculusVR
LogPluginManager: Mounting plugin PhysXVehicles
LogPluginManager: Mounting plugin ProceduralMeshComponent
LogPluginManager: Mounting plugin RuntimePhysXCooking
LogPluginManager: Mounting plugin SteamVR
LogPluginManager: Mounting plugin WindowsMoviePlayer
LogInit: Using libcurl 7.47.1
LogInit:  - built for x86_64-pc-win32
LogInit:  - supports SSL with OpenSSL/1.0.2g
LogInit:  - supports HTTP deflate (compression) using libz 1.2.8
LogInit:  - other features:
LogInit:      CURL_VERSION_SSL
LogInit:      CURL_VERSION_LIBZ
LogInit:      CURL_VERSION_IPV6
LogInit:      CURL_VERSION_ASYNCHDNS
LogInit:      CURL_VERSION_LARGEFILE
LogInit:      CURL_VERSION_IDN
LogInit:  CurlRequestOptions (configurable via config and command line):
LogInit:  - bVerifyPeer = false  - Libcurl will NOT verify peer certificate
LogInit:  - bUseHttpProxy = false  - Libcurl will NOT use HTTP proxy
LogInit:  - bDontReuseConnections = false  - Libcurl will reuse connections
LogInit:  - CertBundlePath = nullptr  - Libcurl will use whatever was configured at build time.
LogInit: Build: ++UE4+Release-4.17-CL-3586342
LogInit: Engine Version: 4.17.1-3586342+++UE4+Release-4.17
LogInit: Compatible Engine Version: 4.17.0-3573198+++UE4+Release-4.17
LogInit: Net CL: 3573198
LogDevObjectVersion: Number of dev versions registered: 16
LogDevObjectVersion:   Dev-Blueprints (B0D832E4-1F89-4F0D-ACCF-7EB736FD4AA2): 10
LogDevObjectVersion:   Dev-Build (E1C64328-A22C-4D53-A36C-8E866417BD8C): 0
LogDevObjectVersion:   Dev-Core (375EC13C-06E4-48FB-B500-84F0262A717E): 2
LogDevObjectVersion:   Dev-Editor (E4B068ED-F494-42E9-A231-DA0B2E46BB41): 20
LogDevObjectVersion:   Dev-Framework (CFFC743F-43B0-4480-9391-14DF171D2073): 28
LogDevObjectVersion:   Dev-Mobile (B02B49B5-BB20-44E9-A304-32B752E40360): 0
LogDevObjectVersion:   Dev-Networking (A4E4105C-59A1-49B5-A7C5-40C4547EDFEE): 0
LogDevObjectVersion:   Dev-Online (39C831C9-5AE6-47DC-9A44-9C173E1C8E7C): 0
LogDevObjectVersion:   Dev-Physics (78F01B33-EBEA-4F98-B9B4-84EACCB95AA2): 0
LogDevObjectVersion:   Dev-Platform (6631380F-2D4D-43E0-8009-CF276956A95A): 0
LogDevObjectVersion:   Dev-Rendering (12F88B9F-8875-4AFC-A67C-D90C383ABD29): 19
LogDevObjectVersion:   Dev-Sequencer (7B5AE74C-D270-4C10-A958-57980B212A5A): 4
LogDevObjectVersion:   Dev-VR (D7296918-1DD6-4BDD-9DE2-64A83CC13884): 0
LogDevObjectVersion:   Dev-LoadTimes (C2A15278-BFE7-4AFE-6C17-90FF531DF755): 1
LogDevObjectVersion:   Private-Geometry (6EACA3D4-40EC-4CC1-B786-8BED09428FC5): 1
LogDevObjectVersion:   Dev-AnimPhys (29E575DD-E0A3-4627-9D10-D276232CDCEA): 7
LogInit: Compiled (64-bit): Aug 15 2017 02:05:26
LogInit: Compiled with Visual C++: 19.00.24215.01
LogInit: Build Configuration: Development
LogInit: Branch Name: ++UE4+Release-4.17
LogInit: Command line:  
LogInit: Base directory: C:/Program Files/Epic Games/UE_4.17/Engine/Binaries/Win64/
LogInit: Installed Engine Build: 1
LogInit: Presizing for max 8388607 objects, including 0 objects not considered by GC, pre-allocating 0 bytes for permanent pool.
LogInit: Object subsystem initialized
[2017.11.11-12.32.08:345][  0]LogInit: Selected Device Profile: [Windows]
[2017.11.11-12.32.08:345][  0]LogInit: Applying CVar settings loaded from the selected device profile: [Windows]
[2017.11.11-12.32.08:470][  0]LogInit: Computer: LAPTOP-FV6L4TLG
[2017.11.11-12.32.08:470][  0]LogInit: User: kreye
[2017.11.11-12.32.08:470][  0]LogInit: CPU Page size=4096, Cores=4
[2017.11.11-12.32.08:470][  0]LogInit: High frequency timer resolution =2.339362 MHz
[2017.11.11-12.32.08:470][  0]LogMemory: Memory total: Physical=11.5GB (12GB approx)
[2017.11.11-12.32.08:470][  0]LogMemory: Platform Memory Stats for Windows
[2017.11.11-12.32.08:470][  0]LogMemory: Process Physical Memory: 277.90 MB used, 277.90 MB peak
[2017.11.11-12.32.08:470][  0]LogMemory: Process Virtual Memory: 274.46 MB used, 274.46 MB peak
[2017.11.11-12.32.08:470][  0]LogMemory: Physical Memory: 3268.77 MB used,  8474.35 MB free, 11743.12 MB total
[2017.11.11-12.32.08:470][  0]LogMemory: Virtual Memory: 668.02 MB used,  8474.35 MB free, 134217728.00 MB total
[2017.11.11-12.32.09:088][  0]LogInit: Using OS detected language (en-US).
[2017.11.11-12.32.09:088][  0]LogInit: Using OS detected locale (en-US).
[2017.11.11-12.32.09:272][  0]LogTextLocalizationManager: No specific localization for 'en-US' exists, so the 'en' localization will be used.
[2017.11.11-12.32.14:809][  0]LogD3D11RHI: D3D11 adapters:
[2017.11.11-12.32.14:843][  0]LogD3D11RHI:    0. 'AMD Radeon(TM) R5 Graphics' (Feature Level 11_0)
[2017.11.11-12.32.14:843][  0]LogD3D11RHI:       499/0/5871 MB DedicatedVideo/DedicatedSystem/SharedSystem, Outputs:1, VendorId:0x1002
[2017.11.11-12.32.14:846][  0]LogD3D11RHI:    1. 'Microsoft Basic Render Driver' (Feature Level 11_0)
[2017.11.11-12.32.14:846][  0]LogD3D11RHI:       0/0/5871 MB DedicatedVideo/DedicatedSystem/SharedSystem, Outputs:0, VendorId:0x1414
[2017.11.11-12.32.14:846][  0]LogD3D11RHI: Chosen D3D11 Adapter: 0
[2017.11.11-12.32.14:854][  0]LogD3D11RHI: Creating new Direct3DDevice
[2017.11.11-12.32.14:854][  0]LogD3D11RHI:     GPU DeviceId: 0x9874 (for the marketing name, search the web for "GPU Device Id")
[2017.11.11-12.32.14:854][  0]LogWindows: EnumDisplayDevices:
[2017.11.11-12.32.14:854][  0]LogWindows:    0. 'AMD Radeon(TM) R5 Graphics' (P:1 D:1)
[2017.11.11-12.32.14:855][  0]LogWindows:    1. 'AMD Radeon(TM) R5 Graphics' (P:0 D:0)
[2017.11.11-12.32.14:855][  0]LogWindows:    2. 'AMD Radeon(TM) R5 Graphics' (P:0 D:0)
[2017.11.11-12.32.14:856][  0]LogWindows: DebugString: FoundDriverCount:3 
[2017.11.11-12.32.14:856][  0]LogD3D11RHI:     Adapter Name: AMD Radeon(TM) R5 Graphics
[2017.11.11-12.32.14:856][  0]LogD3D11RHI:   Driver Version: Crimson 16.6 (internal:16.300.2701.0, unified:16.300.2701.0)
[2017.11.11-12.32.14:856][  0]LogD3D11RHI:      Driver Date: 8-9-2016
[2017.11.11-12.32.14:856][  0]LogRHI: Texture pool is 349 MB (70% of 499 MB)
[2017.11.11-12.32.14:986][  0]LogD3D11RHI: Async texture creation enabled
[2017.11.11-12.32.15:011][  0]LogD3D11RHI: GPU Timing Frequency: 100.000000 (Debug: 2 1)
[2017.11.11-12.32.15:014][  0]LogShaderCompilers: Guid format shader working directory is -14 characters bigger than the processId version (G:/Unreal Projects/Capstone/InfiniteJumper4.17 - Master File/Intermediate/Shaders/WorkingDirectory/1532/).
[2017.11.11-12.32.15:014][  0]LogShaderCompilers: Cleaned the shader compiler working directory 'C:/Users/kreye/AppData/Local/Temp/UnrealShaderWorkingDir/04898F8343AA2AF067EF75BE0C809452/'.
[2017.11.11-12.32.15:014][  0]LogShaderCompilers: Display: Using Local Shader Compiler.
[2017.11.11-12.32.19:984][  0]LogTemp: Display: Loaded TP AllDesktopTargetPlatform
[2017.11.11-12.32.20:099][  0]LogTemp: Display: Loaded TP MacClientTargetPlatform
[2017.11.11-12.32.20:211][  0]LogTemp: Display: Loaded TP MacNoEditorTargetPlatform
[2017.11.11-12.32.20:328][  0]LogTemp: Display: Loaded TP MacServerTargetPlatform
[2017.11.11-12.32.20:472][  0]LogTemp: Display: Loaded TP MacTargetPlatform
[2017.11.11-12.32.20:580][  0]LogTemp: Display: Loaded TP WindowsClientTargetPlatform
[2017.11.11-12.32.20:701][  0]LogTemp: Display: Loaded TP WindowsNoEditorTargetPlatform
[2017.11.11-12.32.20:819][  0]LogTemp: Display: Loaded TP WindowsServerTargetPlatform
[2017.11.11-12.32.20:920][  0]LogTemp: Display: Loaded TP WindowsTargetPlatform
[2017.11.11-12.32.21:039][  0]LogTemp: Display: Loaded TP AndroidTargetPlatform
[2017.11.11-12.32.21:155][  0]LogTemp: Display: Loaded TP Android_ASTCTargetPlatform
[2017.11.11-12.32.21:265][  0]LogTemp: Display: Loaded TP Android_ATCTargetPlatform
[2017.11.11-12.32.21:384][  0]LogTemp: Display: Loaded TP Android_DXTTargetPlatform
[2017.11.11-12.32.21:490][  0]LogTemp: Display: Loaded TP Android_ETC1TargetPlatform
[2017.11.11-12.32.21:598][  0]LogTemp: Display: Loaded TP Android_ETC2TargetPlatform
[2017.11.11-12.32.21:819][  0]LogTemp: Display: Loaded TP Android_MultiTargetPlatform
[2017.11.11-12.32.21:819][  0]LogTemp: Display: Loaded TP Android_PVRTCTargetPlatform
[2017.11.11-12.32.21:914][  0]LogTemp: Display: Loaded TP HTML5TargetPlatform
[2017.11.11-12.32.22:113][  0]LogTemp: Display: Loaded TP IOSTargetPlatform
[2017.11.11-12.32.22:181][  0]LogTemp: Display: Loaded TP TVOSTargetPlatform
[2017.11.11-12.32.22:290][  0]LogTemp: Display: Loaded TP LinuxClientTargetPlatform
[2017.11.11-12.32.22:407][  0]LogTemp: Display: Loaded TP LinuxNoEditorTargetPlatform
[2017.11.11-12.32.22:520][  0]LogTemp: Display: Loaded TP LinuxServerTargetPlatform
[2017.11.11-12.32.22:645][  0]LogTemp: Display: Loaded TP LinuxTargetPlatform
[2017.11.11-12.32.22:645][  0]LogTargetPlatformManager: Display: Building Assets For Windows
[2017.11.11-12.32.23:876][  0]LogDerivedDataCache: Display: Max Cache Size: 512 MB
[2017.11.11-12.32.24:093][  0]LogDerivedDataCache: Loaded boot cache 0.22s 93MB C:/Users/kreye/AppData/Local/UnrealEngine/4.17/DerivedDataCache/Boot.ddc.
[2017.11.11-12.32.24:093][  0]LogDerivedDataCache: Display: Loaded Boot cache: C:/Users/kreye/AppData/Local/UnrealEngine/4.17/DerivedDataCache/Boot.ddc
[2017.11.11-12.32.24:094][  0]LogDerivedDataCache: FDerivedDataBackendGraph:  Pak pak cache file G:/Unreal Projects/Capstone/InfiniteJumper4.17 - Master File/DerivedDataCache/DDC.ddp not found, will not use a pak cache.
[2017.11.11-12.32.24:094][  0]LogDerivedDataCache: Unable to find inner node Pak for hierarchical cache Hierarchy.
[2017.11.11-12.32.24:094][  0]LogDerivedDataCache: FDerivedDataBackendGraph:  CompressedPak pak cache file G:/Unreal Projects/Capstone/InfiniteJumper4.17 - Master File/DerivedDataCache/Compressed.ddp not found, will not use a pak cache.
[2017.11.11-12.32.24:094][  0]LogDerivedDataCache: Unable to find inner node CompressedPak for hierarchical cache Hierarchy.
[2017.11.11-12.32.24:138][  0]LogDerivedDataCache: Display: Pak cache opened for reading ../../../Engine/DerivedDataCache/Compressed.ddp.
[2017.11.11-12.32.24:153][  0]LogDerivedDataCache: Using Local data cache path C:/Users/kreye/AppData/Local/UnrealEngine/Common/DerivedDataCache: Writable
[2017.11.11-12.32.24:174][  0]LogMaterial: Verifying Global Shaders for PCD3D_SM5
[2017.11.11-12.32.24:175][  0]LogSlate: Using Freetype 2.6.0
[2017.11.11-12.32.24:206][  0]LogSlate: SlateFontCache - WITH_FREETYPE: 1, WITH_HARFBUZZ: 1
[2017.11.11-12.32.24:206][  0]LogSlate: SlateFontCache - WITH_FREETYPE: 1, WITH_HARFBUZZ: 1
[2017.11.11-12.32.25:120][  0]LogAssetRegistry: FAssetRegistry took 0.0295 seconds to start up
[2017.11.11-12.32.25:399][  0]LogInit: Selected Device Profile: [Windows]
[2017.11.11-12.32.26:553][  0]LogSimplygon: Simplygon DLL not present - disabling.
[2017.11.11-12.32.26:652][  0]LogMeshReduction: Using SimplygonSwarm for distributed automatic mesh merging
[2017.11.11-12.32.26:653][  0]LogMeshReduction: Using QuadricMeshReduction for automatic static mesh reduction
[2017.11.11-12.32.26:653][  0]LogMeshReduction: No automatic skeletal mesh reduction module available
[2017.11.11-12.32.26:653][  0]LogMeshReduction: No automatic mesh merging module available
[2017.11.11-12.32.26:653][  0]LogMeshMerging: No automatic mesh merging module available
[2017.11.11-12.32.26:671][  0]LogContentStreaming: Texture pool size is 0.00 MB
[2017.11.11-12.32.27:924][  0]LogNetVersion: InfiniteJumperMF , NetCL: 3573198, EngineNetVer: 2, GameNetVer: 0 (Checksum: 767604215)
[2017.11.11-12.32.29:099][  0]LogPackageLocalizationCache: Processed 5 localized package path(s) for 2 prioritized culture(s) in 0.446187 seconds
[2017.11.11-12.32.29:113][  0]LogUObjectArray: 35825 objects as part of root set at end of initial load.
[2017.11.11-12.32.29:113][  0]LogUObjectAllocator: 7529104 out of 0 bytes used by permanent object pool.
[2017.11.11-12.32.29:113][  0]LogUObjectArray: CloseDisregardForGC: 0/0 objects in disregard for GC pool
[2017.11.11-12.32.29:281][  0]LogInit: WinSock: version 1.1 (2.2), MaxSocks=32767, MaxUdp=65467
[2017.11.11-12.32.39:073][  0]LogTcpMessaging: Initializing TcpMessaging bridge
[2017.11.11-12.32.39:151][  0]LogUdpMessaging: Initializing bridge on interface 0.0.0.0:0 to multicast group 230.0.0.1:6666.
[2017.11.11-12.32.40:719][  0]LogMaterial: Uniform references updated for custom material expression Custom.
[2017.11.11-12.32.41:723][  0]SourceControl: Source control is disabled
[2017.11.11-12.32.41:723][  0]SourceControl: Source control is disabled
[2017.11.11-12.32.41:826][  0]SourceControl: Source control is disabled
[2017.11.11-12.32.41:927][  0]SourceControl: Source control is disabled
[2017.11.11-12.32.43:269][  0]LogAndroidPermission: UAndroidPermissionCallbackProxy::GetInstance
[2017.11.11-12.32.43:817][  0]LogOcInput: OculusInput pre-init called
[2017.11.11-12.32.44:411][  0]LogEngine: Initializing Engine...
[2017.11.11-12.32.44:414][  0]LogHMD: Failed to initialize OpenVR with code 110
[2017.11.11-12.32.45:172][  0]LogStats: UGameplayTagsManager::ConstructGameplayTagTree: Construct from data asset -  0.000 s
[2017.11.11-12.32.45:172][  0]LogStats: UGameplayTagsManager::ConstructGameplayTagTree: GameplayTagTreeChangedEvent.Broadcast -  0.000 s
[2017.11.11-12.32.45:469][  0]LogAIModule: Creating AISystem for world Untitled
[2017.11.11-12.32.45:480][  0]LogInit: XAudio2 using 'Speaker/Headphone (Realtek High Definition Audio)' : 2 channels at 48 kHz using 32 bits per sample (channel mask 0x3)
[2017.11.11-12.32.45:711][  0]LogInit: FAudioDevice initialized.
[2017.11.11-12.32.46:130][  0]LogDerivedDataCache: Saved boot cache 0.42s 93MB C:/Users/kreye/AppData/Local/UnrealEngine/4.17/DerivedDataCache/Boot.ddc.
[2017.11.11-12.32.46:166][  0]LogInit: Texture streaming: Enabled
[2017.11.11-12.32.46:449][  0]LogEngineSessionManager: EngineSessionManager initialized
[2017.11.11-12.32.46:975][  0]LogInit: Transaction tracking system initialized
[2017.11.11-12.32.47:691][  0]BlueprintLog: New page: Editor Load
[2017.11.11-12.32.49:750][  0]LocalizationService: Localization service is disabled
[2017.11.11-12.32.51:391][  0]LogConsoleResponse: Display: 
[2017.11.11-12.32.52:139][  0]LogCook: Display: Max memory allowance for cook 16384mb min free memory 0mb
[2017.11.11-12.32.52:139][  0]LogCook: Display: Mobile HDR setting 1
[2017.11.11-12.32.52:139][  0]LogGameplayTags: Display: UGameplayTagsManager::DoneAddingNativeTags. DelegateIsBound: 0
[2017.11.11-12.32.53:068][  0]LogFileCache: Scanning file cache for directory 'G:/Unreal Projects/Capstone/InfiniteJumper4.17 - Master File/Content/' took 0.03s
[2017.11.11-12.32.54:706][  0]SourceControl: Source control is disabled
[2017.11.11-12.32.54:707][  0]Cmd: MAP LOAD FILE="G:/Unreal Projects/Capstone/InfiniteJumper4.17 - Master File/Content/SideScrollerBP/Maps/InfiniteJumper.umap" TEMPLATE=0 SHOWPROGRESS=1 FEATURELEVEL=3
[2017.11.11-12.32.54:708][  0]LightingResults: New page: Lighting Build
[2017.11.11-12.32.54:805][  0]MapCheck: New page: Map Check
[2017.11.11-12.32.54:805][  0]LightingResults: New page: Lighting Build
[2017.11.11-12.32.55:430][  0]LogBlueprint: Warning: [HighScoreSaveSlot] 'UserIndex' variable not found. Base class was probably changed.
[2017.11.11-12.32.57:459][  0]LogAIModule: Creating AISystem for world InfiniteJumper
[2017.11.11-12.32.57:486][  0]LogEditorServer: Finished looking for orphan Actors (0.000 secs)
[2017.11.11-12.32.57:710][  0]Cmd: MAP CHECKDEP NOCLEARLOG
[2017.11.11-12.32.57:852][  0]MapCheck: Map check complete: 0 Error(s), 0 Warning(s), took 141.095ms to complete.
[2017.11.11-12.32.57:852][  0]LogFileHelpers: Loading map 'InfiniteJumper' took 3.146
[2017.11.11-12.32.58:135][  0]LogCollectionManager: Loaded 0 collections in 0.003181 seconds
[2017.11.11-12.32.58:278][  0]LogFileCache: Scanning file cache for directory 'G:/Unreal Projects/Capstone/InfiniteJumper4.17 - Master File/Saved/Collections/' took 0.01s
[2017.11.11-12.32.58:278][  0]LogFileCache: Scanning file cache for directory 'G:/Unreal Projects/Capstone/InfiniteJumper4.17 - Master File/Content/Developers/kreye/Collections/' took 0.01s
[2017.11.11-12.32.58:278][  0]LogFileCache: Scanning file cache for directory 'G:/Unreal Projects/Capstone/InfiniteJumper4.17 - Master File/Content/Collections/' took 0.01s
[2017.11.11-12.32.58:278][  0]LogCollectionManager: Rebuilt the GUID cache for 0 collections in 0.000001 seconds
[2017.11.11-12.32.58:296][  0]LogContentBrowser: Native class hierarchy populated in 0.0173 seconds. Added 2386 classes and 500 folders.
[2017.11.11-12.32.58:462][  0]LogContentBrowser: Native class hierarchy updated for 'WidgetCarousel' in 0.0016 seconds. Added 0 classes and 0 folders.
[2017.11.11-12.32.59:039][  0]LogContentBrowser: Native class hierarchy updated for 'AddContentDialog' in 0.0018 seconds. Added 0 classes and 0 folders.
[2017.11.11-12.32.59:142][  0]LogContentBrowser: Native class hierarchy updated for 'SceneOutliner' in 0.0016 seconds. Added 1 classes and 2 folders.
[2017.11.11-12.32.59:191][  0]LogSlate: Took 0.007876 seconds to synchronously load lazily loaded font '../../../Engine/Content/Slate/Fonts/Roboto-Regular.ttf' (155K)
[2017.11.11-12.32.59:201][  0]LogSlate: Took 0.007063 seconds to synchronously load lazily loaded font '../../../Engine/Content/Slate/Fonts/Roboto-Bold.ttf' (160K)
[2017.11.11-12.32.59:217][  0]LogSlate: Took 0.007445 seconds to synchronously load lazily loaded font '../../../Engine/Content/Editor/Slate/Fonts/FontAwesome.ttf' (139K)
[2017.11.11-12.32.59:423][  0]LogRenderer: Reallocating scene render targets to support 1092x292 Format 10 NumSamples 1 (Frame:1).
[2017.11.11-12.33.00:425][  0]LogContentBrowser: Native class hierarchy updated for 'HierarchicalLODOutliner' in 0.0020 seconds. Added 1 classes and 2 folders.
[2017.11.11-12.33.00:425][  0]LogLoad: (Engine Initialization) Total time: 57.17 seconds
[2017.11.11-12.33.00:426][  0]LogLoad: (Engine Initialization) Total Blueprint compile time: 0.00 seconds
[2017.11.11-12.33.00:426][  0]LogExternalProfiler: No external profilers were discovered.  External profiling features will not be available.
[2017.11.11-12.33.00:804][  0]LogContentStreaming: Texture pool size now 1000 MB
[2017.11.11-12.33.00:948][  0]LogRenderer: Reallocating scene render targets to support 1092x344 Format 10 NumSamples 1 (Frame:3).
[2017.11.11-12.33.00:948][  0]LogSlate: Took 0.000460 seconds to synchronously load lazily loaded font '../../../Engine/Content/Slate/Fonts/Roboto-Light.ttf' (159K)
[2017.11.11-12.33.01:100][  1]LogFileCache: Retrieving MD5 hashes for directory 'G:/Unreal Projects/Capstone/InfiniteJumper4.17 - Master File/Content/' took 0.32s
[2017.11.11-12.33.01:782][  3]LogAssetRegistry: Asset discovery search completed in 36.6841 seconds
[2017.11.11-12.33.01:786][  3]LogCollectionManager: Rebuilt the object cache for 0 collections in 0.000001 seconds (found 0 objects)
[2017.11.11-12.33.01:787][  3]LogCollectionManager: Fixed up redirectors for 0 collections in 0.000168 seconds (updated 0 objects)
[2017.11.11-12.33.03:911][ 29]LogSlate: Took 0.000555 seconds to synchronously load lazily loaded font '../../../Engine/Content/Slate/Fonts/Roboto-Light.ttf' (159K)
[2017.11.11-12.33.06:875][143]LogSlate: Took 0.000461 seconds to synchronously load lazily loaded font '../../../Engine/Content/Slate/Fonts/Roboto-Light.ttf' (159K)
[2017.11.11-12.33.07:469][143]LogSlate: Took 0.000394 seconds to synchronously load lazily loaded font '../../../Engine/Content/Slate/Fonts/Roboto-Regular.ttf' (155K)
[2017.11.11-12.33.07:713][143]LogContentBrowser: Native class hierarchy updated for 'BlueprintGraph' in 0.0019 seconds. Added 113 classes and 0 folders.
[2017.11.11-12.33.09:029][143]LogSlate: Took 0.008923 seconds to synchronously load lazily loaded font '../../../Engine/Content/Editor/Slate/Fonts/Roboto-BoldCondensed.ttf' (158K)
[2017.11.11-12.33.09:513][144]LogSlate: Took 0.009721 seconds to synchronously load lazily loaded font '../../../Engine/Content/Editor/Slate/Fonts/Roboto-Italic.ttf' (157K)
[2017.11.11-12.33.12:005][277]AssetReimport: New page: Outstanding source content changes 4:33:12 AM
[2017.11.11-12.33.12:050][277]LogFactory: FactoryCreateFile: StaticMesh with FbxFactory (0 0 G:/Unreal Projects/Capstone/InfiniteJumper4.17 - Master File/Content/SideScrollerBP/3DModels/Rise_Floor_M.fbx)
[2017.11.11-12.33.12:257][277]LogFbx: ItemName: GlobalSettings, ItemCount : 1
[2017.11.11-12.33.12:257][277]LogFbx: ItemName: AnimationStack, ItemCount : 1
[2017.11.11-12.33.12:257][277]LogFbx: ItemName: AnimationLayer, ItemCount : 1
[2017.11.11-12.33.12:257][277]LogFbx: ItemName: Geometry, ItemCount : 1
[2017.11.11-12.33.12:257][277]LogFbx: ItemName: Material, ItemCount : 5
[2017.11.11-12.33.12:257][277]LogFbx: ItemName: Model, ItemCount : 1
[2017.11.11-12.33.12:289][277]LogFbx: Loading FBX Scene from G:/Unreal Projects/Capstone/InfiniteJumper4.17 - Master File/Content/SideScrollerBP/3DModels/Rise_Floor_M.fbx
[2017.11.11-12.33.12:372][277]LogFbx: FBX Scene Loaded Succesfully
[2017.11.11-12.33.42:581][277]LogFbx: Loading FBX Scene from G:/Unreal Projects/Capstone/InfiniteJumper4.17 - Master File/Content/SideScrollerBP/3DModels/Rise_Floor_M.fbx
[2017.11.11-12.33.42:592][277]LogFbx: FBX Scene Loaded Succesfully
[2017.11.11-12.33.42:693][277]LogLinker: Can't find file '/Game/SideScrollerBP/3DModels/Floor'
[2017.11.11-12.33.42:693][277]LogLinker: Can't find file '/Game/SideScrollerBP/3DModels/Floor'
[2017.11.11-12.33.42:727][277]LogMaterial: Missing cached shader map for material Floor, compiling. 
[2017.11.11-12.33.42:819][277]LogLinker: Can't find file '/Game/SideScrollerBP/3DModels/Floor_Edges'
[2017.11.11-12.33.42:819][277]LogLinker: Can't find file '/Game/SideScrollerBP/3DModels/Floor_Edges'
[2017.11.11-12.33.42:842][277]LogMaterial: Missing cached shader map for material Floor_Edges, compiling. 
[2017.11.11-12.33.42:868][277]LogLinker: Can't find file '/Game/SideScrollerBP/3DModels/Fire_Rocks'
[2017.11.11-12.33.42:868][277]LogLinker: Can't find file '/Game/SideScrollerBP/3DModels/Fire_Rocks'
[2017.11.11-12.33.42:895][277]LogMaterial: Missing cached shader map for material Fire_Rocks, compiling. 
[2017.11.11-12.33.42:925][277]LogLinker: Can't find file '/Game/SideScrollerBP/3DModels/Fire_Container'
[2017.11.11-12.33.42:925][277]LogLinker: Can't find file '/Game/SideScrollerBP/3DModels/Fire_Container'
[2017.11.11-12.33.42:943][277]LogMaterial: Missing cached shader map for material Fire_Container, compiling. 
[2017.11.11-12.33.42:973][277]LogLinker: Can't find file '/Game/SideScrollerBP/3DModels/lambert1'
[2017.11.11-12.33.42:973][277]LogLinker: Can't find file '/Game/SideScrollerBP/3DModels/lambert1'
[2017.11.11-12.33.42:999][277]LogMaterial: Missing cached shader map for material lambert1, compiling. 
[2017.11.11-12.33.43:429][277]LogStaticMesh: Building static mesh Rise_Floor_M...
[2017.11.11-12.33.43:465][277]LogStaticMesh: Built static mesh [0.04s] /Game/SideScrollerBP/3DModels/Rise_Floor_M.Rise_Floor_M
[2017.11.11-12.33.43:647][278]LogFactory: FactoryCreateFile: StaticMesh with FbxFactory (0 0 G:/Unreal Projects/Capstone/InfiniteJumper4.17 - Master File/Content/SideScrollerBP/3DModels/Shoes.fbx)
[2017.11.11-12.33.43:657][278]LogFbx: ItemName: GlobalSettings, ItemCount : 1
[2017.11.11-12.33.43:657][278]LogFbx: ItemName: AnimationStack, ItemCount : 1
[2017.11.11-12.33.43:657][278]LogFbx: ItemName: AnimationLayer, ItemCount : 1
[2017.11.11-12.33.43:657][278]LogFbx: ItemName: NodeAttribute, ItemCount : 10
[2017.11.11-12.33.43:657][278]LogFbx: ItemName: Model, ItemCount : 11
[2017.11.11-12.33.43:657][278]LogFbx: ItemName: Geometry, ItemCount : 1
[2017.11.11-12.33.43:657][278]LogFbx: ItemName: Material, ItemCount : 3
[2017.11.11-12.33.43:672][278]LogFbx: Loading FBX Scene from G:/Unreal Projects/Capstone/InfiniteJumper4.17 - Master File/Content/SideScrollerBP/3DModels/Shoes.fbx
[2017.11.11-12.33.43:708][278]LogFbx: FBX Scene Loaded Succesfully
[2017.11.11-12.33.48:468][278]LogFbx: Loading FBX Scene from G:/Unreal Projects/Capstone/InfiniteJumper4.17 - Master File/Content/SideScrollerBP/3DModels/Shoes.fbx
[2017.11.11-12.33.48:491][278]LogFbx: FBX Scene Loaded Succesfully
[2017.11.11-12.33.48:492][278]LogLinker: Can't find file '/Game/SideScrollerBP/3DModels/Shoes'
[2017.11.11-12.33.48:520][278]LogMaterial: Missing cached shader map for material Shoes1, compiling. 
[2017.11.11-12.33.48:558][278]LogLinker: Can't find file '/Game/SideScrollerBP/3DModels/SHOE_Butoon'
[2017.11.11-12.33.48:558][278]LogLinker: Can't find file '/Game/SideScrollerBP/3DModels/SHOE_Butoon'
[2017.11.11-12.33.48:580][278]LogMaterial: Missing cached shader map for material SHOE_Butoon, compiling. 
[2017.11.11-12.33.48:934][278]LogStaticMesh: Building static mesh Shoes...
[2017.11.11-12.33.48:954][278]LogStaticMesh: Built static mesh [0.02s] /Game/SideScrollerBP/3DModels/Shoes.Shoes
[2017.11.11-12.33.49:063][279]LogFactory: FactoryCreateFile: StaticMesh with FbxFactory (0 0 G:/Unreal Projects/Capstone/InfiniteJumper4.17 - Master File/Content/SideScrollerBP/3DModels/Telescope.fbx)
[2017.11.11-12.33.49:071][279]LogFbx: ItemName: GlobalSettings, ItemCount : 1
[2017.11.11-12.33.49:071][279]LogFbx: ItemName: AnimationStack, ItemCount : 1
[2017.11.11-12.33.49:071][279]LogFbx: ItemName: AnimationLayer, ItemCount : 1
[2017.11.11-12.33.49:071][279]LogFbx: ItemName: Geometry, ItemCount : 1
[2017.11.11-12.33.49:071][279]LogFbx: ItemName: Material, ItemCount : 3
[2017.11.11-12.33.49:071][279]LogFbx: ItemName: Model, ItemCount : 1
[2017.11.11-12.33.49:083][279]LogFbx: Loading FBX Scene from G:/Unreal Projects/Capstone/InfiniteJumper4.17 - Master File/Content/SideScrollerBP/3DModels/Telescope.fbx
[2017.11.11-12.33.49:111][279]LogFbx: FBX Scene Loaded Succesfully
[2017.11.11-12.33.53:802][279]LogFbx: Loading FBX Scene from G:/Unreal Projects/Capstone/InfiniteJumper4.17 - Master File/Content/SideScrollerBP/3DModels/Telescope.fbx
[2017.11.11-12.33.53:820][279]LogFbx: FBX Scene Loaded Succesfully
[2017.11.11-12.33.53:820][279]LogLinker: Can't find file '/Game/SideScrollerBP/3DModels/Wood'
[2017.11.11-12.33.53:821][279]LogLinker: Can't find file '/Game/SideScrollerBP/3DModels/Wood'
[2017.11.11-12.33.53:845][279]LogMaterial: Missing cached shader map for material Wood, compiling. 
[2017.11.11-12.33.53:883][279]LogLinker: Can't find file '/Game/SideScrollerBP/3DModels/Metal'
[2017.11.11-12.33.53:884][279]LogLinker: Can't find file '/Game/SideScrollerBP/3DModels/Metal'
[2017.11.11-12.33.53:904][279]LogMaterial: Missing cached shader map for material Metal, compiling. 
[2017.11.11-12.33.53:943][279]LogLinker: Can't find file '/Game/SideScrollerBP/3DModels/Glass'
[2017.11.11-12.33.53:943][279]LogLinker: Can't find file '/Game/SideScrollerBP/3DModels/Glass'
[2017.11.11-12.33.53:968][279]LogMaterial: Missing cached shader map for material Glass, compiling. 
[2017.11.11-12.33.54:427][279]LogStaticMesh: Building static mesh Telescope...
[2017.11.11-12.33.54:442][279]LogStaticMesh: Built static mesh [0.02s] /Game/SideScrollerBP/3DModels/Telescope.Telescope
[2017.11.11-12.33.54:859][280]LogSavePackage: Save=38.33ms
[2017.11.11-12.33.54:859][280]LogSavePackage: Moving 'G:/Unreal Projects/Capstone/InfiniteJumper4.17 - Master File/Saved/Rise_Floor_M27F3AD924313D01F0DE696A00A17B953.tmp' to 'G:/Unreal Projects/Capstone/InfiniteJumper4.17 - Master File/Content/SideScrollerBP/3DModels/Rise_Floor_M.uasset'
[2017.11.11-12.33.54:870][280]LogSavePackage: Display: Finished SavePackage G:/Unreal Projects/Capstone/InfiniteJumper4.17 - Master File/Content/SideScrollerBP/3DModels/Rise_Floor_M.uasset
[2017.11.11-12.33.54:943][280]Cmd: OBJ SAVEPACKAGE PACKAGE="/Game/SideScrollerBP/3DModels/Shoes" FILE="G:/Unreal Projects/Capstone/InfiniteJumper4.17 - Master File/Content/SideScrollerBP/3DModels/Shoes.uasset" SILENT=true
[2017.11.11-12.33.55:003][280]LogSavePackage: Save=37.35ms
[2017.11.11-12.33.55:003][280]LogSavePackage: Moving 'G:/Unreal Projects/Capstone/InfiniteJumper4.17 - Master File/Saved/ShoesAA1C50A340372A8715DA2EBD7DE1DF3D.tmp' to 'G:/Unreal Projects/Capstone/InfiniteJumper4.17 - Master File/Content/SideScrollerBP/3DModels/Shoes.uasset'
[2017.11.11-12.33.55:016][280]LogSavePackage: Display: Finished SavePackage G:/Unreal Projects/Capstone/InfiniteJumper4.17 - Master File/Content/SideScrollerBP/3DModels/Shoes.uasset
[2017.11.11-12.33.55:083][280]Cmd: OBJ SAVEPACKAGE PACKAGE="/Game/SideScrollerBP/3DModels/Telescope" FILE="G:/Unreal Projects/Capstone/InfiniteJumper4.17 - Master File/Content/SideScrollerBP/3DModels/Telescope.uasset" SILENT=true
[2017.11.11-12.33.55:144][280]LogSavePackage: Save=39.17ms
[2017.11.11-12.33.55:145][280]LogSavePackage: Moving 'G:/Unreal Projects/Capstone/InfiniteJumper4.17 - Master File/Saved/Telescope85FDB9A1404C700FE55DBF92CAB56189.tmp' to 'G:/Unreal Projects/Capstone/InfiniteJumper4.17 - Master File/Content/SideScrollerBP/3DModels/Telescope.uasset'
[2017.11.11-12.33.55:154][280]LogSavePackage: Display: Finished SavePackage G:/Unreal Projects/Capstone/InfiniteJumper4.17 - Master File/Content/SideScrollerBP/3DModels/Telescope.uasset
[2017.11.11-12.33.58:163][369]AssetReimport: Importing new asset /Game/SideScrollerBP/3DModels/Rise_Floor_M.
[2017.11.11-12.33.58:163][369]AssetReimport: Importing new asset /Game/SideScrollerBP/3DModels/Shoes.
[2017.11.11-12.33.58:163][369]AssetReimport: Importing new asset /Game/SideScrollerBP/3DModels/Telescope.
[2017.11.11-12.34.53:823][342]LogSavePackage: Save=29.41ms
[2017.11.11-12.34.53:823][342]LogSavePackage: Moving 'G:/Unreal Projects/Capstone/InfiniteJumper4.17 - Master File/Saved/Fire_Container71BFF35745C8509F2E0B4C9D9768F48B.tmp' to 'G:/Unreal Projects/Capstone/InfiniteJumper4.17 - Master File/Content/SideScrollerBP/3DModels/Fire_Container.uasset'
[2017.11.11-12.34.53:832][342]LogSavePackage: Display: Finished SavePackage G:/Unreal Projects/Capstone/InfiniteJumper4.17 - Master File/Content/SideScrollerBP/3DModels/Fire_Container.uasset
[2017.11.11-12.34.53:881][342]Cmd: OBJ SAVEPACKAGE PACKAGE="/Game/SideScrollerBP/3DModels/Fire_Rocks" FILE="G:/Unreal Projects/Capstone/InfiniteJumper4.17 - Master File/Content/SideScrollerBP/3DModels/Fire_Rocks.uasset" SILENT=true
[2017.11.11-12.34.54:009][342]LogSavePackage: Save=27.10ms
[2017.11.11-12.34.54:009][342]LogSavePackage: Moving 'G:/Unreal Projects/Capstone/InfiniteJumper4.17 - Master File/Saved/Fire_RocksB4A5AA18458ADCB5455E52BEB7862B48.tmp' to 'G:/Unreal Projects/Capstone/InfiniteJumper4.17 - Master File/Content/SideScrollerBP/3DModels/Fire_Rocks.uasset'
[2017.11.11-12.34.54:016][342]LogSavePackage: Display: Finished SavePackage G:/Unreal Projects/Capstone/InfiniteJumper4.17 - Master File/Content/SideScrollerBP/3DModels/Fire_Rocks.uasset
[2017.11.11-12.34.54:063][342]Cmd: OBJ SAVEPACKAGE PACKAGE="/Game/SideScrollerBP/3DModels/Floor" FILE="G:/Unreal Projects/Capstone/InfiniteJumper4.17 - Master File/Content/SideScrollerBP/3DModels/Floor.uasset" SILENT=true
[2017.11.11-12.34.54:234][342]LogSavePackage: Save=30.83ms
[2017.11.11-12.34.54:234][342]LogSavePackage: Moving 'G:/Unreal Projects/Capstone/InfiniteJumper4.17 - Master File/Saved/FloorDEFF9B654BB74710DE7EAD849D7907A4.tmp' to 'G:/Unreal Projects/Capstone/InfiniteJumper4.17 - Master File/Content/SideScrollerBP/3DModels/Floor.uasset'
[2017.11.11-12.34.54:243][342]LogSavePackage: Display: Finished SavePackage G:/Unreal Projects/Capstone/InfiniteJumper4.17 - Master File/Content/SideScrollerBP/3DModels/Floor.uasset
[2017.11.11-12.34.54:291][342]Cmd: OBJ SAVEPACKAGE PACKAGE="/Game/SideScrollerBP/3DModels/Floor_Edges" FILE="G:/Unreal Projects/Capstone/InfiniteJumper4.17 - Master File/Content/SideScrollerBP/3DModels/Floor_Edges.uasset" SILENT=true
[2017.11.11-12.34.54:443][342]LogSavePackage: Save=27.63ms
[2017.11.11-12.34.54:443][342]LogSavePackage: Moving 'G:/Unreal Projects/Capstone/InfiniteJumper4.17 - Master File/Saved/Floor_Edges6F33DAE04D1FF7B6946850B4E211591E.tmp' to 'G:/Unreal Projects/Capstone/InfiniteJumper4.17 - Master File/Content/SideScrollerBP/3DModels/Floor_Edges.uasset'
[2017.11.11-12.34.54:451][342]LogSavePackage: Display: Finished SavePackage G:/Unreal Projects/Capstone/InfiniteJumper4.17 - Master File/Content/SideScrollerBP/3DModels/Floor_Edges.uasset
[2017.11.11-12.34.54:497][342]Cmd: OBJ SAVEPACKAGE PACKAGE="/Game/SideScrollerBP/3DModels/Glass" FILE="G:/Unreal Projects/Capstone/InfiniteJumper4.17 - Master File/Content/SideScrollerBP/3DModels/Glass.uasset" SILENT=true
[2017.11.11-12.34.54:572][342]LogSavePackage: Save=28.50ms
[2017.11.11-12.34.54:572][342]LogSavePackage: Moving 'G:/Unreal Projects/Capstone/InfiniteJumper4.17 - Master File/Saved/Glass3A29450B4283333BB9C91D9BE8C8062F.tmp' to 'G:/Unreal Projects/Capstone/InfiniteJumper4.17 - Master File/Content/SideScrollerBP/3DModels/Glass.uasset'
[2017.11.11-12.34.54:580][342]LogSavePackage: Display: Finished SavePackage G:/Unreal Projects/Capstone/InfiniteJumper4.17 - Master File/Content/SideScrollerBP/3DModels/Glass.uasset
[2017.11.11-12.34.54:629][342]Cmd: OBJ SAVEPACKAGE PACKAGE="/Game/SideScrollerBP/3DModels/lambert1" FILE="G:/Unreal Projects/Capstone/InfiniteJumper4.17 - Master File/Content/SideScrollerBP/3DModels/lambert1.uasset" SILENT=true
[2017.11.11-12.34.54:680][342]LogSavePackage: Save=27.46ms
[2017.11.11-12.34.54:680][342]LogSavePackage: Moving 'G:/Unreal Projects/Capstone/InfiniteJumper4.17 - Master File/Saved/lambert19DC06252461C0502357A3CAA4BE8F06D.tmp' to 'G:/Unreal Projects/Capstone/InfiniteJumper4.17 - Master File/Content/SideScrollerBP/3DModels/lambert1.uasset'
[2017.11.11-12.34.54:687][342]LogSavePackage: Display: Finished SavePackage G:/Unreal Projects/Capstone/InfiniteJumper4.17 - Master File/Content/SideScrollerBP/3DModels/lambert1.uasset
[2017.11.11-12.34.54:733][342]Cmd: OBJ SAVEPACKAGE PACKAGE="/Game/SideScrollerBP/3DModels/Metal" FILE="G:/Unreal Projects/Capstone/InfiniteJumper4.17 - Master File/Content/SideScrollerBP/3DModels/Metal.uasset" SILENT=true
[2017.11.11-12.34.54:798][342]LogSavePackage: Save=29.30ms
[2017.11.11-12.34.54:798][342]LogSavePackage: Moving 'G:/Unreal Projects/Capstone/InfiniteJumper4.17 - Master File/Saved/Metal785198164A11603C43496A8C2A151DA0.tmp' to 'G:/Unreal Projects/Capstone/InfiniteJumper4.17 - Master File/Content/SideScrollerBP/3DModels/Metal.uasset'
[2017.11.11-12.34.54:807][342]LogSavePackage: Display: Finished SavePackage G:/Unreal Projects/Capstone/InfiniteJumper4.17 - Master File/Content/SideScrollerBP/3DModels/Metal.uasset
[2017.11.11-12.34.54:855][342]Cmd: OBJ SAVEPACKAGE PACKAGE="/Game/SideScrollerBP/3DModels/SHOE_Butoon" FILE="G:/Unreal Projects/Capstone/InfiniteJumper4.17 - Master File/Content/SideScrollerBP/3DModels/SHOE_Butoon.uasset" SILENT=true
[2017.11.11-12.34.54:905][342]LogSavePackage: Save=30.62ms
[2017.11.11-12.34.54:905][342]LogSavePackage: Moving 'G:/Unreal Projects/Capstone/InfiniteJumper4.17 - Master File/Saved/SHOE_ButoonB1B6FCB64B3241EE895A72A3EF6E3923.tmp' to 'G:/Unreal Projects/Capstone/InfiniteJumper4.17 - Master File/Content/SideScrollerBP/3DModels/SHOE_Butoon.uasset'
[2017.11.11-12.34.54:914][342]LogSavePackage: Display: Finished SavePackage G:/Unreal Projects/Capstone/InfiniteJumper4.17 - Master File/Content/SideScrollerBP/3DModels/SHOE_Butoon.uasset
[2017.11.11-12.34.54:962][342]Cmd: OBJ SAVEPACKAGE PACKAGE="/Game/SideScrollerBP/3DModels/Shoes1" FILE="G:/Unreal Projects/Capstone/InfiniteJumper4.17 - Master File/Content/SideScrollerBP/3DModels/Shoes1.uasset" SILENT=true
[2017.11.11-12.34.55:019][342]LogSavePackage: Save=32.74ms
[2017.11.11-12.34.55:019][342]LogSavePackage: Moving 'G:/Unreal Projects/Capstone/InfiniteJumper4.17 - Master File/Saved/Shoes1709B425648FE487B5F57A499287D2E63.tmp' to 'G:/Unreal Projects/Capstone/InfiniteJumper4.17 - Master File/Content/SideScrollerBP/3DModels/Shoes1.uasset'
[2017.11.11-12.34.55:026][342]LogSavePackage: Display: Finished SavePackage G:/Unreal Projects/Capstone/InfiniteJumper4.17 - Master File/Content/SideScrollerBP/3DModels/Shoes1.uasset
[2017.11.11-12.34.55:073][342]Cmd: OBJ SAVEPACKAGE PACKAGE="/Game/SideScrollerBP/3DModels/Wood" FILE="G:/Unreal Projects/Capstone/InfiniteJumper4.17 - Master File/Content/SideScrollerBP/3DModels/Wood.uasset" SILENT=true
[2017.11.11-12.34.55:136][342]LogSavePackage: Save=28.55ms
[2017.11.11-12.34.55:136][342]LogSavePackage: Moving 'G:/Unreal Projects/Capstone/InfiniteJumper4.17 - Master File/Saved/Wood4C2C8E484587EE070F21E4A6827752EE.tmp' to 'G:/Unreal Projects/Capstone/InfiniteJumper4.17 - Master File/Content/SideScrollerBP/3DModels/Wood.uasset'
[2017.11.11-12.34.55:144][342]LogSavePackage: Display: Finished SavePackage G:/Unreal Projects/Capstone/InfiniteJumper4.17 - Master File/Content/SideScrollerBP/3DModels/Wood.uasset
[2017.11.11-12.35.23:080][993]LogRenderer: Reallocating scene render targets to support 1092x652 Format 10 NumSamples 1 (Frame:1).
[2017.11.11-12.35.31:930][267]Cmd: QUIT_EDITOR
[2017.11.11-12.35.32:023][267]LogWindowsTextInputMethodSystem: Display: IME system now deactivated.
[2017.11.11-12.35.32:023][267]LogWindowsTextInputMethodSystem: Display: IME system now deactivated.
[2017.11.11-12.35.32:047][267]LogExit: Preparing to exit.
[2017.11.11-12.35.32:508][267]LogExit: Editor shut down
[2017.11.11-12.35.32:522][267]LogExit: Transaction tracking system shut down
[2017.11.11-12.35.32:716][267]LogDirectoryWatcher: A directory notification for '../../../Engine/Content/' was aborted.
[2017.11.11-12.35.32:716][267]LogDirectoryWatcher: A directory notification for 'G:/Unreal Projects/Capstone/InfiniteJumper4.17 - Master File/Content/' was aborted.
[2017.11.11-12.35.32:716][267]LogDirectoryWatcher: A directory notification for '../../../Engine/Plugins/2D/Paper2D/Content/' was aborted.
[2017.11.11-12.35.32:717][267]LogDirectoryWatcher: A directory notification for '../../../Engine/Plugins/Runtime/Oculus/OculusVR/Content/' was aborted.
[2017.11.11-12.35.32:717][267]LogDirectoryWatcher: A directory notification for '../../../Engine/Plugins/Runtime/Steam/SteamVR/Content/' was aborted.
[2017.11.11-12.35.32:922][267]LogExit: Object subsystem successfully closed.
[2017.11.11-12.35.32:950][267]LogD3D11RHI: Shutdown
[2017.11.11-12.35.32:950][267]LogD3D11RHI: CleanupD3DDevice
[2017.11.11-12.35.33:589][267]LogD3D11RHI: ~FD3D11DynamicRHI
[2017.11.11-12.35.33:622][267]LogModuleManager: Shutting down and abandoning module StaticMeshEditor (536)
[2017.11.11-12.35.33:622][267]LogModuleManager: Shutting down and abandoning module BlueprintGraph (534)
[2017.11.11-12.35.33:622][267]LogModuleManager: Shutting down and abandoning module BlueprintProfiler (532)
[2017.11.11-12.35.33:622][267]LogModuleManager: Shutting down and abandoning module HierarchicalLODOutliner (530)
[2017.11.11-12.35.33:622][267]LogModuleManager: Shutting down and abandoning module SceneOutliner (528)
[2017.11.11-12.35.33:622][267]LogModuleManager: Shutting down and abandoning module AddContentDialog (526)
[2017.11.11-12.35.33:622][267]LogDirectoryWatcher: A directory notification for 'C:/Program Files/Epic Games/UE_4.17/FeaturePacks/' was aborted.
[2017.11.11-12.35.33:625][267]LogModuleManager: Shutting down and abandoning module WidgetCarousel (525)
[2017.11.11-12.35.33:625][267]LogModuleManager: Shutting down and abandoning module EditorWidgets (522)
[2017.11.11-12.35.33:625][267]LogModuleManager: Shutting down and abandoning module CollectionManager (520)
[2017.11.11-12.35.33:625][267]LogDirectoryWatcher: A directory notification for 'G:/Unreal Projects/Capstone/InfiniteJumper4.17 - Master File/Content/Collections/' was aborted.
[2017.11.11-12.35.33:625][267]LogDirectoryWatcher: A directory notification for 'G:/Unreal Projects/Capstone/InfiniteJumper4.17 - Master File/Content/Developers/kreye/Collections/' was aborted.
[2017.11.11-12.35.33:625][267]LogDirectoryWatcher: A directory notification for 'G:/Unreal Projects/Capstone/InfiniteJumper4.17 - Master File/Saved/Collections/' was aborted.
[2017.11.11-12.35.33:625][267]LogModuleManager: Shutting down and abandoning module StatsViewer (518)
[2017.11.11-12.35.33:626][267]LogModuleManager: Shutting down and abandoning module FoliageEdit (516)
[2017.11.11-12.35.33:626][267]LogModuleManager: Shutting down and abandoning module LandscapeEditor (514)
[2017.11.11-12.35.33:626][267]LogModuleManager: Shutting down and abandoning module MeshPaintMode (512)
[2017.11.11-12.35.33:626][267]LogModuleManager: Shutting down and abandoning module SceneDepthPickerMode (510)
[2017.11.11-12.35.33:626][267]LogModuleManager: Shutting down and abandoning module ActorPickerMode (508)
[2017.11.11-12.35.33:626][267]LogModuleManager: Shutting down and abandoning module GeometryMode (506)
[2017.11.11-12.35.33:626][267]LogModuleManager: Shutting down and abandoning module TextureAlignMode (504)
[2017.11.11-12.35.33:626][267]LogModuleManager: Shutting down and abandoning module BspMode (502)
[2017.11.11-12.35.33:626][267]LogModuleManager: Shutting down and abandoning module PIEPreviewDeviceProfileSelector (500)
[2017.11.11-12.35.33:626][267]LogModuleManager: Shutting down and abandoning module HardwareSurvey (498)
[2017.11.11-12.35.33:626][267]LogModuleManager: Shutting down and abandoning module SequenceRecorderSections (496)
[2017.11.11-12.35.33:626][267]LogModuleManager: Shutting down and abandoning module AutomationWorker (494)
[2017.11.11-12.35.33:626][267]LogModuleManager: Shutting down and abandoning module MatineeToLevelSequence (492)
[2017.11.11-12.35.33:626][267]LogModuleManager: Shutting down and abandoning module LevelSequenceEditor (490)
[2017.11.11-12.35.33:626][267]LogModuleManager: Shutting down and abandoning module PlacementMode (489)
[2017.11.11-12.35.33:626][267]LogModuleManager: Shutting down and abandoning module WmfMediaFactory (486)
[2017.11.11-12.35.33:626][267]LogModuleManager: Shutting down and abandoning module WmfMediaEditor (484)
[2017.11.11-12.35.33:627][267]LogModuleManager: Shutting down and abandoning module AvfMediaFactory (482)
[2017.11.11-12.35.33:627][267]LogModuleManager: Shutting down and abandoning module AvfMediaEditor (480)
[2017.11.11-12.35.33:627][267]LogModuleManager: Shutting down and abandoning module AndroidMediaFactory (478)
[2017.11.11-12.35.33:627][267]LogModuleManager: Shutting down and abandoning module Media (477)
[2017.11.11-12.35.33:627][267]LogModuleManager: Shutting down and abandoning module AndroidMediaEditor (474)
[2017.11.11-12.35.33:627][267]LogModuleManager: Shutting down and abandoning module CharacterAI (472)
[2017.11.11-12.35.33:627][267]LogModuleManager: Shutting down and abandoning module AudioCapture (470)
[2017.11.11-12.35.33:627][267]LogModuleManager: Shutting down and abandoning module SequenceRecorder (469)
[2017.11.11-12.35.33:627][267]LogModuleManager: Shutting down and abandoning module SmartSnapping (466)
[2017.11.11-12.35.33:627][267]LogModuleManager: Shutting down and abandoning module SessionServices (464)
[2017.11.11-12.35.33:627][267]LogModuleManager: Shutting down and abandoning module ViewportSnapping (462)
[2017.11.11-12.35.33:627][267]LogModuleManager: Shutting down and abandoning module ViewportInteraction (460)
[2017.11.11-12.35.33:627][267]LogModuleManager: Shutting down and abandoning module ClothPainter (458)
[2017.11.11-12.35.33:627][267]LogModuleManager: Shutting down and abandoning module LogVisualizer (456)
[2017.11.11-12.35.33:627][267]LogModuleManager: Shutting down and abandoning module IntroTutorials (454)
[2017.11.11-12.35.33:627][267]LogModuleManager: Shutting down and abandoning module GameProjectGeneration (453)
[2017.11.11-12.35.33:627][267]LogModuleManager: Shutting down and abandoning module IOSPlatformEditor (450)
[2017.11.11-12.35.33:627][267]LogModuleManager: Shutting down and abandoning module HTML5PlatformEditor (448)
[2017.11.11-12.35.33:628][267]LogModuleManager: Shutting down and abandoning module AndroidPlatformEditor (446)
[2017.11.11-12.35.33:628][267]LogModuleManager: Shutting down and abandoning module AndroidDeviceDetection (445)
[2017.11.11-12.35.33:677][267]LogModuleManager: Shutting down and abandoning module WindowsPlatformEditor (442)
[2017.11.11-12.35.33:677][267]LogModuleManager: Shutting down and abandoning module IOSRuntimeSettings (440)
[2017.11.11-12.35.33:677][267]LogModuleManager: Shutting down and abandoning module AndroidRuntimeSettings (438)
[2017.11.11-12.35.33:677][267]LogModuleManager: Shutting down and abandoning module InputBindingEditor (436)
[2017.11.11-12.35.33:677][267]LogModuleManager: Shutting down and abandoning module MergeActors (434)
[2017.11.11-12.35.33:677][267]LogModuleManager: Shutting down and abandoning module SizeMap (432)
[2017.11.11-12.35.33:677][267]LogModuleManager: Shutting down and abandoning module TreeMap (430)
[2017.11.11-12.35.33:677][267]LogModuleManager: Shutting down and abandoning module ReferenceViewer (428)
[2017.11.11-12.35.33:677][267]LogModuleManager: Shutting down and abandoning module LocalizationDashboard (426)
[2017.11.11-12.35.33:677][267]LogModuleManager: Shutting down and abandoning module LocalizationService (425)
[2017.11.11-12.35.33:677][267]LogModuleManager: Shutting down and abandoning module HardwareTargeting (422)
[2017.11.11-12.35.33:677][267]LogModuleManager: Shutting down and abandoning module DeviceProfileEditor (420)
[2017.11.11-12.35.33:677][267]LogModuleManager: Shutting down and abandoning module UndoHistory (418)
[2017.11.11-12.35.33:677][267]LogModuleManager: Shutting down and abandoning module XmlParser (416)
[2017.11.11-12.35.33:677][267]LogModuleManager: Shutting down and abandoning module Blutility (414)
[2017.11.11-12.35.33:677][267]LogModuleManager: Shutting down and abandoning module ProjectSettingsViewer (412)
[2017.11.11-12.35.33:678][267]LogModuleManager: Shutting down and abandoning module ProjectTargetPlatformEditor (411)
[2017.11.11-12.35.33:678][267]LogModuleManager: Shutting down and abandoning module EditorSettingsViewer (408)
[2017.11.11-12.35.33:678][267]LogModuleManager: Shutting down and abandoning module SettingsEditor (406)
[2017.11.11-12.35.33:678][267]LogModuleManager: Shutting down and abandoning module ProjectLauncher (404)
[2017.11.11-12.35.33:678][267]LogModuleManager: Shutting down and abandoning module SessionFrontend (402)
[2017.11.11-12.35.33:678][267]LogModuleManager: Shutting down and abandoning module ProfilerClient (400)
[2017.11.11-12.35.33:678][267]LogModuleManager: Shutting down and abandoning module DeviceManager (398)
[2017.11.11-12.35.33:678][267]LogModuleManager: Shutting down and abandoning module TargetDeviceServices (397)
[2017.11.11-12.35.33:732][267]LogModuleManager: Shutting down and abandoning module AutomationController (394)
[2017.11.11-12.35.33:732][267]LogModuleManager: Shutting down and abandoning module AutomationWindow (392)
[2017.11.11-12.35.33:732][267]LogModuleManager: Shutting down and abandoning module Layers (390)
[2017.11.11-12.35.33:732][267]LogModuleManager: Shutting down and abandoning module ComponentVisualizers (388)
[2017.11.11-12.35.33:732][267]LogModuleManager: Shutting down and abandoning module DetailCustomizations (386)
[2017.11.11-12.35.33:732][267]LogModuleManager: Shutting down and abandoning module PackagesDialog (384)
[2017.11.11-12.35.33:732][267]LogModuleManager: Shutting down and abandoning module Persona (382)
[2017.11.11-12.35.33:732][267]LogModuleManager: Shutting down and abandoning module AdvancedPreviewScene (381)
[2017.11.11-12.35.33:732][267]LogModuleManager: Shutting down and abandoning module AnimGraph (379)
[2017.11.11-12.35.33:732][267]LogModuleManager: Shutting down and abandoning module Kismet (376)
[2017.11.11-12.35.33:749][267]LogModuleManager: Shutting down and abandoning module ClassViewer (374)
[2017.11.11-12.35.33:749][267]LogModuleManager: Shutting down and abandoning module Toolbox (372)
[2017.11.11-12.35.33:749][267]LogModuleManager: Shutting down and abandoning module ModuleUI (370)
[2017.11.11-12.35.33:749][267]LogModuleManager: Shutting down and abandoning module MovieSceneTools (368)
[2017.11.11-12.35.33:749][267]LogModuleManager: Shutting down and abandoning module OutputLog (366)
[2017.11.11-12.35.33:749][267]LogModuleManager: Shutting down and abandoning module GammaUI (364)
[2017.11.11-12.35.33:749][267]LogModuleManager: Shutting down and abandoning module Documentation (362)
[2017.11.11-12.35.33:750][267]LogModuleManager: Shutting down and abandoning module MovieSceneTracks (360)
[2017.11.11-12.35.33:750][267]LogModuleManager: Shutting down and abandoning module MovieScene (358)
[2017.11.11-12.35.33:750][267]LogModuleManager: Shutting down and abandoning module Niagara (356)
[2017.11.11-12.35.33:750][267]LogModuleManager: Shutting down and abandoning module NiagaraEditor (355)
[2017.11.11-12.35.33:750][267]LogModuleManager: Shutting down and abandoning module StreamingPauseRendering (352)
[2017.11.11-12.35.33:750][267]LogModuleManager: Shutting down and abandoning module LauncherPlatform (350)
[2017.11.11-12.35.33:750][267]LogModuleManager: Shutting down and abandoning module AnalyticsET (348)
[2017.11.11-12.35.33:750][267]LogModuleManager: Shutting down and abandoning module PortalServices (346)
[2017.11.11-12.35.33:750][267]LogModuleManager: Shutting down and abandoning module PortalRpc (344)
[2017.11.11-12.35.33:750][267]LogModuleManager: Shutting down and abandoning module MessagingRpc (342)
[2017.11.11-12.35.33:750][267]LogModuleManager: Shutting down and abandoning module AIModule (340)
[2017.11.11-12.35.33:750][267]LogModuleManager: Shutting down and abandoning module GameplayDebugger (339)
[2017.11.11-12.35.33:750][267]LogModuleManager: Shutting down and abandoning module AITestSuite (337)
[2017.11.11-12.35.33:750][267]LogModuleManager: Shutting down and abandoning module ProfilerService (334)
[2017.11.11-12.35.33:797][267]LogModuleManager: Shutting down and abandoning module TaskGraph (332)
[2017.11.11-12.35.33:797][267]LogModuleManager: Shutting down and abandoning module SteamVRController (330)
[2017.11.11-12.35.33:797][267]LogModuleManager: Shutting down and abandoning module ProceduralMeshComponentEditor (328)
[2017.11.11-12.35.33:797][267]LogModuleManager: Shutting down and abandoning module ProceduralMeshComponent (326)
[2017.11.11-12.35.33:797][267]LogModuleManager: Shutting down and abandoning module OculusInput (324)
[2017.11.11-12.35.33:797][267]LogModuleManager: Shutting down and abandoning module MobilePatchingUtils (322)
[2017.11.11-12.35.33:797][267]LogModuleManager: Shutting down and abandoning module CustomMeshComponent (320)
[2017.11.11-12.35.33:797][267]LogModuleManager: Shutting down and abandoning module CableComponent (318)
[2017.11.11-12.35.33:797][267]LogModuleManager: Shutting down and abandoning module ArchVisCharacter (316)
[2017.11.11-12.35.33:797][267]LogModuleManager: Shutting down and abandoning module AndroidPermission (314)
[2017.11.11-12.35.33:797][267]LogModuleManager: Shutting down and abandoning module MediaPlayerEditor (310)
[2017.11.11-12.35.33:797][267]LogModuleManager: Shutting down and abandoning module HTML5Networking (308)
[2017.11.11-12.35.33:803][267]LogModuleManager: Shutting down and abandoning module AlembicImporter (306)
[2017.11.11-12.35.33:804][267]LogModuleManager: Shutting down and abandoning module AlembicLibrary (305)
[2017.11.11-12.35.33:804][267]LogModuleManager: Shutting down and abandoning module GeometryCache (304)
[2017.11.11-12.35.33:804][267]LogModuleManager: Shutting down and abandoning module GeometryCacheEd (303)
[2017.11.11-12.35.33:804][267]LogModuleManager: Shutting down and abandoning module SpeedTreeImporter (298)
[2017.11.11-12.35.33:804][267]LogModuleManager: Shutting down and abandoning module PluginBrowser (296)
[2017.11.11-12.35.33:804][267]LogModuleManager: Shutting down and abandoning module MobileLauncherProfileWizard (294)
[2017.11.11-12.35.33:804][267]LogModuleManager: Shutting down and abandoning module VisualStudioSourceCodeAccess (292)
[2017.11.11-12.35.33:804][267]LogModuleManager: Shutting down and abandoning module DesktopPlatform (291)
[2017.11.11-12.35.33:805][267]LogModuleManager: Shutting down and abandoning module UObjectPlugin (288)
[2017.11.11-12.35.33:805][267]LogModuleManager: Shutting down and abandoning module SubversionSourceControl (286)
[2017.11.11-12.35.33:805][267]LogModuleManager: Shutting down and abandoning module PerforceSourceControl (284)
[2017.11.11-12.35.33:805][267]LogModuleManager: Shutting down and abandoning module GitSourceControl (282)
[2017.11.11-12.35.33:805][267]LogModuleManager: Shutting down and abandoning module SourceControl (281)
[2017.11.11-12.35.33:805][267]LogModuleManager: Shutting down and abandoning module LightPropagationVolumeEditor (278)
[2017.11.11-12.35.33:805][267]LogModuleManager: Shutting down and abandoning module PaperTiledImporter (276)
[2017.11.11-12.35.33:805][267]LogModuleManager: Shutting down and abandoning module PaperSpriteSheetImporter (274)
[2017.11.11-12.35.33:805][267]LogModuleManager: Shutting down and abandoning module Paper2DEditor (272)
[2017.11.11-12.35.33:805][267]LogModuleManager: Shutting down and abandoning module MeshPaint (271)
[2017.11.11-12.35.33:806][267]LogModuleManager: Shutting down and abandoning module LevelEditor (269)
[2017.11.11-12.35.33:807][267]LogModuleManager: Shutting down and abandoning module PixelInspectorModule (268)
[2017.11.11-12.35.33:808][267]LogModuleManager: Shutting down and abandoning module MainFrame (266)
[2017.11.11-12.35.33:808][267]LogModuleManager: Shutting down and abandoning module HotReload (265)
[2017.11.11-12.35.33:809][267]LogModuleManager: Shutting down and abandoning module RuntimePhysXCooking (260)
[2017.11.11-12.35.33:809][267]LogModuleManager: Shutting down and abandoning module PhysXVehiclesEditor (258)
[2017.11.11-12.35.33:809][267]LogModuleManager: Shutting down and abandoning module PhysXVehicles (256)
[2017.11.11-12.35.33:809][267]LogModuleManager: Shutting down and abandoning module OculusEditor (254)
[2017.11.11-12.35.33:809][267]LogModuleManager: Shutting down and abandoning module LocationServicesBPLibrary (252)
[2017.11.11-12.35.33:809][267]LogModuleManager: Shutting down and abandoning module ImmediatePhysicsEditor (250)
[2017.11.11-12.35.33:809][267]LogModuleManager: Shutting down and abandoning module ImmediatePhysics (248)
[2017.11.11-12.35.33:809][267]LogModuleManager: Shutting down and abandoning module UdpMessaging (246)
[2017.11.11-12.35.33:910][267]LogModuleManager: Shutting down and abandoning module TcpMessaging (244)
[2017.11.11-12.35.34:011][267]LogModuleManager: Shutting down and abandoning module GameplayTagsEditor (242)
[2017.11.11-12.35.34:011][267]LogModuleManager: Shutting down and abandoning module FacialAnimationEditor (240)
[2017.11.11-12.35.34:011][267]LogModuleManager: Shutting down and abandoning module FacialAnimation (238)
[2017.11.11-12.35.34:011][267]LogModuleManager: Shutting down and abandoning module AssetManagerEditor (236)
[2017.11.11-12.35.34:011][267]LogModuleManager: Shutting down and abandoning module GraphEditor (235)
[2017.11.11-12.35.34:011][267]LogModuleManager: Shutting down and abandoning module ContentBrowser (233)
[2017.11.11-12.35.34:013][267]LogModuleManager: Shutting down and abandoning module LightPropagationVolumeRuntime (230)
[2017.11.11-12.35.34:013][267]LogModuleManager: Shutting down and abandoning module Paper2D (228)
[2017.11.11-12.35.34:013][267]LogModuleManager: Shutting down and abandoning module WindowsMoviePlayer (226)
[2017.11.11-12.35.34:013][267]LogModuleManager: Shutting down and abandoning module WmfMedia (224)
[2017.11.11-12.35.34:013][267]LogModuleManager: Shutting down and abandoning module PacketHandler (222)
[2017.11.11-12.35.34:013][267]LogModuleManager: Shutting down and abandoning module ClothingSystemEditor (220)
[2017.11.11-12.35.34:013][267]LogModuleManager: Shutting down and abandoning module ClothingSystemRuntime (218)
[2017.11.11-12.35.34:013][267]LogModuleManager: Shutting down and abandoning module Overlay (216)
[2017.11.11-12.35.34:013][267]LogModuleManager: Shutting down and abandoning module OverlayEditor (215)
[2017.11.11-12.35.34:013][267]LogModuleManager: Shutting down and abandoning module MediaAssets (212)
[2017.11.11-12.35.34:013][267]LogModuleManager: Shutting down and abandoning module VREditor (210)
[2017.11.11-12.35.34:013][267]LogModuleManager: Shutting down and abandoning module StringTableEditor (208)
[2017.11.11-12.35.34:014][267]LogModuleManager: Shutting down and abandoning module GameplayTasksEditor (206)
[2017.11.11-12.35.34:014][267]LogModuleManager: Shutting down and abandoning module BehaviorTreeEditor (204)
[2017.11.11-12.35.34:014][267]LogModuleManager: Shutting down and abandoning module FunctionalTesting (202)
[2017.11.11-12.35.34:014][267]LogModuleManager: Shutting down and abandoning module CollisionAnalyzer (200)
[2017.11.11-12.35.34:014][267]LogModuleManager: Shutting down and abandoning module WorkspaceMenuStructure (199)
[2017.11.11-12.35.34:014][267]LogModuleManager: Shutting down and abandoning module UMG (196)
[2017.11.11-12.35.34:014][267]LogModuleManager: Shutting down and abandoning module UMGEditor (195)
[2017.11.11-12.35.34:014][267]LogModuleManager: Shutting down and abandoning module Sequencer (194)
[2017.11.11-12.35.34:014][267]LogModuleManager: Shutting down and abandoning module MessageLog (191)
[2017.11.11-12.35.34:014][267]LogModuleManager: Shutting down and abandoning module SlateReflector (186)
[2017.11.11-12.35.34:014][267]LogModuleManager: Shutting down and abandoning module Slate (184)
[2017.11.11-12.35.34:014][267]LogModuleManager: Shutting down and abandoning module EditorStyle (182)
[2017.11.11-12.35.34:019][267]LogModuleManager: Shutting down and abandoning module MRMesh (180)
[2017.11.11-12.35.34:019][267]LogModuleManager: Shutting down and abandoning module SourceCodeAccess (178)
[2017.11.11-12.35.34:019][267]LogModuleManager: Shutting down and abandoning module HeadMountedDisplay (176)
[2017.11.11-12.35.34:020][267]LogModuleManager: Shutting down and abandoning module XAudio2 (174)
[2017.11.11-12.35.34:020][267]LogModuleManager: Shutting down and abandoning module Networking (172)
[2017.11.11-12.35.34:020][267]LogModuleManager: Shutting down and abandoning module Core (168)
[2017.11.11-12.35.34:020][267]LogModuleManager: Shutting down and abandoning module KismetCompiler (164)
[2017.11.11-12.35.34:020][267]LogModuleManager: Shutting down and abandoning module LevelSequence (162)
[2017.11.11-12.35.34:020][267]LogModuleManager: Shutting down and abandoning module MeshUtilities (160)
[2017.11.11-12.35.34:020][267]LogModuleManager: Shutting down and abandoning module MeshMergeUtilities (159)
[2017.11.11-12.35.34:020][267]LogModuleManager: Shutting down and abandoning module MeshReductionInterface (158)
[2017.11.11-12.35.34:020][267]LogModuleManager: Shutting down and abandoning module SimplygonSwarm (157)
[2017.11.11-12.35.34:020][267]LogModuleManager: Shutting down and abandoning module SimplygonMeshReduction (155)
[2017.11.11-12.35.34:020][267]LogModuleManager: Shutting down and abandoning module QuadricMeshReduction (153)
[2017.11.11-12.35.34:020][267]LogModuleManager: Shutting down and abandoning module MaterialBaking (149)
[2017.11.11-12.35.34:020][267]LogModuleManager: Shutting down and abandoning module DirectoryWatcher (146)
[2017.11.11-12.35.34:022][267]LogModuleManager: Shutting down and abandoning module DerivedDataCache (144)
[2017.11.11-12.35.34:122][267]LogDerivedDataCache: Shutdown
[2017.11.11-12.35.34:122][267]LogModuleManager: Shutting down and abandoning module TargetPlatform (142)
[2017.11.11-12.35.34:123][267]LogModuleManager: Shutting down and abandoning module VulkanShaderFormat (141)
[2017.11.11-12.35.34:123][267]LogModuleManager: Shutting down and abandoning module ShaderFormatVectorVM (139)
[2017.11.11-12.35.34:123][267]LogModuleManager: Shutting down and abandoning module ShaderFormatOpenGL (137)
[2017.11.11-12.35.34:123][267]LogModuleManager: Shutting down and abandoning module ShaderFormatD3D (135)
[2017.11.11-12.35.34:123][267]LogModuleManager: Shutting down and abandoning module MetalShaderFormat (133)
[2017.11.11-12.35.34:123][267]LogModuleManager: Shutting down and abandoning module TextureFormatUncompressed (131)
[2017.11.11-12.35.34:123][267]LogModuleManager: Shutting down and abandoning module TextureFormatPVR (129)
[2017.11.11-12.35.34:123][267]LogModuleManager: Shutting down and abandoning module TextureFormatDXT (127)
[2017.11.11-12.35.34:123][267]LogModuleManager: Shutting down and abandoning module TextureFormatIntelISPCTexComp (125)
[2017.11.11-12.35.34:123][267]LogModuleManager: Shutting down and abandoning module TextureFormatASTC (123)
[2017.11.11-12.35.34:123][267]LogModuleManager: Shutting down and abandoning module ImageWrapper (122)
[2017.11.11-12.35.34:123][267]LogModuleManager: Shutting down and abandoning module TextureFormatAndroid (119)
[2017.11.11-12.35.34:123][267]LogModuleManager: Shutting down and abandoning module AudioFormatOpus (117)
[2017.11.11-12.35.34:123][267]LogModuleManager: Shutting down and abandoning module AudioFormatOgg (115)
[2017.11.11-12.35.34:123][267]LogModuleManager: Shutting down and abandoning module AudioFormatADPCM (113)
[2017.11.11-12.35.34:123][267]LogModuleManager: Shutting down and abandoning module LinuxTargetPlatform (111)
[2017.11.11-12.35.34:123][267]LogModuleManager: Shutting down and abandoning module LinuxServerTargetPlatform (109)
[2017.11.11-12.35.34:123][267]LogModuleManager: Shutting down and abandoning module LinuxNoEditorTargetPlatform (107)
[2017.11.11-12.35.34:123][267]LogModuleManager: Shutting down and abandoning module LinuxClientTargetPlatform (105)
[2017.11.11-12.35.34:123][267]LogModuleManager: Shutting down and abandoning module TVOSTargetPlatform (103)
[2017.11.11-12.35.34:123][267]LogModuleManager: Shutting down and abandoning module Messaging (101)
[2017.11.11-12.35.34:123][267]LogModuleManager: Shutting down and abandoning module IOSTargetPlatform (99)
[2017.11.11-12.35.34:123][267]LogModuleManager: Shutting down and abandoning module HTML5TargetPlatform (97)
[2017.11.11-12.35.34:123][267]LogModuleManager: Shutting down and abandoning module Android_PVRTCTargetPlatform (95)
[2017.11.11-12.35.34:124][267]LogModuleManager: Shutting down and abandoning module Android_MultiTargetPlatform (93)
[2017.11.11-12.35.34:124][267]LogModuleManager: Shutting down and abandoning module Android_ETC2TargetPlatform (91)
[2017.11.11-12.35.34:124][267]LogModuleManager: Shutting down and abandoning module Android_ETC1TargetPlatform (89)
[2017.11.11-12.35.34:124][267]LogModuleManager: Shutting down and abandoning module Android_DXTTargetPlatform (87)
[2017.11.11-12.35.34:124][267]LogModuleManager: Shutting down and abandoning module Android_ATCTargetPlatform (85)
[2017.11.11-12.35.34:124][267]LogModuleManager: Shutting down and abandoning module Android_ASTCTargetPlatform (83)
[2017.11.11-12.35.34:124][267]LogModuleManager: Shutting down and abandoning module AndroidTargetPlatform (81)
[2017.11.11-12.35.34:124][267]LogModuleManager: Shutting down and abandoning module WindowsTargetPlatform (79)
[2017.11.11-12.35.34:124][267]LogModuleManager: Shutting down and abandoning module WindowsServerTargetPlatform (77)
[2017.11.11-12.35.34:124][267]LogModuleManager: Shutting down and abandoning module WindowsNoEditorTargetPlatform (75)
[2017.11.11-12.35.34:124][267]LogModuleManager: Shutting down and abandoning module WindowsClientTargetPlatform (73)
[2017.11.11-12.35.34:124][267]LogModuleManager: Shutting down and abandoning module MacTargetPlatform (71)
[2017.11.11-12.35.34:124][267]LogModuleManager: Shutting down and abandoning module MacServerTargetPlatform (69)
[2017.11.11-12.35.34:124][267]LogModuleManager: Shutting down and abandoning module MacNoEditorTargetPlatform (67)
[2017.11.11-12.35.34:124][267]LogModuleManager: Shutting down and abandoning module MacClientTargetPlatform (65)
[2017.11.11-12.35.34:124][267]LogModuleManager: Shutting down and abandoning module AllDesktopTargetPlatform (63)
[2017.11.11-12.35.34:124][267]LogModuleManager: Shutting down and abandoning module InputCore (60)
[2017.11.11-12.35.34:124][267]LogModuleManager: Shutting down and abandoning module Settings (58)
[2017.11.11-12.35.34:124][267]LogModuleManager: Shutting down and abandoning module PhysXCooking (56)
[2017.11.11-12.35.34:124][267]LogModuleManager: Shutting down and abandoning module SteamVR (54)
[2017.11.11-12.35.34:124][267]LogModuleManager: Shutting down and abandoning module OculusHMD (52)
[2017.11.11-12.35.34:124][267]LogModuleManager: Shutting down and abandoning module ExampleDeviceProfileSelector (50)
[2017.11.11-12.35.34:124][267]LogModuleManager: Shutting down and abandoning module OnlineBlueprintSupport (48)
[2017.11.11-12.35.34:124][267]LogModuleManager: Shutting down and abandoning module OnlineSubsystem (44)
[2017.11.11-12.35.34:124][267]LogOnline: Display: Unloading online subsystem: NULL
[2017.11.11-12.35.34:124][267]LogModuleManager: Shutting down and abandoning module XMPP (43)
[2017.11.11-12.35.34:125][267]LogModuleManager: Shutting down and abandoning module HTTP (41)
[2017.11.11-12.35.34:125][267]LogHttp: Display: Http module shutting down, but needs to wait on 1 outstanding Http requests:
[2017.11.11-12.35.34:125][267]LogHttp: Display: 	verb=[POST] url=[https://datarouter.ol.epicgames.com/datarouter/api/v1/public/data?SessionID=%7BE276CA53-4C2E-05D0-90F6-D59D8D5FA8ED%7D&AppID=UEEditor.Rocket.Release&AppVersion=4.17.1-3586342%2B%2B%2BUE4%2BRelease-4.17&UserID=3691cf284ca1f1681c3051979cb06f41%7C88057b4134714c0f98d798880975d3e9%7C75c10d2f-5615-4ca6-9c94-8a26968e32be&AppEnvironment=datacollector-binary&UploadType=eteventstream] status=Processing
[2017.11.11-12.35.34:147][267]LogModuleManager: Shutting down and abandoning module SSL (40)
[2017.11.11-12.35.34:151][267]LogModuleManager: Shutting down and abandoning module AnimationModifiers (36)
[2017.11.11-12.35.34:151][267]LogModuleManager: Shutting down and abandoning module PropertyEditor (35)
[2017.11.11-12.35.34:151][267]LogModuleManager: Shutting down and abandoning module AudioEditor (32)
[2017.11.11-12.35.34:151][267]LogModuleManager: Shutting down and abandoning module TextureCompressor (30)
[2017.11.11-12.35.34:151][267]LogModuleManager: Shutting down and abandoning module ShaderCore (28)
[2017.11.11-12.35.34:151][267]LogModuleManager: Shutting down and abandoning module Landscape (26)
[2017.11.11-12.35.34:151][267]LogModuleManager: Shutting down and abandoning module SlateRHIRenderer (24)
[2017.11.11-12.35.34:154][267]LogModuleManager: Shutting down and abandoning module OpenGLDrv (22)
[2017.11.11-12.35.34:154][267]LogModuleManager: Shutting down and abandoning module D3D11RHI (20)
[2017.11.11-12.35.34:154][267]LogModuleManager: Shutting down and abandoning module AnimGraphRuntime (18)
[2017.11.11-12.35.34:155][267]LogModuleManager: Shutting down and abandoning module Renderer (16)
[2017.11.11-12.35.34:155][267]LogModuleManager: Shutting down and abandoning module Engine (14)
[2017.11.11-12.35.34:155][267]LogModuleManager: Shutting down and abandoning module CoreUObject (12)
[2017.11.11-12.35.34:155][267]LogModuleManager: Shutting down and abandoning module NetworkFile (10)
[2017.11.11-12.35.34:155][267]LogModuleManager: Shutting down and abandoning module CookedIterativeFile (8)
[2017.11.11-12.35.34:155][267]LogModuleManager: Shutting down and abandoning module StreamingFile (6)
[2017.11.11-12.35.34:155][267]LogModuleManager: Shutting down and abandoning module SandboxFile (4)
[2017.11.11-12.35.34:155][267]LogModuleManager: Shutting down and abandoning module PakFile (2)
[2017.11.11-12.35.34:161][267]LogExit: Exiting.
[2017.11.11-12.35.34:201][267]Log file closed, 11/11/17 08:35:34
